Log file open, 12/03/19 00:42:54
LogWindows: Failed to load 'aqProf.dll' (GetLastError=126)
LogWindows: File 'aqProf.dll' does not exist
LogWindows: Failed to load 'VtuneApi.dll' (GetLastError=126)
LogWindows: File 'VtuneApi.dll' does not exist
LogWindows: Failed to load 'VtuneApi32e.dll' (GetLastError=126)
LogWindows: File 'VtuneApi32e.dll' does not exist
LogConsoleResponse: Display: Failed to find resolution value strings in scalability ini. Falling back to default.
LogInit: Display: Running engine for game: Project_Plague_V1
LogPlatformFile: Not using cached read wrapper
LogTaskGraph: Started task graph with 5 named threads and 23 total threads with 3 sets of task threads.
LogStats: Stats thread started at 0.948464
LogD3D11RHI: Loaded GFSDK_Aftermath_Lib.x64.dll
LogICUInternationalization: ICU TimeZone Detection - Raw Offset: -5:00, Platform Override: ''
LogPluginManager: Mounting plugin Paper2D
LogPluginManager: Mounting plugin AISupport
LogPluginManager: Mounting plugin LightPropagationVolume
LogPluginManager: Mounting plugin ActorLayerUtilities
LogPluginManager: Mounting plugin AnimationSharing
LogPluginManager: Mounting plugin CLionSourceCodeAccess
LogPluginManager: Mounting plugin CodeLiteSourceCodeAccess
LogPluginManager: Mounting plugin GitSourceControl
LogPluginManager: Mounting plugin KDevelopSourceCodeAccess
LogPluginManager: Mounting plugin NullSourceCodeAccess
LogPluginManager: Mounting plugin PerforceSourceControl
LogPluginManager: Mounting plugin SubversionSourceControl
LogPluginManager: Mounting plugin UObjectPlugin
LogPluginManager: Mounting plugin VisualStudioCodeSourceCodeAccess
LogPluginManager: Mounting plugin VisualStudioSourceCodeAccess
LogPluginManager: Mounting plugin XCodeSourceCodeAccess
LogPluginManager: Mounting plugin AssetManagerEditor
LogPluginManager: Mounting plugin CryptoKeys
LogPluginManager: Mounting plugin CurveEditorTools
LogPluginManager: Mounting plugin DataValidation
LogPluginManager: Mounting plugin FacialAnimation
LogPluginManager: Mounting plugin GameplayTagsEditor
LogPluginManager: Mounting plugin MacGraphicsSwitching
LogPluginManager: Mounting plugin MaterialAnalyzer
LogPluginManager: Mounting plugin MobileLauncherProfileWizard
LogPluginManager: Mounting plugin PluginBrowser
LogPluginManager: Mounting plugin SpeedTreeImporter
LogPluginManager: Mounting plugin DatasmithContent
LogPluginManager: Mounting plugin VariantManagerContent
LogPluginManager: Mounting plugin AlembicImporter
LogPluginManager: Mounting plugin AutomationUtils
LogPluginManager: Mounting plugin BackChannel
LogPluginManager: Mounting plugin CharacterAI
LogPluginManager: Mounting plugin GeometryCache
LogPluginManager: Mounting plugin HTML5Networking
LogPluginManager: Mounting plugin PlatformCrypto
LogPluginManager: Mounting plugin ProxyLODPlugin
LogPluginManager: Mounting plugin SkeletalReduction
LogPluginManager: Mounting plugin MagicLeap
LogPluginManager: Mounting plugin MagicLeapMedia
LogPluginManager: Mounting plugin AndroidMedia
LogPluginManager: Mounting plugin AvfMedia
LogPluginManager: Mounting plugin ImgMedia
LogPluginManager: Mounting plugin MediaCompositing
LogPluginManager: Mounting plugin MediaPlayerEditor
LogPluginManager: Mounting plugin WebMMedia
LogPluginManager: Mounting plugin WmfMedia
LogPluginManager: Mounting plugin TcpMessaging
LogPluginManager: Mounting plugin UdpMessaging
LogPluginManager: Mounting plugin ActorSequence
LogPluginManager: Mounting plugin LevelSequenceEditor
LogPluginManager: Mounting plugin MatineeToLevelSequence
LogPluginManager: Mounting plugin NetcodeUnitTest
LogPluginManager: Mounting plugin NUTUnrealEngine4
LogPluginManager: Mounting plugin OnlineSubsystemGooglePlay
LogPluginManager: Mounting plugin OnlineSubsystemIOS
LogPluginManager: Mounting plugin OnlineSubsystem
LogPluginManager: Mounting plugin OnlineSubsystemNull
LogPluginManager: Mounting plugin OnlineSubsystemUtils
LogPluginManager: Mounting plugin LauncherChunkInstaller
LogPluginManager: Mounting plugin AndroidDeviceProfileSelector
LogPluginManager: Mounting plugin AndroidMoviePlayer
LogPluginManager: Mounting plugin AndroidPermission
LogPluginManager: Mounting plugin AppleImageUtils
LogPluginManager: Mounting plugin AppleMoviePlayer
LogPluginManager: Mounting plugin ArchVisCharacter
LogPluginManager: Mounting plugin AudioCapture
LogPluginManager: Mounting plugin CableComponent
LogPluginManager: Mounting plugin CustomMeshComponent
LogPluginManager: Mounting plugin EditableMesh
LogPluginManager: Mounting plugin ExampleDeviceProfileSelector
LogPluginManager: Mounting plugin GoogleCloudMessaging
LogPluginManager: Mounting plugin IOSDeviceProfileSelector
LogPluginManager: Mounting plugin LinuxDeviceProfileSelector
LogPluginManager: Mounting plugin LocationServicesBPLibrary
LogPluginManager: Mounting plugin MobilePatchingUtils
LogPluginManager: Mounting plugin OculusVR
LogPluginManager: Mounting plugin PhysXVehicles
LogPluginManager: Mounting plugin ProceduralMeshComponent
LogPluginManager: Mounting plugin RuntimePhysXCooking
LogPluginManager: Mounting plugin SignificanceManager
LogPluginManager: Mounting plugin SteamVR
LogPluginManager: Mounting plugin WebMMoviePlayer
LogPluginManager: Mounting plugin WindowsMoviePlayer
LogPluginManager: Mounting plugin ScreenshotTools
LogInit: Using libcurl 7.55.1-DEV
LogInit:  - built for x86_64-pc-win32
LogInit:  - supports SSL with OpenSSL/1.1.1
LogInit:  - supports HTTP deflate (compression) using libz 1.2.8
LogInit:  - other features:
LogInit:      CURL_VERSION_SSL
LogInit:      CURL_VERSION_LIBZ
LogInit:      CURL_VERSION_IPV6
LogInit:      CURL_VERSION_ASYNCHDNS
LogInit:      CURL_VERSION_LARGEFILE
LogInit:      CURL_VERSION_IDN
LogInit:  CurlRequestOptions (configurable via config and command line):
LogInit:  - bVerifyPeer = true  - Libcurl will verify peer certificate
LogInit:  - bUseHttpProxy = false  - Libcurl will NOT use HTTP proxy
LogInit:  - bDontReuseConnections = false  - Libcurl will reuse connections
LogInit:  - MaxHostConnections = 16  - Libcurl will limit the number of connections to a host
LogInit:  - LocalHostAddr = Default
LogInit:  - BufferSize = 65536
LogOnline: OSS: Creating online subsystem instance for: NULL
LogInit: WinSock: version 1.1 (2.2), MaxSocks=32767, MaxUdp=65467
LogInit: Build: ++UE4+Release-4.23-CL-9631420
LogInit: Engine Version: 4.23.1-9631420+++UE4+Release-4.23
LogInit: Compatible Engine Version: 4.23.0-8386587+++UE4+Release-4.23
LogInit: Net CL: 8386587
LogInit: OS: Windows 10 (Release 1903) (), CPU: Intel(R) Core(TM) i5-8300H CPU @ 2.30GHz, GPU: Intel(R) UHD Graphics 630
LogInit: Compiled (64-bit): Oct 18 2019 02:07:44
LogInit: Compiled with Visual C++: 19.16.27030.01
LogInit: Build Configuration: Development
LogInit: Branch Name: ++UE4+Release-4.23
LogInit: Command Line: 
LogInit: Base Directory: C:/Program Files/Epic Games/UE_4.23/Engine/Binaries/Win64/
LogInit: Installed Engine Build: 1
LogDevObjectVersion: Number of dev versions registered: 23
LogDevObjectVersion:   Dev-Blueprints (B0D832E4-1F89-4F0D-ACCF-7EB736FD4AA2): 10
LogDevObjectVersion:   Dev-Build (E1C64328-A22C-4D53-A36C-8E866417BD8C): 0
LogDevObjectVersion:   Dev-Core (375EC13C-06E4-48FB-B500-84F0262A717E): 3
LogDevObjectVersion:   Dev-Editor (E4B068ED-F494-42E9-A231-DA0B2E46BB41): 34
LogDevObjectVersion:   Dev-Framework (CFFC743F-43B0-4480-9391-14DF171D2073): 35
LogDevObjectVersion:   Dev-Mobile (B02B49B5-BB20-44E9-A304-32B752E40360): 2
LogDevObjectVersion:   Dev-Networking (A4E4105C-59A1-49B5-A7C5-40C4547EDFEE): 0
LogDevObjectVersion:   Dev-Online (39C831C9-5AE6-47DC-9A44-9C173E1C8E7C): 0
LogDevObjectVersion:   Dev-Physics (78F01B33-EBEA-4F98-B9B4-84EACCB95AA2): 0
LogDevObjectVersion:   Dev-Platform (6631380F-2D4D-43E0-8009-CF276956A95A): 0
LogDevObjectVersion:   Dev-Rendering (12F88B9F-8875-4AFC-A67C-D90C383ABD29): 31
LogDevObjectVersion:   Dev-Sequencer (7B5AE74C-D270-4C10-A958-57980B212A5A): 11
LogDevObjectVersion:   Dev-VR (D7296918-1DD6-4BDD-9DE2-64A83CC13884): 2
LogDevObjectVersion:   Dev-LoadTimes (C2A15278-BFE7-4AFE-6C17-90FF531DF755): 1
LogDevObjectVersion:   Private-Geometry (6EACA3D4-40EC-4CC1-B786-8BED09428FC5): 3
LogDevObjectVersion:   Dev-AnimPhys (29E575DD-E0A3-4627-9D10-D276232CDCEA): 17
LogDevObjectVersion:   Dev-Anim (AF43A65D-7FD3-4947-9873-3E8ED9C1BB05): 2
LogDevObjectVersion:   Dev-ReflectionCapture (6B266CEC-1EC7-4B8F-A30B-E4D90942FC07): 1
LogDevObjectVersion:   Dev-Automation (0DF73D61-A23F-47EA-B727-89E90C41499A): 1
LogDevObjectVersion:   FortniteMain (601D1886-AC64-4F84-AA16-D3DE0DEAC7D6): 27
LogDevObjectVersion:   Dev-Enterprise (9DFFBCD6-494F-0158-E221-12823C92A888): 6
LogDevObjectVersion:   Dev-Niagara (F2AED0AC-9AFE-416F-8664-AA7FFA26D6FC): 1
LogDevObjectVersion:   Dev-Destruction (174F1F0B-B4C6-45A5-B13F-2EE8D0FB917D): 9
LogInit: Presizing for max 16777216 objects, including 0 objects not considered by GC, pre-allocating 0 bytes for permanent pool.
LogInit: Object subsystem initialized
LogConfig: Setting CVar [[con.DebugEarlyDefault:1]]
LogConfig: Setting CVar [[r.setres:1280x720]]
[2019.12.03-05.42.55:274][  0]LogConfig: Setting CVar [[r.VSync:0]]
[2019.12.03-05.42.55:274][  0]LogConfig: Setting CVar [[r.RHICmdBypass:0]]
[2019.12.03-05.42.55:275][  0]LogConfig: Applying CVar settings from Section [/Script/Engine.RendererSettings] File [C:/Users/jason/Documents/GitHub/Project_Plague_GIT/Project_Plague_V1/Saved/Config/Windows/Engine.ini]
[2019.12.03-05.42.55:275][  0]LogConfig: Setting CVar [[r.GPUCrashDebugging:0]]
[2019.12.03-05.42.55:275][  0]LogConfig: Applying CVar settings from Section [/Script/Engine.RendererOverrideSettings] File [C:/Users/jason/Documents/GitHub/Project_Plague_GIT/Project_Plague_V1/Saved/Config/Windows/Engine.ini]
[2019.12.03-05.42.55:275][  0]LogConfig: Applying CVar settings from Section [/Script/Engine.StreamingSettings] File [C:/Users/jason/Documents/GitHub/Project_Plague_GIT/Project_Plague_V1/Saved/Config/Windows/Engine.ini]
[2019.12.03-05.42.55:275][  0]LogConfig: Setting CVar [[s.MinBulkDataSizeForAsyncLoading:131072]]
[2019.12.03-05.42.55:275][  0]LogConfig: Setting CVar [[s.AsyncLoadingThreadEnabled:0]]
[2019.12.03-05.42.55:275][  0]LogConfig: Setting CVar [[s.EventDrivenLoaderEnabled:1]]
[2019.12.03-05.42.55:275][  0]LogConfig: Setting CVar [[s.WarnIfTimeLimitExceeded:0]]
[2019.12.03-05.42.55:275][  0]LogConfig: Setting CVar [[s.TimeLimitExceededMultiplier:1.5]]
[2019.12.03-05.42.55:275][  0]LogConfig: Setting CVar [[s.TimeLimitExceededMinTime:0.005]]
[2019.12.03-05.42.55:275][  0]LogConfig: Setting CVar [[s.UseBackgroundLevelStreaming:1]]
[2019.12.03-05.42.55:275][  0]LogConfig: Setting CVar [[s.PriorityAsyncLoadingExtraTime:15.0]]
[2019.12.03-05.42.55:275][  0]LogConfig: Setting CVar [[s.LevelStreamingActorsUpdateTimeLimit:5.0]]
[2019.12.03-05.42.55:275][  0]LogConfig: Setting CVar [[s.PriorityLevelStreamingActorsUpdateExtraTime:5.0]]
[2019.12.03-05.42.55:275][  0]LogConfig: Setting CVar [[s.LevelStreamingComponentsRegistrationGranularity:10]]
[2019.12.03-05.42.55:275][  0]LogConfig: Setting CVar [[s.UnregisterComponentsTimeLimit:1.0]]
[2019.12.03-05.42.55:275][  0]LogConfig: Setting CVar [[s.LevelStreamingComponentsUnregistrationGranularity:5]]
[2019.12.03-05.42.55:275][  0]LogConfig: Applying CVar settings from Section [/Script/Engine.GarbageCollectionSettings] File [C:/Users/jason/Documents/GitHub/Project_Plague_GIT/Project_Plague_V1/Saved/Config/Windows/Engine.ini]
[2019.12.03-05.42.55:275][  0]LogConfig: Setting CVar [[gc.MaxObjectsNotConsideredByGC:1]]
[2019.12.03-05.42.55:275][  0]LogConfig: Setting CVar [[gc.SizeOfPermanentObjectPool:0]]
[2019.12.03-05.42.55:275][  0]LogConfig: Setting CVar [[gc.FlushStreamingOnGC:0]]
[2019.12.03-05.42.55:275][  0]LogConfig: Setting CVar [[gc.NumRetriesBeforeForcingGC:10]]
[2019.12.03-05.42.55:275][  0]LogConfig: Setting CVar [[gc.AllowParallelGC:1]]
[2019.12.03-05.42.55:275][  0]LogConfig: Setting CVar [[gc.TimeBetweenPurgingPendingKillObjects:61.1]]
[2019.12.03-05.42.55:275][  0]LogConfig: Setting CVar [[gc.MaxObjectsInEditor:16777216]]
[2019.12.03-05.42.55:276][  0]LogConfig: Setting CVar [[gc.IncrementalBeginDestroyEnabled:1]]
[2019.12.03-05.42.55:276][  0]LogConfig: Setting CVar [[gc.CreateGCClusters:1]]
[2019.12.03-05.42.55:276][  0]LogConfig: Setting CVar [[gc.MinGCClusterSize:5]]
[2019.12.03-05.42.55:276][  0]LogConfig: Setting CVar [[gc.ActorClusteringEnabled:0]]
[2019.12.03-05.42.55:276][  0]LogConfig: Setting CVar [[gc.BlueprintClusteringEnabled:0]]
[2019.12.03-05.42.55:276][  0]LogConfig: Setting CVar [[gc.UseDisregardForGCOnDedicatedServers:0]]
[2019.12.03-05.42.55:276][  0]LogConfig: Applying CVar settings from Section [/Script/Engine.NetworkSettings] File [C:/Users/jason/Documents/GitHub/Project_Plague_GIT/Project_Plague_V1/Saved/Config/Windows/Engine.ini]
[2019.12.03-05.42.55:276][  0]LogConfig: Applying CVar settings from Section [/Script/UnrealEd.CookerSettings] File [C:/Users/jason/Documents/GitHub/Project_Plague_GIT/Project_Plague_V1/Saved/Config/Windows/Engine.ini]
[2019.12.03-05.42.55:285][  0]LogConfig: Applying CVar settings from Section [ViewDistanceQuality@3] File [C:/Users/jason/Documents/GitHub/Project_Plague_GIT/Project_Plague_V1/Saved/Config/Windows/Scalability.ini]
[2019.12.03-05.42.55:285][  0]LogConfig: Setting CVar [[r.SkeletalMeshLODBias:0]]
[2019.12.03-05.42.55:285][  0]LogConfig: Setting CVar [[r.ViewDistanceScale:1.0]]
[2019.12.03-05.42.55:285][  0]LogConfig: Applying CVar settings from Section [AntiAliasingQuality@3] File [C:/Users/jason/Documents/GitHub/Project_Plague_GIT/Project_Plague_V1/Saved/Config/Windows/Scalability.ini]
[2019.12.03-05.42.55:285][  0]LogConfig: Setting CVar [[r.PostProcessAAQuality:4]]
[2019.12.03-05.42.55:285][  0]LogConfig: Applying CVar settings from Section [ShadowQuality@3] File [C:/Users/jason/Documents/GitHub/Project_Plague_GIT/Project_Plague_V1/Saved/Config/Windows/Scalability.ini]
[2019.12.03-05.42.55:286][  0]LogConfig: Setting CVar [[r.LightFunctionQuality:1]]
[2019.12.03-05.42.55:286][  0]LogConfig: Setting CVar [[r.ShadowQuality:5]]
[2019.12.03-05.42.55:286][  0]LogConfig: Setting CVar [[r.Shadow.CSM.MaxCascades:10]]
[2019.12.03-05.42.55:286][  0]LogConfig: Setting CVar [[r.Shadow.MaxResolution:2048]]
[2019.12.03-05.42.55:286][  0]LogConfig: Setting CVar [[r.Shadow.MaxCSMResolution:2048]]
[2019.12.03-05.42.55:286][  0]LogConfig: Setting CVar [[r.Shadow.RadiusThreshold:0.01]]
[2019.12.03-05.42.55:286][  0]LogConfig: Setting CVar [[r.Shadow.DistanceScale:1.0]]
[2019.12.03-05.42.55:286][  0]LogConfig: Setting CVar [[r.Shadow.CSM.TransitionScale:1.0]]
[2019.12.03-05.42.55:286][  0]LogConfig: Setting CVar [[r.Shadow.PreShadowResolutionFactor:1.0]]
[2019.12.03-05.42.55:286][  0]LogConfig: Setting CVar [[r.DistanceFieldShadowing:1]]
[2019.12.03-05.42.55:286][  0]LogConfig: Setting CVar [[r.DistanceFieldAO:1]]
[2019.12.03-05.42.55:286][  0]LogConfig: Setting CVar [[r.AOQuality:2]]
[2019.12.03-05.42.55:286][  0]LogConfig: Setting CVar [[r.VolumetricFog:1]]
[2019.12.03-05.42.55:286][  0]LogConfig: Setting CVar [[r.VolumetricFog.GridPixelSize:8]]
[2019.12.03-05.42.55:286][  0]LogConfig: Setting CVar [[r.VolumetricFog.GridSizeZ:128]]
[2019.12.03-05.42.55:286][  0]LogConfig: Setting CVar [[r.VolumetricFog.HistoryMissSupersampleCount:4]]
[2019.12.03-05.42.55:286][  0]LogConfig: Setting CVar [[r.LightMaxDrawDistanceScale:1]]
[2019.12.03-05.42.55:286][  0]LogConfig: Setting CVar [[r.CapsuleShadows:1]]
[2019.12.03-05.42.55:286][  0]LogConfig: Applying CVar settings from Section [PostProcessQuality@3] File [C:/Users/jason/Documents/GitHub/Project_Plague_GIT/Project_Plague_V1/Saved/Config/Windows/Scalability.ini]
[2019.12.03-05.42.55:286][  0]LogConfig: Setting CVar [[r.MotionBlurQuality:4]]
[2019.12.03-05.42.55:286][  0]LogConfig: Setting CVar [[r.AmbientOcclusionMipLevelFactor:0.4]]
[2019.12.03-05.42.55:286][  0]LogConfig: Setting CVar [[r.AmbientOcclusionMaxQuality:100]]
[2019.12.03-05.42.55:286][  0]LogConfig: Setting CVar [[r.AmbientOcclusionLevels:-1]]
[2019.12.03-05.42.55:286][  0]LogConfig: Setting CVar [[r.AmbientOcclusionRadiusScale:1.0]]
[2019.12.03-05.42.55:286][  0]LogConfig: Setting CVar [[r.DepthOfFieldQuality:2]]
[2019.12.03-05.42.55:286][  0]LogConfig: Setting CVar [[r.RenderTargetPoolMin:400]]
[2019.12.03-05.42.55:286][  0]LogConfig: Setting CVar [[r.LensFlareQuality:2]]
[2019.12.03-05.42.55:286][  0]LogConfig: Setting CVar [[r.SceneColorFringeQuality:1]]
[2019.12.03-05.42.55:286][  0]LogConfig: Setting CVar [[r.EyeAdaptationQuality:2]]
[2019.12.03-05.42.55:286][  0]LogConfig: Setting CVar [[r.BloomQuality:5]]
[2019.12.03-05.42.55:286][  0]LogConfig: Setting CVar [[r.FastBlurThreshold:100]]
[2019.12.03-05.42.55:286][  0]LogConfig: Setting CVar [[r.Upscale.Quality:3]]
[2019.12.03-05.42.55:286][  0]LogConfig: Setting CVar [[r.Tonemapper.GrainQuantization:1]]
[2019.12.03-05.42.55:286][  0]LogConfig: Setting CVar [[r.LightShaftQuality:1]]
[2019.12.03-05.42.55:286][  0]LogConfig: Setting CVar [[r.Filter.SizeScale:1]]
[2019.12.03-05.42.55:286][  0]LogConfig: Setting CVar [[r.Tonemapper.Quality:5]]
[2019.12.03-05.42.55:286][  0]LogConfig: Setting CVar [[r.DOF.Gather.AccumulatorQuality:1        ; higher gathering accumulator quality]]
[2019.12.03-05.42.55:286][  0]LogConfig: Setting CVar [[r.DOF.Gather.PostfilterMethod:1          ; Median3x3 postfilering method]]
[2019.12.03-05.42.55:286][  0]LogConfig: Setting CVar [[r.DOF.Gather.EnableBokehSettings:0       ; no bokeh simulation when gathering]]
[2019.12.03-05.42.55:287][  0]LogConfig: Setting CVar [[r.DOF.Gather.RingCount:4                 ; medium number of samples when gathering]]
[2019.12.03-05.42.55:287][  0]LogConfig: Setting CVar [[r.DOF.Scatter.ForegroundCompositing:1    ; additive foreground scattering]]
[2019.12.03-05.42.55:287][  0]LogConfig: Setting CVar [[r.DOF.Scatter.BackgroundCompositing:2    ; additive background scattering]]
[2019.12.03-05.42.55:287][  0]LogConfig: Setting CVar [[r.DOF.Scatter.EnableBokehSettings:1      ; bokeh simulation when scattering]]
[2019.12.03-05.42.55:287][  0]LogConfig: Setting CVar [[r.DOF.Scatter.MaxSpriteRatio:0.1         ; only a maximum of 10% of scattered bokeh]]
[2019.12.03-05.42.55:287][  0]LogConfig: Setting CVar [[r.DOF.Recombine.Quality:1                ; cheap slight out of focus]]
[2019.12.03-05.42.55:287][  0]LogConfig: Setting CVar [[r.DOF.Recombine.EnableBokehSettings:0    ; no bokeh simulation on slight out of focus]]
[2019.12.03-05.42.55:287][  0]LogConfig: Setting CVar [[r.DOF.TemporalAAQuality:1                ; more stable temporal accumulation]]
[2019.12.03-05.42.55:287][  0]LogConfig: Setting CVar [[r.DOF.Kernel.MaxForegroundRadius:0.025]]
[2019.12.03-05.42.55:287][  0]LogConfig: Setting CVar [[r.DOF.Kernel.MaxBackgroundRadius:0.025]]
[2019.12.03-05.42.55:287][  0]LogConfig: Applying CVar settings from Section [TextureQuality@3] File [C:/Users/jason/Documents/GitHub/Project_Plague_GIT/Project_Plague_V1/Saved/Config/Windows/Scalability.ini]
[2019.12.03-05.42.55:287][  0]LogConfig: Setting CVar [[r.Streaming.MipBias:0]]
[2019.12.03-05.42.55:287][  0]LogConfig: Setting CVar [[r.Streaming.AmortizeCPUToGPUCopy:0]]
[2019.12.03-05.42.55:287][  0]LogConfig: Setting CVar [[r.Streaming.MaxNumTexturesToStreamPerFrame:0]]
[2019.12.03-05.42.55:287][  0]LogConfig: Setting CVar [[r.Streaming.Boost:1]]
[2019.12.03-05.42.55:287][  0]LogConfig: Setting CVar [[r.MaxAnisotropy:8]]
[2019.12.03-05.42.55:287][  0]LogConfig: Setting CVar [[r.Streaming.LimitPoolSizeToVRAM:0]]
[2019.12.03-05.42.55:287][  0]LogConfig: Setting CVar [[r.Streaming.PoolSize:1000]]
[2019.12.03-05.42.55:287][  0]LogConfig: Setting CVar [[r.Streaming.MaxEffectiveScreenSize:0]]
[2019.12.03-05.42.55:287][  0]LogConfig: Applying CVar settings from Section [EffectsQuality@3] File [C:/Users/jason/Documents/GitHub/Project_Plague_GIT/Project_Plague_V1/Saved/Config/Windows/Scalability.ini]
[2019.12.03-05.42.55:287][  0]LogConfig: Setting CVar [[r.TranslucencyLightingVolumeDim:64]]
[2019.12.03-05.42.55:287][  0]LogConfig: Setting CVar [[r.RefractionQuality:2]]
[2019.12.03-05.42.55:287][  0]LogConfig: Setting CVar [[r.SSR.Quality:3]]
[2019.12.03-05.42.55:287][  0]LogConfig: Setting CVar [[r.SceneColorFormat:4]]
[2019.12.03-05.42.55:287][  0]LogConfig: Setting CVar [[r.DetailMode:2]]
[2019.12.03-05.42.55:287][  0]LogConfig: Setting CVar [[r.TranslucencyVolumeBlur:1]]
[2019.12.03-05.42.55:287][  0]LogConfig: Setting CVar [[r.MaterialQualityLevel:1 ; High quality]]
[2019.12.03-05.42.55:287][  0]LogConfig: Setting CVar [[r.SSS.Scale:1]]
[2019.12.03-05.42.55:287][  0]LogConfig: Setting CVar [[r.SSS.SampleSet:2]]
[2019.12.03-05.42.55:287][  0]LogConfig: Setting CVar [[r.SSS.Quality:1]]
[2019.12.03-05.42.55:287][  0]LogConfig: Setting CVar [[r.SSS.HalfRes:1]]
[2019.12.03-05.42.55:287][  0]LogConfig: Setting CVar [[r.EmitterSpawnRateScale:1.0]]
[2019.12.03-05.42.55:287][  0]LogConfig: Setting CVar [[r.ParticleLightQuality:2]]
[2019.12.03-05.42.55:287][  0]LogConfig: Applying CVar settings from Section [FoliageQuality@3] File [C:/Users/jason/Documents/GitHub/Project_Plague_GIT/Project_Plague_V1/Saved/Config/Windows/Scalability.ini]
[2019.12.03-05.42.55:287][  0]LogConfig: Setting CVar [[foliage.DensityScale:1.0]]
[2019.12.03-05.42.55:287][  0]LogConfig: Setting CVar [[grass.DensityScale:1.0]]
[2019.12.03-05.42.55:289][  0]LogInit: Selected Device Profile: [Windows]
[2019.12.03-05.42.55:289][  0]LogInit: Applying CVar settings loaded from the selected device profile: [Windows]
[2019.12.03-05.42.55:296][  0]LogHAL: Display: Platform has ~ 16 GB [17014509568 / 17179869184 / 16], which maps to Larger [LargestMinGB=32, LargerMinGB=12, DefaultMinGB=8, SmallerMinGB=6, SmallestMinGB=0)
[2019.12.03-05.42.55:296][  0]LogInit: Going up to parent DeviceProfile []
[2019.12.03-05.42.55:296][  0]LogConfig: Applying CVar settings from Section [ViewDistanceQuality@3] File [C:/Users/jason/Documents/GitHub/Project_Plague_GIT/Project_Plague_V1/Saved/Config/Windows/Scalability.ini]
[2019.12.03-05.42.55:296][  0]LogConfig: Setting CVar [[r.SkeletalMeshLODBias:0]]
[2019.12.03-05.42.55:296][  0]LogConfig: Setting CVar [[r.ViewDistanceScale:1.0]]
[2019.12.03-05.42.55:296][  0]LogConfig: Applying CVar settings from Section [AntiAliasingQuality@3] File [C:/Users/jason/Documents/GitHub/Project_Plague_GIT/Project_Plague_V1/Saved/Config/Windows/Scalability.ini]
[2019.12.03-05.42.55:296][  0]LogConfig: Setting CVar [[r.PostProcessAAQuality:4]]
[2019.12.03-05.42.55:296][  0]LogConfig: Applying CVar settings from Section [ShadowQuality@3] File [C:/Users/jason/Documents/GitHub/Project_Plague_GIT/Project_Plague_V1/Saved/Config/Windows/Scalability.ini]
[2019.12.03-05.42.55:296][  0]LogConfig: Setting CVar [[r.LightFunctionQuality:1]]
[2019.12.03-05.42.55:296][  0]LogConfig: Setting CVar [[r.ShadowQuality:5]]
[2019.12.03-05.42.55:296][  0]LogConfig: Setting CVar [[r.Shadow.CSM.MaxCascades:10]]
[2019.12.03-05.42.55:296][  0]LogConfig: Setting CVar [[r.Shadow.MaxResolution:2048]]
[2019.12.03-05.42.55:297][  0]LogConfig: Setting CVar [[r.Shadow.MaxCSMResolution:2048]]
[2019.12.03-05.42.55:297][  0]LogConfig: Setting CVar [[r.Shadow.RadiusThreshold:0.01]]
[2019.12.03-05.42.55:297][  0]LogConfig: Setting CVar [[r.Shadow.DistanceScale:1.0]]
[2019.12.03-05.42.55:297][  0]LogConfig: Setting CVar [[r.Shadow.CSM.TransitionScale:1.0]]
[2019.12.03-05.42.55:297][  0]LogConfig: Setting CVar [[r.Shadow.PreShadowResolutionFactor:1.0]]
[2019.12.03-05.42.55:297][  0]LogConfig: Setting CVar [[r.DistanceFieldShadowing:1]]
[2019.12.03-05.42.55:297][  0]LogConfig: Setting CVar [[r.DistanceFieldAO:1]]
[2019.12.03-05.42.55:297][  0]LogConfig: Setting CVar [[r.AOQuality:2]]
[2019.12.03-05.42.55:297][  0]LogConfig: Setting CVar [[r.VolumetricFog:1]]
[2019.12.03-05.42.55:297][  0]LogConfig: Setting CVar [[r.VolumetricFog.GridPixelSize:8]]
[2019.12.03-05.42.55:297][  0]LogConfig: Setting CVar [[r.VolumetricFog.GridSizeZ:128]]
[2019.12.03-05.42.55:297][  0]LogConfig: Setting CVar [[r.VolumetricFog.HistoryMissSupersampleCount:4]]
[2019.12.03-05.42.55:297][  0]LogConfig: Setting CVar [[r.LightMaxDrawDistanceScale:1]]
[2019.12.03-05.42.55:297][  0]LogConfig: Setting CVar [[r.CapsuleShadows:1]]
[2019.12.03-05.42.55:297][  0]LogConfig: Applying CVar settings from Section [PostProcessQuality@3] File [C:/Users/jason/Documents/GitHub/Project_Plague_GIT/Project_Plague_V1/Saved/Config/Windows/Scalability.ini]
[2019.12.03-05.42.55:297][  0]LogConfig: Setting CVar [[r.MotionBlurQuality:4]]
[2019.12.03-05.42.55:297][  0]LogConfig: Setting CVar [[r.AmbientOcclusionMipLevelFactor:0.4]]
[2019.12.03-05.42.55:297][  0]LogConfig: Setting CVar [[r.AmbientOcclusionMaxQuality:100]]
[2019.12.03-05.42.55:297][  0]LogConfig: Setting CVar [[r.AmbientOcclusionLevels:-1]]
[2019.12.03-05.42.55:297][  0]LogConfig: Setting CVar [[r.AmbientOcclusionRadiusScale:1.0]]
[2019.12.03-05.42.55:297][  0]LogConfig: Setting CVar [[r.DepthOfFieldQuality:2]]
[2019.12.03-05.42.55:297][  0]LogConfig: Setting CVar [[r.RenderTargetPoolMin:400]]
[2019.12.03-05.42.55:297][  0]LogConfig: Setting CVar [[r.LensFlareQuality:2]]
[2019.12.03-05.42.55:297][  0]LogConfig: Setting CVar [[r.SceneColorFringeQuality:1]]
[2019.12.03-05.42.55:297][  0]LogConfig: Setting CVar [[r.EyeAdaptationQuality:2]]
[2019.12.03-05.42.55:297][  0]LogConfig: Setting CVar [[r.BloomQuality:5]]
[2019.12.03-05.42.55:297][  0]LogConfig: Setting CVar [[r.FastBlurThreshold:100]]
[2019.12.03-05.42.55:297][  0]LogConfig: Setting CVar [[r.Upscale.Quality:3]]
[2019.12.03-05.42.55:297][  0]LogConfig: Setting CVar [[r.Tonemapper.GrainQuantization:1]]
[2019.12.03-05.42.55:297][  0]LogConfig: Setting CVar [[r.LightShaftQuality:1]]
[2019.12.03-05.42.55:297][  0]LogConfig: Setting CVar [[r.Filter.SizeScale:1]]
[2019.12.03-05.42.55:297][  0]LogConfig: Setting CVar [[r.Tonemapper.Quality:5]]
[2019.12.03-05.42.55:297][  0]LogConfig: Setting CVar [[r.DOF.Gather.AccumulatorQuality:1        ; higher gathering accumulator quality]]
[2019.12.03-05.42.55:297][  0]LogConfig: Setting CVar [[r.DOF.Gather.PostfilterMethod:1          ; Median3x3 postfilering method]]
[2019.12.03-05.42.55:297][  0]LogConfig: Setting CVar [[r.DOF.Gather.EnableBokehSettings:0       ; no bokeh simulation when gathering]]
[2019.12.03-05.42.55:297][  0]LogConfig: Setting CVar [[r.DOF.Gather.RingCount:4                 ; medium number of samples when gathering]]
[2019.12.03-05.42.55:297][  0]LogConfig: Setting CVar [[r.DOF.Scatter.ForegroundCompositing:1    ; additive foreground scattering]]
[2019.12.03-05.42.55:297][  0]LogConfig: Setting CVar [[r.DOF.Scatter.BackgroundCompositing:2    ; additive background scattering]]
[2019.12.03-05.42.55:298][  0]LogConfig: Setting CVar [[r.DOF.Scatter.EnableBokehSettings:1      ; bokeh simulation when scattering]]
[2019.12.03-05.42.55:298][  0]LogConfig: Setting CVar [[r.DOF.Scatter.MaxSpriteRatio:0.1         ; only a maximum of 10% of scattered bokeh]]
[2019.12.03-05.42.55:298][  0]LogConfig: Setting CVar [[r.DOF.Recombine.Quality:1                ; cheap slight out of focus]]
[2019.12.03-05.42.55:298][  0]LogConfig: Setting CVar [[r.DOF.Recombine.EnableBokehSettings:0    ; no bokeh simulation on slight out of focus]]
[2019.12.03-05.42.55:298][  0]LogConfig: Setting CVar [[r.DOF.TemporalAAQuality:1                ; more stable temporal accumulation]]
[2019.12.03-05.42.55:298][  0]LogConfig: Setting CVar [[r.DOF.Kernel.MaxForegroundRadius:0.025]]
[2019.12.03-05.42.55:298][  0]LogConfig: Setting CVar [[r.DOF.Kernel.MaxBackgroundRadius:0.025]]
[2019.12.03-05.42.55:298][  0]LogConfig: Applying CVar settings from Section [TextureQuality@3] File [C:/Users/jason/Documents/GitHub/Project_Plague_GIT/Project_Plague_V1/Saved/Config/Windows/Scalability.ini]
[2019.12.03-05.42.55:298][  0]LogConfig: Setting CVar [[r.Streaming.MipBias:0]]
[2019.12.03-05.42.55:298][  0]LogConfig: Setting CVar [[r.Streaming.AmortizeCPUToGPUCopy:0]]
[2019.12.03-05.42.55:298][  0]LogConfig: Setting CVar [[r.Streaming.MaxNumTexturesToStreamPerFrame:0]]
[2019.12.03-05.42.55:298][  0]LogConfig: Setting CVar [[r.Streaming.Boost:1]]
[2019.12.03-05.42.55:298][  0]LogConfig: Setting CVar [[r.MaxAnisotropy:8]]
[2019.12.03-05.42.55:298][  0]LogConfig: Setting CVar [[r.Streaming.LimitPoolSizeToVRAM:0]]
[2019.12.03-05.42.55:298][  0]LogConfig: Setting CVar [[r.Streaming.PoolSize:1000]]
[2019.12.03-05.42.55:298][  0]LogConfig: Setting CVar [[r.Streaming.MaxEffectiveScreenSize:0]]
[2019.12.03-05.42.55:298][  0]LogConfig: Applying CVar settings from Section [EffectsQuality@3] File [C:/Users/jason/Documents/GitHub/Project_Plague_GIT/Project_Plague_V1/Saved/Config/Windows/Scalability.ini]
[2019.12.03-05.42.55:298][  0]LogConfig: Setting CVar [[r.TranslucencyLightingVolumeDim:64]]
[2019.12.03-05.42.55:298][  0]LogConfig: Setting CVar [[r.RefractionQuality:2]]
[2019.12.03-05.42.55:298][  0]LogConfig: Setting CVar [[r.SSR.Quality:3]]
[2019.12.03-05.42.55:298][  0]LogConfig: Setting CVar [[r.SceneColorFormat:4]]
[2019.12.03-05.42.55:298][  0]LogConfig: Setting CVar [[r.DetailMode:2]]
[2019.12.03-05.42.55:298][  0]LogConfig: Setting CVar [[r.TranslucencyVolumeBlur:1]]
[2019.12.03-05.42.55:298][  0]LogConfig: Setting CVar [[r.MaterialQualityLevel:1 ; High quality]]
[2019.12.03-05.42.55:298][  0]LogConfig: Setting CVar [[r.SSS.Scale:1]]
[2019.12.03-05.42.55:298][  0]LogConfig: Setting CVar [[r.SSS.SampleSet:2]]
[2019.12.03-05.42.55:298][  0]LogConfig: Setting CVar [[r.SSS.Quality:1]]
[2019.12.03-05.42.55:298][  0]LogConfig: Setting CVar [[r.SSS.HalfRes:1]]
[2019.12.03-05.42.55:298][  0]LogConfig: Setting CVar [[r.EmitterSpawnRateScale:1.0]]
[2019.12.03-05.42.55:298][  0]LogConfig: Setting CVar [[r.ParticleLightQuality:2]]
[2019.12.03-05.42.55:298][  0]LogConfig: Applying CVar settings from Section [FoliageQuality@3] File [C:/Users/jason/Documents/GitHub/Project_Plague_GIT/Project_Plague_V1/Saved/Config/Windows/Scalability.ini]
[2019.12.03-05.42.55:298][  0]LogConfig: Setting CVar [[foliage.DensityScale:1.0]]
[2019.12.03-05.42.55:298][  0]LogConfig: Setting CVar [[grass.DensityScale:1.0]]
[2019.12.03-05.42.55:298][  0]LogConfig: Applying CVar settings from Section [Startup] File [../../../Engine/Config/ConsoleVariables.ini]
[2019.12.03-05.42.55:299][  0]LogConfig: Setting CVar [[net.UseAdaptiveNetUpdateFrequency:0]]
[2019.12.03-05.42.55:299][  0]LogConfig: Setting CVar [[p.chaos.AllowCreatePhysxBodies:1]]
[2019.12.03-05.42.55:299][  0]LogConfig: Applying CVar settings from Section [ConsoleVariables] File [C:/Users/jason/Documents/GitHub/Project_Plague_GIT/Project_Plague_V1/Saved/Config/Windows/Engine.ini]
[2019.12.03-05.42.55:300][  0]LogInit: Computer: DESKTOP-CDQJGLH
[2019.12.03-05.42.55:300][  0]LogInit: User: jason
[2019.12.03-05.42.55:300][  0]LogInit: CPU Page size=4096, Cores=4
[2019.12.03-05.42.55:300][  0]LogInit: High frequency timer resolution =10.000000 MHz
[2019.12.03-05.42.55:300][  0]LogMemory: Memory total: Physical=15.8GB (16GB approx)
[2019.12.03-05.42.55:300][  0]LogMemory: Platform Memory Stats for Windows
[2019.12.03-05.42.55:300][  0]LogMemory: Process Physical Memory: 103.60 MB used, 103.61 MB peak
[2019.12.03-05.42.55:300][  0]LogMemory: Process Virtual Memory: 88.68 MB used, 88.68 MB peak
[2019.12.03-05.42.55:300][  0]LogMemory: Physical Memory: 6661.16 MB used,  9565.14 MB free, 16226.30 MB total
[2019.12.03-05.42.55:300][  0]LogMemory: Virtual Memory: 4656.98 MB used,  134213072.00 MB free, 134217728.00 MB total
[2019.12.03-05.42.55:309][  0]LogWindows: WindowsPlatformFeatures enabled
[2019.12.03-05.42.55:508][  0]LogInit: Using OS detected language (en-US).
[2019.12.03-05.42.55:508][  0]LogInit: Using OS detected locale (en-US).
[2019.12.03-05.42.55:512][  0]LogTextLocalizationManager: No specific localization for 'en-US' exists, so the 'en' localization will be used.
[2019.12.03-05.42.55:837][  0]LogInit: Setting process to per monitor DPI aware
[2019.12.03-05.42.55:887][  0]LogSlate: New Slate User Created.  User Index 0, Is Virtual User: 0
[2019.12.03-05.42.55:887][  0]LogSlate: Slate User Registered.  User Index 0, Is Virtual User: 0
[2019.12.03-05.42.56:064][  0]LogHMD: Failed to initialize OpenVR with code 110
[2019.12.03-05.42.56:064][  0]LogD3D11RHI: D3D11 adapters:
[2019.12.03-05.42.56:149][  0]LogD3D11RHI:    0. 'NVIDIA GeForce GTX 1050' (Feature Level 11_0)
[2019.12.03-05.42.56:149][  0]LogD3D11RHI:       4019/0/8113 MB DedicatedVideo/DedicatedSystem/SharedSystem, Outputs:1, VendorId:0x10de
[2019.12.03-05.42.56:183][  0]LogD3D11RHI:    1. 'Intel(R) UHD Graphics 630' (Feature Level 11_0)
[2019.12.03-05.42.56:183][  0]LogD3D11RHI:       128/0/8113 MB DedicatedVideo/DedicatedSystem/SharedSystem, Outputs:0, VendorId:0x8086
[2019.12.03-05.42.56:189][  0]LogD3D11RHI:    2. 'Microsoft Basic Render Driver' (Feature Level 11_0)
[2019.12.03-05.42.56:189][  0]LogD3D11RHI:       0/0/8113 MB DedicatedVideo/DedicatedSystem/SharedSystem, Outputs:0, VendorId:0x1414
[2019.12.03-05.42.56:189][  0]LogD3D11RHI: Chosen D3D11 Adapter: 0
[2019.12.03-05.42.56:223][  0]LogD3D11RHI: Creating new Direct3DDevice
[2019.12.03-05.42.56:223][  0]LogD3D11RHI:     GPU DeviceId: 0x1c8d (for the marketing name, search the web for "GPU Device Id")
[2019.12.03-05.42.56:223][  0]LogWindows: EnumDisplayDevices:
[2019.12.03-05.42.56:224][  0]LogWindows:    0. 'Intel(R) UHD Graphics 630' (P:1 D:1)
[2019.12.03-05.42.56:224][  0]LogWindows:    1. 'Intel(R) UHD Graphics 630' (P:0 D:0)
[2019.12.03-05.42.56:224][  0]LogWindows:    2. 'Intel(R) UHD Graphics 630' (P:0 D:0)
[2019.12.03-05.42.56:224][  0]LogWindows:    3. 'NVIDIA GeForce GTX 1050' (P:0 D:0)
[2019.12.03-05.42.56:225][  0]LogWindows: DebugString: PrimaryIsNotTheChoosenAdapter PrimaryIsNotTheChoosenAdapter PrimaryIsNotTheChoosenAdapter 
[2019.12.03-05.42.56:225][  0]LogD3D11RHI:     Adapter Name: NVIDIA GeForce GTX 1050
[2019.12.03-05.42.56:225][  0]LogD3D11RHI:   Driver Version: 441.41 (internal:26.21.14.4141, unified:441.41)
[2019.12.03-05.42.56:225][  0]LogD3D11RHI:      Driver Date: 11-20-2019
[2019.12.03-05.42.56:225][  0]LogRHI: Texture pool is 2813 MB (70% of 4019 MB)
[2019.12.03-05.42.56:269][  0]LogD3D11RHI: Async texture creation enabled
[2019.12.03-05.42.56:305][  0]LogD3D11RHI: GPU Timing Frequency: 1000.000000 (Debug: 2 1)
[2019.12.03-05.42.56:718][  0]LogTemp: Display: Module 'AllDesktopTargetPlatform' loaded TargetPlatform 'AllDesktop'
[2019.12.03-05.42.56:726][  0]LogTemp: Display: Module 'MacClientTargetPlatform' loaded TargetPlatform 'MacClient'
[2019.12.03-05.42.56:734][  0]LogTemp: Display: Module 'MacNoEditorTargetPlatform' loaded TargetPlatform 'MacNoEditor'
[2019.12.03-05.42.56:743][  0]LogTemp: Display: Module 'MacServerTargetPlatform' loaded TargetPlatform 'MacServer'
[2019.12.03-05.42.56:752][  0]LogTemp: Display: Module 'MacTargetPlatform' loaded TargetPlatform 'Mac'
[2019.12.03-05.42.56:761][  0]LogTemp: Display: Module 'WindowsClientTargetPlatform' loaded TargetPlatform 'WindowsClient'
[2019.12.03-05.42.56:769][  0]LogTemp: Display: Module 'WindowsNoEditorTargetPlatform' loaded TargetPlatform 'WindowsNoEditor'
[2019.12.03-05.42.56:776][  0]LogTemp: Display: Module 'WindowsServerTargetPlatform' loaded TargetPlatform 'WindowsServer'
[2019.12.03-05.42.56:780][  0]LogTemp: Display: Module 'WindowsTargetPlatform' loaded TargetPlatform 'Windows'
[2019.12.03-05.42.56:810][  0]LogTemp: Display: Module 'AndroidTargetPlatform' loaded TargetPlatform 'Android'
[2019.12.03-05.42.56:810][  0]LogTemp: Display: Module 'AndroidTargetPlatform' loaded TargetPlatform 'Android_ASTC'
[2019.12.03-05.42.56:810][  0]LogTemp: Display: Module 'AndroidTargetPlatform' loaded TargetPlatform 'Android_ATC'
[2019.12.03-05.42.56:810][  0]LogTemp: Display: Module 'AndroidTargetPlatform' loaded TargetPlatform 'Android_DXT'
[2019.12.03-05.42.56:810][  0]LogTemp: Display: Module 'AndroidTargetPlatform' loaded TargetPlatform 'Android_ETC1'
[2019.12.03-05.42.56:810][  0]LogTemp: Display: Module 'AndroidTargetPlatform' loaded TargetPlatform 'Android_ETC1a'
[2019.12.03-05.42.56:810][  0]LogTemp: Display: Module 'AndroidTargetPlatform' loaded TargetPlatform 'Android_ETC2'
[2019.12.03-05.42.56:810][  0]LogTemp: Display: Module 'AndroidTargetPlatform' loaded TargetPlatform 'Android_PVRTC'
[2019.12.03-05.42.56:810][  0]LogTemp: Display: Module 'AndroidTargetPlatform' loaded TargetPlatform 'AndroidClient'
[2019.12.03-05.42.56:810][  0]LogTemp: Display: Module 'AndroidTargetPlatform' loaded TargetPlatform 'Android_ASTCClient'
[2019.12.03-05.42.56:810][  0]LogTemp: Display: Module 'AndroidTargetPlatform' loaded TargetPlatform 'Android_ATCClient'
[2019.12.03-05.42.56:810][  0]LogTemp: Display: Module 'AndroidTargetPlatform' loaded TargetPlatform 'Android_DXTClient'
[2019.12.03-05.42.56:810][  0]LogTemp: Display: Module 'AndroidTargetPlatform' loaded TargetPlatform 'Android_ETC1Client'
[2019.12.03-05.42.56:810][  0]LogTemp: Display: Module 'AndroidTargetPlatform' loaded TargetPlatform 'Android_ETC1aClient'
[2019.12.03-05.42.56:810][  0]LogTemp: Display: Module 'AndroidTargetPlatform' loaded TargetPlatform 'Android_ETC2Client'
[2019.12.03-05.42.56:810][  0]LogTemp: Display: Module 'AndroidTargetPlatform' loaded TargetPlatform 'Android_PVRTCClient'
[2019.12.03-05.42.56:810][  0]LogTemp: Display: Module 'AndroidTargetPlatform' loaded TargetPlatform 'Android_Multi'
[2019.12.03-05.42.56:810][  0]LogTemp: Display: Module 'AndroidTargetPlatform' loaded TargetPlatform 'Android_MultiClient'
[2019.12.03-05.42.56:812][  0]LogTemp: Display: Module 'HTML5TargetPlatform' loaded TargetPlatform 'HTML5'
[2019.12.03-05.42.56:828][  0]LogTemp: Display: Module 'IOSTargetPlatform' loaded TargetPlatform 'IOSClient'
[2019.12.03-05.42.56:828][  0]LogTemp: Display: Module 'IOSTargetPlatform' loaded TargetPlatform 'IOS'
[2019.12.03-05.42.56:841][  0]LogTemp: Display: Module 'TVOSTargetPlatform' loaded TargetPlatform 'TVOSClient'
[2019.12.03-05.42.56:841][  0]LogTemp: Display: Module 'TVOSTargetPlatform' loaded TargetPlatform 'TVOS'
[2019.12.03-05.42.56:847][  0]LogTemp: Display: Module 'LinuxClientTargetPlatform' loaded TargetPlatform 'LinuxClient'
[2019.12.03-05.42.56:854][  0]LogTemp: Display: Module 'LinuxNoEditorTargetPlatform' loaded TargetPlatform 'LinuxNoEditor'
[2019.12.03-05.42.56:860][  0]LogTemp: Display: Module 'LinuxServerTargetPlatform' loaded TargetPlatform 'LinuxServer'
[2019.12.03-05.42.56:868][  0]LogTemp: Display: Module 'LinuxTargetPlatform' loaded TargetPlatform 'Linux'
[2019.12.03-05.42.56:889][  0]LogTemp: Display: Module 'LuminTargetPlatform' loaded TargetPlatform 'Lumin'
[2019.12.03-05.42.56:889][  0]LogTemp: Display: Module 'LuminTargetPlatform' loaded TargetPlatform 'LuminClient'
[2019.12.03-05.42.56:889][  0]LogTargetPlatformManager: Display: Building Assets For Windows
[2019.12.03-05.42.56:899][  0]LogAudioDebug: Display: Lib vorbis DLL was dynamically loaded.
[2019.12.03-05.42.57:000][  0]LogShaderCompilers: Guid format shader working directory is -37 characters bigger than the processId version (../../../../../../Users/jason/Documents/GitHub/Project_Plague_GIT/Project_Plague_V1/Intermediate/Shaders/WorkingDirectory/1632/).
[2019.12.03-05.42.57:000][  0]LogShaderCompilers: Cleaned the shader compiler working directory 'C:/Users/jason/AppData/Local/Temp/UnrealShaderWorkingDir/4B93F9C44660AA553D1B86A705E1C086/'.
[2019.12.03-05.42.57:005][  0]LogXGEController: Cleaning working directory: C:/Users/jason/AppData/Local/Temp/UnrealXGEWorkingDir/
[2019.12.03-05.42.57:005][  0]LogXGEController: Cannot use XGE Controller as Incredibuild is not installed on this machine.
[2019.12.03-05.42.57:006][  0]LogShaderCompilers: Cannot use XGE Shader Compiler as Incredibuild is not installed on this machine.
[2019.12.03-05.42.57:006][  0]LogShaderCompilers: Display: Using Local Shader Compiler.
[2019.12.03-05.42.57:684][  0]LogDerivedDataCache: Display: Max Cache Size: 512 MB
[2019.12.03-05.42.57:871][  0]LogDerivedDataCache: Loaded boot cache 0.19s 73MB C:/Users/jason/AppData/Local/UnrealEngine/4.23/DerivedDataCache/Boot.ddc.
[2019.12.03-05.42.57:871][  0]LogDerivedDataCache: Display: Loaded Boot cache: C:/Users/jason/AppData/Local/UnrealEngine/4.23/DerivedDataCache/Boot.ddc
[2019.12.03-05.42.57:871][  0]LogDerivedDataCache: FDerivedDataBackendGraph:  Pak pak cache file ../../../../../../Users/jason/Documents/GitHub/Project_Plague_GIT/Project_Plague_V1/DerivedDataCache/DDC.ddp not found, will not use a pak cache.
[2019.12.03-05.42.57:871][  0]LogDerivedDataCache: Unable to find inner node Pak for hierarchical cache Hierarchy.
[2019.12.03-05.42.57:871][  0]LogDerivedDataCache: FDerivedDataBackendGraph:  CompressedPak pak cache file ../../../../../../Users/jason/Documents/GitHub/Project_Plague_GIT/Project_Plague_V1/DerivedDataCache/Compressed.ddp not found, will not use a pak cache.
[2019.12.03-05.42.57:871][  0]LogDerivedDataCache: Unable to find inner node CompressedPak for hierarchical cache Hierarchy.
[2019.12.03-05.42.57:883][  0]LogDerivedDataCache: Display: Pak cache opened for reading ../../../Engine/DerivedDataCache/Compressed.ddp.
[2019.12.03-05.42.57:883][  0]LogDerivedDataCache: FDerivedDataBackendGraph:  EnterprisePak pak cache file ../../../Enterprise/DerivedDataCache/Compressed.ddp not found, will not use a pak cache.
[2019.12.03-05.42.57:883][  0]LogDerivedDataCache: Unable to find inner node EnterprisePak for hierarchical cache Hierarchy.
[2019.12.03-05.42.57:885][  0]LogDerivedDataCache: Using Local data cache path C:/Users/jason/AppData/Local/UnrealEngine/Common/DerivedDataCache: Writable
[2019.12.03-05.42.57:885][  0]LogDerivedDataCache: Shared data cache path not found in *engine.ini, will not use an Shared cache.
[2019.12.03-05.42.57:885][  0]LogDerivedDataCache: Unable to find inner node Shared for hierarchical cache Hierarchy.
[2019.12.03-05.42.57:912][  0]LogMaterial: Verifying Global Shaders for PCD3D_SM5
[2019.12.03-05.42.57:924][  0]LogSlate: Using FreeType 2.6.0
[2019.12.03-05.42.57:930][  0]LogSlate: SlateFontServices - WITH_FREETYPE: 1, WITH_HARFBUZZ: 1
[2019.12.03-05.42.58:004][  0]LogAssetRegistry: FAssetRegistry took 0.0063 seconds to start up
[2019.12.03-05.42.58:588][  0]LogInit: Selected Device Profile: [Windows]
[2019.12.03-05.42.58:872][  0]LogMeshReduction: Using QuadricMeshReduction for automatic static mesh reduction
[2019.12.03-05.42.58:872][  0]LogMeshReduction: Using SimplygonMeshReduction for automatic skeletal mesh reduction
[2019.12.03-05.42.58:872][  0]LogMeshReduction: Using ProxyLODMeshReduction for automatic mesh merging
[2019.12.03-05.42.58:872][  0]LogMeshReduction: No distributed automatic mesh merging module available
[2019.12.03-05.42.58:872][  0]LogMeshMerging: No distributed automatic mesh merging module available
[2019.12.03-05.42.58:927][  0]LogNetVersion: Project_Plague_V1 1.0.0, NetCL: 8386587, EngineNetVer: 11, GameNetVer: 0 (Checksum: 2381420571)
[2019.12.03-05.42.59:605][  0]LogPackageLocalizationCache: Processed 12 localized package path(s) for 1 prioritized culture(s) in 0.041929 seconds
[2019.12.03-05.42.59:611][  0]LogUObjectArray: 43444 objects as part of root set at end of initial load.
[2019.12.03-05.42.59:611][  0]LogUObjectAllocator: 7548648 out of 0 bytes used by permanent object pool.
[2019.12.03-05.42.59:611][  0]LogUObjectArray: CloseDisregardForGC: 0/0 objects in disregard for GC pool
[2019.12.03-05.43.00:688][  0]LogTcpMessaging: Initializing TcpMessaging bridge
[2019.12.03-05.43.00:691][  0]LogUdpMessaging: Initializing bridge on interface 0.0.0.0:0 to multicast group 230.0.0.1:6666.
[2019.12.03-05.43.00:773][  0]SourceControl: Source control is disabled
[2019.12.03-05.43.00:775][  0]LogWindows: Warning: CreateProc failed: The system cannot find the file specified. (0x00000002)
[2019.12.03-05.43.00:775][  0]LogWindows: Warning: URL: D:/GIT/Git/bin/git.exe version
[2019.12.03-05.43.00:788][  0]LogWindows: Warning: CreateProc failed: The system cannot find the file specified. (0x00000002)
[2019.12.03-05.43.00:788][  0]LogWindows: Warning: URL: D:/GIT/Git/bin/git.exe version
[2019.12.03-05.43.00:790][  0]LogWindows: Warning: CreateProc failed: The system cannot find the file specified. (0x00000002)
[2019.12.03-05.43.00:790][  0]LogWindows: Warning: URL: D:/GIT/Git/bin/git.exe version
[2019.12.03-05.43.00:961][  0]LogAndroidPermission: UAndroidPermissionCallbackProxy::GetInstance
[2019.12.03-05.43.01:080][  0]LogOcInput: OculusInput pre-init called
[2019.12.03-05.43.01:089][  0]LogWindows: Failed to load 'OVRPlugin.dll' (GetLastError=126)
[2019.12.03-05.43.01:089][  0]LogWindows: File 'OVRPlugin.dll' does not exist
[2019.12.03-05.43.01:240][  0]LogEngine: Initializing Engine...
[2019.12.03-05.43.01:244][  0]LogHMD: Failed to initialize OpenVR with code 110
[2019.12.03-05.43.01:249][  0]LogStats: UGameplayTagsManager::InitializeManager -  0.002 s
[2019.12.03-05.43.01:466][  0]LogInit: Initializing FReadOnlyCVARCache
[2019.12.03-05.43.01:535][  0]LogAIModule: Creating AISystem for world Untitled
[2019.12.03-05.43.01:566][  0]LogInit: XAudio2 using 'Speakers (Realtek High Definition Audio)' : 2 channels at 48 kHz using 32 bits per sample (channel mask 0x3)
[2019.12.03-05.43.01:691][  0]LogInit: FAudioDevice initialized.
[2019.12.03-05.43.01:692][  0]LogNetVersion: Set ProjectVersion to 1.0.0.0. Version Checksum will be recalculated on next use.
[2019.12.03-05.43.01:897][  0]LogDerivedDataCache: Saved boot cache 0.20s 73MB C:/Users/jason/AppData/Local/UnrealEngine/4.23/DerivedDataCache/Boot.ddc.
[2019.12.03-05.43.01:904][  0]LogInit: Texture streaming: Enabled
[2019.12.03-05.43.01:961][  0]LogEngineSessionManager: EngineSessionManager initialized
[2019.12.03-05.43.01:962][  0]LogEditorSessionSummary: Verbose: Initializing EditorSessionSummaryWriter for editor session tracking
[2019.12.03-05.43.01:965][  0]LogEditorSessionSummary: EditorSessionSummaryWriter initialized
[2019.12.03-05.43.02:154][  0]LogInit: Transaction tracking system initialized
[2019.12.03-05.43.02:451][  0]BlueprintLog: New page: Editor Load
[2019.12.03-05.43.02:715][  0]LocalizationService: Localization service is disabled
[2019.12.03-05.43.03:062][  0]LogFileCache: Scanning file cache for directory 'C:/Users/jason/Documents/GitHub/Project_Plague_GIT/Project_Plague_V1/Content/' took 0.01s
[2019.12.03-05.43.03:062][  0]LogCook: Display: Max memory allowance for cook 16384mb min free memory 0mb
[2019.12.03-05.43.03:062][  0]LogCook: Display: Mobile HDR setting 1
[2019.12.03-05.43.03:382][  0]LogWindows: Warning: CreateProc failed: The system cannot find the file specified. (0x00000002)
[2019.12.03-05.43.03:382][  0]LogWindows: Warning: URL: D:/GIT/Git/bin/git.exe version
[2019.12.03-05.43.03:386][  0]Cmd: MAP LOAD FILE="../../../../../../Users/jason/Documents/GitHub/Project_Plague_GIT/Project_Plague_V1/Content/FirstPersonBP/Maps/FirstPersonExampleMap.umap" TEMPLATE=0 SHOWPROGRESS=1 FEATURELEVEL=3
[2019.12.03-05.43.03:389][  0]LightingResults: New page: Lighting Build
[2019.12.03-05.43.03:406][  0]LogWorld: UWorld::CleanupWorld for Untitled, bSessionEnded=true, bCleanupResources=true
[2019.12.03-05.43.03:416][  0]MapCheck: New page: Map Check
[2019.12.03-05.43.03:416][  0]LightingResults: New page: Lighting Build
[2019.12.03-05.43.03:468][  0]LogUObjectHash: Compacting FUObjectHashTables data took   1.53ms
[2019.12.03-05.43.05:337][  0]LogTexture: Display: Building textures: T_Puddles_H (AutoDXT, 4096X4096)
[2019.12.03-05.43.05:337][  0]LogTexture: Display: Building textures: T_MudDistance_R (AutoDXT, 4096X4096)
[2019.12.03-05.43.05:337][  0]LogTexture: Display: Building textures: T_Puddles_R (AutoDXT, 4096X4096)
[2019.12.03-05.43.05:337][  0]LogTexture: Display: Building textures: MetalBlistering001_COL_VAR1_4K_METALNESS (AutoDXT, 4096X4096)
[2019.12.03-05.43.05:337][  0]LogTexture: Display: Building textures: T_Puddles_N (BC5, 4096X4096)
[2019.12.03-05.43.05:337][  0]LogTexture: Display: Building textures: T_Puddles_D (AutoDXT, 4096X4096)
[2019.12.03-05.43.05:337][  0]LogTexture: Display: Building textures: T_Dunes_N (BC5, 4096X4096)
[2019.12.03-05.43.09:674][  0]LogTexture: Display: Building textures: T_Mud_R (AutoDXT, 4096X4096)
[2019.12.03-05.43.09:674][  0]LogTexture: Display: Building textures: T_Dunes_D (AutoDXT, 2048X2048)
[2019.12.03-05.43.18:957][  0]LogTexture: Display: Building textures: Texture2D_0 (BGRA8, 512X512)
[2019.12.03-05.43.18:958][  0]LogTexture: Display: Building textures: Texture2D_1 (BGRA8, 64X64)
[2019.12.03-05.43.18:958][  0]LogTexture: Display: Building textures: Texture2D_10 (BGRA8, 64X64)
[2019.12.03-05.43.18:958][  0]LogTexture: Display: Building textures: Texture2D_11 (BGRA8, 64X64)
[2019.12.03-05.43.18:958][  0]LogTexture: Display: Building textures: Texture2D_12 (BGRA8, 64X64)
[2019.12.03-05.43.18:958][  0]LogTexture: Display: Building textures: Texture2D_13 (BGRA8, 64X64)
[2019.12.03-05.43.18:958][  0]LogTexture: Display: Building textures: Texture2D_14 (BGRA8, 64X64)
[2019.12.03-05.43.18:958][  0]LogTexture: Display: Building textures: Texture2D_15 (BGRA8, 64X64)
[2019.12.03-05.43.18:958][  0]LogTexture: Display: Building textures: Texture2D_16 (BGRA8, 64X64)
[2019.12.03-05.43.18:958][  0]LogTexture: Display: Building textures: Texture2D_2 (BGRA8, 64X64)
[2019.12.03-05.43.18:958][  0]LogTexture: Display: Building textures: Texture2D_3 (BGRA8, 64X64)
[2019.12.03-05.43.18:958][  0]LogTexture: Display: Building textures: Texture2D_4 (BGRA8, 64X64)
[2019.12.03-05.43.18:958][  0]LogTexture: Display: Building textures: Texture2D_5 (BGRA8, 64X64)
[2019.12.03-05.43.18:958][  0]LogTexture: Display: Building textures: Texture2D_6 (BGRA8, 64X64)
[2019.12.03-05.43.18:958][  0]LogTexture: Display: Building textures: Texture2D_7 (BGRA8, 64X64)
[2019.12.03-05.43.18:958][  0]LogTexture: Display: Building textures: Texture2D_8 (BGRA8, 64X64)
[2019.12.03-05.43.18:958][  0]LogTexture: Display: Building textures: Texture2D_9 (BGRA8, 64X64)
[2019.12.03-05.43.33:886][  0]LogMaterial: Display: Missing cached shader map for material M_Landscape, compiling. 
[2019.12.03-05.43.33:993][  0]LogMaterial: Display: Missing cached shader map for material M_Landscape, compiling. 
[2019.12.03-05.43.34:036][  0]LogShaderCompilers: Display: Worker (1/5): shaders left to compile 45
[2019.12.03-05.43.34:036][  0]LogShaderCompilers: Display: Worker (2/5): shaders left to compile 35
[2019.12.03-05.43.34:036][  0]LogShaderCompilers: Display: Worker (3/5): shaders left to compile 25
[2019.12.03-05.43.34:036][  0]LogShaderCompilers: Display: Worker (4/5): shaders left to compile 15
[2019.12.03-05.43.34:036][  0]LogShaderCompilers: Display: Worker (5/5): shaders left to compile 5
[2019.12.03-05.43.34:036][  0]LogMaterial: Display: Missing cached shader map for material Turret_Verticle_Rotate_Center, compiling. 
[2019.12.03-05.43.34:055][  0]LogStaticMesh: Building static mesh SpaceShip_Barrel_Top_004...
[2019.12.03-05.43.34:123][  0]LogStaticMesh: Built static mesh [0.07s] /Game/FirstPersonBP/SpaceShip_Barrel_Top_004.SpaceShip_Barrel_Top_004
[2019.12.03-05.43.34:134][  0]LogStaticMesh: Building static mesh HouseV2_Cube...
[2019.12.03-05.43.34:138][  0]LogStaticMesh: Built static mesh [0.00s] /Game/FirstPersonBP/HouseV2_Cube.HouseV2_Cube
[2019.12.03-05.43.34:144][  0]LogMaterial: Display: Missing cached shader map for material Material, compiling. 
[2019.12.03-05.43.34:157][  0]LogStaticMesh: Building static mesh HouseUE4_Cube_005...
[2019.12.03-05.43.34:165][  0]LogStaticMesh: Built static mesh [0.01s] /Game/FirstPersonBP/HouseUE4_Cube_005.HouseUE4_Cube_005
[2019.12.03-05.43.34:170][  0]LogMaterial: Display: Missing cached shader map for material Wood_Beams, compiling. 
[2019.12.03-05.43.34:185][  0]LogStaticMesh: Building static mesh A_Wood_Fence__Cube_037...
[2019.12.03-05.43.36:836][  0]LogShaderCompilers: Display: Worker (5/5): shaders left to compile 111
[2019.12.03-05.43.36:836][  0]LogStaticMesh: Built static mesh [2.65s] /Game/FirstPersonBP/A_Wood_Fence__Cube_037.A_Wood_Fence__Cube_037
[2019.12.03-05.43.37:704][  0]LogShaderCompilers: Display: Worker (1/5): shaders left to compile 101
[2019.12.03-05.43.37:704][  0]LogShaderCompilers: Display: Worker (3/5): shaders left to compile 91
[2019.12.03-05.43.37:704][  0]LogShaderCompilers: Display: Worker (2/5): shaders left to compile 81
[2019.12.03-05.43.37:704][  0]LogMaterial: Display: Missing cached shader map for material M_Landscape, compiling. 
[2019.12.03-05.43.37:792][  0]LogMaterial: Display: Missing cached shader map for material M_Landscape, compiling. 
[2019.12.03-05.43.37:891][  0]LogAIModule: Creating AISystem for world FirstPersonExampleMap
[2019.12.03-05.43.38:112][  0]LogEditorServer: Finished looking for orphan Actors (0.000 secs)
[2019.12.03-05.43.38:183][  0]LogUObjectHash: Compacting FUObjectHashTables data took   3.60ms
[2019.12.03-05.43.38:184][  0]Cmd: MAP CHECKDEP NOCLEARLOG
[2019.12.03-05.43.38:184][  0]MapCheck: Map check complete: 0 Error(s), 0 Warning(s), took 0.65ms to complete.
[2019.12.03-05.43.38:184][  0]LogFileHelpers: Loading map 'FirstPersonExampleMap' took 34.800
[2019.12.03-05.43.38:428][  0]LogSlate: Updating window title bar state: overlay mode, drag disabled, window buttons hidden, title bar hidden
[2019.12.03-05.43.38:439][  0]LogSlate: Updating window title bar state: overlay mode, drag disabled, window buttons hidden, title bar hidden
[2019.12.03-05.43.38:453][  0]LogSlate: Updating window title bar state: overlay mode, drag disabled, window buttons hidden, title bar hidden
[2019.12.03-05.43.38:466][  0]LogSlate: Updating window title bar state: overlay mode, drag disabled, window buttons hidden, title bar hidden
[2019.12.03-05.43.38:494][  0]LogCollectionManager: Loaded 0 collections in 0.003212 seconds
[2019.12.03-05.43.38:533][  0]LogFileCache: Scanning file cache for directory 'C:/Users/jason/Documents/GitHub/Project_Plague_GIT/Project_Plague_V1/Saved/Collections/' took 0.00s
[2019.12.03-05.43.38:533][  0]LogFileCache: Scanning file cache for directory 'C:/Users/jason/Documents/GitHub/Project_Plague_GIT/Project_Plague_V1/Content/Developers/jason/Collections/' took 0.00s
[2019.12.03-05.43.38:533][  0]LogFileCache: Scanning file cache for directory 'C:/Users/jason/Documents/GitHub/Project_Plague_GIT/Project_Plague_V1/Content/Collections/' took 0.00s
[2019.12.03-05.43.38:533][  0]LogCollectionManager: Rebuilt the GUID cache for 0 collections in 0.000003 seconds
[2019.12.03-05.43.38:551][  0]LogContentBrowser: Native class hierarchy populated in 0.0153 seconds. Added 2863 classes and 680 folders.
[2019.12.03-05.43.38:571][  0]LogContentBrowser: Native class hierarchy updated for 'WidgetCarousel' in 0.0004 seconds. Added 0 classes and 0 folders.
[2019.12.03-05.43.38:711][  0]LogContentBrowser: Native class hierarchy updated for 'AddContentDialog' in 0.0002 seconds. Added 0 classes and 0 folders.
[2019.12.03-05.43.38:731][  0]LogContentBrowser: Native class hierarchy updated for 'SceneOutliner' in 0.0004 seconds. Added 1 classes and 2 folders.
[2019.12.03-05.43.38:875][  0]LogSlate: Took 0.001045 seconds to synchronously load lazily loaded font '../../../Engine/Content/Slate/Fonts/Roboto-Regular.ttf' (155K)
[2019.12.03-05.43.38:881][  0]LogSlate: Took 0.000918 seconds to synchronously load lazily loaded font '../../../Engine/Content/Slate/Fonts/Roboto-Bold.ttf' (160K)
[2019.12.03-05.43.38:893][  0]LogSlate: Took 0.001175 seconds to synchronously load lazily loaded font '../../../Engine/Content/Editor/Slate/Fonts/FontAwesome.ttf' (139K)
[2019.12.03-05.43.39:019][  0]LogRenderer: Reallocating scene render targets to support 964x436 Format 10 NumSamples 1 (Frame:1).
[2019.12.03-05.43.39:857][  0]LogShaderCompilers: Display: Worker (5/5): shaders left to compile 247
[2019.12.03-05.43.39:872][  0]LogContentBrowser: Native class hierarchy updated for 'HierarchicalLODOutliner' in 0.0003 seconds. Added 0 classes and 0 folders.
[2019.12.03-05.43.39:872][  0]LogLoad: (Engine Initialization) Total time: 47.35 seconds
[2019.12.03-05.43.39:872][  0]LogLoad: (Engine Initialization) Total Blueprint compile time: 0.00 seconds
[2019.12.03-05.43.40:119][  0]LogShaderCompilers: Display: Worker (1/5): shaders left to compile 237
[2019.12.03-05.43.40:119][  0]LogContentStreaming: Texture pool size now 1000 MB
[2019.12.03-05.43.40:149][  0]LogSlate: Took 0.001253 seconds to synchronously load lazily loaded font '../../../Engine/Content/Slate/Fonts/Roboto-Light.ttf' (167K)
[2019.12.03-05.43.40:169][  0]LogShaderCompilers: Display: Worker (3/5): shaders left to compile 227
[2019.12.03-05.43.40:316][  1]LogAssetRegistry: Asset discovery search completed in 42.3140 seconds
[2019.12.03-05.43.40:323][  1]LogShaderCompilers: Display: Worker (4/5): shaders left to compile 217
[2019.12.03-05.43.40:323][  1]LogCollectionManager: Rebuilt the object cache for 0 collections in 0.000007 seconds (found 0 objects)
[2019.12.03-05.43.40:323][  1]LogCollectionManager: Fixed up redirectors for 0 collections in 0.000132 seconds (updated 0 objects)
[2019.12.03-05.43.43:031][ 89]LogShaderCompilers: Display: Worker (2/5): shaders left to compile 207
[2019.12.03-05.43.43:747][128]LogSlate: FSceneViewport::OnFocusLost() reason 0
[2019.12.03-05.43.44:326][154]LogShaderCompilers: Display: Worker (4/5): shaders left to compile 197
[2019.12.03-05.43.44:956][181]LogShaderCompilers: Display: Worker (3/5): shaders left to compile 187
[2019.12.03-05.43.44:956][181]LogShaderCompilers: Display: Worker (1/5): shaders left to compile 177
[2019.12.03-05.43.45:966][224]LogSlate: Window 'Plugins' being destroyed
[2019.12.03-05.43.45:975][224]LogSlate: Window 'Plugins' being destroyed
[2019.12.03-05.43.45:975][224]LogDirectoryWatcher: A directory notification for '../../../Engine/Plugins/' was aborted.
[2019.12.03-05.43.46:616][255]LogSlate: FSceneViewport::OnFocusLost() reason 0
[2019.12.03-05.43.47:764][313]LogShaderCompilers: Display: Worker (4/5): shaders left to compile 167
[2019.12.03-05.43.48:053][326]LogShaderCompilers: Display: Worker (2/5): shaders left to compile 157
[2019.12.03-05.43.48:100][328]LogShaderCompilers: Display: Worker (1/5): shaders left to compile 147
[2019.12.03-05.43.49:737][411]LogShaderCompilers: Display: Worker (3/5): shaders left to compile 137
[2019.12.03-05.43.50:878][469]LogShaderCompilers: Display: Worker (2/5): shaders left to compile 127
[2019.12.03-05.43.50:975][474]LogShaderCompilers: Display: Worker (4/5): shaders left to compile 117
[2019.12.03-05.43.53:858][619]LogSlate: FSceneViewport::OnFocusLost() reason 2
[2019.12.03-05.43.53:958][626]LogShaderCompilers: Display: Worker (4/5): shaders left to compile 107
[2019.12.03-05.43.53:973][627]LogShaderCompilers: Display: Worker (3/5): shaders left to compile 97
[2019.12.03-05.43.54:172][639]LogShaderCompilers: Display: Worker (2/5): shaders left to compile 87
[2019.12.03-05.43.54:776][675]LogShaderCompilers: Display: Worker (1/5): shaders left to compile 77
[2019.12.03-05.43.56:383][759]LogShaderCompilers: Display: Worker (2/5): shaders left to compile 67
[2019.12.03-05.43.57:760][824]LogShaderCompilers: Display: Worker (1/5): shaders left to compile 57
[2019.12.03-05.43.58:580][864]LogShaderCompilers: Display: Worker (4/5): shaders left to compile 47
[2019.12.03-05.43.59:289][896]LogShaderCompilers: Display: Worker (2/5): shaders left to compile 37
[2019.12.03-05.43.59:503][907]LogShaderCompilers: Display: Worker (3/5): shaders left to compile 27
[2019.12.03-05.44.01:429][998]LogShaderCompilers: Display: Worker (3/5): shaders left to compile 20
[2019.12.03-05.44.01:739][ 10]LogShaderCompilers: Display: Worker (4/5): shaders left to compile 14
[2019.12.03-05.44.01:901][ 19]LogShaderCompilers: Display: Worker (2/5): shaders left to compile 10
[2019.12.03-05.44.02:236][ 36]LogShaderCompilers: Display: Worker (1/5): shaders left to compile 7
[2019.12.03-05.44.02:887][ 75]LogShaderCompilers: Display: Worker (3/5): shaders left to compile 5
[2019.12.03-05.44.02:935][ 78]LogShaderCompilers: Display: Worker (1/5): shaders left to compile 3
[2019.12.03-05.44.03:203][ 89]LogShaderCompilers: Display: Worker (2/5): shaders left to compile 2
[2019.12.03-05.44.03:539][105]LogShaderCompilers: Display: Worker (4/5): shaders left to compile 1
[2019.12.03-05.44.10:989][542]LogWindows: Warning: CreateProc failed: The system cannot find the file specified. (0x00000002)
[2019.12.03-05.44.10:989][542]LogWindows: Warning: URL: D:/GIT/Git/bin/git.exe version
[2019.12.03-05.44.10:989][542]SourceControl: Error: Failed to enable Git source control. You need to install Git and specify a valid path to git executable.
[2019.12.03-05.44.16:914][894]LogEditorViewport: Clicking on Actor (LMB): Landscape (Landscape)
[2019.12.03-05.44.17:502][905]LogEditorViewport: Clicking on Actor (LMB): Landscape (Landscape)
[2019.12.03-05.44.18:353][945]LogSlate: FSceneViewport::OnFocusLost() reason 2
[2019.12.03-05.44.20:312][ 63]SourceControl: Source control is disabled
[2019.12.03-05.44.20:312][ 63]LogSlate: Window 'Source Control Login' being destroyed
[2019.12.03-05.44.40:021][251]LogEditorSessionSummary: EditorSessionSummary sent report. Type=Shutdown, SessionId={2FEA2CFF-421A-27BB-6702-7BAE62CF4DB5}
[2019.12.03-05.45.58:292][768]LogSlate: FSceneViewport::OnFocusLost() reason 2
[2019.12.03-05.46.45:664][445]LogWindows: Warning: CreateProc failed: The system cannot find the file specified. (0x00000002)
[2019.12.03-05.46.45:664][445]LogWindows: Warning: URL: D:/GIT/Git/bin/git.exe version
[2019.12.03-05.46.49:010][645]LogWindows: Warning: CreateProc failed: The system cannot find the file specified. (0x00000002)
[2019.12.03-05.46.49:010][645]LogWindows: Warning: URL: D:/GIT/Git/bin/git.exe version
[2019.12.03-05.46.49:010][645]SourceControl: Error: Failed to enable Git source control. You need to install Git and specify a valid path to git executable.
[2019.12.03-05.48.11:142][648]LogSlate: Window 'Source Control Login' being destroyed
[2019.12.03-05.49.32:350][721]LogSlate: Took 0.000147 seconds to synchronously load lazily loaded font '../../../Engine/Content/Slate/Fonts/Roboto-Light.ttf' (167K)
[2019.12.03-05.49.33:825][721]LogSlate: Window 'Pick Parent Class' being destroyed
[2019.12.03-05.49.43:883][282]LogSavePackage: Moving '../../../../../../Users/jason/Documents/GitHub/Project_Plague_GIT/Project_Plague_V1/Saved/SomeBlueprint_BPD60820CA410EF6BF2471B188207415BD.tmp' to '../../../../../../Users/jason/Documents/GitHub/Project_Plague_GIT/Project_Plague_V1/Content/FirstPersonBP/SomeBlueprint_BP.uasset'
[2019.12.03-05.49.46:382][364]LogAssetEditorManager: Opening Asset editor for Blueprint /Game/FirstPersonBP/SomeBlueprint_BP.SomeBlueprint_BP
[2019.12.03-05.49.46:636][364]LogContentBrowser: Native class hierarchy updated for 'BlueprintGraph' in 0.0005 seconds. Added 121 classes and 0 folders.
[2019.12.03-05.49.47:434][364]LogRenderer: Reallocating scene render targets to support 964x540 Format 10 NumSamples 1 (Frame:1).
[2019.12.03-05.49.48:740][420]LogSlate: Took 0.005569 seconds to synchronously load lazily loaded font '../../../Engine/Content/Slate/Fonts/Roboto-Italic.ttf' (157K)
[2019.12.03-05.49.54:098][686]BlueprintLog: New page: Compile SomeBlueprint_BP
[2019.12.03-05.49.54:275][686]LogUObjectHash: Compacting FUObjectHashTables data took   3.26ms
[2019.12.03-05.49.54:944][704]LogSavePackage: Moving '../../../../../../Users/jason/Documents/GitHub/Project_Plague_GIT/Project_Plague_V1/Saved/SomeBlueprint_BP9C668DE946D4E3746C4E5B91E535D437.tmp' to '../../../../../../Users/jason/Documents/GitHub/Project_Plague_GIT/Project_Plague_V1/Content/FirstPersonBP/SomeBlueprint_BP.uasset'
[2019.12.03-05.49.56:158][764]LogSlate: Window 'SomeBlueprint_BP' being destroyed
[2019.12.03-05.50.00:250][978]SourceControl: fatal: C:/Program Files/Epic Games/UE_4.23/Engine/Content: 'C:/Program Files/Epic Games/UE_4.23/Engine/Content' is outside repository
[2019.12.03-05.50.14:017][978]LogSlate: Window 'Submit Files' being destroyed
[2019.12.03-05.50.14:315][978]LogSourceControl: commit successful: [master ba63f02] Added a random blueprint
[2019.12.03-05.50.14:395][978]SourceControl: [master ba63f02] Added a random blueprint
[2019.12.03-05.50.14:395][978]SourceControl:  1 file changed, 0 insertions(+), 0 deletions(-)
[2019.12.03-05.50.14:395][978]SourceControl:  create mode 100644 Project_Plague_V1/Content/FirstPersonBP/SomeBlueprint_BP.uasset
[2019.12.03-05.50.14:518][978]SourceControl: Commited [master ba63f02] Added a random blueprint.
