Log file open, 12/06/19 17:43:02
LogWindows: Failed to load 'aqProf.dll' (GetLastError=126)
LogWindows: File 'aqProf.dll' does not exist
LogWindows: Failed to load 'VtuneApi.dll' (GetLastError=126)
LogWindows: File 'VtuneApi.dll' does not exist
LogWindows: Failed to load 'VtuneApi32e.dll' (GetLastError=126)
LogWindows: File 'VtuneApi32e.dll' does not exist
LogConsoleResponse: Display: Failed to find resolution value strings in scalability ini. Falling back to default.
LogInit: Display: Running engine for game: Project_Plague_UE4
LogPlatformFile: Not using cached read wrapper
LogTaskGraph: Started task graph with 5 named threads and 47 total threads with 3 sets of task threads.
LogStats: Stats thread started at 3.290255
LogD3D11RHI: Loaded GFSDK_Aftermath_Lib.x64.dll
LogICUInternationalization: ICU TimeZone Detection - Raw Offset: -6:00, Platform Override: ''
LogPluginManager: Mounting plugin Paper2D
LogPluginManager: Mounting plugin AISupport
LogPluginManager: Mounting plugin LightPropagationVolume
LogPluginManager: Mounting plugin ActorLayerUtilities
LogPluginManager: Mounting plugin AnimationSharing
LogPluginManager: Mounting plugin CLionSourceCodeAccess
LogPluginManager: Mounting plugin CodeLiteSourceCodeAccess
LogPluginManager: Mounting plugin ConcertMain
LogPluginManager: Mounting plugin ConcertSyncClient
LogPluginManager: Mounting plugin ConcertSyncCore
LogPluginManager: Found config from plugin[ConcertSyncCore] D:/GIT/TheosProductions/A stupid fucking game/Project_Plague_GIT/Project_Plague_UE4/Saved/Config/Windows/Engine.ini
LogPluginManager: Mounting plugin MultiUserClient
LogPluginManager: Mounting plugin GitSourceControl
LogPluginManager: Mounting plugin KDevelopSourceCodeAccess
LogPluginManager: Mounting plugin NullSourceCodeAccess
LogPluginManager: Mounting plugin PerforceSourceControl
LogPluginManager: Mounting plugin SubversionSourceControl
LogPluginManager: Mounting plugin UObjectPlugin
LogPluginManager: Mounting plugin VisualStudioCodeSourceCodeAccess
LogPluginManager: Mounting plugin VisualStudioSourceCodeAccess
LogPluginManager: Mounting plugin XCodeSourceCodeAccess
LogPluginManager: Mounting plugin AssetManagerEditor
LogPluginManager: Mounting plugin CryptoKeys
LogPluginManager: Mounting plugin CurveEditorTools
LogPluginManager: Mounting plugin DataValidation
LogPluginManager: Mounting plugin FacialAnimation
LogPluginManager: Mounting plugin GameplayTagsEditor
LogPluginManager: Mounting plugin MacGraphicsSwitching
LogPluginManager: Mounting plugin MaterialAnalyzer
LogPluginManager: Mounting plugin MobileLauncherProfileWizard
LogPluginManager: Mounting plugin PluginBrowser
LogPluginManager: Mounting plugin SpeedTreeImporter
LogPluginManager: Mounting plugin DatasmithContent
LogPluginManager: Mounting plugin VariantManagerContent
LogPluginManager: Mounting plugin AlembicImporter
LogPluginManager: Mounting plugin AutomationUtils
LogPluginManager: Mounting plugin BackChannel
LogPluginManager: Mounting plugin CharacterAI
LogPluginManager: Mounting plugin GeometryCache
LogPluginManager: Mounting plugin HTML5Networking
LogPluginManager: Mounting plugin PlatformCrypto
LogPluginManager: Mounting plugin ProxyLODPlugin
LogPluginManager: Mounting plugin SkeletalReduction
LogPluginManager: Mounting plugin MagicLeap
LogPluginManager: Mounting plugin MagicLeapMedia
LogPluginManager: Mounting plugin AndroidMedia
LogPluginManager: Mounting plugin AvfMedia
LogPluginManager: Mounting plugin ImgMedia
LogPluginManager: Mounting plugin MediaCompositing
LogPluginManager: Mounting plugin MediaPlayerEditor
LogPluginManager: Mounting plugin WebMMedia
LogPluginManager: Mounting plugin WmfMedia
LogPluginManager: Mounting plugin TcpMessaging
LogPluginManager: Mounting plugin UdpMessaging
LogPluginManager: Mounting plugin ActorSequence
LogPluginManager: Mounting plugin LevelSequenceEditor
LogPluginManager: Mounting plugin MatineeToLevelSequence
LogPluginManager: Mounting plugin NetcodeUnitTest
LogPluginManager: Mounting plugin NUTUnrealEngine4
LogPluginManager: Mounting plugin OnlineSubsystemGooglePlay
LogPluginManager: Mounting plugin OnlineSubsystemIOS
LogPluginManager: Mounting plugin OnlineSubsystem
LogPluginManager: Mounting plugin OnlineSubsystemNull
LogPluginManager: Mounting plugin OnlineSubsystemUtils
LogPluginManager: Mounting plugin LauncherChunkInstaller
LogPluginManager: Mounting plugin AndroidDeviceProfileSelector
LogPluginManager: Mounting plugin AndroidMoviePlayer
LogPluginManager: Mounting plugin AndroidPermission
LogPluginManager: Mounting plugin AppleImageUtils
LogPluginManager: Mounting plugin AppleMoviePlayer
LogPluginManager: Mounting plugin ArchVisCharacter
LogPluginManager: Mounting plugin AudioCapture
LogPluginManager: Mounting plugin CableComponent
LogPluginManager: Mounting plugin CustomMeshComponent
LogPluginManager: Mounting plugin SQLiteCore
LogPluginManager: Mounting plugin EditableMesh
LogPluginManager: Mounting plugin ExampleDeviceProfileSelector
LogPluginManager: Mounting plugin GoogleCloudMessaging
LogPluginManager: Mounting plugin IOSDeviceProfileSelector
LogPluginManager: Mounting plugin LinuxDeviceProfileSelector
LogPluginManager: Mounting plugin LocationServicesBPLibrary
LogPluginManager: Mounting plugin MobilePatchingUtils
LogPluginManager: Mounting plugin OculusVR
LogPluginManager: Mounting plugin PhysXVehicles
LogPluginManager: Mounting plugin ProceduralMeshComponent
LogPluginManager: Mounting plugin RuntimePhysXCooking
LogPluginManager: Mounting plugin SignificanceManager
LogPluginManager: Mounting plugin SteamVR
LogPluginManager: Mounting plugin WebMMoviePlayer
LogPluginManager: Mounting plugin WindowsMoviePlayer
LogPluginManager: Mounting plugin ScreenshotTools
LogPluginManager: Mounting plugin UnrealEnginePython
LogInit: Using libcurl 7.55.1-DEV
LogInit:  - built for x86_64-pc-win32
LogInit:  - supports SSL with OpenSSL/1.1.1
LogInit:  - supports HTTP deflate (compression) using libz 1.2.8
LogInit:  - other features:
LogInit:      CURL_VERSION_SSL
LogInit:      CURL_VERSION_LIBZ
LogInit:      CURL_VERSION_IPV6
LogInit:      CURL_VERSION_ASYNCHDNS
LogInit:      CURL_VERSION_LARGEFILE
LogInit:      CURL_VERSION_IDN
LogInit:  CurlRequestOptions (configurable via config and command line):
LogInit:  - bVerifyPeer = true  - Libcurl will verify peer certificate
LogInit:  - bUseHttpProxy = false  - Libcurl will NOT use HTTP proxy
LogInit:  - bDontReuseConnections = false  - Libcurl will reuse connections
LogInit:  - MaxHostConnections = 16  - Libcurl will limit the number of connections to a host
LogInit:  - LocalHostAddr = Default
LogInit:  - BufferSize = 65536
LogOnline: OSS: Creating online subsystem instance for: NULL
LogInit: WinSock: version 1.1 (2.2), MaxSocks=32767, MaxUdp=65467
LogInit: Build: ++UE4+Release-4.23-CL-9631420
LogInit: Engine Version: 4.23.1-9631420+++UE4+Release-4.23
LogInit: Compatible Engine Version: 4.23.0-8386587+++UE4+Release-4.23
LogInit: Net CL: 8386587
LogInit: OS: Windows 10 (Release 1903) (), CPU: AMD Ryzen 7 1700X Eight-Core Processor         , GPU: NVIDIA GeForce RTX 2080
LogInit: Compiled (64-bit): Oct 18 2019 02:07:44
LogInit: Compiled with Visual C++: 19.16.27030.01
LogInit: Build Configuration: Development
LogInit: Branch Name: ++UE4+Release-4.23
LogInit: Command Line: 
LogInit: Base Directory: D:/EpicGames/UE_4.23/Engine/Binaries/Win64/
LogInit: Installed Engine Build: 1
LogDevObjectVersion: Number of dev versions registered: 23
LogDevObjectVersion:   Dev-Blueprints (B0D832E4-1F89-4F0D-ACCF-7EB736FD4AA2): 10
LogDevObjectVersion:   Dev-Build (E1C64328-A22C-4D53-A36C-8E866417BD8C): 0
LogDevObjectVersion:   Dev-Core (375EC13C-06E4-48FB-B500-84F0262A717E): 3
LogDevObjectVersion:   Dev-Editor (E4B068ED-F494-42E9-A231-DA0B2E46BB41): 34
LogDevObjectVersion:   Dev-Framework (CFFC743F-43B0-4480-9391-14DF171D2073): 35
LogDevObjectVersion:   Dev-Mobile (B02B49B5-BB20-44E9-A304-32B752E40360): 2
LogDevObjectVersion:   Dev-Networking (A4E4105C-59A1-49B5-A7C5-40C4547EDFEE): 0
LogDevObjectVersion:   Dev-Online (39C831C9-5AE6-47DC-9A44-9C173E1C8E7C): 0
LogDevObjectVersion:   Dev-Physics (78F01B33-EBEA-4F98-B9B4-84EACCB95AA2): 0
LogDevObjectVersion:   Dev-Platform (6631380F-2D4D-43E0-8009-CF276956A95A): 0
LogDevObjectVersion:   Dev-Rendering (12F88B9F-8875-4AFC-A67C-D90C383ABD29): 31
LogDevObjectVersion:   Dev-Sequencer (7B5AE74C-D270-4C10-A958-57980B212A5A): 11
LogDevObjectVersion:   Dev-VR (D7296918-1DD6-4BDD-9DE2-64A83CC13884): 2
LogDevObjectVersion:   Dev-LoadTimes (C2A15278-BFE7-4AFE-6C17-90FF531DF755): 1
LogDevObjectVersion:   Private-Geometry (6EACA3D4-40EC-4CC1-B786-8BED09428FC5): 3
LogDevObjectVersion:   Dev-AnimPhys (29E575DD-E0A3-4627-9D10-D276232CDCEA): 17
LogDevObjectVersion:   Dev-Anim (AF43A65D-7FD3-4947-9873-3E8ED9C1BB05): 2
LogDevObjectVersion:   Dev-ReflectionCapture (6B266CEC-1EC7-4B8F-A30B-E4D90942FC07): 1
LogDevObjectVersion:   Dev-Automation (0DF73D61-A23F-47EA-B727-89E90C41499A): 1
LogDevObjectVersion:   FortniteMain (601D1886-AC64-4F84-AA16-D3DE0DEAC7D6): 27
LogDevObjectVersion:   Dev-Enterprise (9DFFBCD6-494F-0158-E221-12823C92A888): 6
LogDevObjectVersion:   Dev-Niagara (F2AED0AC-9AFE-416F-8664-AA7FFA26D6FC): 1
LogDevObjectVersion:   Dev-Destruction (174F1F0B-B4C6-45A5-B13F-2EE8D0FB917D): 9
LogInit: Presizing for max 16777216 objects, including 0 objects not considered by GC, pre-allocating 0 bytes for permanent pool.
LogInit: Object subsystem initialized
LogConfig: Setting CVar [[con.DebugEarlyDefault:1]]
LogConfig: Setting CVar [[r.setres:1280x720]]
[2019.12.06-23.43.06:077][  0]LogConfig: Setting CVar [[r.VSync:0]]
[2019.12.06-23.43.06:077][  0]LogConfig: Setting CVar [[r.RHICmdBypass:0]]
[2019.12.06-23.43.06:078][  0]LogConfig: Applying CVar settings from Section [/Script/Engine.RendererSettings] File [D:/GIT/TheosProductions/A stupid fucking game/Project_Plague_GIT/Project_Plague_UE4/Saved/Config/Windows/Engine.ini]
[2019.12.06-23.43.06:078][  0]LogConfig: Setting CVar [[r.GPUCrashDebugging:0]]
[2019.12.06-23.43.06:078][  0]LogConfig: Applying CVar settings from Section [/Script/Engine.RendererOverrideSettings] File [D:/GIT/TheosProductions/A stupid fucking game/Project_Plague_GIT/Project_Plague_UE4/Saved/Config/Windows/Engine.ini]
[2019.12.06-23.43.06:078][  0]LogConfig: Applying CVar settings from Section [/Script/Engine.StreamingSettings] File [D:/GIT/TheosProductions/A stupid fucking game/Project_Plague_GIT/Project_Plague_UE4/Saved/Config/Windows/Engine.ini]
[2019.12.06-23.43.06:079][  0]LogConfig: Setting CVar [[s.MinBulkDataSizeForAsyncLoading:131072]]
[2019.12.06-23.43.06:079][  0]LogConfig: Setting CVar [[s.AsyncLoadingThreadEnabled:0]]
[2019.12.06-23.43.06:079][  0]LogConfig: Setting CVar [[s.EventDrivenLoaderEnabled:1]]
[2019.12.06-23.43.06:079][  0]LogConfig: Setting CVar [[s.WarnIfTimeLimitExceeded:0]]
[2019.12.06-23.43.06:079][  0]LogConfig: Setting CVar [[s.TimeLimitExceededMultiplier:1.5]]
[2019.12.06-23.43.06:079][  0]LogConfig: Setting CVar [[s.TimeLimitExceededMinTime:0.005]]
[2019.12.06-23.43.06:079][  0]LogConfig: Setting CVar [[s.UseBackgroundLevelStreaming:1]]
[2019.12.06-23.43.06:079][  0]LogConfig: Setting CVar [[s.PriorityAsyncLoadingExtraTime:15.0]]
[2019.12.06-23.43.06:079][  0]LogConfig: Setting CVar [[s.LevelStreamingActorsUpdateTimeLimit:5.0]]
[2019.12.06-23.43.06:079][  0]LogConfig: Setting CVar [[s.PriorityLevelStreamingActorsUpdateExtraTime:5.0]]
[2019.12.06-23.43.06:079][  0]LogConfig: Setting CVar [[s.LevelStreamingComponentsRegistrationGranularity:10]]
[2019.12.06-23.43.06:079][  0]LogConfig: Setting CVar [[s.UnregisterComponentsTimeLimit:1.0]]
[2019.12.06-23.43.06:079][  0]LogConfig: Setting CVar [[s.LevelStreamingComponentsUnregistrationGranularity:5]]
[2019.12.06-23.43.06:079][  0]LogConfig: Applying CVar settings from Section [/Script/Engine.GarbageCollectionSettings] File [D:/GIT/TheosProductions/A stupid fucking game/Project_Plague_GIT/Project_Plague_UE4/Saved/Config/Windows/Engine.ini]
[2019.12.06-23.43.06:079][  0]LogConfig: Setting CVar [[gc.MaxObjectsNotConsideredByGC:1]]
[2019.12.06-23.43.06:079][  0]LogConfig: Setting CVar [[gc.SizeOfPermanentObjectPool:0]]
[2019.12.06-23.43.06:079][  0]LogConfig: Setting CVar [[gc.FlushStreamingOnGC:0]]
[2019.12.06-23.43.06:079][  0]LogConfig: Setting CVar [[gc.NumRetriesBeforeForcingGC:10]]
[2019.12.06-23.43.06:079][  0]LogConfig: Setting CVar [[gc.AllowParallelGC:1]]
[2019.12.06-23.43.06:079][  0]LogConfig: Setting CVar [[gc.TimeBetweenPurgingPendingKillObjects:61.1]]
[2019.12.06-23.43.06:079][  0]LogConfig: Setting CVar [[gc.MaxObjectsInEditor:16777216]]
[2019.12.06-23.43.06:079][  0]LogConfig: Setting CVar [[gc.IncrementalBeginDestroyEnabled:1]]
[2019.12.06-23.43.06:079][  0]LogConfig: Setting CVar [[gc.CreateGCClusters:1]]
[2019.12.06-23.43.06:079][  0]LogConfig: Setting CVar [[gc.MinGCClusterSize:5]]
[2019.12.06-23.43.06:079][  0]LogConfig: Setting CVar [[gc.ActorClusteringEnabled:0]]
[2019.12.06-23.43.06:079][  0]LogConfig: Setting CVar [[gc.BlueprintClusteringEnabled:0]]
[2019.12.06-23.43.06:079][  0]LogConfig: Setting CVar [[gc.UseDisregardForGCOnDedicatedServers:0]]
[2019.12.06-23.43.06:079][  0]LogConfig: Applying CVar settings from Section [/Script/Engine.NetworkSettings] File [D:/GIT/TheosProductions/A stupid fucking game/Project_Plague_GIT/Project_Plague_UE4/Saved/Config/Windows/Engine.ini]
[2019.12.06-23.43.06:079][  0]LogConfig: Applying CVar settings from Section [/Script/UnrealEd.CookerSettings] File [D:/GIT/TheosProductions/A stupid fucking game/Project_Plague_GIT/Project_Plague_UE4/Saved/Config/Windows/Engine.ini]
[2019.12.06-23.43.06:126][  0]LogConfig: Applying CVar settings from Section [ViewDistanceQuality@3] File [D:/GIT/TheosProductions/A stupid fucking game/Project_Plague_GIT/Project_Plague_UE4/Saved/Config/Windows/Scalability.ini]
[2019.12.06-23.43.06:126][  0]LogConfig: Setting CVar [[r.SkeletalMeshLODBias:0]]
[2019.12.06-23.43.06:126][  0]LogConfig: Setting CVar [[r.ViewDistanceScale:1.0]]
[2019.12.06-23.43.06:126][  0]LogConfig: Applying CVar settings from Section [AntiAliasingQuality@3] File [D:/GIT/TheosProductions/A stupid fucking game/Project_Plague_GIT/Project_Plague_UE4/Saved/Config/Windows/Scalability.ini]
[2019.12.06-23.43.06:126][  0]LogConfig: Setting CVar [[r.PostProcessAAQuality:4]]
[2019.12.06-23.43.06:126][  0]LogConfig: Applying CVar settings from Section [ShadowQuality@3] File [D:/GIT/TheosProductions/A stupid fucking game/Project_Plague_GIT/Project_Plague_UE4/Saved/Config/Windows/Scalability.ini]
[2019.12.06-23.43.06:126][  0]LogConfig: Setting CVar [[r.LightFunctionQuality:1]]
[2019.12.06-23.43.06:126][  0]LogConfig: Setting CVar [[r.ShadowQuality:5]]
[2019.12.06-23.43.06:126][  0]LogConfig: Setting CVar [[r.Shadow.CSM.MaxCascades:10]]
[2019.12.06-23.43.06:126][  0]LogConfig: Setting CVar [[r.Shadow.MaxResolution:2048]]
[2019.12.06-23.43.06:126][  0]LogConfig: Setting CVar [[r.Shadow.MaxCSMResolution:2048]]
[2019.12.06-23.43.06:126][  0]LogConfig: Setting CVar [[r.Shadow.RadiusThreshold:0.01]]
[2019.12.06-23.43.06:126][  0]LogConfig: Setting CVar [[r.Shadow.DistanceScale:1.0]]
[2019.12.06-23.43.06:126][  0]LogConfig: Setting CVar [[r.Shadow.CSM.TransitionScale:1.0]]
[2019.12.06-23.43.06:126][  0]LogConfig: Setting CVar [[r.Shadow.PreShadowResolutionFactor:1.0]]
[2019.12.06-23.43.06:126][  0]LogConfig: Setting CVar [[r.DistanceFieldShadowing:1]]
[2019.12.06-23.43.06:126][  0]LogConfig: Setting CVar [[r.DistanceFieldAO:1]]
[2019.12.06-23.43.06:126][  0]LogConfig: Setting CVar [[r.AOQuality:2]]
[2019.12.06-23.43.06:126][  0]LogConfig: Setting CVar [[r.VolumetricFog:1]]
[2019.12.06-23.43.06:126][  0]LogConfig: Setting CVar [[r.VolumetricFog.GridPixelSize:8]]
[2019.12.06-23.43.06:126][  0]LogConfig: Setting CVar [[r.VolumetricFog.GridSizeZ:128]]
[2019.12.06-23.43.06:126][  0]LogConfig: Setting CVar [[r.VolumetricFog.HistoryMissSupersampleCount:4]]
[2019.12.06-23.43.06:126][  0]LogConfig: Setting CVar [[r.LightMaxDrawDistanceScale:1]]
[2019.12.06-23.43.06:126][  0]LogConfig: Setting CVar [[r.CapsuleShadows:1]]
[2019.12.06-23.43.06:126][  0]LogConfig: Applying CVar settings from Section [PostProcessQuality@3] File [D:/GIT/TheosProductions/A stupid fucking game/Project_Plague_GIT/Project_Plague_UE4/Saved/Config/Windows/Scalability.ini]
[2019.12.06-23.43.06:126][  0]LogConfig: Setting CVar [[r.MotionBlurQuality:4]]
[2019.12.06-23.43.06:126][  0]LogConfig: Setting CVar [[r.AmbientOcclusionMipLevelFactor:0.4]]
[2019.12.06-23.43.06:126][  0]LogConfig: Setting CVar [[r.AmbientOcclusionMaxQuality:100]]
[2019.12.06-23.43.06:126][  0]LogConfig: Setting CVar [[r.AmbientOcclusionLevels:-1]]
[2019.12.06-23.43.06:126][  0]LogConfig: Setting CVar [[r.AmbientOcclusionRadiusScale:1.0]]
[2019.12.06-23.43.06:126][  0]LogConfig: Setting CVar [[r.DepthOfFieldQuality:2]]
[2019.12.06-23.43.06:126][  0]LogConfig: Setting CVar [[r.RenderTargetPoolMin:400]]
[2019.12.06-23.43.06:126][  0]LogConfig: Setting CVar [[r.LensFlareQuality:2]]
[2019.12.06-23.43.06:126][  0]LogConfig: Setting CVar [[r.SceneColorFringeQuality:1]]
[2019.12.06-23.43.06:126][  0]LogConfig: Setting CVar [[r.EyeAdaptationQuality:2]]
[2019.12.06-23.43.06:126][  0]LogConfig: Setting CVar [[r.BloomQuality:5]]
[2019.12.06-23.43.06:126][  0]LogConfig: Setting CVar [[r.FastBlurThreshold:100]]
[2019.12.06-23.43.06:126][  0]LogConfig: Setting CVar [[r.Upscale.Quality:3]]
[2019.12.06-23.43.06:126][  0]LogConfig: Setting CVar [[r.Tonemapper.GrainQuantization:1]]
[2019.12.06-23.43.06:126][  0]LogConfig: Setting CVar [[r.LightShaftQuality:1]]
[2019.12.06-23.43.06:126][  0]LogConfig: Setting CVar [[r.Filter.SizeScale:1]]
[2019.12.06-23.43.06:126][  0]LogConfig: Setting CVar [[r.Tonemapper.Quality:5]]
[2019.12.06-23.43.06:126][  0]LogConfig: Setting CVar [[r.DOF.Gather.AccumulatorQuality:1        ; higher gathering accumulator quality]]
[2019.12.06-23.43.06:126][  0]LogConfig: Setting CVar [[r.DOF.Gather.PostfilterMethod:1          ; Median3x3 postfilering method]]
[2019.12.06-23.43.06:126][  0]LogConfig: Setting CVar [[r.DOF.Gather.EnableBokehSettings:0       ; no bokeh simulation when gathering]]
[2019.12.06-23.43.06:126][  0]LogConfig: Setting CVar [[r.DOF.Gather.RingCount:4                 ; medium number of samples when gathering]]
[2019.12.06-23.43.06:127][  0]LogConfig: Setting CVar [[r.DOF.Scatter.ForegroundCompositing:1    ; additive foreground scattering]]
[2019.12.06-23.43.06:127][  0]LogConfig: Setting CVar [[r.DOF.Scatter.BackgroundCompositing:2    ; additive background scattering]]
[2019.12.06-23.43.06:127][  0]LogConfig: Setting CVar [[r.DOF.Scatter.EnableBokehSettings:1      ; bokeh simulation when scattering]]
[2019.12.06-23.43.06:127][  0]LogConfig: Setting CVar [[r.DOF.Scatter.MaxSpriteRatio:0.1         ; only a maximum of 10% of scattered bokeh]]
[2019.12.06-23.43.06:127][  0]LogConfig: Setting CVar [[r.DOF.Recombine.Quality:1                ; cheap slight out of focus]]
[2019.12.06-23.43.06:127][  0]LogConfig: Setting CVar [[r.DOF.Recombine.EnableBokehSettings:0    ; no bokeh simulation on slight out of focus]]
[2019.12.06-23.43.06:127][  0]LogConfig: Setting CVar [[r.DOF.TemporalAAQuality:1                ; more stable temporal accumulation]]
[2019.12.06-23.43.06:127][  0]LogConfig: Setting CVar [[r.DOF.Kernel.MaxForegroundRadius:0.025]]
[2019.12.06-23.43.06:127][  0]LogConfig: Setting CVar [[r.DOF.Kernel.MaxBackgroundRadius:0.025]]
[2019.12.06-23.43.06:127][  0]LogConfig: Applying CVar settings from Section [TextureQuality@3] File [D:/GIT/TheosProductions/A stupid fucking game/Project_Plague_GIT/Project_Plague_UE4/Saved/Config/Windows/Scalability.ini]
[2019.12.06-23.43.06:127][  0]LogConfig: Setting CVar [[r.Streaming.MipBias:0]]
[2019.12.06-23.43.06:127][  0]LogConfig: Setting CVar [[r.Streaming.AmortizeCPUToGPUCopy:0]]
[2019.12.06-23.43.06:127][  0]LogConfig: Setting CVar [[r.Streaming.MaxNumTexturesToStreamPerFrame:0]]
[2019.12.06-23.43.06:127][  0]LogConfig: Setting CVar [[r.Streaming.Boost:1]]
[2019.12.06-23.43.06:127][  0]LogConfig: Setting CVar [[r.MaxAnisotropy:8]]
[2019.12.06-23.43.06:127][  0]LogConfig: Setting CVar [[r.Streaming.LimitPoolSizeToVRAM:0]]
[2019.12.06-23.43.06:127][  0]LogConfig: Setting CVar [[r.Streaming.PoolSize:1000]]
[2019.12.06-23.43.06:127][  0]LogConfig: Setting CVar [[r.Streaming.MaxEffectiveScreenSize:0]]
[2019.12.06-23.43.06:127][  0]LogConfig: Applying CVar settings from Section [EffectsQuality@3] File [D:/GIT/TheosProductions/A stupid fucking game/Project_Plague_GIT/Project_Plague_UE4/Saved/Config/Windows/Scalability.ini]
[2019.12.06-23.43.06:127][  0]LogConfig: Setting CVar [[r.TranslucencyLightingVolumeDim:64]]
[2019.12.06-23.43.06:127][  0]LogConfig: Setting CVar [[r.RefractionQuality:2]]
[2019.12.06-23.43.06:127][  0]LogConfig: Setting CVar [[r.SSR.Quality:3]]
[2019.12.06-23.43.06:127][  0]LogConfig: Setting CVar [[r.SceneColorFormat:4]]
[2019.12.06-23.43.06:127][  0]LogConfig: Setting CVar [[r.DetailMode:2]]
[2019.12.06-23.43.06:127][  0]LogConfig: Setting CVar [[r.TranslucencyVolumeBlur:1]]
[2019.12.06-23.43.06:127][  0]LogConfig: Setting CVar [[r.MaterialQualityLevel:1 ; High quality]]
[2019.12.06-23.43.06:127][  0]LogConfig: Setting CVar [[r.SSS.Scale:1]]
[2019.12.06-23.43.06:127][  0]LogConfig: Setting CVar [[r.SSS.SampleSet:2]]
[2019.12.06-23.43.06:127][  0]LogConfig: Setting CVar [[r.SSS.Quality:1]]
[2019.12.06-23.43.06:127][  0]LogConfig: Setting CVar [[r.SSS.HalfRes:1]]
[2019.12.06-23.43.06:127][  0]LogConfig: Setting CVar [[r.EmitterSpawnRateScale:1.0]]
[2019.12.06-23.43.06:127][  0]LogConfig: Setting CVar [[r.ParticleLightQuality:2]]
[2019.12.06-23.43.06:127][  0]LogConfig: Applying CVar settings from Section [FoliageQuality@3] File [D:/GIT/TheosProductions/A stupid fucking game/Project_Plague_GIT/Project_Plague_UE4/Saved/Config/Windows/Scalability.ini]
[2019.12.06-23.43.06:127][  0]LogConfig: Setting CVar [[foliage.DensityScale:1.0]]
[2019.12.06-23.43.06:127][  0]LogConfig: Setting CVar [[grass.DensityScale:1.0]]
[2019.12.06-23.43.06:137][  0]LogInit: Selected Device Profile: [Windows]
[2019.12.06-23.43.06:146][  0]LogInit: Applying CVar settings loaded from the selected device profile: [Windows]
[2019.12.06-23.43.06:212][  0]LogHAL: Display: Platform has ~ 32 GB [34305662976 / 34359738368 / 32], which maps to Largest [LargestMinGB=32, LargerMinGB=12, DefaultMinGB=8, SmallerMinGB=6, SmallestMinGB=0)
[2019.12.06-23.43.06:212][  0]LogInit: Going up to parent DeviceProfile []
[2019.12.06-23.43.06:232][  0]LogConfig: Applying CVar settings from Section [ViewDistanceQuality@3] File [D:/GIT/TheosProductions/A stupid fucking game/Project_Plague_GIT/Project_Plague_UE4/Saved/Config/Windows/Scalability.ini]
[2019.12.06-23.43.06:232][  0]LogConfig: Setting CVar [[r.SkeletalMeshLODBias:0]]
[2019.12.06-23.43.06:232][  0]LogConfig: Setting CVar [[r.ViewDistanceScale:1.0]]
[2019.12.06-23.43.06:232][  0]LogConfig: Applying CVar settings from Section [AntiAliasingQuality@3] File [D:/GIT/TheosProductions/A stupid fucking game/Project_Plague_GIT/Project_Plague_UE4/Saved/Config/Windows/Scalability.ini]
[2019.12.06-23.43.06:232][  0]LogConfig: Setting CVar [[r.PostProcessAAQuality:4]]
[2019.12.06-23.43.06:232][  0]LogConfig: Applying CVar settings from Section [ShadowQuality@3] File [D:/GIT/TheosProductions/A stupid fucking game/Project_Plague_GIT/Project_Plague_UE4/Saved/Config/Windows/Scalability.ini]
[2019.12.06-23.43.06:232][  0]LogConfig: Setting CVar [[r.LightFunctionQuality:1]]
[2019.12.06-23.43.06:232][  0]LogConfig: Setting CVar [[r.ShadowQuality:5]]
[2019.12.06-23.43.06:232][  0]LogConfig: Setting CVar [[r.Shadow.CSM.MaxCascades:10]]
[2019.12.06-23.43.06:232][  0]LogConfig: Setting CVar [[r.Shadow.MaxResolution:2048]]
[2019.12.06-23.43.06:232][  0]LogConfig: Setting CVar [[r.Shadow.MaxCSMResolution:2048]]
[2019.12.06-23.43.06:232][  0]LogConfig: Setting CVar [[r.Shadow.RadiusThreshold:0.01]]
[2019.12.06-23.43.06:232][  0]LogConfig: Setting CVar [[r.Shadow.DistanceScale:1.0]]
[2019.12.06-23.43.06:232][  0]LogConfig: Setting CVar [[r.Shadow.CSM.TransitionScale:1.0]]
[2019.12.06-23.43.06:232][  0]LogConfig: Setting CVar [[r.Shadow.PreShadowResolutionFactor:1.0]]
[2019.12.06-23.43.06:232][  0]LogConfig: Setting CVar [[r.DistanceFieldShadowing:1]]
[2019.12.06-23.43.06:232][  0]LogConfig: Setting CVar [[r.DistanceFieldAO:1]]
[2019.12.06-23.43.06:232][  0]LogConfig: Setting CVar [[r.AOQuality:2]]
[2019.12.06-23.43.06:232][  0]LogConfig: Setting CVar [[r.VolumetricFog:1]]
[2019.12.06-23.43.06:232][  0]LogConfig: Setting CVar [[r.VolumetricFog.GridPixelSize:8]]
[2019.12.06-23.43.06:232][  0]LogConfig: Setting CVar [[r.VolumetricFog.GridSizeZ:128]]
[2019.12.06-23.43.06:232][  0]LogConfig: Setting CVar [[r.VolumetricFog.HistoryMissSupersampleCount:4]]
[2019.12.06-23.43.06:232][  0]LogConfig: Setting CVar [[r.LightMaxDrawDistanceScale:1]]
[2019.12.06-23.43.06:232][  0]LogConfig: Setting CVar [[r.CapsuleShadows:1]]
[2019.12.06-23.43.06:232][  0]LogConfig: Applying CVar settings from Section [PostProcessQuality@3] File [D:/GIT/TheosProductions/A stupid fucking game/Project_Plague_GIT/Project_Plague_UE4/Saved/Config/Windows/Scalability.ini]
[2019.12.06-23.43.06:232][  0]LogConfig: Setting CVar [[r.MotionBlurQuality:4]]
[2019.12.06-23.43.06:232][  0]LogConfig: Setting CVar [[r.AmbientOcclusionMipLevelFactor:0.4]]
[2019.12.06-23.43.06:232][  0]LogConfig: Setting CVar [[r.AmbientOcclusionMaxQuality:100]]
[2019.12.06-23.43.06:232][  0]LogConfig: Setting CVar [[r.AmbientOcclusionLevels:-1]]
[2019.12.06-23.43.06:232][  0]LogConfig: Setting CVar [[r.AmbientOcclusionRadiusScale:1.0]]
[2019.12.06-23.43.06:232][  0]LogConfig: Setting CVar [[r.DepthOfFieldQuality:2]]
[2019.12.06-23.43.06:232][  0]LogConfig: Setting CVar [[r.RenderTargetPoolMin:400]]
[2019.12.06-23.43.06:232][  0]LogConfig: Setting CVar [[r.LensFlareQuality:2]]
[2019.12.06-23.43.06:232][  0]LogConfig: Setting CVar [[r.SceneColorFringeQuality:1]]
[2019.12.06-23.43.06:232][  0]LogConfig: Setting CVar [[r.EyeAdaptationQuality:2]]
[2019.12.06-23.43.06:232][  0]LogConfig: Setting CVar [[r.BloomQuality:5]]
[2019.12.06-23.43.06:232][  0]LogConfig: Setting CVar [[r.FastBlurThreshold:100]]
[2019.12.06-23.43.06:232][  0]LogConfig: Setting CVar [[r.Upscale.Quality:3]]
[2019.12.06-23.43.06:232][  0]LogConfig: Setting CVar [[r.Tonemapper.GrainQuantization:1]]
[2019.12.06-23.43.06:232][  0]LogConfig: Setting CVar [[r.LightShaftQuality:1]]
[2019.12.06-23.43.06:232][  0]LogConfig: Setting CVar [[r.Filter.SizeScale:1]]
[2019.12.06-23.43.06:232][  0]LogConfig: Setting CVar [[r.Tonemapper.Quality:5]]
[2019.12.06-23.43.06:232][  0]LogConfig: Setting CVar [[r.DOF.Gather.AccumulatorQuality:1        ; higher gathering accumulator quality]]
[2019.12.06-23.43.06:232][  0]LogConfig: Setting CVar [[r.DOF.Gather.PostfilterMethod:1          ; Median3x3 postfilering method]]
[2019.12.06-23.43.06:232][  0]LogConfig: Setting CVar [[r.DOF.Gather.EnableBokehSettings:0       ; no bokeh simulation when gathering]]
[2019.12.06-23.43.06:232][  0]LogConfig: Setting CVar [[r.DOF.Gather.RingCount:4                 ; medium number of samples when gathering]]
[2019.12.06-23.43.06:232][  0]LogConfig: Setting CVar [[r.DOF.Scatter.ForegroundCompositing:1    ; additive foreground scattering]]
[2019.12.06-23.43.06:232][  0]LogConfig: Setting CVar [[r.DOF.Scatter.BackgroundCompositing:2    ; additive background scattering]]
[2019.12.06-23.43.06:232][  0]LogConfig: Setting CVar [[r.DOF.Scatter.EnableBokehSettings:1      ; bokeh simulation when scattering]]
[2019.12.06-23.43.06:232][  0]LogConfig: Setting CVar [[r.DOF.Scatter.MaxSpriteRatio:0.1         ; only a maximum of 10% of scattered bokeh]]
[2019.12.06-23.43.06:232][  0]LogConfig: Setting CVar [[r.DOF.Recombine.Quality:1                ; cheap slight out of focus]]
[2019.12.06-23.43.06:232][  0]LogConfig: Setting CVar [[r.DOF.Recombine.EnableBokehSettings:0    ; no bokeh simulation on slight out of focus]]
[2019.12.06-23.43.06:232][  0]LogConfig: Setting CVar [[r.DOF.TemporalAAQuality:1                ; more stable temporal accumulation]]
[2019.12.06-23.43.06:232][  0]LogConfig: Setting CVar [[r.DOF.Kernel.MaxForegroundRadius:0.025]]
[2019.12.06-23.43.06:232][  0]LogConfig: Setting CVar [[r.DOF.Kernel.MaxBackgroundRadius:0.025]]
[2019.12.06-23.43.06:232][  0]LogConfig: Applying CVar settings from Section [TextureQuality@3] File [D:/GIT/TheosProductions/A stupid fucking game/Project_Plague_GIT/Project_Plague_UE4/Saved/Config/Windows/Scalability.ini]
[2019.12.06-23.43.06:232][  0]LogConfig: Setting CVar [[r.Streaming.MipBias:0]]
[2019.12.06-23.43.06:232][  0]LogConfig: Setting CVar [[r.Streaming.AmortizeCPUToGPUCopy:0]]
[2019.12.06-23.43.06:232][  0]LogConfig: Setting CVar [[r.Streaming.MaxNumTexturesToStreamPerFrame:0]]
[2019.12.06-23.43.06:232][  0]LogConfig: Setting CVar [[r.Streaming.Boost:1]]
[2019.12.06-23.43.06:232][  0]LogConfig: Setting CVar [[r.MaxAnisotropy:8]]
[2019.12.06-23.43.06:232][  0]LogConfig: Setting CVar [[r.Streaming.LimitPoolSizeToVRAM:0]]
[2019.12.06-23.43.06:233][  0]LogConfig: Setting CVar [[r.Streaming.PoolSize:1000]]
[2019.12.06-23.43.06:233][  0]LogConfig: Setting CVar [[r.Streaming.MaxEffectiveScreenSize:0]]
[2019.12.06-23.43.06:233][  0]LogConfig: Applying CVar settings from Section [EffectsQuality@3] File [D:/GIT/TheosProductions/A stupid fucking game/Project_Plague_GIT/Project_Plague_UE4/Saved/Config/Windows/Scalability.ini]
[2019.12.06-23.43.06:233][  0]LogConfig: Setting CVar [[r.TranslucencyLightingVolumeDim:64]]
[2019.12.06-23.43.06:233][  0]LogConfig: Setting CVar [[r.RefractionQuality:2]]
[2019.12.06-23.43.06:233][  0]LogConfig: Setting CVar [[r.SSR.Quality:3]]
[2019.12.06-23.43.06:233][  0]LogConfig: Setting CVar [[r.SceneColorFormat:4]]
[2019.12.06-23.43.06:233][  0]LogConfig: Setting CVar [[r.DetailMode:2]]
[2019.12.06-23.43.06:233][  0]LogConfig: Setting CVar [[r.TranslucencyVolumeBlur:1]]
[2019.12.06-23.43.06:233][  0]LogConfig: Setting CVar [[r.MaterialQualityLevel:1 ; High quality]]
[2019.12.06-23.43.06:233][  0]LogConfig: Setting CVar [[r.SSS.Scale:1]]
[2019.12.06-23.43.06:233][  0]LogConfig: Setting CVar [[r.SSS.SampleSet:2]]
[2019.12.06-23.43.06:233][  0]LogConfig: Setting CVar [[r.SSS.Quality:1]]
[2019.12.06-23.43.06:233][  0]LogConfig: Setting CVar [[r.SSS.HalfRes:1]]
[2019.12.06-23.43.06:233][  0]LogConfig: Setting CVar [[r.EmitterSpawnRateScale:1.0]]
[2019.12.06-23.43.06:233][  0]LogConfig: Setting CVar [[r.ParticleLightQuality:2]]
[2019.12.06-23.43.06:233][  0]LogConfig: Applying CVar settings from Section [FoliageQuality@3] File [D:/GIT/TheosProductions/A stupid fucking game/Project_Plague_GIT/Project_Plague_UE4/Saved/Config/Windows/Scalability.ini]
[2019.12.06-23.43.06:233][  0]LogConfig: Setting CVar [[foliage.DensityScale:1.0]]
[2019.12.06-23.43.06:233][  0]LogConfig: Setting CVar [[grass.DensityScale:1.0]]
[2019.12.06-23.43.06:233][  0]LogConfig: Applying CVar settings from Section [Startup] File [../../../Engine/Config/ConsoleVariables.ini]
[2019.12.06-23.43.06:261][  0]LogConfig: Setting CVar [[net.UseAdaptiveNetUpdateFrequency:0]]
[2019.12.06-23.43.06:261][  0]LogConfig: Setting CVar [[p.chaos.AllowCreatePhysxBodies:1]]
[2019.12.06-23.43.06:261][  0]LogConfig: Applying CVar settings from Section [ConsoleVariables] File [D:/GIT/TheosProductions/A stupid fucking game/Project_Plague_GIT/Project_Plague_UE4/Saved/Config/Windows/Engine.ini]
[2019.12.06-23.43.06:279][  0]LogInit: Computer: JOHNSPC
[2019.12.06-23.43.06:279][  0]LogInit: User: John
[2019.12.06-23.43.06:279][  0]LogInit: CPU Page size=4096, Cores=8
[2019.12.06-23.43.06:279][  0]LogInit: High frequency timer resolution =10.000000 MHz
[2019.12.06-23.43.06:290][  0]LogMemory: Memory total: Physical=31.9GB (32GB approx)
[2019.12.06-23.43.06:290][  0]LogMemory: Platform Memory Stats for Windows
[2019.12.06-23.43.06:290][  0]LogMemory: Process Physical Memory: 103.00 MB used, 103.01 MB peak
[2019.12.06-23.43.06:290][  0]LogMemory: Process Virtual Memory: 103.32 MB used, 103.32 MB peak
[2019.12.06-23.43.06:291][  0]LogMemory: Physical Memory: 5923.11 MB used,  26793.32 MB free, 32716.43 MB total
[2019.12.06-23.43.06:291][  0]LogMemory: Virtual Memory: 4704.24 MB used,  134213024.00 MB free, 134217728.00 MB total
[2019.12.06-23.43.06:298][  0]LogWindows: WindowsPlatformFeatures enabled
[2019.12.06-23.43.07:424][  0]LogInit: Using OS detected language (en-US).
[2019.12.06-23.43.07:425][  0]LogInit: Using OS detected locale (en-US).
[2019.12.06-23.43.07:573][  0]LogTextLocalizationManager: No specific localization for 'en-US' exists, so the 'en' localization will be used.
[2019.12.06-23.43.08:442][  0]LogInit: Setting process to per monitor DPI aware
[2019.12.06-23.43.09:407][  0]LogSlate: New Slate User Created.  User Index 0, Is Virtual User: 0
[2019.12.06-23.43.09:407][  0]LogSlate: Slate User Registered.  User Index 0, Is Virtual User: 0
[2019.12.06-23.43.24:600][  0]LogHMD: Failed to initialize OpenVR with code 108
[2019.12.06-23.43.24:600][  0]LogD3D11RHI: D3D11 adapters:
[2019.12.06-23.43.24:703][  0]LogD3D11RHI:    0. 'NVIDIA GeForce RTX 2080' (Feature Level 11_0)
[2019.12.06-23.43.24:703][  0]LogD3D11RHI:       8010/0/16358 MB DedicatedVideo/DedicatedSystem/SharedSystem, Outputs:1, VendorId:0x10de
[2019.12.06-23.43.24:708][  0]LogD3D11RHI:    1. 'Microsoft Basic Render Driver' (Feature Level 11_0)
[2019.12.06-23.43.24:708][  0]LogD3D11RHI:       0/0/16358 MB DedicatedVideo/DedicatedSystem/SharedSystem, Outputs:0, VendorId:0x1414
[2019.12.06-23.43.24:708][  0]LogD3D11RHI: Chosen D3D11 Adapter: 0
[2019.12.06-23.43.24:812][  0]LogD3D11RHI: Creating new Direct3DDevice
[2019.12.06-23.43.24:813][  0]LogD3D11RHI:     GPU DeviceId: 0x1e87 (for the marketing name, search the web for "GPU Device Id")
[2019.12.06-23.43.24:813][  0]LogWindows: EnumDisplayDevices:
[2019.12.06-23.43.24:813][  0]LogWindows:    0. 'NVIDIA GeForce RTX 2080' (P:1 D:1)
[2019.12.06-23.43.24:813][  0]LogWindows:    1. 'NVIDIA GeForce RTX 2080' (P:0 D:0)
[2019.12.06-23.43.24:813][  0]LogWindows:    2. 'NVIDIA GeForce RTX 2080' (P:0 D:0)
[2019.12.06-23.43.24:814][  0]LogWindows:    3. 'NVIDIA GeForce RTX 2080' (P:0 D:0)
[2019.12.06-23.43.24:814][  0]LogWindows: DebugString: FoundDriverCount:4 
[2019.12.06-23.43.24:814][  0]LogD3D11RHI:     Adapter Name: NVIDIA GeForce RTX 2080
[2019.12.06-23.43.24:815][  0]LogD3D11RHI:   Driver Version: 432.00 (internal:26.21.14.3200, unified:432.00)
[2019.12.06-23.43.24:815][  0]LogD3D11RHI:      Driver Date: 7-24-2019
[2019.12.06-23.43.24:815][  0]LogRHI: Texture pool is 5607 MB (70% of 8010 MB)
[2019.12.06-23.43.26:041][  0]LogD3D11RHI: Async texture creation enabled
[2019.12.06-23.43.26:607][  0]LogD3D11RHI: GPU Timing Frequency: 1000.000000 (Debug: 2 1)
[2019.12.06-23.43.28:274][  0]LogTemp: Display: Module 'AllDesktopTargetPlatform' loaded TargetPlatform 'AllDesktop'
[2019.12.06-23.43.28:343][  0]LogTemp: Display: Module 'MacClientTargetPlatform' loaded TargetPlatform 'MacClient'
[2019.12.06-23.43.28:378][  0]LogTemp: Display: Module 'MacNoEditorTargetPlatform' loaded TargetPlatform 'MacNoEditor'
[2019.12.06-23.43.28:426][  0]LogTemp: Display: Module 'MacServerTargetPlatform' loaded TargetPlatform 'MacServer'
[2019.12.06-23.43.28:533][  0]LogTemp: Display: Module 'MacTargetPlatform' loaded TargetPlatform 'Mac'
[2019.12.06-23.43.28:632][  0]LogTemp: Display: Module 'WindowsClientTargetPlatform' loaded TargetPlatform 'WindowsClient'
[2019.12.06-23.43.28:677][  0]LogTemp: Display: Module 'WindowsNoEditorTargetPlatform' loaded TargetPlatform 'WindowsNoEditor'
[2019.12.06-23.43.28:711][  0]LogTemp: Display: Module 'WindowsServerTargetPlatform' loaded TargetPlatform 'WindowsServer'
[2019.12.06-23.43.28:760][  0]LogTemp: Display: Module 'WindowsTargetPlatform' loaded TargetPlatform 'Windows'
[2019.12.06-23.43.28:890][  0]LogTemp: Display: Module 'AndroidTargetPlatform' loaded TargetPlatform 'Android'
[2019.12.06-23.43.28:890][  0]LogTemp: Display: Module 'AndroidTargetPlatform' loaded TargetPlatform 'Android_ASTC'
[2019.12.06-23.43.28:890][  0]LogTemp: Display: Module 'AndroidTargetPlatform' loaded TargetPlatform 'Android_ATC'
[2019.12.06-23.43.28:890][  0]LogTemp: Display: Module 'AndroidTargetPlatform' loaded TargetPlatform 'Android_DXT'
[2019.12.06-23.43.28:890][  0]LogTemp: Display: Module 'AndroidTargetPlatform' loaded TargetPlatform 'Android_ETC1'
[2019.12.06-23.43.28:890][  0]LogTemp: Display: Module 'AndroidTargetPlatform' loaded TargetPlatform 'Android_ETC1a'
[2019.12.06-23.43.28:890][  0]LogTemp: Display: Module 'AndroidTargetPlatform' loaded TargetPlatform 'Android_ETC2'
[2019.12.06-23.43.28:890][  0]LogTemp: Display: Module 'AndroidTargetPlatform' loaded TargetPlatform 'Android_PVRTC'
[2019.12.06-23.43.28:890][  0]LogTemp: Display: Module 'AndroidTargetPlatform' loaded TargetPlatform 'AndroidClient'
[2019.12.06-23.43.28:890][  0]LogTemp: Display: Module 'AndroidTargetPlatform' loaded TargetPlatform 'Android_ASTCClient'
[2019.12.06-23.43.28:890][  0]LogTemp: Display: Module 'AndroidTargetPlatform' loaded TargetPlatform 'Android_ATCClient'
[2019.12.06-23.43.28:890][  0]LogTemp: Display: Module 'AndroidTargetPlatform' loaded TargetPlatform 'Android_DXTClient'
[2019.12.06-23.43.28:890][  0]LogTemp: Display: Module 'AndroidTargetPlatform' loaded TargetPlatform 'Android_ETC1Client'
[2019.12.06-23.43.28:890][  0]LogTemp: Display: Module 'AndroidTargetPlatform' loaded TargetPlatform 'Android_ETC1aClient'
[2019.12.06-23.43.28:890][  0]LogTemp: Display: Module 'AndroidTargetPlatform' loaded TargetPlatform 'Android_ETC2Client'
[2019.12.06-23.43.28:890][  0]LogTemp: Display: Module 'AndroidTargetPlatform' loaded TargetPlatform 'Android_PVRTCClient'
[2019.12.06-23.43.28:890][  0]LogTemp: Display: Module 'AndroidTargetPlatform' loaded TargetPlatform 'Android_Multi'
[2019.12.06-23.43.28:891][  0]LogTemp: Display: Module 'AndroidTargetPlatform' loaded TargetPlatform 'Android_MultiClient'
[2019.12.06-23.43.28:922][  0]LogTemp: Display: Module 'HTML5TargetPlatform' loaded TargetPlatform 'HTML5'
[2019.12.06-23.43.29:217][  0]LogTemp: Display: Module 'IOSTargetPlatform' loaded TargetPlatform 'IOSClient'
[2019.12.06-23.43.29:217][  0]LogTemp: Display: Module 'IOSTargetPlatform' loaded TargetPlatform 'IOS'
[2019.12.06-23.43.29:256][  0]LogTemp: Display: Module 'TVOSTargetPlatform' loaded TargetPlatform 'TVOSClient'
[2019.12.06-23.43.29:256][  0]LogTemp: Display: Module 'TVOSTargetPlatform' loaded TargetPlatform 'TVOS'
[2019.12.06-23.43.29:284][  0]LogTemp: Display: Module 'LinuxClientTargetPlatform' loaded TargetPlatform 'LinuxClient'
[2019.12.06-23.43.29:328][  0]LogTemp: Display: Module 'LinuxNoEditorTargetPlatform' loaded TargetPlatform 'LinuxNoEditor'
[2019.12.06-23.43.29:358][  0]LogTemp: Display: Module 'LinuxServerTargetPlatform' loaded TargetPlatform 'LinuxServer'
[2019.12.06-23.43.29:399][  0]LogTemp: Display: Module 'LinuxTargetPlatform' loaded TargetPlatform 'Linux'
[2019.12.06-23.43.29:464][  0]LogTemp: Display: Module 'LuminTargetPlatform' loaded TargetPlatform 'Lumin'
[2019.12.06-23.43.29:464][  0]LogTemp: Display: Module 'LuminTargetPlatform' loaded TargetPlatform 'LuminClient'
[2019.12.06-23.43.29:464][  0]LogTargetPlatformManager: Display: Building Assets For Windows
[2019.12.06-23.43.29:989][  0]LogAudioDebug: Display: Lib vorbis DLL was dynamically loaded.
[2019.12.06-23.43.32:037][  0]LogShaderCompilers: Guid format shader working directory is -50 characters bigger than the processId version (../../../../../GIT/TheosProductions/A stupid fucking game/Project_Plague_GIT/Project_Plague_UE4/Intermediate/Shaders/WorkingDirectory/4452/).
[2019.12.06-23.43.32:037][  0]LogShaderCompilers: Cleaned the shader compiler working directory 'C:/Users/John/AppData/Local/Temp/UnrealShaderWorkingDir/D3730C3F4EB260E4035F489DF806B551/'.
[2019.12.06-23.43.32:040][  0]LogXGEController: Cleaning working directory: C:/Users/John/AppData/Local/Temp/UnrealXGEWorkingDir/
[2019.12.06-23.43.32:040][  0]LogXGEController: Cannot use XGE Controller as Incredibuild is not installed on this machine.
[2019.12.06-23.43.32:040][  0]LogShaderCompilers: Cannot use XGE Shader Compiler as Incredibuild is not installed on this machine.
[2019.12.06-23.43.32:040][  0]LogShaderCompilers: Display: Using Local Shader Compiler.
[2019.12.06-23.43.42:581][  0]LogDerivedDataCache: Display: Max Cache Size: 512 MB
[2019.12.06-23.43.43:040][  0]LogDerivedDataCache: Loaded boot cache 0.46s 73MB C:/Users/John/AppData/Local/UnrealEngine/4.23/DerivedDataCache/Boot.ddc.
[2019.12.06-23.43.43:040][  0]LogDerivedDataCache: Display: Loaded Boot cache: C:/Users/John/AppData/Local/UnrealEngine/4.23/DerivedDataCache/Boot.ddc
[2019.12.06-23.43.43:040][  0]LogDerivedDataCache: FDerivedDataBackendGraph:  Pak pak cache file ../../../../../GIT/TheosProductions/A stupid fucking game/Project_Plague_GIT/Project_Plague_UE4/DerivedDataCache/DDC.ddp not found, will not use a pak cache.
[2019.12.06-23.43.43:040][  0]LogDerivedDataCache: Unable to find inner node Pak for hierarchical cache Hierarchy.
[2019.12.06-23.43.43:040][  0]LogDerivedDataCache: FDerivedDataBackendGraph:  CompressedPak pak cache file ../../../../../GIT/TheosProductions/A stupid fucking game/Project_Plague_GIT/Project_Plague_UE4/DerivedDataCache/Compressed.ddp not found, will not use a pak cache.
[2019.12.06-23.43.43:040][  0]LogDerivedDataCache: Unable to find inner node CompressedPak for hierarchical cache Hierarchy.
[2019.12.06-23.43.43:175][  0]LogDerivedDataCache: Display: Pak cache opened for reading ../../../Engine/DerivedDataCache/Compressed.ddp.
[2019.12.06-23.43.43:176][  0]LogDerivedDataCache: FDerivedDataBackendGraph:  EnterprisePak pak cache file ../../../Enterprise/DerivedDataCache/Compressed.ddp not found, will not use a pak cache.
[2019.12.06-23.43.43:176][  0]LogDerivedDataCache: Unable to find inner node EnterprisePak for hierarchical cache Hierarchy.
[2019.12.06-23.43.43:178][  0]LogDerivedDataCache: Using Local data cache path C:/Users/John/AppData/Local/UnrealEngine/Common/DerivedDataCache: Writable
[2019.12.06-23.43.43:178][  0]LogDerivedDataCache: Shared data cache path not found in *engine.ini, will not use an Shared cache.
[2019.12.06-23.43.43:178][  0]LogDerivedDataCache: Unable to find inner node Shared for hierarchical cache Hierarchy.
[2019.12.06-23.43.43:272][  0]LogMaterial: Verifying Global Shaders for PCD3D_SM5
[2019.12.06-23.43.43:392][  0]LogSlate: Using FreeType 2.6.0
[2019.12.06-23.43.43:509][  0]LogSlate: SlateFontServices - WITH_FREETYPE: 1, WITH_HARFBUZZ: 1
[2019.12.06-23.43.44:770][  0]LogAssetRegistry: FAssetRegistry took 0.0048 seconds to start up
[2019.12.06-23.43.52:108][  0]LogInit: Selected Device Profile: [Windows]
[2019.12.06-23.43.55:554][  0]LogMeshReduction: Using QuadricMeshReduction for automatic static mesh reduction
[2019.12.06-23.43.55:554][  0]LogMeshReduction: Using SimplygonMeshReduction for automatic skeletal mesh reduction
[2019.12.06-23.43.55:554][  0]LogMeshReduction: Using ProxyLODMeshReduction for automatic mesh merging
[2019.12.06-23.43.55:554][  0]LogMeshReduction: No distributed automatic mesh merging module available
[2019.12.06-23.43.55:577][  0]LogMeshMerging: No distributed automatic mesh merging module available
[2019.12.06-23.43.56:275][  0]LogNetVersion: Project_Plague_UE4 1.0.0, NetCL: 8386587, EngineNetVer: 11, GameNetVer: 0 (Checksum: 1726986232)
[2019.12.06-23.44.03:401][  0]LogPackageLocalizationCache: Processed 14 localized package path(s) for 1 prioritized culture(s) in 0.106662 seconds
[2019.12.06-23.44.03:410][  0]LogUObjectArray: 43444 objects as part of root set at end of initial load.
[2019.12.06-23.44.03:410][  0]LogUObjectAllocator: 7548648 out of 0 bytes used by permanent object pool.
[2019.12.06-23.44.03:410][  0]LogUObjectArray: CloseDisregardForGC: 0/0 objects in disregard for GC pool
[2019.12.06-23.44.36:035][  0]LogTcpMessaging: Initializing TcpMessaging bridge
[2019.12.06-23.44.36:175][  0]LogUdpMessaging: Initializing bridge on interface 0.0.0.0:0 to multicast group 230.0.0.1:6666.
[2019.12.06-23.44.40:820][  0]SourceControl: Source control is disabled
[2019.12.06-23.44.40:842][  0]LogWindows: Warning: CreateProc failed: The system cannot find the file specified. (0x00000002)
[2019.12.06-23.44.40:842][  0]LogWindows: Warning: URL: C:/Program Files/Git/bin/git.exe version
[2019.12.06-23.44.40:843][  0]LogWindows: Warning: CreateProc failed: The system cannot find the file specified. (0x00000002)
[2019.12.06-23.44.40:843][  0]LogWindows: Warning: URL: C:/Program Files (x86)/Git/bin/git.exe version
[2019.12.06-23.44.40:843][  0]LogWindows: Warning: CreateProc failed: The system cannot find the file specified. (0x00000002)
[2019.12.06-23.44.40:843][  0]LogWindows: Warning: URL: C:\Users\John\AppData\Local/Programs/Git/cmd/git.exe version
[2019.12.06-23.44.40:843][  0]LogWindows: Warning: CreateProc failed: The system cannot find the file specified. (0x00000002)
[2019.12.06-23.44.40:843][  0]LogWindows: Warning: URL: C:/Program Files (x86)/SmartGit/git/bin/git.exe version
[2019.12.06-23.44.40:843][  0]LogWindows: Warning: CreateProc failed: The system cannot find the file specified. (0x00000002)
[2019.12.06-23.44.40:843][  0]LogWindows: Warning: URL: C:/Program Files (x86)/SmartGit/bin/git.exe version
[2019.12.06-23.44.40:844][  0]LogWindows: Warning: CreateProc failed: The system cannot find the file specified. (0x00000002)
[2019.12.06-23.44.40:844][  0]LogWindows: Warning: URL: C:\Users\John\AppData\Local/Atlassian/SourceTree/git_local/bin/git.exe version
[2019.12.06-23.44.40:844][  0]LogWindows: Warning: CreateProc failed: The system cannot find the file specified. (0x00000002)
[2019.12.06-23.44.40:844][  0]LogWindows: Warning: URL: C:/Program Files (x86)/fournova/Tower/vendor/Git/bin/git.exe version
[2019.12.06-23.44.41:398][  0]LogWindows: Warning: CreateProc failed: The system cannot find the file specified. (0x00000002)
[2019.12.06-23.44.41:399][  0]LogWindows: Warning: URL: C:/Program Files/Git/bin/git.exe version
[2019.12.06-23.44.41:399][  0]LogWindows: Warning: CreateProc failed: The system cannot find the file specified. (0x00000002)
[2019.12.06-23.44.41:399][  0]LogWindows: Warning: URL: C:/Program Files (x86)/Git/bin/git.exe version
[2019.12.06-23.44.41:399][  0]LogWindows: Warning: CreateProc failed: The system cannot find the file specified. (0x00000002)
[2019.12.06-23.44.41:399][  0]LogWindows: Warning: URL: C:\Users\John\AppData\Local/Programs/Git/cmd/git.exe version
[2019.12.06-23.44.41:399][  0]LogWindows: Warning: CreateProc failed: The system cannot find the file specified. (0x00000002)
[2019.12.06-23.44.41:399][  0]LogWindows: Warning: URL: C:/Program Files (x86)/SmartGit/git/bin/git.exe version
[2019.12.06-23.44.41:400][  0]LogWindows: Warning: CreateProc failed: The system cannot find the file specified. (0x00000002)
[2019.12.06-23.44.41:400][  0]LogWindows: Warning: URL: C:/Program Files (x86)/SmartGit/bin/git.exe version
[2019.12.06-23.44.41:400][  0]LogWindows: Warning: CreateProc failed: The system cannot find the file specified. (0x00000002)
[2019.12.06-23.44.41:400][  0]LogWindows: Warning: URL: C:\Users\John\AppData\Local/Atlassian/SourceTree/git_local/bin/git.exe version
[2019.12.06-23.44.41:400][  0]LogWindows: Warning: CreateProc failed: The system cannot find the file specified. (0x00000002)
[2019.12.06-23.44.41:400][  0]LogWindows: Warning: URL: C:/Program Files (x86)/fournova/Tower/vendor/Git/bin/git.exe version
[2019.12.06-23.44.41:589][  0]LogWindows: Warning: CreateProc failed: The system cannot find the file specified. (0x00000002)
[2019.12.06-23.44.41:589][  0]LogWindows: Warning: URL: C:/Program Files/Git/bin/git.exe version
[2019.12.06-23.44.41:589][  0]LogWindows: Warning: CreateProc failed: The system cannot find the file specified. (0x00000002)
[2019.12.06-23.44.41:589][  0]LogWindows: Warning: URL: C:/Program Files (x86)/Git/bin/git.exe version
[2019.12.06-23.44.41:589][  0]LogWindows: Warning: CreateProc failed: The system cannot find the file specified. (0x00000002)
[2019.12.06-23.44.41:589][  0]LogWindows: Warning: URL: C:\Users\John\AppData\Local/Programs/Git/cmd/git.exe version
[2019.12.06-23.44.41:589][  0]LogWindows: Warning: CreateProc failed: The system cannot find the file specified. (0x00000002)
[2019.12.06-23.44.41:589][  0]LogWindows: Warning: URL: C:/Program Files (x86)/SmartGit/git/bin/git.exe version
[2019.12.06-23.44.41:590][  0]LogWindows: Warning: CreateProc failed: The system cannot find the file specified. (0x00000002)
[2019.12.06-23.44.41:590][  0]LogWindows: Warning: URL: C:/Program Files (x86)/SmartGit/bin/git.exe version
[2019.12.06-23.44.41:590][  0]LogWindows: Warning: CreateProc failed: The system cannot find the file specified. (0x00000002)
[2019.12.06-23.44.41:590][  0]LogWindows: Warning: URL: C:\Users\John\AppData\Local/Atlassian/SourceTree/git_local/bin/git.exe version
[2019.12.06-23.44.41:590][  0]LogWindows: Warning: CreateProc failed: The system cannot find the file specified. (0x00000002)
[2019.12.06-23.44.41:590][  0]LogWindows: Warning: URL: C:/Program Files (x86)/fournova/Tower/vendor/Git/bin/git.exe version
[2019.12.06-23.44.48:050][  0]LogAndroidPermission: UAndroidPermissionCallbackProxy::GetInstance
[2019.12.06-23.44.50:510][  0]LogOcInput: OculusInput pre-init called
[2019.12.06-23.44.50:864][  0]LogWindows: Failed to load 'OVRPlugin.dll' (GetLastError=126)
[2019.12.06-23.44.50:864][  0]LogWindows: File 'OVRPlugin.dll' does not exist
[2019.12.06-23.44.52:067][  0]LogPython: Python Scripts search path: ../../../../../GIT/TheosProductions/A stupid fucking game/Project_Plague_GIT/Project_Plague_UE4/Content/Scripts
[2019.12.06-23.44.52:067][  0]LogPython: Python Scripts search path: ../../../Engine/Plugins/UnrealEnginePython
[2019.12.06-23.44.52:067][  0]LogPython: Python VM initialized: 3.6.2 (v3.6.2:5fd33b5, Jul  8 2017, 04:57:36) [MSC v.1900 64 bit (AMD64)]
[2019.12.06-23.44.58:453][  0]LogPython: ####################----------Python Integration for Megascans Initialized----------####################
[2019.12.06-23.44.58:453][  0]LogPython: 

[2019.12.06-23.44.58:453][  0]LogPython: D:\EpicGames\UE_4.23\Engine\Plugins\UnrealEnginePython\
[2019.12.06-23.44.58:453][  0]LogPython: 

[2019.12.06-23.45.02:754][  0]LogPython: Megascans Integration - LiveLink Initialized...
[2019.12.06-23.45.02:754][  0]LogPython: 

[2019.12.06-23.45.02:845][  0]LogPython: ue_site Python module successfully imported
[2019.12.06-23.45.05:618][  0]LogEngine: Initializing Engine...
[2019.12.06-23.45.05:713][  0]LogHMD: Failed to initialize OpenVR with code 108
[2019.12.06-23.45.05:765][  0]LogStats: UGameplayTagsManager::InitializeManager -  0.022 s
[2019.12.06-23.45.06:135][  0]LogInit: Initializing FReadOnlyCVARCache
[2019.12.06-23.45.07:073][  0]LogAIModule: Creating AISystem for world Untitled
[2019.12.06-23.45.07:633][  0]LogInit: XAudio2 using 'Speakers (7- Audioengine D1)' : 2 channels at 48 kHz using 24 bits per sample (channel mask 0x3)
[2019.12.06-23.45.07:671][  0]LogInit: FAudioDevice initialized.
[2019.12.06-23.45.07:672][  0]LogNetVersion: Set ProjectVersion to 1.0.0.0. Version Checksum will be recalculated on next use.
[2019.12.06-23.45.07:838][  0]LogDerivedDataCache: Saved boot cache 0.17s 73MB C:/Users/John/AppData/Local/UnrealEngine/4.23/DerivedDataCache/Boot.ddc.
[2019.12.06-23.45.07:846][  0]LogInit: Texture streaming: Enabled
[2019.12.06-23.45.08:404][  0]LogEngineSessionManager: EngineSessionManager initialized
[2019.12.06-23.45.08:404][  0]LogEditorSessionSummary: Verbose: Initializing EditorSessionSummaryWriter for editor session tracking
[2019.12.06-23.45.08:413][  0]LogEditorSessionSummary: EditorSessionSummaryWriter initialized
[2019.12.06-23.45.09:177][  0]LogInit: Transaction tracking system initialized
[2019.12.06-23.45.11:330][  0]BlueprintLog: New page: Editor Load
[2019.12.06-23.45.16:143][  0]LocalizationService: Localization service is disabled
[2019.12.06-23.45.24:266][  0]LogFileCache: Scanning file cache for directory 'D:/GIT/TheosProductions/A stupid fucking game/Project_Plague_GIT/Project_Plague_UE4/Content/' took 0.01s
[2019.12.06-23.45.24:266][  0]LogCook: Display: Max memory allowance for cook 16384mb min free memory 0mb
[2019.12.06-23.45.24:266][  0]LogCook: Display: Mobile HDR setting 1
[2019.12.06-23.45.30:080][  0]LogWindows: Warning: CreateProc failed: The system cannot find the file specified. (0x00000002)
[2019.12.06-23.45.30:080][  0]LogWindows: Warning: URL: C:/Program Files/Git/bin/git.exe version
[2019.12.06-23.45.30:080][  0]LogWindows: Warning: CreateProc failed: The system cannot find the file specified. (0x00000002)
[2019.12.06-23.45.30:080][  0]LogWindows: Warning: URL: C:/Program Files (x86)/Git/bin/git.exe version
[2019.12.06-23.45.30:081][  0]LogWindows: Warning: CreateProc failed: The system cannot find the file specified. (0x00000002)
[2019.12.06-23.45.30:081][  0]LogWindows: Warning: URL: C:\Users\John\AppData\Local/Programs/Git/cmd/git.exe version
[2019.12.06-23.45.30:081][  0]LogWindows: Warning: CreateProc failed: The system cannot find the file specified. (0x00000002)
[2019.12.06-23.45.30:081][  0]LogWindows: Warning: URL: C:/Program Files (x86)/SmartGit/git/bin/git.exe version
[2019.12.06-23.45.30:081][  0]LogWindows: Warning: CreateProc failed: The system cannot find the file specified. (0x00000002)
[2019.12.06-23.45.30:081][  0]LogWindows: Warning: URL: C:/Program Files (x86)/SmartGit/bin/git.exe version
[2019.12.06-23.45.30:082][  0]LogWindows: Warning: CreateProc failed: The system cannot find the file specified. (0x00000002)
[2019.12.06-23.45.30:082][  0]LogWindows: Warning: URL: C:\Users\John\AppData\Local/Atlassian/SourceTree/git_local/bin/git.exe version
[2019.12.06-23.45.30:082][  0]LogWindows: Warning: CreateProc failed: The system cannot find the file specified. (0x00000002)
[2019.12.06-23.45.30:082][  0]LogWindows: Warning: URL: C:/Program Files (x86)/fournova/Tower/vendor/Git/bin/git.exe version
[2019.12.06-23.45.30:129][  0]LightingResults: New page: Lighting Build
[2019.12.06-23.45.30:197][  0]LogWorld: UWorld::CleanupWorld for Untitled, bSessionEnded=true, bCleanupResources=true
[2019.12.06-23.45.30:395][  0]MapCheck: New page: Map Check
[2019.12.06-23.45.30:395][  0]LightingResults: New page: Lighting Build
[2019.12.06-23.45.30:731][  0]LogUObjectHash: Compacting FUObjectHashTables data took   1.74ms
[2019.12.06-23.45.33:481][  0]LogAIModule: Creating AISystem for world FirstPersonExampleMap
[2019.12.06-23.45.34:425][  0]LogEditorServer: Finished looking for orphan Actors (0.000 secs)
[2019.12.06-23.45.34:570][  0]LogUObjectHash: Compacting FUObjectHashTables data took   2.44ms
[2019.12.06-23.45.34:570][  0]Cmd: MAP CHECKDEP NOCLEARLOG
[2019.12.06-23.45.34:571][  0]MapCheck: Map check complete: 0 Error(s), 0 Warning(s), took 0.148ms to complete.
[2019.12.06-23.45.34:571][  0]LogFileHelpers: Loading map 'FirstPersonExampleMap' took 4.471
[2019.12.06-23.45.36:193][  0]LogSlate: Updating window title bar state: overlay mode, drag disabled, window buttons hidden, title bar hidden
[2019.12.06-23.45.36:201][  0]LogSlate: Updating window title bar state: overlay mode, drag disabled, window buttons hidden, title bar hidden
[2019.12.06-23.45.36:208][  0]LogSlate: Updating window title bar state: overlay mode, drag disabled, window buttons hidden, title bar hidden
[2019.12.06-23.45.36:215][  0]LogSlate: Updating window title bar state: overlay mode, drag disabled, window buttons hidden, title bar hidden
[2019.12.06-23.45.36:350][  0]LogCollectionManager: Loaded 0 collections in 0.001180 seconds
[2019.12.06-23.45.36:433][  0]LogFileCache: Scanning file cache for directory 'D:/GIT/TheosProductions/A stupid fucking game/Project_Plague_GIT/Project_Plague_UE4/Saved/Collections/' took 0.00s
[2019.12.06-23.45.36:433][  0]LogFileCache: Scanning file cache for directory 'D:/GIT/TheosProductions/A stupid fucking game/Project_Plague_GIT/Project_Plague_UE4/Content/Developers/John/Collections/' took 0.00s
[2019.12.06-23.45.36:433][  0]LogFileCache: Scanning file cache for directory 'D:/GIT/TheosProductions/A stupid fucking game/Project_Plague_GIT/Project_Plague_UE4/Content/Collections/' took 0.00s
[2019.12.06-23.45.36:433][  0]LogCollectionManager: Rebuilt the GUID cache for 0 collections in 0.000002 seconds
[2019.12.06-23.45.36:443][  0]LogContentBrowser: Native class hierarchy populated in 0.0098 seconds. Added 2892 classes and 704 folders.
[2019.12.06-23.45.36:540][  0]LogContentBrowser: Native class hierarchy updated for 'WidgetCarousel' in 0.0008 seconds. Added 0 classes and 0 folders.
[2019.12.06-23.45.38:314][  0]LogContentBrowser: Native class hierarchy updated for 'AddContentDialog' in 0.0008 seconds. Added 0 classes and 0 folders.
[2019.12.06-23.45.38:360][  0]LogContentBrowser: Native class hierarchy updated for 'SceneOutliner' in 0.0009 seconds. Added 1 classes and 2 folders.
[2019.12.06-23.45.38:872][  0]LogSlate: Took 0.041090 seconds to synchronously load lazily loaded font '../../../Engine/Content/Slate/Fonts/Roboto-Regular.ttf' (155K)
[2019.12.06-23.45.38:932][  0]LogSlate: Took 0.049174 seconds to synchronously load lazily loaded font '../../../Engine/Content/Slate/Fonts/Roboto-Bold.ttf' (160K)
[2019.12.06-23.45.38:981][  0]LogSlate: Took 0.022658 seconds to synchronously load lazily loaded font '../../../Engine/Content/Editor/Slate/Fonts/FontAwesome.ttf' (139K)
[2019.12.06-23.45.39:431][  0]LogRenderer: Reallocating scene render targets to support 1616x636 Format 10 NumSamples 1 (Frame:1).
[2019.12.06-23.45.39:935][  0]LogContentBrowser: Native class hierarchy updated for 'HierarchicalLODOutliner' in 0.0009 seconds. Added 0 classes and 0 folders.
[2019.12.06-23.45.39:935][  0]LogLoad: (Engine Initialization) Total time: 182.51 seconds
[2019.12.06-23.45.39:935][  0]LogLoad: (Engine Initialization) Total Blueprint compile time: 0.00 seconds
[2019.12.06-23.45.40:152][  0]LogContentStreaming: Texture pool size now 1000 MB
[2019.12.06-23.45.40:345][  0]LogSlate: Took 0.067658 seconds to synchronously load lazily loaded font '../../../Engine/Content/Slate/Fonts/Roboto-Light.ttf' (167K)
[2019.12.06-23.45.40:477][  1]LogAssetRegistry: Asset discovery search completed in 115.7070 seconds
[2019.12.06-23.45.40:480][  1]LogCollectionManager: Rebuilt the object cache for 0 collections in 0.000010 seconds (found 0 objects)
[2019.12.06-23.45.40:480][  1]LogCollectionManager: Fixed up redirectors for 0 collections in 0.000058 seconds (updated 0 objects)
[2019.12.06-23.45.41:124][  4]LogPython: tcp server spawned on 127.0.0.1:13428
[2019.12.06-23.45.41:460][  4]LogSlate: Took 0.000138 seconds to synchronously load lazily loaded font '../../../Engine/Content/Slate/Fonts/Roboto-Light.ttf' (167K)
[2019.12.06-23.45.48:557][599]LogSlate: FSceneViewport::OnFocusLost() reason 0
[2019.12.06-23.45.48:690][611]LogAssetEditorManager: Opening Asset editor for Blueprint /Game/InventorySystem/1911.1911
[2019.12.06-23.45.49:105][611]LogClass: Warning: Enum '/Game/Zombie_01/Demo_Controller/Enumerations/EMoveStates.EMoveStates' was upgraded to use FText to store its display name data. Please re-save this asset to avoid issues with localization and determinstic cooking.
[2019.12.06-23.45.49:184][611]LogContentBrowser: Native class hierarchy updated for 'BlueprintGraph' in 0.0011 seconds. Added 121 classes and 0 folders.
[2019.12.06-23.45.50:918][611]LogAssetEditorManager: Opening Asset editor for Blueprint /Game/FirstPersonBP/Blueprints/FirstPersonCharacter.FirstPersonCharacter
[2019.12.06-23.45.51:312][611]LogAssetEditorManager: Opening Asset editor for WidgetBlueprint /Game/InventorySystem/InventoryUI/InventorySlot.InventorySlot
[2019.12.06-23.45.52:558][611]LogSlate: Took 0.059756 seconds to synchronously load lazily loaded font '../../../Engine/Content/Slate/Fonts/Roboto-BoldCondensed.ttf' (158K)
[2019.12.06-23.45.58:212][133]LogSlate: Took 0.043553 seconds to synchronously load lazily loaded font '../../../Engine/Content/Slate/Fonts/Roboto-Italic.ttf' (157K)
[2019.12.06-23.46.20:564][413]LogTemp: Repeating last play command: Selected Viewport
[2019.12.06-23.46.20:628][413]LogBlueprintUserMessages: Early PlayInEditor Detection: Level '/Game/FirstPersonBP/Maps/FirstPersonExampleMap.FirstPersonExampleMap:PersistentLevel' has LevelScriptBlueprint '/Game/FirstPersonBP/Maps/FirstPersonExampleMap.FirstPersonExampleMap:PersistentLevel.FirstPersonExampleMap' with GeneratedClass '/Game/FirstPersonBP/Maps/FirstPersonExampleMap.FirstPersonExampleMap_C' with ClassGeneratedBy '/Game/FirstPersonBP/Maps/FirstPersonExampleMap.FirstPersonExampleMap:PersistentLevel.FirstPersonExampleMap'
[2019.12.06-23.46.20:633][413]LogPlayLevel: PlayLevel: No blueprints needed recompiling
[2019.12.06-23.46.20:657][413]PIE: New page: PIE session: FirstPersonExampleMap (Dec 6, 2019, 11:46:20 AM)
[2019.12.06-23.46.20:682][413]LogOnline: OSS: Creating online subsystem instance for: NULL
[2019.12.06-23.46.20:702][413]LogPlayLevel: Creating play world package: /Game/FirstPersonBP/Maps/UEDPIE_0_FirstPersonExampleMap
[2019.12.06-23.46.20:767][413]LogPlayLevel: PIE: StaticDuplicateObject took: (0.064827s)
[2019.12.06-23.46.20:769][413]LogAIModule: Creating AISystem for world FirstPersonExampleMap
[2019.12.06-23.46.20:769][413]LogPlayLevel: PIE: World Init took: (0.001750s)
[2019.12.06-23.46.20:769][413]LogPlayLevel: PIE: Created PIE world by copying editor world from /Game/FirstPersonBP/Maps/FirstPersonExampleMap.FirstPersonExampleMap to /Game/FirstPersonBP/Maps/UEDPIE_0_FirstPersonExampleMap.FirstPersonExampleMap (0.066877s)
[2019.12.06-23.46.20:880][413]LogUObjectHash: Compacting FUObjectHashTables data took   5.28ms
[2019.12.06-23.46.21:053][413]LogInit: XAudio2 using 'Speakers (7- Audioengine D1)' : 2 channels at 48 kHz using 24 bits per sample (channel mask 0x3)
[2019.12.06-23.46.21:102][413]LogInit: FAudioDevice initialized.
[2019.12.06-23.46.21:115][413]LogLoad: Game class is 'FirstPersonGameMode_C'
[2019.12.06-23.46.21:118][413]LogWorld: Bringing World /Game/FirstPersonBP/Maps/UEDPIE_0_FirstPersonExampleMap.FirstPersonExampleMap up for play (max tick rate 0) at 2019.12.06-17.46.21
[2019.12.06-23.46.21:156][413]LogWorld: Bringing up level for play took: 0.040885
[2019.12.06-23.46.21:156][413]LogOnline: OSS: Creating online subsystem instance for: :Context_5
[2019.12.06-23.46.21:289][413]LogContentBrowser: Native class hierarchy updated for 'MovieSceneCapture' in 0.0010 seconds. Added 20 classes and 0 folders.
[2019.12.06-23.46.21:323][413]LogSlate: Updating window title bar state: overlay mode, drag disabled, window buttons hidden, title bar hidden
[2019.12.06-23.46.21:333][413]PIE: Play in editor start time for /Game/FirstPersonBP/Maps/UEDPIE_0_FirstPersonExampleMap 1.042
[2019.12.06-23.46.21:334][413]LogBlueprintUserMessages: Late PlayInEditor Detection: Level '/Game/FirstPersonBP/Maps/FirstPersonExampleMap.FirstPersonExampleMap:PersistentLevel' has LevelScriptBlueprint '/Game/FirstPersonBP/Maps/FirstPersonExampleMap.FirstPersonExampleMap:PersistentLevel.FirstPersonExampleMap' with GeneratedClass '/Game/FirstPersonBP/Maps/FirstPersonExampleMap.FirstPersonExampleMap_C' with ClassGeneratedBy '/Game/FirstPersonBP/Maps/FirstPersonExampleMap.FirstPersonExampleMap:PersistentLevel.FirstPersonExampleMap'
[2019.12.06-23.46.27:236][ 28]LogSlate: FSceneViewport::OnFocusLost() reason 2
[2019.12.06-23.46.28:160][128]LogPhysics: Warning: Initialising Body : Scale3D is (nearly) zero: Component: '/Game/FirstPersonBP/Maps/UEDPIE_0_FirstPersonExampleMap.FirstPersonExampleMap:PersistentLevel.1911_C_0.Sphere' 
[2019.12.06-23.46.28:160][128]LogPhysics: Warning: Initialising Body : Scale3D is (nearly) zero: Component: '/Game/FirstPersonBP/Maps/UEDPIE_0_FirstPersonExampleMap.FirstPersonExampleMap:PersistentLevel.1911_C_0.StaticMesh' 
[2019.12.06-23.46.28:160][128]LogPhysics: Warning: Initialising Body : Scale3D is (nearly) zero: Component: '/Game/FirstPersonBP/Maps/UEDPIE_0_FirstPersonExampleMap.FirstPersonExampleMap:PersistentLevel.1911_C_0.Trigger' 
[2019.12.06-23.46.28:160][128]LogPhysics: Warning: Initialising Body : Scale3D is (nearly) zero: Component: '/Game/FirstPersonBP/Maps/UEDPIE_0_FirstPersonExampleMap.FirstPersonExampleMap:PersistentLevel.1911_C_0.Hammer' 
[2019.12.06-23.46.28:160][128]LogPhysics: Warning: Initialising Body : Scale3D is (nearly) zero: Component: '/Game/FirstPersonBP/Maps/UEDPIE_0_FirstPersonExampleMap.FirstPersonExampleMap:PersistentLevel.1911_C_0.Slider' 
[2019.12.06-23.46.28:160][128]LogPhysics: Warning: Initialising Body : Scale3D is (nearly) zero: Component: '/Game/FirstPersonBP/Maps/UEDPIE_0_FirstPersonExampleMap.FirstPersonExampleMap:PersistentLevel.1911_C_0.Barrel' 
[2019.12.06-23.46.28:161][128]LogPhysics: Warning: Initialising Body : Scale3D is (nearly) zero: Component: '/Game/FirstPersonBP/Maps/UEDPIE_0_FirstPersonExampleMap.FirstPersonExampleMap:PersistentLevel.1911_C_0.AmmoClip' 
[2019.12.06-23.46.31:495][516]LogBlueprintUserMessages: Early EndPlayMap Detection: Level '/Game/FirstPersonBP/Maps/FirstPersonExampleMap.FirstPersonExampleMap:PersistentLevel' has LevelScriptBlueprint '/Game/FirstPersonBP/Maps/FirstPersonExampleMap.FirstPersonExampleMap:PersistentLevel.FirstPersonExampleMap' with GeneratedClass '/Game/FirstPersonBP/Maps/FirstPersonExampleMap.FirstPersonExampleMap_C' with ClassGeneratedBy '/Game/FirstPersonBP/Maps/FirstPersonExampleMap.FirstPersonExampleMap:PersistentLevel.FirstPersonExampleMap'
[2019.12.06-23.46.31:507][516]LogSlate: Updating window title bar state: overlay mode, drag disabled, window buttons hidden, title bar hidden
[2019.12.06-23.46.31:507][516]LogWorld: BeginTearingDown for /Game/FirstPersonBP/Maps/UEDPIE_0_FirstPersonExampleMap
[2019.12.06-23.46.31:521][516]LogWorld: UWorld::CleanupWorld for FirstPersonExampleMap, bSessionEnded=true, bCleanupResources=true
[2019.12.06-23.46.31:612][516]LogPlayLevel: Display: Shutting down PIE online subsystems
[2019.12.06-23.46.31:612][516]LogBlueprintUserMessages: Late EndPlayMap Detection: Level '/Game/FirstPersonBP/Maps/FirstPersonExampleMap.FirstPersonExampleMap:PersistentLevel' has LevelScriptBlueprint '/Game/FirstPersonBP/Maps/FirstPersonExampleMap.FirstPersonExampleMap:PersistentLevel.FirstPersonExampleMap' with GeneratedClass '/Game/FirstPersonBP/Maps/FirstPersonExampleMap.FirstPersonExampleMap_C' with ClassGeneratedBy '/Game/FirstPersonBP/Maps/FirstPersonExampleMap.FirstPersonExampleMap:PersistentLevel.FirstPersonExampleMap'
[2019.12.06-23.46.31:751][516]LogSlate: Updating window title bar state: overlay mode, drag disabled, window buttons hidden, title bar hidden
[2019.12.06-23.46.31:803][516]LogUObjectHash: Compacting FUObjectHashTables data took   5.10ms
[2019.12.06-23.46.31:826][517]LogPlayLevel: Display: Destroying online subsystem :Context_5
[2019.12.06-23.46.34:587][827]LogSlate: FSceneViewport::OnFocusLost() reason 2
[2019.12.06-23.46.35:768][960]LogSlate: FSceneViewport::OnFocusLost() reason 5
[2019.12.06-23.46.41:441][224]LogEditorSessionSummary: EditorSessionSummary sent report. Type=Shutdown, SessionId={AAE52E57-402E-FB07-222A-6BA92FAD781A}
[2019.12.06-23.46.41:441][224]LogEditorSessionSummary: EditorSessionSummary sent report. Type=Shutdown, SessionId={A9F1605A-429C-EF25-50A2-CCA68922AF46}
[2019.12.06-23.46.43:369][449]LogSlate: Window 'Source Control Login' being destroyed
[2019.12.06-23.50.57:253][641]LogSlate: FSceneViewport::OnFocusLost() reason 0
[2019.12.06-23.51.20:618][426]LogEditorFactories: Performing atomic reimport of [D:/TheosProductions Blender/FBX/House_1Story_2Bed.fbx]
[2019.12.06-23.51.20:664][426]LogFbx: Loading FBX Scene from D:/TheosProductions Blender/FBX/House_1Story_2Bed.fbx
[2019.12.06-23.51.20:721][426]LogFbx: FBX Scene Loaded Succesfully
[2019.12.06-23.51.20:825][426]LogFbx: Display: Triangulating static mesh Cube
[2019.12.06-23.51.20:830][426]LogFbx: Display: Triangulating static mesh House_Small
[2019.12.06-23.51.20:834][426]LogFbx: Display: Triangulating static mesh Cube.003
[2019.12.06-23.51.20:838][426]LogFbx: Display: Triangulating static mesh Cube.005
[2019.12.06-23.51.20:838][426]LogFbx: Display: Triangulating static mesh Road_1
[2019.12.06-23.51.20:840][426]LogFbx: Display: Triangulating static mesh House_Small.001
[2019.12.06-23.51.20:845][426]LogFbx: Display: Triangulating static mesh 2nd_FLoor
[2019.12.06-23.51.20:846][426]LogFbx: Display: Triangulating static mesh 2nd_FLoor.001
[2019.12.06-23.51.20:853][426]LogFbx: Display: Triangulating static mesh Cube.001
[2019.12.06-23.51.20:863][426]LogFbx: Display: Triangulating static mesh Cube.002
[2019.12.06-23.51.20:864][426]LogFbx: Display: Triangulating static mesh Cube.004
[2019.12.06-23.51.20:867][426]LogFbx: Display: Triangulating static mesh Cube.007
[2019.12.06-23.51.20:868][426]LogFbx: Display: Triangulating static mesh Cube.006
[2019.12.06-23.51.20:880][426]LogFbx: Display: Triangulating static mesh Door_1
[2019.12.06-23.51.20:881][426]LogFbx: Display: Triangulating static mesh Roof_L
[2019.12.06-23.51.20:882][426]LogFbx: Display: Triangulating static mesh Roof_R
[2019.12.06-23.51.20:882][426]LogFbx: Display: Triangulating static mesh Cube.008
[2019.12.06-23.51.20:883][426]LogFbx: Display: Triangulating static mesh Door_1.001
[2019.12.06-23.51.20:884][426]LogFbx: Display: Triangulating static mesh Cube.011
[2019.12.06-23.51.20:915][426]LogStaticMesh: Building static mesh House_1Story_2Bed...
[2019.12.06-23.51.21:012][426]LogStaticMesh: Built static mesh [0.10s] /Game/3D_Models/Buildings/Houses/House_1Story_2Bed.House_1Story_2Bed
[2019.12.06-23.51.21:106][426]LogStaticMesh: Warning: House_1Story_2Bed has degenerate tangent bases which will result in incorrect shading.  MikkTSpace relies on tangent bases and may result in mesh corruption, consider disabling this option.
[2019.12.06-23.51.21:106][426]LogStaticMesh: Warning: House_1Story_2Bed has some nearly zero bi-normals which can create some issues. (Tolerance of 1E-4)
[2019.12.06-23.51.21:122][426]LogEditorFactories: -- imported successfully
[2019.12.06-23.51.21:131][426]FBXImport: Warning: No smoothing group information was found in this FBX scene.  Please make sure to enable the 'Export Smoothing Groups' option in the FBX Exporter plug-in before exporting the file.  Even for tools that don't support smoothing groups, the FBX Exporter will generate appropriate smoothing data at export-time so that correct vertex normals can be inferred while importing. 
[2019.12.06-23.51.21:131][426]FBXImport: Warning: House_1Story_2Bed has degenerate tangent bases which will result in incorrect shading.  MikkTSpace relies on tangent bases and may result in mesh corruption, consider disabling this option. 
[2019.12.06-23.51.21:131][426]FBXImport: Warning: House_1Story_2Bed has some nearly zero bi-normals which can create some issues. (Tolerance of 1E-4) 
[2019.12.06-23.51.28:855][208]LogEditorViewport: Clicking on Actor (LMB): StaticMeshActor (House_1Story_2Bed)
[2019.12.06-23.51.38:573][155]Cmd: DELETE
[2019.12.06-23.51.38:573][155]Cmd: ACTOR DELETE
[2019.12.06-23.51.38:725][155]LogEditorActor: Deleted Actor: StaticMeshActor
[2019.12.06-23.51.38:894][155]LogUObjectHash: Compacting FUObjectHashTables data took   5.49ms
[2019.12.06-23.51.38:894][155]LogEditorActor: Deleted 1 Actors (0.185 secs)
[2019.12.06-23.51.40:465][335]Cmd: TRANSACTION UNDO
[2019.12.06-23.51.40:465][335]LogEditorTransaction: Undo Delete Actors
[2019.12.06-23.51.41:056][381]Cmd: TRANSACTION UNDO
[2019.12.06-23.51.41:056][381]LogEditorTransaction: Undo Clicking on Actors
[2019.12.06-23.51.46:349][995]LogSlate: FSceneViewport::OnFocusLost() reason 0
[2019.12.06-23.51.50:467][481]LogUObjectHash: Compacting FUObjectHashTables data took   3.22ms
[2019.12.06-23.51.54:492][481]LogSlate: Window 'Delete Assets' being destroyed
[2019.12.06-23.51.56:253][481]LogUObjectGlobals: Force Deleting 2 Package(s):
	Asset Name: /Game/3D_Models/Buildings/Houses/House_2Story_1.House_2Story_1
	Asset Name: /Game/3D_Models/Buildings/Houses/House_1Story_2Bed.House_1Story_2Bed
[2019.12.06-23.51.56:258][481]LogSlate: FSceneViewport::OnFocusLost() reason 5
[2019.12.06-23.52.00:310][481]LogUObjectHash: Compacting FUObjectHashTables data took   2.90ms
[2019.12.06-23.52.00:354][481]LogUObjectHash: Compacting FUObjectHashTables data took   1.09ms
[2019.12.06-23.52.00:403][481]LogUObjectHash: Compacting FUObjectHashTables data took   2.98ms
[2019.12.06-23.52.00:448][481]LogUObjectHash: Compacting FUObjectHashTables data took   1.08ms
[2019.12.06-23.52.00:776][481]SourceControl: Error: Updated 0 paths from the index
[2019.12.06-23.52.00:927][481]SourceControl: rm 'Project_Plague_UE4/Content/3D_Models/Buildings/Houses/House_1Story_2Bed.uasset'
[2019.12.06-23.52.00:927][481]SourceControl: rm 'Project_Plague_UE4/Content/3D_Models/Buildings/Houses/House_2Story_1.uasset'
[2019.12.06-23.52.17:764][766]SourceControl: Error: fatal: pathspec 'D:/GIT/TheosProductions/A stupid fucking game/Project_Plague_GIT/Project_Plague_UE4/Content/3D_Models/Buildings/Houses/House_1Story_2Bed.uasset' did not match any files
[2019.12.06-23.52.23:068][766]LogSlate: Window 'Message' being destroyed
[2019.12.06-23.52.36:657][952]LogSlate: FSceneViewport::OnFocusLost() reason 5
[2019.12.06-23.52.36:855][952]SourceControl: Error: fatal: pathspec 'D:/GIT/TheosProductions/A stupid fucking game/Project_Plague_GIT/Project_Plague_UE4/Content/3D_Models/Buildings/Houses/House_1Story_2Bed.uasset' did not match any files
[2019.12.06-23.52.39:132][952]LogSlate: Window 'Message' being destroyed
[2019.12.06-23.52.56:950][796]LogSlate: FSceneViewport::OnFocusLost() reason 5
[2019.12.06-23.52.57:020][796]LogFactory: FactoryCreateFile: StaticMesh with FbxFactory (0 0 D:\TheosProductions Blender\FBX\House_1Story_2Bed_V2.fbx)
[2019.12.06-23.52.57:053][796]LogFbx: Loading FBX Scene from D:\TheosProductions Blender\FBX\House_1Story_2Bed_V2.fbx
[2019.12.06-23.52.57:058][796]LogFbx: FBX Scene Loaded Succesfully
[2019.12.06-23.52.59:816][796]LogSlate: Window 'FBX Import Options' being destroyed
[2019.12.06-23.52.59:877][796]LogFbx: Display: Triangulating static mesh Cube.011
[2019.12.06-23.52.59:899][796]LogStaticMesh: Building static mesh House_1Story_2Bed_V2...
[2019.12.06-23.52.59:905][796]LogStaticMesh: Built static mesh [0.01s] /Game/3D_Models/Buildings/Houses/House_1Story_2Bed_V2.House_1Story_2Bed_V2
[2019.12.06-23.52.59:906][796]LogStaticMesh: Warning: House_1Story_2Bed_V2 has degenerate tangent bases which will result in incorrect shading.  MikkTSpace relies on tangent bases and may result in mesh corruption, consider disabling this option.
[2019.12.06-23.52.59:906][796]LogStaticMesh: Warning: House_1Story_2Bed_V2 has some nearly zero bi-normals which can create some issues. (Tolerance of 1E-4)
[2019.12.06-23.52.59:955][796]FBXImport: Warning: No smoothing group information was found in this FBX scene.  Please make sure to enable the 'Export Smoothing Groups' option in the FBX Exporter plug-in before exporting the file.  Even for tools that don't support smoothing groups, the FBX Exporter will generate appropriate smoothing data at export-time so that correct vertex normals can be inferred while importing. 
[2019.12.06-23.52.59:955][796]FBXImport: Warning: House_1Story_2Bed_V2 has degenerate tangent bases which will result in incorrect shading.  MikkTSpace relies on tangent bases and may result in mesh corruption, consider disabling this option. 
[2019.12.06-23.52.59:955][796]FBXImport: Warning: House_1Story_2Bed_V2 has some nearly zero bi-normals which can create some issues. (Tolerance of 1E-4) 
[2019.12.06-23.53.01:440][945]LogActorFactory: Actor Factory created House_1Story_2Bed_V2
[2019.12.06-23.53.02:751][ 88]LogActorFactory: Actor Factory created House_1Story_2Bed_V2
[2019.12.06-23.53.04:225][257]LogSlate: FSceneViewport::OnFocusLost() reason 0
[2019.12.06-23.53.17:093][560]LogSlate: FSceneViewport::OnFocusLost() reason 0
[2019.12.06-23.53.17:192][572]LogTemp: Repeating last play command: Selected Viewport
[2019.12.06-23.53.17:223][572]LogBlueprintUserMessages: Early PlayInEditor Detection: Level '/Game/FirstPersonBP/Maps/FirstPersonExampleMap.FirstPersonExampleMap:PersistentLevel' has LevelScriptBlueprint '/Game/FirstPersonBP/Maps/FirstPersonExampleMap.FirstPersonExampleMap:PersistentLevel.FirstPersonExampleMap' with GeneratedClass '/Game/FirstPersonBP/Maps/FirstPersonExampleMap.FirstPersonExampleMap_C' with ClassGeneratedBy '/Game/FirstPersonBP/Maps/FirstPersonExampleMap.FirstPersonExampleMap:PersistentLevel.FirstPersonExampleMap'
[2019.12.06-23.53.17:223][572]LogPlayLevel: PlayLevel: No blueprints needed recompiling
[2019.12.06-23.53.17:223][572]PIE: New page: PIE session: FirstPersonExampleMap (Dec 6, 2019, 11:53:17 AM)
[2019.12.06-23.53.17:223][572]LogPlayLevel: Creating play world package: /Game/FirstPersonBP/Maps/UEDPIE_0_FirstPersonExampleMap
[2019.12.06-23.53.17:277][572]LogPlayLevel: PIE: StaticDuplicateObject took: (0.054098s)
[2019.12.06-23.53.17:278][572]LogAIModule: Creating AISystem for world FirstPersonExampleMap
[2019.12.06-23.53.17:278][572]LogPlayLevel: PIE: World Init took: (0.001142s)
[2019.12.06-23.53.17:278][572]LogPlayLevel: PIE: Created PIE world by copying editor world from /Game/FirstPersonBP/Maps/FirstPersonExampleMap.FirstPersonExampleMap to /Game/FirstPersonBP/Maps/UEDPIE_0_FirstPersonExampleMap.FirstPersonExampleMap (0.055413s)
[2019.12.06-23.53.17:365][572]LogUObjectHash: Compacting FUObjectHashTables data took   4.93ms
[2019.12.06-23.53.17:480][572]LogInit: XAudio2 using 'Speakers (7- Audioengine D1)' : 2 channels at 48 kHz using 24 bits per sample (channel mask 0x3)
[2019.12.06-23.53.17:517][572]LogInit: FAudioDevice initialized.
[2019.12.06-23.53.17:529][572]LogLoad: Game class is 'FirstPersonGameMode_C'
[2019.12.06-23.53.17:532][572]LogWorld: Bringing World /Game/FirstPersonBP/Maps/UEDPIE_0_FirstPersonExampleMap.FirstPersonExampleMap up for play (max tick rate 0) at 2019.12.06-17.53.17
[2019.12.06-23.53.17:532][572]LogWorld: Bringing up level for play took: 0.002876
[2019.12.06-23.53.17:533][572]LogOnline: OSS: Creating online subsystem instance for: :Context_9
[2019.12.06-23.53.17:535][572]LogSlate: Updating window title bar state: overlay mode, drag disabled, window buttons hidden, title bar hidden
[2019.12.06-23.53.17:536][572]PIE: Play in editor start time for /Game/FirstPersonBP/Maps/UEDPIE_0_FirstPersonExampleMap 1.244
[2019.12.06-23.53.17:536][572]LogBlueprintUserMessages: Late PlayInEditor Detection: Level '/Game/FirstPersonBP/Maps/FirstPersonExampleMap.FirstPersonExampleMap:PersistentLevel' has LevelScriptBlueprint '/Game/FirstPersonBP/Maps/FirstPersonExampleMap.FirstPersonExampleMap:PersistentLevel.FirstPersonExampleMap' with GeneratedClass '/Game/FirstPersonBP/Maps/FirstPersonExampleMap.FirstPersonExampleMap_C' with ClassGeneratedBy '/Game/FirstPersonBP/Maps/FirstPersonExampleMap.FirstPersonExampleMap:PersistentLevel.FirstPersonExampleMap'
[2019.12.06-23.53.20:517][924]LogBlueprintUserMessages: Early EndPlayMap Detection: Level '/Game/FirstPersonBP/Maps/FirstPersonExampleMap.FirstPersonExampleMap:PersistentLevel' has LevelScriptBlueprint '/Game/FirstPersonBP/Maps/FirstPersonExampleMap.FirstPersonExampleMap:PersistentLevel.FirstPersonExampleMap' with GeneratedClass '/Game/FirstPersonBP/Maps/FirstPersonExampleMap.FirstPersonExampleMap_C' with ClassGeneratedBy '/Game/FirstPersonBP/Maps/FirstPersonExampleMap.FirstPersonExampleMap:PersistentLevel.FirstPersonExampleMap'
[2019.12.06-23.53.20:517][924]LogSlate: Updating window title bar state: overlay mode, drag disabled, window buttons hidden, title bar hidden
[2019.12.06-23.53.20:517][924]LogWorld: BeginTearingDown for /Game/FirstPersonBP/Maps/UEDPIE_0_FirstPersonExampleMap
[2019.12.06-23.53.20:518][924]LogWorld: UWorld::CleanupWorld for FirstPersonExampleMap, bSessionEnded=true, bCleanupResources=true
[2019.12.06-23.53.20:534][924]LogPlayLevel: Display: Shutting down PIE online subsystems
[2019.12.06-23.53.20:534][924]LogBlueprintUserMessages: Late EndPlayMap Detection: Level '/Game/FirstPersonBP/Maps/FirstPersonExampleMap.FirstPersonExampleMap:PersistentLevel' has LevelScriptBlueprint '/Game/FirstPersonBP/Maps/FirstPersonExampleMap.FirstPersonExampleMap:PersistentLevel.FirstPersonExampleMap' with GeneratedClass '/Game/FirstPersonBP/Maps/FirstPersonExampleMap.FirstPersonExampleMap_C' with ClassGeneratedBy '/Game/FirstPersonBP/Maps/FirstPersonExampleMap.FirstPersonExampleMap:PersistentLevel.FirstPersonExampleMap'
[2019.12.06-23.53.20:585][924]LogSlate: Updating window title bar state: overlay mode, drag disabled, window buttons hidden, title bar hidden
[2019.12.06-23.53.20:612][924]LogUObjectHash: Compacting FUObjectHashTables data took   4.10ms
[2019.12.06-23.53.20:635][925]LogPlayLevel: Display: Destroying online subsystem :Context_9
[2019.12.06-23.53.23:347][239]LogEditorViewport: Clicking on Actor (LMB): StaticMeshActor (House_1Story_2Bed_V2)
[2019.12.06-23.53.29:306][847]LogSlate: FSceneViewport::OnFocusLost() reason 0
[2019.12.06-23.53.29:405][859]LogTemp: Repeating last play command: Selected Viewport
[2019.12.06-23.53.29:436][859]LogBlueprintUserMessages: Early PlayInEditor Detection: Level '/Game/FirstPersonBP/Maps/FirstPersonExampleMap.FirstPersonExampleMap:PersistentLevel' has LevelScriptBlueprint '/Game/FirstPersonBP/Maps/FirstPersonExampleMap.FirstPersonExampleMap:PersistentLevel.FirstPersonExampleMap' with GeneratedClass '/Game/FirstPersonBP/Maps/FirstPersonExampleMap.FirstPersonExampleMap_C' with ClassGeneratedBy '/Game/FirstPersonBP/Maps/FirstPersonExampleMap.FirstPersonExampleMap:PersistentLevel.FirstPersonExampleMap'
[2019.12.06-23.53.29:436][859]LogPlayLevel: PlayLevel: No blueprints needed recompiling
[2019.12.06-23.53.29:436][859]PIE: New page: PIE session: FirstPersonExampleMap (Dec 6, 2019, 11:53:29 AM)
[2019.12.06-23.53.29:436][859]LogPlayLevel: Creating play world package: /Game/FirstPersonBP/Maps/UEDPIE_0_FirstPersonExampleMap
[2019.12.06-23.53.29:493][859]LogPlayLevel: PIE: StaticDuplicateObject took: (0.056235s)
[2019.12.06-23.53.29:494][859]LogAIModule: Creating AISystem for world FirstPersonExampleMap
[2019.12.06-23.53.29:494][859]LogPlayLevel: PIE: World Init took: (0.001036s)
[2019.12.06-23.53.29:494][859]LogPlayLevel: PIE: Created PIE world by copying editor world from /Game/FirstPersonBP/Maps/FirstPersonExampleMap.FirstPersonExampleMap to /Game/FirstPersonBP/Maps/UEDPIE_0_FirstPersonExampleMap.FirstPersonExampleMap (0.057445s)
[2019.12.06-23.53.29:541][859]LogUObjectHash: Compacting FUObjectHashTables data took   3.14ms
[2019.12.06-23.53.29:657][859]LogInit: XAudio2 using 'Speakers (7- Audioengine D1)' : 2 channels at 48 kHz using 24 bits per sample (channel mask 0x3)
[2019.12.06-23.53.29:676][859]LogInit: FAudioDevice initialized.
[2019.12.06-23.53.29:683][859]LogLoad: Game class is 'FirstPersonGameMode_C'
[2019.12.06-23.53.29:686][859]LogWorld: Bringing World /Game/FirstPersonBP/Maps/UEDPIE_0_FirstPersonExampleMap.FirstPersonExampleMap up for play (max tick rate 0) at 2019.12.06-17.53.29
[2019.12.06-23.53.29:687][859]LogWorld: Bringing up level for play took: 0.002916
[2019.12.06-23.53.29:687][859]LogOnline: OSS: Creating online subsystem instance for: :Context_10
[2019.12.06-23.53.29:689][859]LogSlate: Updating window title bar state: overlay mode, drag disabled, window buttons hidden, title bar hidden
[2019.12.06-23.53.29:690][859]PIE: Play in editor start time for /Game/FirstPersonBP/Maps/UEDPIE_0_FirstPersonExampleMap -0.602
[2019.12.06-23.53.29:690][859]LogBlueprintUserMessages: Late PlayInEditor Detection: Level '/Game/FirstPersonBP/Maps/FirstPersonExampleMap.FirstPersonExampleMap:PersistentLevel' has LevelScriptBlueprint '/Game/FirstPersonBP/Maps/FirstPersonExampleMap.FirstPersonExampleMap:PersistentLevel.FirstPersonExampleMap' with GeneratedClass '/Game/FirstPersonBP/Maps/FirstPersonExampleMap.FirstPersonExampleMap_C' with ClassGeneratedBy '/Game/FirstPersonBP/Maps/FirstPersonExampleMap.FirstPersonExampleMap:PersistentLevel.FirstPersonExampleMap'
[2019.12.06-23.53.35:648][571]LogBlueprintUserMessages: Early EndPlayMap Detection: Level '/Game/FirstPersonBP/Maps/FirstPersonExampleMap.FirstPersonExampleMap:PersistentLevel' has LevelScriptBlueprint '/Game/FirstPersonBP/Maps/FirstPersonExampleMap.FirstPersonExampleMap:PersistentLevel.FirstPersonExampleMap' with GeneratedClass '/Game/FirstPersonBP/Maps/FirstPersonExampleMap.FirstPersonExampleMap_C' with ClassGeneratedBy '/Game/FirstPersonBP/Maps/FirstPersonExampleMap.FirstPersonExampleMap:PersistentLevel.FirstPersonExampleMap'
[2019.12.06-23.53.35:648][571]LogSlate: Updating window title bar state: overlay mode, drag disabled, window buttons hidden, title bar hidden
[2019.12.06-23.53.35:648][571]LogWorld: BeginTearingDown for /Game/FirstPersonBP/Maps/UEDPIE_0_FirstPersonExampleMap
[2019.12.06-23.53.35:649][571]LogWorld: UWorld::CleanupWorld for FirstPersonExampleMap, bSessionEnded=true, bCleanupResources=true
[2019.12.06-23.53.35:662][571]LogPlayLevel: Display: Shutting down PIE online subsystems
[2019.12.06-23.53.35:662][571]LogBlueprintUserMessages: Late EndPlayMap Detection: Level '/Game/FirstPersonBP/Maps/FirstPersonExampleMap.FirstPersonExampleMap:PersistentLevel' has LevelScriptBlueprint '/Game/FirstPersonBP/Maps/FirstPersonExampleMap.FirstPersonExampleMap:PersistentLevel.FirstPersonExampleMap' with GeneratedClass '/Game/FirstPersonBP/Maps/FirstPersonExampleMap.FirstPersonExampleMap_C' with ClassGeneratedBy '/Game/FirstPersonBP/Maps/FirstPersonExampleMap.FirstPersonExampleMap:PersistentLevel.FirstPersonExampleMap'
[2019.12.06-23.53.35:713][571]LogSlate: Updating window title bar state: overlay mode, drag disabled, window buttons hidden, title bar hidden
[2019.12.06-23.53.35:720][571]LogUObjectHash: Compacting FUObjectHashTables data took   3.22ms
[2019.12.06-23.53.35:768][573]LogPlayLevel: Display: Destroying online subsystem :Context_10
[2019.12.06-23.53.37:152][729]LogEditorViewport: Clicking on Actor (LMB): StaticMeshActor (House_1Story_2Bed_V2)
[2019.12.06-23.53.39:050][922]LogSlate: FSceneViewport::OnFocusLost() reason 0
[2019.12.06-23.53.39:207][939]LogAssetEditorManager: Opening Asset editor for StaticMesh /Game/3D_Models/Buildings/Houses/House_1Story_2Bed_V2.House_1Story_2Bed_V2
[2019.12.06-23.53.40:445][940]LogRenderer: Reallocating scene render targets to support 1616x884 Format 10 NumSamples 1 (Frame:1).
[2019.12.06-23.53.52:062][941]LogSlate: FSceneViewport::OnFocusLost() reason 5
[2019.12.06-23.53.52:145][941]LogSavePackage: Moving '../../../../../GIT/TheosProductions/A stupid fucking game/Project_Plague_GIT/Project_Plague_UE4/Saved/House_1Story_2Bed_V25A953E81438DA20C2F4076BC1F8D7445.tmp' to '../../../../../GIT/TheosProductions/A stupid fucking game/Project_Plague_GIT/Project_Plague_UE4/Content/3D_Models/Buildings/Houses/House_1Story_2Bed_V2.uasset'
[2019.12.06-23.53.55:220][193]LogEditorViewport: Clicking on Actor (LMB): StaticMeshActor (House_1Story_2Bed_V2)
[2019.12.06-23.53.55:715][235]LogSlate: FSceneViewport::OnFocusLost() reason 0
[2019.12.06-23.53.55:793][242]LogTemp: Repeating last play command: Selected Viewport
[2019.12.06-23.53.55:825][242]LogBlueprintUserMessages: Early PlayInEditor Detection: Level '/Game/FirstPersonBP/Maps/FirstPersonExampleMap.FirstPersonExampleMap:PersistentLevel' has LevelScriptBlueprint '/Game/FirstPersonBP/Maps/FirstPersonExampleMap.FirstPersonExampleMap:PersistentLevel.FirstPersonExampleMap' with GeneratedClass '/Game/FirstPersonBP/Maps/FirstPersonExampleMap.FirstPersonExampleMap_C' with ClassGeneratedBy '/Game/FirstPersonBP/Maps/FirstPersonExampleMap.FirstPersonExampleMap:PersistentLevel.FirstPersonExampleMap'
[2019.12.06-23.53.55:825][242]LogPlayLevel: PlayLevel: No blueprints needed recompiling
[2019.12.06-23.53.55:825][242]PIE: New page: PIE session: FirstPersonExampleMap (Dec 6, 2019, 11:53:55 AM)
[2019.12.06-23.53.55:825][242]LogPlayLevel: Creating play world package: /Game/FirstPersonBP/Maps/UEDPIE_0_FirstPersonExampleMap
[2019.12.06-23.53.55:880][242]LogPlayLevel: PIE: StaticDuplicateObject took: (0.055155s)
[2019.12.06-23.53.55:881][242]LogAIModule: Creating AISystem for world FirstPersonExampleMap
[2019.12.06-23.53.55:882][242]LogPlayLevel: PIE: World Init took: (0.001389s)
[2019.12.06-23.53.55:882][242]LogPlayLevel: PIE: Created PIE world by copying editor world from /Game/FirstPersonBP/Maps/FirstPersonExampleMap.FirstPersonExampleMap to /Game/FirstPersonBP/Maps/UEDPIE_0_FirstPersonExampleMap.FirstPersonExampleMap (0.056724s)
[2019.12.06-23.53.55:976][242]LogUObjectHash: Compacting FUObjectHashTables data took   4.77ms
[2019.12.06-23.53.56:091][242]LogInit: XAudio2 using 'Speakers (7- Audioengine D1)' : 2 channels at 48 kHz using 24 bits per sample (channel mask 0x3)
[2019.12.06-23.53.56:110][242]LogInit: FAudioDevice initialized.
[2019.12.06-23.53.56:119][242]LogLoad: Game class is 'FirstPersonGameMode_C'
[2019.12.06-23.53.56:122][242]LogWorld: Bringing World /Game/FirstPersonBP/Maps/UEDPIE_0_FirstPersonExampleMap.FirstPersonExampleMap up for play (max tick rate 0) at 2019.12.06-17.53.56
[2019.12.06-23.53.56:123][242]LogWorld: Bringing up level for play took: 0.003112
[2019.12.06-23.53.56:123][242]LogOnline: OSS: Creating online subsystem instance for: :Context_12
[2019.12.06-23.53.56:125][242]LogSlate: Updating window title bar state: overlay mode, drag disabled, window buttons hidden, title bar hidden
[2019.12.06-23.53.56:126][242]PIE: Play in editor start time for /Game/FirstPersonBP/Maps/UEDPIE_0_FirstPersonExampleMap -0.165
[2019.12.06-23.53.56:126][242]LogBlueprintUserMessages: Late PlayInEditor Detection: Level '/Game/FirstPersonBP/Maps/FirstPersonExampleMap.FirstPersonExampleMap:PersistentLevel' has LevelScriptBlueprint '/Game/FirstPersonBP/Maps/FirstPersonExampleMap.FirstPersonExampleMap:PersistentLevel.FirstPersonExampleMap' with GeneratedClass '/Game/FirstPersonBP/Maps/FirstPersonExampleMap.FirstPersonExampleMap_C' with ClassGeneratedBy '/Game/FirstPersonBP/Maps/FirstPersonExampleMap.FirstPersonExampleMap:PersistentLevel.FirstPersonExampleMap'
[2019.12.06-23.54.34:446][510]LogBlueprintUserMessages: Early EndPlayMap Detection: Level '/Game/FirstPersonBP/Maps/FirstPersonExampleMap.FirstPersonExampleMap:PersistentLevel' has LevelScriptBlueprint '/Game/FirstPersonBP/Maps/FirstPersonExampleMap.FirstPersonExampleMap:PersistentLevel.FirstPersonExampleMap' with GeneratedClass '/Game/FirstPersonBP/Maps/FirstPersonExampleMap.FirstPersonExampleMap_C' with ClassGeneratedBy '/Game/FirstPersonBP/Maps/FirstPersonExampleMap.FirstPersonExampleMap:PersistentLevel.FirstPersonExampleMap'
[2019.12.06-23.54.34:446][510]LogSlate: Updating window title bar state: overlay mode, drag disabled, window buttons hidden, title bar hidden
[2019.12.06-23.54.34:446][510]LogWorld: BeginTearingDown for /Game/FirstPersonBP/Maps/UEDPIE_0_FirstPersonExampleMap
[2019.12.06-23.54.34:446][510]LogWorld: UWorld::CleanupWorld for FirstPersonExampleMap, bSessionEnded=true, bCleanupResources=true
[2019.12.06-23.54.34:462][510]LogPlayLevel: Display: Shutting down PIE online subsystems
[2019.12.06-23.54.34:462][510]LogBlueprintUserMessages: Late EndPlayMap Detection: Level '/Game/FirstPersonBP/Maps/FirstPersonExampleMap.FirstPersonExampleMap:PersistentLevel' has LevelScriptBlueprint '/Game/FirstPersonBP/Maps/FirstPersonExampleMap.FirstPersonExampleMap:PersistentLevel.FirstPersonExampleMap' with GeneratedClass '/Game/FirstPersonBP/Maps/FirstPersonExampleMap.FirstPersonExampleMap_C' with ClassGeneratedBy '/Game/FirstPersonBP/Maps/FirstPersonExampleMap.FirstPersonExampleMap:PersistentLevel.FirstPersonExampleMap'
[2019.12.06-23.54.34:514][510]LogSlate: Updating window title bar state: overlay mode, drag disabled, window buttons hidden, title bar hidden
[2019.12.06-23.54.34:545][510]LogUObjectHash: Compacting FUObjectHashTables data took   6.17ms
[2019.12.06-23.54.34:570][511]LogPlayLevel: Display: Destroying online subsystem :Context_12
[2019.12.06-23.54.36:749][745]LogSlate: FSceneViewport::OnFocusLost() reason 0
[2019.12.06-23.54.36:841][755]LogSlate: Window 'House_1Story_2Bed_V2' being destroyed
[2019.12.06-23.54.36:845][755]LogSlate: Window 'House_1Story_2Bed_V2' being destroyed
[2019.12.06-23.54.36:873][755]LogWorld: UWorld::CleanupWorld for World_7, bSessionEnded=true, bCleanupResources=true
[2019.12.06-23.54.38:092][882]LogSlate: FSceneViewport::OnFocusLost() reason 2
[2019.12.06-23.54.39:610][ 50]SourceControl: fatal: D:/EpicGames/UE_4.23/Engine/Content: 'D:/EpicGames/UE_4.23/Engine/Content' is outside repository
[2019.12.06-23.54.39:726][ 50]LogSlate: FSceneViewport::OnFocusLost() reason 5
[2019.12.06-23.55.04:474][ 50]LogSlate: Window 'Submit Files' being destroyed
[2019.12.06-23.55.04:485][ 50]LogSlate: FSceneViewport::OnFocusLost() reason 5
[2019.12.06-23.55.04:575][ 50]LogSlate: FSceneViewport::OnFocusLost() reason 5
[2019.12.06-23.55.05:451][ 50]LogSourceControl: commit successful: [master 4909a81] Added a new house \ deleted some houses
[2019.12.06-23.55.05:518][ 50]SourceControl: [master 4909a81] Added a new house \ deleted some houses
[2019.12.06-23.55.05:518][ 50]SourceControl:  3 files changed, 0 insertions(+), 0 deletions(-)
[2019.12.06-23.55.05:518][ 50]SourceControl:  delete mode 100644 Project_Plague_UE4/Content/3D_Models/Buildings/Houses/House_1Story_2Bed.uasset
[2019.12.06-23.55.05:518][ 50]SourceControl:  create mode 100644 Project_Plague_UE4/Content/3D_Models/Buildings/Houses/House_1Story_2Bed_V2.uasset
[2019.12.06-23.55.05:518][ 50]SourceControl:  delete mode 100644 Project_Plague_UE4/Content/3D_Models/Buildings/Houses/House_2Story_1.uasset
[2019.12.06-23.55.05:524][ 50]SourceControl: Commited [master 4909a81] Added a new house \ deleted some houses.
