Log file open, 11/16/19 18:28:04
LogWindows: Failed to load 'aqProf.dll' (GetLastError=126)
LogWindows: File 'aqProf.dll' does not exist
LogWindows: Failed to load 'VtuneApi.dll' (GetLastError=126)
LogWindows: File 'VtuneApi.dll' does not exist
LogWindows: Failed to load 'VtuneApi32e.dll' (GetLastError=126)
LogWindows: File 'VtuneApi32e.dll' does not exist
LogConsoleResponse: Display: Failed to find resolution value strings in scalability ini. Falling back to default.
LogInit: Display: Running engine for game: Project_Plague_UE4
LogPlatformFile: Not using cached read wrapper
LogTaskGraph: Started task graph with 5 named threads and 47 total threads with 3 sets of task threads.
LogStats: Stats thread started at 0.089073
LogD3D11RHI: Loaded GFSDK_Aftermath_Lib.x64.dll
LogICUInternationalization: ICU TimeZone Detection - Raw Offset: -6:00, Platform Override: ''
LogPluginManager: Mounting plugin Paper2D
LogPluginManager: Mounting plugin AISupport
LogPluginManager: Mounting plugin LightPropagationVolume
LogPluginManager: Mounting plugin ActorLayerUtilities
LogPluginManager: Mounting plugin AnimationSharing
LogPluginManager: Mounting plugin CLionSourceCodeAccess
LogPluginManager: Mounting plugin CodeLiteSourceCodeAccess
LogPluginManager: Mounting plugin ConcertMain
LogPluginManager: Mounting plugin ConcertSyncClient
LogPluginManager: Mounting plugin ConcertSyncCore
LogPluginManager: Found config from plugin[ConcertSyncCore] C:/Users/John/Google Drive (johnlee4107@gmail.com)/TheosProductions/Project_Plague_UE4/Saved/Config/Windows/Engine.ini
LogPluginManager: Mounting plugin MultiUserClient
LogPluginManager: Mounting plugin GitSourceControl
LogPluginManager: Mounting plugin KDevelopSourceCodeAccess
LogPluginManager: Mounting plugin NullSourceCodeAccess
LogPluginManager: Mounting plugin PerforceSourceControl
LogPluginManager: Mounting plugin SubversionSourceControl
LogPluginManager: Mounting plugin UObjectPlugin
LogPluginManager: Mounting plugin VisualStudioCodeSourceCodeAccess
LogPluginManager: Mounting plugin VisualStudioSourceCodeAccess
LogPluginManager: Mounting plugin XCodeSourceCodeAccess
LogPluginManager: Mounting plugin AssetManagerEditor
LogPluginManager: Mounting plugin CryptoKeys
LogPluginManager: Mounting plugin CurveEditorTools
LogPluginManager: Mounting plugin DataValidation
LogPluginManager: Mounting plugin FacialAnimation
LogPluginManager: Mounting plugin GameplayTagsEditor
LogPluginManager: Mounting plugin MacGraphicsSwitching
LogPluginManager: Mounting plugin MaterialAnalyzer
LogPluginManager: Mounting plugin MobileLauncherProfileWizard
LogPluginManager: Mounting plugin PluginBrowser
LogPluginManager: Mounting plugin SpeedTreeImporter
LogPluginManager: Mounting plugin DatasmithContent
LogPluginManager: Mounting plugin VariantManagerContent
LogPluginManager: Mounting plugin AlembicImporter
LogPluginManager: Mounting plugin AutomationUtils
LogPluginManager: Mounting plugin BackChannel
LogPluginManager: Mounting plugin CharacterAI
LogPluginManager: Mounting plugin GeometryCache
LogPluginManager: Mounting plugin HTML5Networking
LogPluginManager: Mounting plugin PlatformCrypto
LogPluginManager: Mounting plugin ProxyLODPlugin
LogPluginManager: Mounting plugin SkeletalReduction
LogPluginManager: Mounting plugin MagicLeap
LogPluginManager: Mounting plugin MagicLeapMedia
LogPluginManager: Mounting plugin AndroidMedia
LogPluginManager: Mounting plugin AvfMedia
LogPluginManager: Mounting plugin ImgMedia
LogPluginManager: Mounting plugin MediaCompositing
LogPluginManager: Mounting plugin MediaPlayerEditor
LogPluginManager: Mounting plugin WebMMedia
LogPluginManager: Mounting plugin WmfMedia
LogPluginManager: Mounting plugin TcpMessaging
LogPluginManager: Mounting plugin UdpMessaging
LogPluginManager: Mounting plugin ActorSequence
LogPluginManager: Mounting plugin LevelSequenceEditor
LogPluginManager: Mounting plugin MatineeToLevelSequence
LogPluginManager: Mounting plugin NetcodeUnitTest
LogPluginManager: Mounting plugin NUTUnrealEngine4
LogPluginManager: Mounting plugin OnlineSubsystemGooglePlay
LogPluginManager: Mounting plugin OnlineSubsystemIOS
LogPluginManager: Mounting plugin OnlineSubsystem
LogPluginManager: Mounting plugin OnlineSubsystemNull
LogPluginManager: Mounting plugin OnlineSubsystemUtils
LogPluginManager: Mounting plugin LauncherChunkInstaller
LogPluginManager: Mounting plugin AndroidDeviceProfileSelector
LogPluginManager: Mounting plugin AndroidMoviePlayer
LogPluginManager: Mounting plugin AndroidPermission
LogPluginManager: Mounting plugin AppleImageUtils
LogPluginManager: Mounting plugin AppleMoviePlayer
LogPluginManager: Mounting plugin ArchVisCharacter
LogPluginManager: Mounting plugin AudioCapture
LogPluginManager: Mounting plugin CableComponent
LogPluginManager: Mounting plugin CustomMeshComponent
LogPluginManager: Mounting plugin SQLiteCore
LogPluginManager: Mounting plugin EditableMesh
LogPluginManager: Mounting plugin ExampleDeviceProfileSelector
LogPluginManager: Mounting plugin GoogleCloudMessaging
LogPluginManager: Mounting plugin IOSDeviceProfileSelector
LogPluginManager: Mounting plugin LinuxDeviceProfileSelector
LogPluginManager: Mounting plugin LocationServicesBPLibrary
LogPluginManager: Mounting plugin MobilePatchingUtils
LogPluginManager: Mounting plugin OculusVR
LogPluginManager: Mounting plugin PhysXVehicles
LogPluginManager: Mounting plugin ProceduralMeshComponent
LogPluginManager: Mounting plugin RuntimePhysXCooking
LogPluginManager: Mounting plugin SignificanceManager
LogPluginManager: Mounting plugin SteamVR
LogPluginManager: Mounting plugin WebMMoviePlayer
LogPluginManager: Mounting plugin WindowsMoviePlayer
LogPluginManager: Mounting plugin ScreenshotTools
LogInit: Using libcurl 7.55.1-DEV
LogInit:  - built for x86_64-pc-win32
LogInit:  - supports SSL with OpenSSL/1.1.1
LogInit:  - supports HTTP deflate (compression) using libz 1.2.8
LogInit:  - other features:
LogInit:      CURL_VERSION_SSL
LogInit:      CURL_VERSION_LIBZ
LogInit:      CURL_VERSION_IPV6
LogInit:      CURL_VERSION_ASYNCHDNS
LogInit:      CURL_VERSION_LARGEFILE
LogInit:      CURL_VERSION_IDN
LogInit:  CurlRequestOptions (configurable via config and command line):
LogInit:  - bVerifyPeer = true  - Libcurl will verify peer certificate
LogInit:  - bUseHttpProxy = false  - Libcurl will NOT use HTTP proxy
LogInit:  - bDontReuseConnections = false  - Libcurl will reuse connections
LogInit:  - MaxHostConnections = 16  - Libcurl will limit the number of connections to a host
LogInit:  - LocalHostAddr = Default
LogInit:  - BufferSize = 65536
LogOnline: OSS: Creating online subsystem instance for: NULL
LogInit: WinSock: version 1.1 (2.2), MaxSocks=32767, MaxUdp=65467
LogHMD: Failed initializing OVRPlugin 1.37.0
LogInit: Build: ++UE4+Release-4.23-CL-9631420
LogInit: Engine Version: 4.23.1-9631420+++UE4+Release-4.23
LogInit: Compatible Engine Version: 4.23.0-8386587+++UE4+Release-4.23
LogInit: Net CL: 8386587
LogInit: OS: Windows 10 (Release 1903) (), CPU: AMD Ryzen 7 1700X Eight-Core Processor         , GPU: NVIDIA GeForce RTX 2080
LogInit: Compiled (64-bit): Oct 18 2019 02:07:44
LogInit: Compiled with Visual C++: 19.16.27030.01
LogInit: Build Configuration: Development
LogInit: Branch Name: ++UE4+Release-4.23
LogInit: Command Line: 
LogInit: Base Directory: D:/EpicGames/UE_4.23/Engine/Binaries/Win64/
LogInit: Installed Engine Build: 1
LogDevObjectVersion: Number of dev versions registered: 23
LogDevObjectVersion:   Dev-Blueprints (B0D832E4-1F89-4F0D-ACCF-7EB736FD4AA2): 10
LogDevObjectVersion:   Dev-Build (E1C64328-A22C-4D53-A36C-8E866417BD8C): 0
LogDevObjectVersion:   Dev-Core (375EC13C-06E4-48FB-B500-84F0262A717E): 3
LogDevObjectVersion:   Dev-Editor (E4B068ED-F494-42E9-A231-DA0B2E46BB41): 34
LogDevObjectVersion:   Dev-Framework (CFFC743F-43B0-4480-9391-14DF171D2073): 35
LogDevObjectVersion:   Dev-Mobile (B02B49B5-BB20-44E9-A304-32B752E40360): 2
LogDevObjectVersion:   Dev-Networking (A4E4105C-59A1-49B5-A7C5-40C4547EDFEE): 0
LogDevObjectVersion:   Dev-Online (39C831C9-5AE6-47DC-9A44-9C173E1C8E7C): 0
LogDevObjectVersion:   Dev-Physics (78F01B33-EBEA-4F98-B9B4-84EACCB95AA2): 0
LogDevObjectVersion:   Dev-Platform (6631380F-2D4D-43E0-8009-CF276956A95A): 0
LogDevObjectVersion:   Dev-Rendering (12F88B9F-8875-4AFC-A67C-D90C383ABD29): 31
LogDevObjectVersion:   Dev-Sequencer (7B5AE74C-D270-4C10-A958-57980B212A5A): 11
LogDevObjectVersion:   Dev-VR (D7296918-1DD6-4BDD-9DE2-64A83CC13884): 2
LogDevObjectVersion:   Dev-LoadTimes (C2A15278-BFE7-4AFE-6C17-90FF531DF755): 1
LogDevObjectVersion:   Private-Geometry (6EACA3D4-40EC-4CC1-B786-8BED09428FC5): 3
LogDevObjectVersion:   Dev-AnimPhys (29E575DD-E0A3-4627-9D10-D276232CDCEA): 17
LogDevObjectVersion:   Dev-Anim (AF43A65D-7FD3-4947-9873-3E8ED9C1BB05): 2
LogDevObjectVersion:   Dev-ReflectionCapture (6B266CEC-1EC7-4B8F-A30B-E4D90942FC07): 1
LogDevObjectVersion:   Dev-Automation (0DF73D61-A23F-47EA-B727-89E90C41499A): 1
LogDevObjectVersion:   FortniteMain (601D1886-AC64-4F84-AA16-D3DE0DEAC7D6): 27
LogDevObjectVersion:   Dev-Enterprise (9DFFBCD6-494F-0158-E221-12823C92A888): 6
LogDevObjectVersion:   Dev-Niagara (F2AED0AC-9AFE-416F-8664-AA7FFA26D6FC): 1
LogDevObjectVersion:   Dev-Destruction (174F1F0B-B4C6-45A5-B13F-2EE8D0FB917D): 9
LogInit: Presizing for max 16777216 objects, including 0 objects not considered by GC, pre-allocating 0 bytes for permanent pool.
LogInit: Object subsystem initialized
LogConfig: Setting CVar [[con.DebugEarlyDefault:1]]
LogConfig: Setting CVar [[r.setres:1280x720]]
[2019.11.17-00.28.05:928][  0]LogConfig: Setting CVar [[r.VSync:0]]
[2019.11.17-00.28.05:928][  0]LogConfig: Setting CVar [[r.RHICmdBypass:0]]
[2019.11.17-00.28.05:928][  0]LogConfig: Applying CVar settings from Section [/Script/Engine.RendererSettings] File [C:/Users/John/Google Drive (johnlee4107@gmail.com)/TheosProductions/Project_Plague_UE4/Saved/Config/Windows/Engine.ini]
[2019.11.17-00.28.05:928][  0]LogConfig: Setting CVar [[r.GPUCrashDebugging:0]]
[2019.11.17-00.28.05:928][  0]LogConfig: Applying CVar settings from Section [/Script/Engine.RendererOverrideSettings] File [C:/Users/John/Google Drive (johnlee4107@gmail.com)/TheosProductions/Project_Plague_UE4/Saved/Config/Windows/Engine.ini]
[2019.11.17-00.28.05:928][  0]LogConfig: Applying CVar settings from Section [/Script/Engine.StreamingSettings] File [C:/Users/John/Google Drive (johnlee4107@gmail.com)/TheosProductions/Project_Plague_UE4/Saved/Config/Windows/Engine.ini]
[2019.11.17-00.28.05:928][  0]LogConfig: Setting CVar [[s.MinBulkDataSizeForAsyncLoading:131072]]
[2019.11.17-00.28.05:928][  0]LogConfig: Setting CVar [[s.AsyncLoadingThreadEnabled:0]]
[2019.11.17-00.28.05:928][  0]LogConfig: Setting CVar [[s.EventDrivenLoaderEnabled:1]]
[2019.11.17-00.28.05:928][  0]LogConfig: Setting CVar [[s.WarnIfTimeLimitExceeded:0]]
[2019.11.17-00.28.05:928][  0]LogConfig: Setting CVar [[s.TimeLimitExceededMultiplier:1.5]]
[2019.11.17-00.28.05:928][  0]LogConfig: Setting CVar [[s.TimeLimitExceededMinTime:0.005]]
[2019.11.17-00.28.05:928][  0]LogConfig: Setting CVar [[s.UseBackgroundLevelStreaming:1]]
[2019.11.17-00.28.05:928][  0]LogConfig: Setting CVar [[s.PriorityAsyncLoadingExtraTime:15.0]]
[2019.11.17-00.28.05:928][  0]LogConfig: Setting CVar [[s.LevelStreamingActorsUpdateTimeLimit:5.0]]
[2019.11.17-00.28.05:928][  0]LogConfig: Setting CVar [[s.PriorityLevelStreamingActorsUpdateExtraTime:5.0]]
[2019.11.17-00.28.05:928][  0]LogConfig: Setting CVar [[s.LevelStreamingComponentsRegistrationGranularity:10]]
[2019.11.17-00.28.05:928][  0]LogConfig: Setting CVar [[s.UnregisterComponentsTimeLimit:1.0]]
[2019.11.17-00.28.05:928][  0]LogConfig: Setting CVar [[s.LevelStreamingComponentsUnregistrationGranularity:5]]
[2019.11.17-00.28.05:928][  0]LogConfig: Applying CVar settings from Section [/Script/Engine.GarbageCollectionSettings] File [C:/Users/John/Google Drive (johnlee4107@gmail.com)/TheosProductions/Project_Plague_UE4/Saved/Config/Windows/Engine.ini]
[2019.11.17-00.28.05:928][  0]LogConfig: Setting CVar [[gc.MaxObjectsNotConsideredByGC:1]]
[2019.11.17-00.28.05:928][  0]LogConfig: Setting CVar [[gc.SizeOfPermanentObjectPool:0]]
[2019.11.17-00.28.05:928][  0]LogConfig: Setting CVar [[gc.FlushStreamingOnGC:0]]
[2019.11.17-00.28.05:928][  0]LogConfig: Setting CVar [[gc.NumRetriesBeforeForcingGC:10]]
[2019.11.17-00.28.05:928][  0]LogConfig: Setting CVar [[gc.AllowParallelGC:1]]
[2019.11.17-00.28.05:928][  0]LogConfig: Setting CVar [[gc.TimeBetweenPurgingPendingKillObjects:61.1]]
[2019.11.17-00.28.05:928][  0]LogConfig: Setting CVar [[gc.MaxObjectsInEditor:16777216]]
[2019.11.17-00.28.05:928][  0]LogConfig: Setting CVar [[gc.IncrementalBeginDestroyEnabled:1]]
[2019.11.17-00.28.05:928][  0]LogConfig: Setting CVar [[gc.CreateGCClusters:1]]
[2019.11.17-00.28.05:928][  0]LogConfig: Setting CVar [[gc.MinGCClusterSize:5]]
[2019.11.17-00.28.05:928][  0]LogConfig: Setting CVar [[gc.ActorClusteringEnabled:0]]
[2019.11.17-00.28.05:928][  0]LogConfig: Setting CVar [[gc.BlueprintClusteringEnabled:0]]
[2019.11.17-00.28.05:928][  0]LogConfig: Setting CVar [[gc.UseDisregardForGCOnDedicatedServers:0]]
[2019.11.17-00.28.05:928][  0]LogConfig: Applying CVar settings from Section [/Script/Engine.NetworkSettings] File [C:/Users/John/Google Drive (johnlee4107@gmail.com)/TheosProductions/Project_Plague_UE4/Saved/Config/Windows/Engine.ini]
[2019.11.17-00.28.05:928][  0]LogConfig: Applying CVar settings from Section [/Script/UnrealEd.CookerSettings] File [C:/Users/John/Google Drive (johnlee4107@gmail.com)/TheosProductions/Project_Plague_UE4/Saved/Config/Windows/Engine.ini]
[2019.11.17-00.28.05:931][  0]LogConfig: Applying CVar settings from Section [ViewDistanceQuality@3] File [C:/Users/John/Google Drive (johnlee4107@gmail.com)/TheosProductions/Project_Plague_UE4/Saved/Config/Windows/Scalability.ini]
[2019.11.17-00.28.05:931][  0]LogConfig: Setting CVar [[r.SkeletalMeshLODBias:0]]
[2019.11.17-00.28.05:931][  0]LogConfig: Setting CVar [[r.ViewDistanceScale:1.0]]
[2019.11.17-00.28.05:931][  0]LogConfig: Applying CVar settings from Section [AntiAliasingQuality@3] File [C:/Users/John/Google Drive (johnlee4107@gmail.com)/TheosProductions/Project_Plague_UE4/Saved/Config/Windows/Scalability.ini]
[2019.11.17-00.28.05:931][  0]LogConfig: Setting CVar [[r.PostProcessAAQuality:4]]
[2019.11.17-00.28.05:931][  0]LogConfig: Applying CVar settings from Section [ShadowQuality@3] File [C:/Users/John/Google Drive (johnlee4107@gmail.com)/TheosProductions/Project_Plague_UE4/Saved/Config/Windows/Scalability.ini]
[2019.11.17-00.28.05:931][  0]LogConfig: Setting CVar [[r.LightFunctionQuality:1]]
[2019.11.17-00.28.05:931][  0]LogConfig: Setting CVar [[r.ShadowQuality:5]]
[2019.11.17-00.28.05:931][  0]LogConfig: Setting CVar [[r.Shadow.CSM.MaxCascades:10]]
[2019.11.17-00.28.05:931][  0]LogConfig: Setting CVar [[r.Shadow.MaxResolution:2048]]
[2019.11.17-00.28.05:931][  0]LogConfig: Setting CVar [[r.Shadow.MaxCSMResolution:2048]]
[2019.11.17-00.28.05:931][  0]LogConfig: Setting CVar [[r.Shadow.RadiusThreshold:0.01]]
[2019.11.17-00.28.05:931][  0]LogConfig: Setting CVar [[r.Shadow.DistanceScale:1.0]]
[2019.11.17-00.28.05:931][  0]LogConfig: Setting CVar [[r.Shadow.CSM.TransitionScale:1.0]]
[2019.11.17-00.28.05:931][  0]LogConfig: Setting CVar [[r.Shadow.PreShadowResolutionFactor:1.0]]
[2019.11.17-00.28.05:931][  0]LogConfig: Setting CVar [[r.DistanceFieldShadowing:1]]
[2019.11.17-00.28.05:931][  0]LogConfig: Setting CVar [[r.DistanceFieldAO:1]]
[2019.11.17-00.28.05:931][  0]LogConfig: Setting CVar [[r.AOQuality:2]]
[2019.11.17-00.28.05:931][  0]LogConfig: Setting CVar [[r.VolumetricFog:1]]
[2019.11.17-00.28.05:931][  0]LogConfig: Setting CVar [[r.VolumetricFog.GridPixelSize:8]]
[2019.11.17-00.28.05:932][  0]LogConfig: Setting CVar [[r.VolumetricFog.GridSizeZ:128]]
[2019.11.17-00.28.05:932][  0]LogConfig: Setting CVar [[r.VolumetricFog.HistoryMissSupersampleCount:4]]
[2019.11.17-00.28.05:932][  0]LogConfig: Setting CVar [[r.LightMaxDrawDistanceScale:1]]
[2019.11.17-00.28.05:932][  0]LogConfig: Setting CVar [[r.CapsuleShadows:1]]
[2019.11.17-00.28.05:932][  0]LogConfig: Applying CVar settings from Section [PostProcessQuality@3] File [C:/Users/John/Google Drive (johnlee4107@gmail.com)/TheosProductions/Project_Plague_UE4/Saved/Config/Windows/Scalability.ini]
[2019.11.17-00.28.05:932][  0]LogConfig: Setting CVar [[r.MotionBlurQuality:4]]
[2019.11.17-00.28.05:932][  0]LogConfig: Setting CVar [[r.AmbientOcclusionMipLevelFactor:0.4]]
[2019.11.17-00.28.05:932][  0]LogConfig: Setting CVar [[r.AmbientOcclusionMaxQuality:100]]
[2019.11.17-00.28.05:932][  0]LogConfig: Setting CVar [[r.AmbientOcclusionLevels:-1]]
[2019.11.17-00.28.05:932][  0]LogConfig: Setting CVar [[r.AmbientOcclusionRadiusScale:1.0]]
[2019.11.17-00.28.05:932][  0]LogConfig: Setting CVar [[r.DepthOfFieldQuality:2]]
[2019.11.17-00.28.05:932][  0]LogConfig: Setting CVar [[r.RenderTargetPoolMin:400]]
[2019.11.17-00.28.05:932][  0]LogConfig: Setting CVar [[r.LensFlareQuality:2]]
[2019.11.17-00.28.05:932][  0]LogConfig: Setting CVar [[r.SceneColorFringeQuality:1]]
[2019.11.17-00.28.05:932][  0]LogConfig: Setting CVar [[r.EyeAdaptationQuality:2]]
[2019.11.17-00.28.05:932][  0]LogConfig: Setting CVar [[r.BloomQuality:5]]
[2019.11.17-00.28.05:932][  0]LogConfig: Setting CVar [[r.FastBlurThreshold:100]]
[2019.11.17-00.28.05:932][  0]LogConfig: Setting CVar [[r.Upscale.Quality:3]]
[2019.11.17-00.28.05:932][  0]LogConfig: Setting CVar [[r.Tonemapper.GrainQuantization:1]]
[2019.11.17-00.28.05:932][  0]LogConfig: Setting CVar [[r.LightShaftQuality:1]]
[2019.11.17-00.28.05:932][  0]LogConfig: Setting CVar [[r.Filter.SizeScale:1]]
[2019.11.17-00.28.05:932][  0]LogConfig: Setting CVar [[r.Tonemapper.Quality:5]]
[2019.11.17-00.28.05:932][  0]LogConfig: Setting CVar [[r.DOF.Gather.AccumulatorQuality:1        ; higher gathering accumulator quality]]
[2019.11.17-00.28.05:932][  0]LogConfig: Setting CVar [[r.DOF.Gather.PostfilterMethod:1          ; Median3x3 postfilering method]]
[2019.11.17-00.28.05:932][  0]LogConfig: Setting CVar [[r.DOF.Gather.EnableBokehSettings:0       ; no bokeh simulation when gathering]]
[2019.11.17-00.28.05:932][  0]LogConfig: Setting CVar [[r.DOF.Gather.RingCount:4                 ; medium number of samples when gathering]]
[2019.11.17-00.28.05:932][  0]LogConfig: Setting CVar [[r.DOF.Scatter.ForegroundCompositing:1    ; additive foreground scattering]]
[2019.11.17-00.28.05:932][  0]LogConfig: Setting CVar [[r.DOF.Scatter.BackgroundCompositing:2    ; additive background scattering]]
[2019.11.17-00.28.05:932][  0]LogConfig: Setting CVar [[r.DOF.Scatter.EnableBokehSettings:1      ; bokeh simulation when scattering]]
[2019.11.17-00.28.05:932][  0]LogConfig: Setting CVar [[r.DOF.Scatter.MaxSpriteRatio:0.1         ; only a maximum of 10% of scattered bokeh]]
[2019.11.17-00.28.05:932][  0]LogConfig: Setting CVar [[r.DOF.Recombine.Quality:1                ; cheap slight out of focus]]
[2019.11.17-00.28.05:932][  0]LogConfig: Setting CVar [[r.DOF.Recombine.EnableBokehSettings:0    ; no bokeh simulation on slight out of focus]]
[2019.11.17-00.28.05:932][  0]LogConfig: Setting CVar [[r.DOF.TemporalAAQuality:1                ; more stable temporal accumulation]]
[2019.11.17-00.28.05:932][  0]LogConfig: Setting CVar [[r.DOF.Kernel.MaxForegroundRadius:0.025]]
[2019.11.17-00.28.05:932][  0]LogConfig: Setting CVar [[r.DOF.Kernel.MaxBackgroundRadius:0.025]]
[2019.11.17-00.28.05:932][  0]LogConfig: Applying CVar settings from Section [TextureQuality@3] File [C:/Users/John/Google Drive (johnlee4107@gmail.com)/TheosProductions/Project_Plague_UE4/Saved/Config/Windows/Scalability.ini]
[2019.11.17-00.28.05:932][  0]LogConfig: Setting CVar [[r.Streaming.MipBias:0]]
[2019.11.17-00.28.05:932][  0]LogConfig: Setting CVar [[r.Streaming.AmortizeCPUToGPUCopy:0]]
[2019.11.17-00.28.05:932][  0]LogConfig: Setting CVar [[r.Streaming.MaxNumTexturesToStreamPerFrame:0]]
[2019.11.17-00.28.05:932][  0]LogConfig: Setting CVar [[r.Streaming.Boost:1]]
[2019.11.17-00.28.05:932][  0]LogConfig: Setting CVar [[r.MaxAnisotropy:8]]
[2019.11.17-00.28.05:932][  0]LogConfig: Setting CVar [[r.Streaming.LimitPoolSizeToVRAM:0]]
[2019.11.17-00.28.05:932][  0]LogConfig: Setting CVar [[r.Streaming.PoolSize:1000]]
[2019.11.17-00.28.05:932][  0]LogConfig: Setting CVar [[r.Streaming.MaxEffectiveScreenSize:0]]
[2019.11.17-00.28.05:932][  0]LogConfig: Applying CVar settings from Section [EffectsQuality@3] File [C:/Users/John/Google Drive (johnlee4107@gmail.com)/TheosProductions/Project_Plague_UE4/Saved/Config/Windows/Scalability.ini]
[2019.11.17-00.28.05:932][  0]LogConfig: Setting CVar [[r.TranslucencyLightingVolumeDim:64]]
[2019.11.17-00.28.05:932][  0]LogConfig: Setting CVar [[r.RefractionQuality:2]]
[2019.11.17-00.28.05:932][  0]LogConfig: Setting CVar [[r.SSR.Quality:3]]
[2019.11.17-00.28.05:932][  0]LogConfig: Setting CVar [[r.SceneColorFormat:4]]
[2019.11.17-00.28.05:932][  0]LogConfig: Setting CVar [[r.DetailMode:2]]
[2019.11.17-00.28.05:932][  0]LogConfig: Setting CVar [[r.TranslucencyVolumeBlur:1]]
[2019.11.17-00.28.05:932][  0]LogConfig: Setting CVar [[r.MaterialQualityLevel:1 ; High quality]]
[2019.11.17-00.28.05:932][  0]LogConfig: Setting CVar [[r.SSS.Scale:1]]
[2019.11.17-00.28.05:932][  0]LogConfig: Setting CVar [[r.SSS.SampleSet:2]]
[2019.11.17-00.28.05:932][  0]LogConfig: Setting CVar [[r.SSS.Quality:1]]
[2019.11.17-00.28.05:932][  0]LogConfig: Setting CVar [[r.SSS.HalfRes:1]]
[2019.11.17-00.28.05:932][  0]LogConfig: Setting CVar [[r.EmitterSpawnRateScale:1.0]]
[2019.11.17-00.28.05:932][  0]LogConfig: Setting CVar [[r.ParticleLightQuality:2]]
[2019.11.17-00.28.05:932][  0]LogConfig: Applying CVar settings from Section [FoliageQuality@3] File [C:/Users/John/Google Drive (johnlee4107@gmail.com)/TheosProductions/Project_Plague_UE4/Saved/Config/Windows/Scalability.ini]
[2019.11.17-00.28.05:932][  0]LogConfig: Setting CVar [[foliage.DensityScale:1.0]]
[2019.11.17-00.28.05:932][  0]LogConfig: Setting CVar [[grass.DensityScale:1.0]]
[2019.11.17-00.28.05:932][  0]LogInit: Selected Device Profile: [Windows]
[2019.11.17-00.28.05:932][  0]LogInit: Applying CVar settings loaded from the selected device profile: [Windows]
[2019.11.17-00.28.05:937][  0]LogHAL: Display: Platform has ~ 16 GB [17125793792 / 17179869184 / 16], which maps to Larger [LargestMinGB=32, LargerMinGB=12, DefaultMinGB=8, SmallerMinGB=6, SmallestMinGB=0)
[2019.11.17-00.28.05:937][  0]LogInit: Going up to parent DeviceProfile []
[2019.11.17-00.28.05:937][  0]LogConfig: Applying CVar settings from Section [ViewDistanceQuality@3] File [C:/Users/John/Google Drive (johnlee4107@gmail.com)/TheosProductions/Project_Plague_UE4/Saved/Config/Windows/Scalability.ini]
[2019.11.17-00.28.05:937][  0]LogConfig: Setting CVar [[r.SkeletalMeshLODBias:0]]
[2019.11.17-00.28.05:937][  0]LogConfig: Setting CVar [[r.ViewDistanceScale:1.0]]
[2019.11.17-00.28.05:937][  0]LogConfig: Applying CVar settings from Section [AntiAliasingQuality@3] File [C:/Users/John/Google Drive (johnlee4107@gmail.com)/TheosProductions/Project_Plague_UE4/Saved/Config/Windows/Scalability.ini]
[2019.11.17-00.28.05:937][  0]LogConfig: Setting CVar [[r.PostProcessAAQuality:4]]
[2019.11.17-00.28.05:937][  0]LogConfig: Applying CVar settings from Section [ShadowQuality@3] File [C:/Users/John/Google Drive (johnlee4107@gmail.com)/TheosProductions/Project_Plague_UE4/Saved/Config/Windows/Scalability.ini]
[2019.11.17-00.28.05:937][  0]LogConfig: Setting CVar [[r.LightFunctionQuality:1]]
[2019.11.17-00.28.05:937][  0]LogConfig: Setting CVar [[r.ShadowQuality:5]]
[2019.11.17-00.28.05:937][  0]LogConfig: Setting CVar [[r.Shadow.CSM.MaxCascades:10]]
[2019.11.17-00.28.05:938][  0]LogConfig: Setting CVar [[r.Shadow.MaxResolution:2048]]
[2019.11.17-00.28.05:938][  0]LogConfig: Setting CVar [[r.Shadow.MaxCSMResolution:2048]]
[2019.11.17-00.28.05:938][  0]LogConfig: Setting CVar [[r.Shadow.RadiusThreshold:0.01]]
[2019.11.17-00.28.05:938][  0]LogConfig: Setting CVar [[r.Shadow.DistanceScale:1.0]]
[2019.11.17-00.28.05:938][  0]LogConfig: Setting CVar [[r.Shadow.CSM.TransitionScale:1.0]]
[2019.11.17-00.28.05:938][  0]LogConfig: Setting CVar [[r.Shadow.PreShadowResolutionFactor:1.0]]
[2019.11.17-00.28.05:938][  0]LogConfig: Setting CVar [[r.DistanceFieldShadowing:1]]
[2019.11.17-00.28.05:938][  0]LogConfig: Setting CVar [[r.DistanceFieldAO:1]]
[2019.11.17-00.28.05:938][  0]LogConfig: Setting CVar [[r.AOQuality:2]]
[2019.11.17-00.28.05:938][  0]LogConfig: Setting CVar [[r.VolumetricFog:1]]
[2019.11.17-00.28.05:938][  0]LogConfig: Setting CVar [[r.VolumetricFog.GridPixelSize:8]]
[2019.11.17-00.28.05:938][  0]LogConfig: Setting CVar [[r.VolumetricFog.GridSizeZ:128]]
[2019.11.17-00.28.05:938][  0]LogConfig: Setting CVar [[r.VolumetricFog.HistoryMissSupersampleCount:4]]
[2019.11.17-00.28.05:938][  0]LogConfig: Setting CVar [[r.LightMaxDrawDistanceScale:1]]
[2019.11.17-00.28.05:938][  0]LogConfig: Setting CVar [[r.CapsuleShadows:1]]
[2019.11.17-00.28.05:938][  0]LogConfig: Applying CVar settings from Section [PostProcessQuality@3] File [C:/Users/John/Google Drive (johnlee4107@gmail.com)/TheosProductions/Project_Plague_UE4/Saved/Config/Windows/Scalability.ini]
[2019.11.17-00.28.05:938][  0]LogConfig: Setting CVar [[r.MotionBlurQuality:4]]
[2019.11.17-00.28.05:938][  0]LogConfig: Setting CVar [[r.AmbientOcclusionMipLevelFactor:0.4]]
[2019.11.17-00.28.05:938][  0]LogConfig: Setting CVar [[r.AmbientOcclusionMaxQuality:100]]
[2019.11.17-00.28.05:938][  0]LogConfig: Setting CVar [[r.AmbientOcclusionLevels:-1]]
[2019.11.17-00.28.05:938][  0]LogConfig: Setting CVar [[r.AmbientOcclusionRadiusScale:1.0]]
[2019.11.17-00.28.05:938][  0]LogConfig: Setting CVar [[r.DepthOfFieldQuality:2]]
[2019.11.17-00.28.05:938][  0]LogConfig: Setting CVar [[r.RenderTargetPoolMin:400]]
[2019.11.17-00.28.05:938][  0]LogConfig: Setting CVar [[r.LensFlareQuality:2]]
[2019.11.17-00.28.05:938][  0]LogConfig: Setting CVar [[r.SceneColorFringeQuality:1]]
[2019.11.17-00.28.05:938][  0]LogConfig: Setting CVar [[r.EyeAdaptationQuality:2]]
[2019.11.17-00.28.05:938][  0]LogConfig: Setting CVar [[r.BloomQuality:5]]
[2019.11.17-00.28.05:938][  0]LogConfig: Setting CVar [[r.FastBlurThreshold:100]]
[2019.11.17-00.28.05:938][  0]LogConfig: Setting CVar [[r.Upscale.Quality:3]]
[2019.11.17-00.28.05:938][  0]LogConfig: Setting CVar [[r.Tonemapper.GrainQuantization:1]]
[2019.11.17-00.28.05:938][  0]LogConfig: Setting CVar [[r.LightShaftQuality:1]]
[2019.11.17-00.28.05:938][  0]LogConfig: Setting CVar [[r.Filter.SizeScale:1]]
[2019.11.17-00.28.05:938][  0]LogConfig: Setting CVar [[r.Tonemapper.Quality:5]]
[2019.11.17-00.28.05:938][  0]LogConfig: Setting CVar [[r.DOF.Gather.AccumulatorQuality:1        ; higher gathering accumulator quality]]
[2019.11.17-00.28.05:938][  0]LogConfig: Setting CVar [[r.DOF.Gather.PostfilterMethod:1          ; Median3x3 postfilering method]]
[2019.11.17-00.28.05:938][  0]LogConfig: Setting CVar [[r.DOF.Gather.EnableBokehSettings:0       ; no bokeh simulation when gathering]]
[2019.11.17-00.28.05:938][  0]LogConfig: Setting CVar [[r.DOF.Gather.RingCount:4                 ; medium number of samples when gathering]]
[2019.11.17-00.28.05:938][  0]LogConfig: Setting CVar [[r.DOF.Scatter.ForegroundCompositing:1    ; additive foreground scattering]]
[2019.11.17-00.28.05:938][  0]LogConfig: Setting CVar [[r.DOF.Scatter.BackgroundCompositing:2    ; additive background scattering]]
[2019.11.17-00.28.05:938][  0]LogConfig: Setting CVar [[r.DOF.Scatter.EnableBokehSettings:1      ; bokeh simulation when scattering]]
[2019.11.17-00.28.05:938][  0]LogConfig: Setting CVar [[r.DOF.Scatter.MaxSpriteRatio:0.1         ; only a maximum of 10% of scattered bokeh]]
[2019.11.17-00.28.05:938][  0]LogConfig: Setting CVar [[r.DOF.Recombine.Quality:1                ; cheap slight out of focus]]
[2019.11.17-00.28.05:938][  0]LogConfig: Setting CVar [[r.DOF.Recombine.EnableBokehSettings:0    ; no bokeh simulation on slight out of focus]]
[2019.11.17-00.28.05:938][  0]LogConfig: Setting CVar [[r.DOF.TemporalAAQuality:1                ; more stable temporal accumulation]]
[2019.11.17-00.28.05:938][  0]LogConfig: Setting CVar [[r.DOF.Kernel.MaxForegroundRadius:0.025]]
[2019.11.17-00.28.05:938][  0]LogConfig: Setting CVar [[r.DOF.Kernel.MaxBackgroundRadius:0.025]]
[2019.11.17-00.28.05:938][  0]LogConfig: Applying CVar settings from Section [TextureQuality@3] File [C:/Users/John/Google Drive (johnlee4107@gmail.com)/TheosProductions/Project_Plague_UE4/Saved/Config/Windows/Scalability.ini]
[2019.11.17-00.28.05:938][  0]LogConfig: Setting CVar [[r.Streaming.MipBias:0]]
[2019.11.17-00.28.05:938][  0]LogConfig: Setting CVar [[r.Streaming.AmortizeCPUToGPUCopy:0]]
[2019.11.17-00.28.05:938][  0]LogConfig: Setting CVar [[r.Streaming.MaxNumTexturesToStreamPerFrame:0]]
[2019.11.17-00.28.05:938][  0]LogConfig: Setting CVar [[r.Streaming.Boost:1]]
[2019.11.17-00.28.05:938][  0]LogConfig: Setting CVar [[r.MaxAnisotropy:8]]
[2019.11.17-00.28.05:938][  0]LogConfig: Setting CVar [[r.Streaming.LimitPoolSizeToVRAM:0]]
[2019.11.17-00.28.05:938][  0]LogConfig: Setting CVar [[r.Streaming.PoolSize:1000]]
[2019.11.17-00.28.05:938][  0]LogConfig: Setting CVar [[r.Streaming.MaxEffectiveScreenSize:0]]
[2019.11.17-00.28.05:938][  0]LogConfig: Applying CVar settings from Section [EffectsQuality@3] File [C:/Users/John/Google Drive (johnlee4107@gmail.com)/TheosProductions/Project_Plague_UE4/Saved/Config/Windows/Scalability.ini]
[2019.11.17-00.28.05:938][  0]LogConfig: Setting CVar [[r.TranslucencyLightingVolumeDim:64]]
[2019.11.17-00.28.05:938][  0]LogConfig: Setting CVar [[r.RefractionQuality:2]]
[2019.11.17-00.28.05:938][  0]LogConfig: Setting CVar [[r.SSR.Quality:3]]
[2019.11.17-00.28.05:938][  0]LogConfig: Setting CVar [[r.SceneColorFormat:4]]
[2019.11.17-00.28.05:938][  0]LogConfig: Setting CVar [[r.DetailMode:2]]
[2019.11.17-00.28.05:938][  0]LogConfig: Setting CVar [[r.TranslucencyVolumeBlur:1]]
[2019.11.17-00.28.05:938][  0]LogConfig: Setting CVar [[r.MaterialQualityLevel:1 ; High quality]]
[2019.11.17-00.28.05:938][  0]LogConfig: Setting CVar [[r.SSS.Scale:1]]
[2019.11.17-00.28.05:938][  0]LogConfig: Setting CVar [[r.SSS.SampleSet:2]]
[2019.11.17-00.28.05:939][  0]LogConfig: Setting CVar [[r.SSS.Quality:1]]
[2019.11.17-00.28.05:939][  0]LogConfig: Setting CVar [[r.SSS.HalfRes:1]]
[2019.11.17-00.28.05:939][  0]LogConfig: Setting CVar [[r.EmitterSpawnRateScale:1.0]]
[2019.11.17-00.28.05:939][  0]LogConfig: Setting CVar [[r.ParticleLightQuality:2]]
[2019.11.17-00.28.05:939][  0]LogConfig: Applying CVar settings from Section [FoliageQuality@3] File [C:/Users/John/Google Drive (johnlee4107@gmail.com)/TheosProductions/Project_Plague_UE4/Saved/Config/Windows/Scalability.ini]
[2019.11.17-00.28.05:939][  0]LogConfig: Setting CVar [[foliage.DensityScale:1.0]]
[2019.11.17-00.28.05:939][  0]LogConfig: Setting CVar [[grass.DensityScale:1.0]]
[2019.11.17-00.28.05:939][  0]LogConfig: Applying CVar settings from Section [Startup] File [../../../Engine/Config/ConsoleVariables.ini]
[2019.11.17-00.28.05:939][  0]LogConfig: Setting CVar [[net.UseAdaptiveNetUpdateFrequency:0]]
[2019.11.17-00.28.05:939][  0]LogConfig: Setting CVar [[p.chaos.AllowCreatePhysxBodies:1]]
[2019.11.17-00.28.05:939][  0]LogConfig: Applying CVar settings from Section [ConsoleVariables] File [C:/Users/John/Google Drive (johnlee4107@gmail.com)/TheosProductions/Project_Plague_UE4/Saved/Config/Windows/Engine.ini]
[2019.11.17-00.28.05:939][  0]LogInit: Computer: JOHNSPC
[2019.11.17-00.28.05:939][  0]LogInit: User: John
[2019.11.17-00.28.05:939][  0]LogInit: CPU Page size=4096, Cores=8
[2019.11.17-00.28.05:939][  0]LogInit: High frequency timer resolution =10.000000 MHz
[2019.11.17-00.28.05:939][  0]LogMemory: Memory total: Physical=15.9GB (16GB approx)
[2019.11.17-00.28.05:939][  0]LogMemory: Platform Memory Stats for Windows
[2019.11.17-00.28.05:939][  0]LogMemory: Process Physical Memory: 107.38 MB used, 107.38 MB peak
[2019.11.17-00.28.05:939][  0]LogMemory: Process Virtual Memory: 106.71 MB used, 106.71 MB peak
[2019.11.17-00.28.05:939][  0]LogMemory: Physical Memory: 8772.07 MB used,  7560.36 MB free, 16332.43 MB total
[2019.11.17-00.28.05:939][  0]LogMemory: Virtual Memory: 4727.96 MB used,  134213000.00 MB free, 134217728.00 MB total
[2019.11.17-00.28.05:947][  0]LogWindows: WindowsPlatformFeatures enabled
[2019.11.17-00.28.05:980][  0]LogInit: Using OS detected language (en-US).
[2019.11.17-00.28.05:980][  0]LogInit: Using OS detected locale (en-US).
[2019.11.17-00.28.05:981][  0]LogTextLocalizationManager: No specific localization for 'en-US' exists, so the 'en' localization will be used.
[2019.11.17-00.28.06:165][  0]LogInit: Setting process to per monitor DPI aware
[2019.11.17-00.28.06:206][  0]LogSlate: New Slate User Created.  User Index 0, Is Virtual User: 0
[2019.11.17-00.28.06:206][  0]LogSlate: Slate User Registered.  User Index 0, Is Virtual User: 0
[2019.11.17-00.28.12:442][  0]LogHMD: Failed to initialize OpenVR with code 108
[2019.11.17-00.28.12:442][  0]LogD3D11RHI: D3D11 adapters:
[2019.11.17-00.28.12:546][  0]LogD3D11RHI:    0. 'NVIDIA GeForce RTX 2080' (Feature Level 11_0)
[2019.11.17-00.28.12:546][  0]LogD3D11RHI:       8010/0/8166 MB DedicatedVideo/DedicatedSystem/SharedSystem, Outputs:1, VendorId:0x10de
[2019.11.17-00.28.12:549][  0]LogD3D11RHI:    1. 'Microsoft Basic Render Driver' (Feature Level 11_0)
[2019.11.17-00.28.12:549][  0]LogD3D11RHI:       0/0/8166 MB DedicatedVideo/DedicatedSystem/SharedSystem, Outputs:0, VendorId:0x1414
[2019.11.17-00.28.12:549][  0]LogD3D11RHI: Chosen D3D11 Adapter: 0
[2019.11.17-00.28.12:561][  0]LogD3D11RHI: Creating new Direct3DDevice
[2019.11.17-00.28.12:561][  0]LogD3D11RHI:     GPU DeviceId: 0x1e87 (for the marketing name, search the web for "GPU Device Id")
[2019.11.17-00.28.12:561][  0]LogWindows: EnumDisplayDevices:
[2019.11.17-00.28.12:561][  0]LogWindows:    0. 'NVIDIA GeForce RTX 2080' (P:1 D:1)
[2019.11.17-00.28.12:562][  0]LogWindows:    1. 'NVIDIA GeForce RTX 2080' (P:0 D:0)
[2019.11.17-00.28.12:562][  0]LogWindows:    2. 'NVIDIA GeForce RTX 2080' (P:0 D:0)
[2019.11.17-00.28.12:563][  0]LogWindows:    3. 'NVIDIA GeForce RTX 2080' (P:0 D:0)
[2019.11.17-00.28.12:563][  0]LogWindows: DebugString: FoundDriverCount:4 
[2019.11.17-00.28.12:563][  0]LogD3D11RHI:     Adapter Name: NVIDIA GeForce RTX 2080
[2019.11.17-00.28.12:563][  0]LogD3D11RHI:   Driver Version: 431.60 (internal:26.21.14.3160, unified:431.60)
[2019.11.17-00.28.12:563][  0]LogD3D11RHI:      Driver Date: 7-17-2019
[2019.11.17-00.28.12:563][  0]LogRHI: Texture pool is 5607 MB (70% of 8010 MB)
[2019.11.17-00.28.12:631][  0]LogD3D11RHI: Async texture creation enabled
[2019.11.17-00.28.12:664][  0]LogD3D11RHI: GPU Timing Frequency: 1000.000000 (Debug: 2 1)
[2019.11.17-00.28.13:178][  0]LogTemp: Display: Module 'AllDesktopTargetPlatform' loaded TargetPlatform 'AllDesktop'
[2019.11.17-00.28.13:189][  0]LogTemp: Display: Module 'MacClientTargetPlatform' loaded TargetPlatform 'MacClient'
[2019.11.17-00.28.13:200][  0]LogTemp: Display: Module 'MacNoEditorTargetPlatform' loaded TargetPlatform 'MacNoEditor'
[2019.11.17-00.28.13:210][  0]LogTemp: Display: Module 'MacServerTargetPlatform' loaded TargetPlatform 'MacServer'
[2019.11.17-00.28.13:222][  0]LogTemp: Display: Module 'MacTargetPlatform' loaded TargetPlatform 'Mac'
[2019.11.17-00.28.13:233][  0]LogTemp: Display: Module 'WindowsClientTargetPlatform' loaded TargetPlatform 'WindowsClient'
[2019.11.17-00.28.13:244][  0]LogTemp: Display: Module 'WindowsNoEditorTargetPlatform' loaded TargetPlatform 'WindowsNoEditor'
[2019.11.17-00.28.13:255][  0]LogTemp: Display: Module 'WindowsServerTargetPlatform' loaded TargetPlatform 'WindowsServer'
[2019.11.17-00.28.13:259][  0]LogTemp: Display: Module 'WindowsTargetPlatform' loaded TargetPlatform 'Windows'
[2019.11.17-00.28.13:299][  0]LogTemp: Display: Module 'AndroidTargetPlatform' loaded TargetPlatform 'Android'
[2019.11.17-00.28.13:299][  0]LogTemp: Display: Module 'AndroidTargetPlatform' loaded TargetPlatform 'Android_ASTC'
[2019.11.17-00.28.13:299][  0]LogTemp: Display: Module 'AndroidTargetPlatform' loaded TargetPlatform 'Android_ATC'
[2019.11.17-00.28.13:299][  0]LogTemp: Display: Module 'AndroidTargetPlatform' loaded TargetPlatform 'Android_DXT'
[2019.11.17-00.28.13:299][  0]LogTemp: Display: Module 'AndroidTargetPlatform' loaded TargetPlatform 'Android_ETC1'
[2019.11.17-00.28.13:299][  0]LogTemp: Display: Module 'AndroidTargetPlatform' loaded TargetPlatform 'Android_ETC1a'
[2019.11.17-00.28.13:299][  0]LogTemp: Display: Module 'AndroidTargetPlatform' loaded TargetPlatform 'Android_ETC2'
[2019.11.17-00.28.13:299][  0]LogTemp: Display: Module 'AndroidTargetPlatform' loaded TargetPlatform 'Android_PVRTC'
[2019.11.17-00.28.13:299][  0]LogTemp: Display: Module 'AndroidTargetPlatform' loaded TargetPlatform 'AndroidClient'
[2019.11.17-00.28.13:299][  0]LogTemp: Display: Module 'AndroidTargetPlatform' loaded TargetPlatform 'Android_ASTCClient'
[2019.11.17-00.28.13:299][  0]LogTemp: Display: Module 'AndroidTargetPlatform' loaded TargetPlatform 'Android_ATCClient'
[2019.11.17-00.28.13:299][  0]LogTemp: Display: Module 'AndroidTargetPlatform' loaded TargetPlatform 'Android_DXTClient'
[2019.11.17-00.28.13:299][  0]LogTemp: Display: Module 'AndroidTargetPlatform' loaded TargetPlatform 'Android_ETC1Client'
[2019.11.17-00.28.13:299][  0]LogTemp: Display: Module 'AndroidTargetPlatform' loaded TargetPlatform 'Android_ETC1aClient'
[2019.11.17-00.28.13:299][  0]LogTemp: Display: Module 'AndroidTargetPlatform' loaded TargetPlatform 'Android_ETC2Client'
[2019.11.17-00.28.13:299][  0]LogTemp: Display: Module 'AndroidTargetPlatform' loaded TargetPlatform 'Android_PVRTCClient'
[2019.11.17-00.28.13:299][  0]LogTemp: Display: Module 'AndroidTargetPlatform' loaded TargetPlatform 'Android_Multi'
[2019.11.17-00.28.13:299][  0]LogTemp: Display: Module 'AndroidTargetPlatform' loaded TargetPlatform 'Android_MultiClient'
[2019.11.17-00.28.13:302][  0]LogTemp: Display: Module 'HTML5TargetPlatform' loaded TargetPlatform 'HTML5'
[2019.11.17-00.28.13:324][  0]LogTemp: Display: Module 'IOSTargetPlatform' loaded TargetPlatform 'IOSClient'
[2019.11.17-00.28.13:324][  0]LogTemp: Display: Module 'IOSTargetPlatform' loaded TargetPlatform 'IOS'
[2019.11.17-00.28.13:344][  0]LogTemp: Display: Module 'TVOSTargetPlatform' loaded TargetPlatform 'TVOSClient'
[2019.11.17-00.28.13:344][  0]LogTemp: Display: Module 'TVOSTargetPlatform' loaded TargetPlatform 'TVOS'
[2019.11.17-00.28.13:355][  0]LogTemp: Display: Module 'LinuxClientTargetPlatform' loaded TargetPlatform 'LinuxClient'
[2019.11.17-00.28.13:366][  0]LogTemp: Display: Module 'LinuxNoEditorTargetPlatform' loaded TargetPlatform 'LinuxNoEditor'
[2019.11.17-00.28.13:376][  0]LogTemp: Display: Module 'LinuxServerTargetPlatform' loaded TargetPlatform 'LinuxServer'
[2019.11.17-00.28.13:388][  0]LogTemp: Display: Module 'LinuxTargetPlatform' loaded TargetPlatform 'Linux'
[2019.11.17-00.28.13:424][  0]LogTemp: Display: Module 'LuminTargetPlatform' loaded TargetPlatform 'Lumin'
[2019.11.17-00.28.13:424][  0]LogTemp: Display: Module 'LuminTargetPlatform' loaded TargetPlatform 'LuminClient'
[2019.11.17-00.28.13:424][  0]LogTargetPlatformManager: Display: Building Assets For Windows
[2019.11.17-00.28.13:433][  0]LogAudioDebug: Display: Lib vorbis DLL was dynamically loaded.
[2019.11.17-00.28.13:492][  0]LogShaderCompilers: Guid format shader working directory is -41 characters bigger than the processId version (C:/Users/John/Google Drive (johnlee4107@gmail.com)/TheosProductions/Project_Plague_UE4/Intermediate/Shaders/WorkingDirectory/3704/).
[2019.11.17-00.28.13:492][  0]LogShaderCompilers: Cleaned the shader compiler working directory 'C:/Users/John/AppData/Local/Temp/UnrealShaderWorkingDir/6F911D644C7028BEAD68F7AD26A9B73E/'.
[2019.11.17-00.28.13:494][  0]LogXGEController: Cannot use XGE Controller as Incredibuild is not installed on this machine.
[2019.11.17-00.28.13:494][  0]LogShaderCompilers: Cannot use XGE Shader Compiler as Incredibuild is not installed on this machine.
[2019.11.17-00.28.13:494][  0]LogShaderCompilers: Display: Using Local Shader Compiler.
[2019.11.17-00.28.14:221][  0]LogDerivedDataCache: Display: Max Cache Size: 512 MB
[2019.11.17-00.28.14:296][  0]LogDerivedDataCache: Loaded boot cache 0.07s 76MB C:/Users/John/AppData/Local/UnrealEngine/4.23/DerivedDataCache/Boot.ddc.
[2019.11.17-00.28.14:296][  0]LogDerivedDataCache: Display: Loaded Boot cache: C:/Users/John/AppData/Local/UnrealEngine/4.23/DerivedDataCache/Boot.ddc
[2019.11.17-00.28.14:296][  0]LogDerivedDataCache: FDerivedDataBackendGraph:  Pak pak cache file C:/Users/John/Google Drive (johnlee4107@gmail.com)/TheosProductions/Project_Plague_UE4/DerivedDataCache/DDC.ddp not found, will not use a pak cache.
[2019.11.17-00.28.14:296][  0]LogDerivedDataCache: Unable to find inner node Pak for hierarchical cache Hierarchy.
[2019.11.17-00.28.14:296][  0]LogDerivedDataCache: FDerivedDataBackendGraph:  CompressedPak pak cache file C:/Users/John/Google Drive (johnlee4107@gmail.com)/TheosProductions/Project_Plague_UE4/DerivedDataCache/Compressed.ddp not found, will not use a pak cache.
[2019.11.17-00.28.14:296][  0]LogDerivedDataCache: Unable to find inner node CompressedPak for hierarchical cache Hierarchy.
[2019.11.17-00.28.14:310][  0]LogDerivedDataCache: Display: Pak cache opened for reading ../../../Engine/DerivedDataCache/Compressed.ddp.
[2019.11.17-00.28.14:310][  0]LogDerivedDataCache: FDerivedDataBackendGraph:  EnterprisePak pak cache file ../../../Enterprise/DerivedDataCache/Compressed.ddp not found, will not use a pak cache.
[2019.11.17-00.28.14:310][  0]LogDerivedDataCache: Unable to find inner node EnterprisePak for hierarchical cache Hierarchy.
[2019.11.17-00.28.14:312][  0]LogDerivedDataCache: Using Local data cache path C:/Users/John/AppData/Local/UnrealEngine/Common/DerivedDataCache: Writable
[2019.11.17-00.28.14:312][  0]LogDerivedDataCache: Shared data cache path not found in *engine.ini, will not use an Shared cache.
[2019.11.17-00.28.14:312][  0]LogDerivedDataCache: Unable to find inner node Shared for hierarchical cache Hierarchy.
[2019.11.17-00.28.14:337][  0]LogMaterial: Verifying Global Shaders for PCD3D_SM5
[2019.11.17-00.28.14:341][  0]LogSlate: Using FreeType 2.6.0
[2019.11.17-00.28.14:342][  0]LogSlate: SlateFontServices - WITH_FREETYPE: 1, WITH_HARFBUZZ: 1
[2019.11.17-00.28.14:433][  0]LogAssetRegistry: FAssetRegistry took 0.0037 seconds to start up
[2019.11.17-00.28.14:809][  0]LogInit: Selected Device Profile: [Windows]
[2019.11.17-00.28.15:005][  0]LogMeshReduction: Using QuadricMeshReduction for automatic static mesh reduction
[2019.11.17-00.28.15:005][  0]LogMeshReduction: Using SimplygonMeshReduction for automatic skeletal mesh reduction
[2019.11.17-00.28.15:005][  0]LogMeshReduction: Using ProxyLODMeshReduction for automatic mesh merging
[2019.11.17-00.28.15:005][  0]LogMeshReduction: No distributed automatic mesh merging module available
[2019.11.17-00.28.15:005][  0]LogMeshMerging: No distributed automatic mesh merging module available
[2019.11.17-00.28.15:024][  0]LogNetVersion: Project_Plague_UE4 1.0.0, NetCL: 8386587, EngineNetVer: 11, GameNetVer: 0 (Checksum: 1726986232)
[2019.11.17-00.28.15:624][  0]LogPackageLocalizationCache: Processed 13 localized package path(s) for 1 prioritized culture(s) in 0.090388 seconds
[2019.11.17-00.28.15:633][  0]LogUObjectArray: 43444 objects as part of root set at end of initial load.
[2019.11.17-00.28.15:633][  0]LogUObjectAllocator: 7548648 out of 0 bytes used by permanent object pool.
[2019.11.17-00.28.15:633][  0]LogUObjectArray: CloseDisregardForGC: 0/0 objects in disregard for GC pool
[2019.11.17-00.28.17:531][  0]LogTcpMessaging: Initializing TcpMessaging bridge
[2019.11.17-00.28.17:535][  0]LogUdpMessaging: Initializing bridge on interface 0.0.0.0:0 to multicast group 230.0.0.1:6666.
[2019.11.17-00.28.19:222][  0]SourceControl: Source control is disabled
[2019.11.17-00.28.19:222][  0]SourceControl: Source control is disabled
[2019.11.17-00.28.19:223][  0]SourceControl: Source control is disabled
[2019.11.17-00.28.19:225][  0]SourceControl: Source control is disabled
[2019.11.17-00.28.19:343][  0]LogAndroidPermission: UAndroidPermissionCallbackProxy::GetInstance
[2019.11.17-00.28.19:873][  0]LogOcInput: OculusInput pre-init called
[2019.11.17-00.28.20:723][  0]LogEngine: Initializing Engine...
[2019.11.17-00.28.20:834][  0]LogHMD: Failed to initialize OpenVR with code 108
[2019.11.17-00.28.20:836][  0]LogStats: UGameplayTagsManager::InitializeManager -  0.000 s
[2019.11.17-00.28.21:080][  0]LogInit: Initializing FReadOnlyCVARCache
[2019.11.17-00.28.21:094][  0]LogAIModule: Creating AISystem for world Untitled
[2019.11.17-00.28.21:336][  0]LogInit: XAudio2 using 'Speakers (7- Audioengine D1)' : 2 channels at 48 kHz using 24 bits per sample (channel mask 0x3)
[2019.11.17-00.28.21:487][  0]LogInit: FAudioDevice initialized.
[2019.11.17-00.28.21:487][  0]LogNetVersion: Set ProjectVersion to 1.0.0.0. Version Checksum will be recalculated on next use.
[2019.11.17-00.28.21:673][  0]LogDerivedDataCache: Saved boot cache 0.19s 76MB C:/Users/John/AppData/Local/UnrealEngine/4.23/DerivedDataCache/Boot.ddc.
[2019.11.17-00.28.21:683][  0]LogInit: Texture streaming: Enabled
[2019.11.17-00.28.21:706][  0]LogEngineSessionManager: EngineSessionManager initialized
[2019.11.17-00.28.21:706][  0]LogEditorSessionSummary: Verbose: Initializing EditorSessionSummaryWriter for editor session tracking
[2019.11.17-00.28.21:710][  0]LogEditorSessionSummary: EditorSessionSummaryWriter initialized
[2019.11.17-00.28.21:796][  0]LogInit: Transaction tracking system initialized
[2019.11.17-00.28.21:823][  0]BlueprintLog: New page: Editor Load
[2019.11.17-00.28.21:894][  0]LocalizationService: Localization service is disabled
[2019.11.17-00.28.22:168][  0]LogCook: Display: Max memory allowance for cook 16384mb min free memory 0mb
[2019.11.17-00.28.22:168][  0]LogCook: Display: Mobile HDR setting 1
[2019.11.17-00.28.22:366][  0]LogFileCache: Scanning file cache for directory 'C:/Users/John/Google Drive (johnlee4107@gmail.com)/TheosProductions/Project_Plague_UE4/Content/' took 0.02s
[2019.11.17-00.28.22:366][  0]SourceControl: Source control is disabled
[2019.11.17-00.28.22:367][  0]Cmd: MAP LOAD FILE="C:/Users/John/Google Drive (johnlee4107@gmail.com)/TheosProductions/Project_Plague_UE4/Content/FirstPersonBP/Maps/FirstPersonExampleMap.umap" TEMPLATE=0 SHOWPROGRESS=1 FEATURELEVEL=3
[2019.11.17-00.28.22:367][  0]LightingResults: New page: Lighting Build
[2019.11.17-00.28.22:369][  0]LogWorld: UWorld::CleanupWorld for Untitled, bSessionEnded=true, bCleanupResources=true
[2019.11.17-00.28.22:370][  0]MapCheck: New page: Map Check
[2019.11.17-00.28.22:370][  0]LightingResults: New page: Lighting Build
[2019.11.17-00.28.22:412][  0]LogUObjectHash: Compacting FUObjectHashTables data took   1.87ms
[2019.11.17-00.28.23:484][  0]LogAIModule: Creating AISystem for world FirstPersonExampleMap
[2019.11.17-00.28.23:571][  0]LogEditorServer: Finished looking for orphan Actors (0.000 secs)
[2019.11.17-00.28.23:618][  0]LogUObjectHash: Compacting FUObjectHashTables data took   2.71ms
[2019.11.17-00.28.23:618][  0]Cmd: MAP CHECKDEP NOCLEARLOG
[2019.11.17-00.28.23:619][  0]MapCheck: Map check complete: 0 Error(s), 0 Warning(s), took 0.538ms to complete.
[2019.11.17-00.28.23:619][  0]LogFileHelpers: Loading map 'FirstPersonExampleMap' took 1.253
[2019.11.17-00.28.23:771][  0]LogSlate: Updating window title bar state: overlay mode, drag disabled, window buttons hidden, title bar hidden
[2019.11.17-00.28.23:780][  0]LogSlate: Updating window title bar state: overlay mode, drag disabled, window buttons hidden, title bar hidden
[2019.11.17-00.28.23:788][  0]LogSlate: Updating window title bar state: overlay mode, drag disabled, window buttons hidden, title bar hidden
[2019.11.17-00.28.23:796][  0]LogSlate: Updating window title bar state: overlay mode, drag disabled, window buttons hidden, title bar hidden
[2019.11.17-00.28.23:802][  0]LogCollectionManager: Loaded 0 collections in 0.001361 seconds
[2019.11.17-00.28.23:808][  0]LogFileCache: Scanning file cache for directory 'C:/Users/John/Google Drive (johnlee4107@gmail.com)/TheosProductions/Project_Plague_UE4/Saved/Collections/' took 0.00s
[2019.11.17-00.28.23:808][  0]LogFileCache: Scanning file cache for directory 'C:/Users/John/Google Drive (johnlee4107@gmail.com)/TheosProductions/Project_Plague_UE4/Content/Developers/John/Collections/' took 0.00s
[2019.11.17-00.28.23:808][  0]LogFileCache: Scanning file cache for directory 'C:/Users/John/Google Drive (johnlee4107@gmail.com)/TheosProductions/Project_Plague_UE4/Content/Collections/' took 0.00s
[2019.11.17-00.28.23:808][  0]LogCollectionManager: Rebuilt the GUID cache for 0 collections in 0.000002 seconds
[2019.11.17-00.28.23:818][  0]LogContentBrowser: Native class hierarchy populated in 0.0100 seconds. Added 2873 classes and 697 folders.
[2019.11.17-00.28.23:824][  0]LogContentBrowser: Native class hierarchy updated for 'WidgetCarousel' in 0.0003 seconds. Added 0 classes and 0 folders.
[2019.11.17-00.28.23:895][  0]LogContentBrowser: Native class hierarchy updated for 'AddContentDialog' in 0.0003 seconds. Added 0 classes and 0 folders.
[2019.11.17-00.28.23:901][  0]LogContentBrowser: Native class hierarchy updated for 'SceneOutliner' in 0.0003 seconds. Added 1 classes and 2 folders.
[2019.11.17-00.28.23:919][  0]LogSlate: Took 0.000285 seconds to synchronously load lazily loaded font '../../../Engine/Content/Slate/Fonts/Roboto-Regular.ttf' (155K)
[2019.11.17-00.28.23:922][  0]LogSlate: Took 0.000288 seconds to synchronously load lazily loaded font '../../../Engine/Content/Slate/Fonts/Roboto-Bold.ttf' (160K)
[2019.11.17-00.28.23:926][  0]LogSlate: Took 0.000249 seconds to synchronously load lazily loaded font '../../../Engine/Content/Editor/Slate/Fonts/FontAwesome.ttf' (139K)
[2019.11.17-00.28.23:993][  0]LogRenderer: Reallocating scene render targets to support 1616x572 Format 10 NumSamples 1 (Frame:1).
[2019.11.17-00.28.24:313][  0]LogContentBrowser: Native class hierarchy updated for 'HierarchicalLODOutliner' in 0.0003 seconds. Added 0 classes and 0 folders.
[2019.11.17-00.28.24:314][  0]LogLoad: (Engine Initialization) Total time: 20.36 seconds
[2019.11.17-00.28.24:314][  0]LogLoad: (Engine Initialization) Total Blueprint compile time: 0.00 seconds
[2019.11.17-00.28.24:374][  0]LogContentStreaming: Texture pool size now 1000 MB
[2019.11.17-00.28.24:398][  0]LogSlate: Took 0.000268 seconds to synchronously load lazily loaded font '../../../Engine/Content/Slate/Fonts/Roboto-Light.ttf' (167K)
[2019.11.17-00.28.24:430][  1]LogAssetRegistry: Asset discovery search completed in 9.9981 seconds
[2019.11.17-00.28.24:434][  1]LogCollectionManager: Rebuilt the object cache for 0 collections in 0.000008 seconds (found 0 objects)
[2019.11.17-00.28.24:434][  1]LogCollectionManager: Fixed up redirectors for 0 collections in 0.000072 seconds (updated 0 objects)
[2019.11.17-00.29.14:390][441]LogEditorViewport: Clicking on Actor (LMB): Landscape (Landscape)
[2019.11.17-00.29.16:888][518]LogSlate: FSceneViewport::OnFocusLost() reason 5
[2019.11.17-00.29.19:931][878]LogSlate: FSceneViewport::OnFocusLost() reason 5
[2019.11.17-00.29.22:140][138]LogSlate: FSceneViewport::OnFocusLost() reason 5
[2019.11.17-00.29.25:366][138]LogSlate: Only BGRA pngs, bmps or icos are supported in by External Image Picker
[2019.11.17-00.29.25:649][139]LogEditorSessionSummary: EditorSessionSummary sent report. Type=Shutdown, SessionId={C88154DE-4DC8-0BBA-19A5-F6BFCC4AA87C}
[2019.11.17-00.29.44:815][ 45]LogMaterial: Display: Missing cached shader map for material M_ConcertClientPresence, compiling. 
[2019.11.17-00.29.44:993][ 45]LogShaderCompilers: Display: Worker (1/13): shaders left to compile 22
[2019.11.17-00.29.44:993][ 45]LogShaderCompilers: Display: Worker (2/13): shaders left to compile 20
[2019.11.17-00.29.44:993][ 45]LogShaderCompilers: Display: Worker (3/13): shaders left to compile 18
[2019.11.17-00.29.44:993][ 45]LogShaderCompilers: Display: Worker (4/13): shaders left to compile 16
[2019.11.17-00.29.44:993][ 45]LogShaderCompilers: Display: Worker (5/13): shaders left to compile 14
[2019.11.17-00.29.44:993][ 45]LogShaderCompilers: Display: Worker (6/13): shaders left to compile 12
[2019.11.17-00.29.44:993][ 45]LogShaderCompilers: Display: Worker (7/13): shaders left to compile 10
[2019.11.17-00.29.44:993][ 45]LogShaderCompilers: Display: Worker (8/13): shaders left to compile 8
[2019.11.17-00.29.44:994][ 45]LogShaderCompilers: Display: Worker (9/13): shaders left to compile 6
[2019.11.17-00.29.44:994][ 45]LogShaderCompilers: Display: Worker (10/13): shaders left to compile 4
[2019.11.17-00.29.44:994][ 45]LogShaderCompilers: Display: Worker (11/13): shaders left to compile 2
[2019.11.17-00.29.44:994][ 45]LogStaticMesh: Building static mesh MonitorMesh...
[2019.11.17-00.29.45:031][ 45]LogSlate: Took 0.000377 seconds to synchronously load lazily loaded font '../../../Engine/Content/Slate/Fonts/Roboto-Light.ttf' (167K)
[2019.11.17-00.29.45:182][ 45]LogStaticMesh: Built static mesh [0.22s] /ConcertSyncClient/MonitorMesh.MonitorMesh
[2019.11.17-00.29.45:293][ 45]LogMaterial: Display: Missing cached shader map for material M_UE4Head_Body, compiling. 
[2019.11.17-00.29.45:342][ 45]LogStaticMesh: Building static mesh HeadMesh...
[2019.11.17-00.29.45:347][ 45]LogSlate: FSceneViewport::OnFocusLost() reason 5
[2019.11.17-00.29.45:403][ 45]LogShaderCompilers: Display: Worker (12/13): shaders left to compile 45
[2019.11.17-00.29.45:403][ 45]LogStaticMesh: Built static mesh [0.06s] /ConcertSyncClient/HeadMesh.HeadMesh
[2019.11.17-00.29.45:838][ 45]LogMaterial: Display: Missing cached shader map for material M_ConcertClientPresence-Desktop, compiling. 
[2019.11.17-00.29.45:865][ 45]LogMaterial: Display: Missing cached shader map for material M_UE4Head_Desktop, compiling. 
[2019.11.17-00.29.46:066][ 45]LogMaterial: Display: Missing cached shader map for material M_MonitorScreen, compiling. 
[2019.11.17-00.29.46:105][ 45]LogStaticMesh: Building static mesh SM_Hand-Lft-Mesh...
[2019.11.17-00.29.46:112][ 45]LogSlate: FSceneViewport::OnFocusLost() reason 5
[2019.11.17-00.29.46:113][ 45]LogSlate: Warning: Slate: Had to block on waiting for a draw buffer
[2019.11.17-00.29.46:235][ 45]LogStaticMesh: Built static mesh [0.13s] /ConcertSyncClient/SM_Hand-Lft-Mesh.SM_Hand-Lft-Mesh
[2019.11.17-00.29.46:257][ 45]LogStaticMesh: Building static mesh SM_GenericHMD...
[2019.11.17-00.29.46:262][ 45]LogSlate: FSceneViewport::OnFocusLost() reason 5
[2019.11.17-00.29.46:394][ 45]LogStaticMesh: Built static mesh [0.14s] /ConcertSyncClient/SM_GenericHMD.SM_GenericHMD
[2019.11.17-00.29.47:662][ 86]LogShaderCompilers: Display: Worker (4/13): shaders left to compile 147
[2019.11.17-00.29.47:722][ 88]LogShaderCompilers: Display: Worker (11/13): shaders left to compile 137
[2019.11.17-00.29.47:795][ 90]LogShaderCompilers: Display: Worker (1/13): shaders left to compile 127
[2019.11.17-00.29.47:795][ 90]LogShaderCompilers: Display: Worker (2/13): shaders left to compile 117
[2019.11.17-00.29.47:859][ 92]LogShaderCompilers: Display: Worker (3/13): shaders left to compile 107
[2019.11.17-00.29.48:198][104]LogShaderCompilers: Display: Worker (5/13): shaders left to compile 98
[2019.11.17-00.29.48:262][107]LogShaderCompilers: Display: Worker (6/13): shaders left to compile 89
[2019.11.17-00.29.48:262][107]LogShaderCompilers: Display: Worker (8/13): shaders left to compile 81
[2019.11.17-00.29.48:347][112]LogShaderCompilers: Display: Worker (9/13): shaders left to compile 73
[2019.11.17-00.29.48:397][115]LogShaderCompilers: Display: Worker (10/13): shaders left to compile 66
[2019.11.17-00.29.48:456][118]LogShaderCompilers: Display: Worker (12/13): shaders left to compile 60
[2019.11.17-00.29.48:494][120]LogShaderCompilers: Display: Worker (7/13): shaders left to compile 54
[2019.11.17-00.29.50:500][160]LogShaderCompilers: Display: Worker (7/13): shaders left to compile 49
[2019.11.17-00.29.50:552][161]LogShaderCompilers: Display: Worker (3/13): shaders left to compile 44
[2019.11.17-00.29.50:676][164]LogShaderCompilers: Display: Worker (12/13): shaders left to compile 40
[2019.11.17-00.29.51:013][171]LogShaderCompilers: Display: Worker (6/13): shaders left to compile 36
[2019.11.17-00.29.51:231][175]LogShaderCompilers: Display: Worker (4/13): shaders left to compile 32
[2019.11.17-00.29.51:333][177]LogShaderCompilers: Display: Worker (5/13): shaders left to compile 29
[2019.11.17-00.29.51:374][177]LogShaderCompilers: Display: Worker (10/13): shaders left to compile 26
[2019.11.17-00.29.51:486][180]LogShaderCompilers: Display: Worker (11/13): shaders left to compile 23
[2019.11.17-00.29.52:237][192]LogShaderCompilers: Display: Worker (12/13): shaders left to compile 21
[2019.11.17-00.29.52:297][193]LogShaderCompilers: Display: Worker (3/13): shaders left to compile 19
[2019.11.17-00.29.52:346][194]LogShaderCompilers: Display: Worker (6/13): shaders left to compile 17
[2019.11.17-00.29.52:377][195]LogShaderCompilers: Display: Worker (8/13): shaders left to compile 15
[2019.11.17-00.29.52:480][197]LogShaderCompilers: Display: Worker (7/13): shaders left to compile 13
[2019.11.17-00.29.52:923][205]LogShaderCompilers: Display: Worker (6/13): shaders left to compile 11
[2019.11.17-00.29.53:159][210]LogShaderCompilers: Display: Worker (11/13): shaders left to compile 10
[2019.11.17-00.29.53:203][211]LogShaderCompilers: Display: Worker (1/13): shaders left to compile 9
[2019.11.17-00.29.53:203][211]LogShaderCompilers: Display: Worker (7/13): shaders left to compile 8
[2019.11.17-00.29.53:267][212]LogShaderCompilers: Display: Worker (8/13): shaders left to compile 7
[2019.11.17-00.29.53:335][214]LogShaderCompilers: Display: Worker (6/13): shaders left to compile 6
[2019.11.17-00.29.53:335][214]LogShaderCompilers: Display: Worker (9/13): shaders left to compile 5
[2019.11.17-00.29.53:408][215]LogShaderCompilers: Display: Worker (3/13): shaders left to compile 4
[2019.11.17-00.29.53:466][216]LogShaderCompilers: Display: Worker (12/13): shaders left to compile 3
[2019.11.17-00.29.53:514][217]LogShaderCompilers: Display: Worker (7/13): shaders left to compile 2
[2019.11.17-00.29.53:517][217]LogShaderCompilers: Display: Worker (11/13): shaders left to compile 1
[2019.11.17-00.29.55:042][239]LogSlate: FSceneViewport::OnFocusLost() reason 5
[2019.11.17-00.30.18:571][579]LogSlate: Window 'Color Picker' being destroyed
[2019.11.17-00.31.23:564][170]LogSlate: Window 'Project Settings' being destroyed
[2019.11.17-00.31.23:572][170]LogSlate: Window 'Project Settings' being destroyed
[2019.11.17-00.31.24:409][203]LogSlate: FSceneViewport::OnFocusLost() reason 0
[2019.11.17-00.31.24:502][213]Cmd: CLOSE_SLATE_MAINFRAME
[2019.11.17-00.31.24:565][213]LogUObjectHash: Compacting FUObjectHashTables data took   2.39ms
[2019.11.17-00.31.24:652][213]LogSlate: Window 'Project_Plague_UE4 - Unreal Editor' being destroyed
[2019.11.17-00.31.24:718][213]LogDirectoryWatcher: A directory notification for '../../../Engine/Plugins/' was aborted.
[2019.11.17-00.31.24:833][214]Cmd: QUIT_EDITOR
[2019.11.17-00.31.25:113][214]LogWindowsTextInputMethodSystem: Display: IME system now deactivated.
[2019.11.17-00.31.25:118][214]LogExit: Preparing to exit.
[2019.11.17-00.31.27:635][214]LogWorld: UWorld::CleanupWorld for World_0, bSessionEnded=true, bCleanupResources=true
[2019.11.17-00.31.27:665][214]LogDemo: Cleaned up 0 splitscreen connections with owner deletion
[2019.11.17-00.31.27:682][214]LogExit: Editor shut down
[2019.11.17-00.31.27:682][214]LogExit: Transaction tracking system shut down
[2019.11.17-00.31.27:882][214]LogExit: Object subsystem successfully closed.
[2019.11.17-00.31.27:914][214]LogShaderCompilers: Display: Shaders left to compile 0
[2019.11.17-00.31.27:958][214]LogModuleManager: Shutting down and abandoning module MeshBuilder (688)
[2019.11.17-00.31.27:958][214]LogModuleManager: Shutting down and abandoning module ExternalImagePicker (686)
[2019.11.17-00.31.27:958][214]LogModuleManager: Shutting down and abandoning module HierarchicalLODOutliner (684)
[2019.11.17-00.31.27:958][214]LogModuleManager: Shutting down and abandoning module SceneOutliner (682)
[2019.11.17-00.31.27:958][214]LogModuleManager: Shutting down and abandoning module AddContentDialog (680)
[2019.11.17-00.31.27:958][214]LogModuleManager: Shutting down and abandoning module WidgetCarousel (679)
[2019.11.17-00.31.27:958][214]LogModuleManager: Shutting down and abandoning module EditorWidgets (676)
[2019.11.17-00.31.27:958][214]LogModuleManager: Shutting down and abandoning module CollectionManager (674)
[2019.11.17-00.31.27:959][214]LogModuleManager: Shutting down and abandoning module StatsViewer (672)
[2019.11.17-00.31.27:959][214]LogModuleManager: Shutting down and abandoning module VirtualTexturingEditor (670)
[2019.11.17-00.31.27:959][214]LogModuleManager: Shutting down and abandoning module FoliageEdit (668)
[2019.11.17-00.31.27:959][214]LogModuleManager: Shutting down and abandoning module LandscapeEditor (666)
[2019.11.17-00.31.27:959][214]LogModuleManager: Shutting down and abandoning module MeshPaintMode (664)
[2019.11.17-00.31.27:959][214]LogModuleManager: Shutting down and abandoning module SceneDepthPickerMode (662)
[2019.11.17-00.31.27:959][214]LogModuleManager: Shutting down and abandoning module ActorPickerMode (660)
[2019.11.17-00.31.27:959][214]LogModuleManager: Shutting down and abandoning module GeometryMode (658)
[2019.11.17-00.31.27:959][214]LogModuleManager: Shutting down and abandoning module TextureAlignMode (656)
[2019.11.17-00.31.27:959][214]LogModuleManager: Shutting down and abandoning module BspMode (654)
[2019.11.17-00.31.27:959][214]LogModuleManager: Shutting down and abandoning module PIEPreviewDeviceProfileSelector (652)
[2019.11.17-00.31.27:959][214]LogModuleManager: Shutting down and abandoning module SequenceRecorderSections (650)
[2019.11.17-00.31.27:959][214]LogModuleManager: Shutting down and abandoning module AutomationWorker (648)
[2019.11.17-00.31.27:959][214]LogModuleManager: Shutting down and abandoning module OculusMR (646)
[2019.11.17-00.31.27:959][214]LogModuleManager: Shutting down and abandoning module AudioCaptureEditor (644)
[2019.11.17-00.31.27:959][214]LogModuleManager: Shutting down and abandoning module MatineeToLevelSequence (642)
[2019.11.17-00.31.27:959][214]LogModuleManager: Shutting down and abandoning module LevelSequenceEditor (640)
[2019.11.17-00.31.27:959][214]LogModuleManager: Shutting down and abandoning module PlacementMode (639)
[2019.11.17-00.31.27:959][214]LogModuleManager: Shutting down and abandoning module MaterialEditor (638)
[2019.11.17-00.31.27:959][214]LogModuleManager: Shutting down and abandoning module ActorSequenceEditor (634)
[2019.11.17-00.31.27:959][214]LogModuleManager: Shutting down and abandoning module WmfMediaFactory (632)
[2019.11.17-00.31.27:959][214]LogModuleManager: Shutting down and abandoning module WmfMediaEditor (630)
[2019.11.17-00.31.27:959][214]LogModuleManager: Shutting down and abandoning module WebMMediaFactory (628)
[2019.11.17-00.31.27:959][214]LogModuleManager: Shutting down and abandoning module WebMMediaEditor (626)
[2019.11.17-00.31.27:959][214]LogModuleManager: Shutting down and abandoning module WebMMedia (624)
[2019.11.17-00.31.27:959][214]LogModuleManager: Shutting down and abandoning module MediaPlayerEditor (622)
[2019.11.17-00.31.27:959][214]LogModuleManager: Shutting down and abandoning module MediaCompositingEditor (620)
[2019.11.17-00.31.27:959][214]LogModuleManager: Shutting down and abandoning module SequenceRecorder (619)
[2019.11.17-00.31.27:959][214]LogModuleManager: Shutting down and abandoning module OpenExrWrapper (616)
[2019.11.17-00.31.27:959][214]LogModuleManager: Shutting down and abandoning module ImgMediaFactory (614)
[2019.11.17-00.31.27:959][214]LogModuleManager: Shutting down and abandoning module ImgMediaEditor (612)
[2019.11.17-00.31.27:959][214]LogModuleManager: Shutting down and abandoning module AvfMediaFactory (610)
[2019.11.17-00.31.27:959][214]LogModuleManager: Shutting down and abandoning module AvfMediaEditor (608)
[2019.11.17-00.31.27:960][214]LogModuleManager: Shutting down and abandoning module AndroidMediaFactory (606)
[2019.11.17-00.31.27:960][214]LogModuleManager: Shutting down and abandoning module AndroidMediaEditor (604)
[2019.11.17-00.31.27:960][214]LogModuleManager: Shutting down and abandoning module MagicLeapCameraPreviewFactory (602)
[2019.11.17-00.31.27:960][214]LogModuleManager: Shutting down and abandoning module MagicLeapMediaCodecFactory (600)
[2019.11.17-00.31.27:960][214]LogModuleManager: Shutting down and abandoning module MagicLeapMediaFactory (598)
[2019.11.17-00.31.27:960][214]LogModuleManager: Shutting down and abandoning module MagicLeapMediaEditor (596)
[2019.11.17-00.31.27:960][214]LogModuleManager: Shutting down and abandoning module CharacterAI (594)
[2019.11.17-00.31.27:960][214]LogModuleManager: Shutting down and abandoning module SmartSnapping (592)
[2019.11.17-00.31.27:960][214]LogModuleManager: Shutting down and abandoning module SessionServices (590)
[2019.11.17-00.31.27:960][214]LogModuleManager: Shutting down and abandoning module MeshPaint (588)
[2019.11.17-00.31.27:960][214]LogModuleManager: Shutting down and abandoning module ViewportSnapping (586)
[2019.11.17-00.31.27:960][214]LogModuleManager: Shutting down and abandoning module ViewportInteraction (584)
[2019.11.17-00.31.27:960][214]LogModuleManager: Shutting down and abandoning module ClothPainter (582)
[2019.11.17-00.31.27:960][214]LogModuleManager: Shutting down and abandoning module SkeletalMeshEditor (581)
[2019.11.17-00.31.27:960][214]LogModuleManager: Shutting down and abandoning module LogVisualizer (578)
[2019.11.17-00.31.27:960][214]LogModuleManager: Shutting down and abandoning module IntroTutorials (576)
[2019.11.17-00.31.27:960][214]LogModuleManager: Shutting down and abandoning module GameProjectGeneration (575)
[2019.11.17-00.31.27:960][214]LogModuleManager: Shutting down and abandoning module LuminPlatformEditor (572)
[2019.11.17-00.31.27:960][214]LogModuleManager: Shutting down and abandoning module IOSPlatformEditor (570)
[2019.11.17-00.31.27:960][214]LogModuleManager: Shutting down and abandoning module HTML5PlatformEditor (568)
[2019.11.17-00.31.27:960][214]LogModuleManager: Shutting down and abandoning module AndroidPlatformEditor (566)
[2019.11.17-00.31.27:960][214]LogModuleManager: Shutting down and abandoning module AndroidDeviceDetection (565)
[2019.11.17-00.31.28:029][214]LogModuleManager: Shutting down and abandoning module WindowsPlatformEditor (562)
[2019.11.17-00.31.28:029][214]LogModuleManager: Shutting down and abandoning module LuminRuntimeSettings (560)
[2019.11.17-00.31.28:029][214]LogModuleManager: Shutting down and abandoning module IOSRuntimeSettings (558)
[2019.11.17-00.31.28:030][214]LogModuleManager: Shutting down and abandoning module AndroidRuntimeSettings (556)
[2019.11.17-00.31.28:030][214]LogModuleManager: Shutting down and abandoning module TimeManagementEditor (554)
[2019.11.17-00.31.28:030][214]LogModuleManager: Shutting down and abandoning module InputBindingEditor (552)
[2019.11.17-00.31.28:030][214]LogModuleManager: Shutting down and abandoning module MergeActors (550)
[2019.11.17-00.31.28:030][214]LogModuleManager: Shutting down and abandoning module LocalizationDashboard (548)
[2019.11.17-00.31.28:030][214]LogModuleManager: Shutting down and abandoning module LocalizationService (547)
[2019.11.17-00.31.28:030][214]LogModuleManager: Shutting down and abandoning module HardwareTargeting (544)
[2019.11.17-00.31.28:030][214]LogModuleManager: Shutting down and abandoning module DeviceProfileEditor (542)
[2019.11.17-00.31.28:030][214]LogModuleManager: Shutting down and abandoning module UndoHistory (540)
[2019.11.17-00.31.28:030][214]LogModuleManager: Shutting down and abandoning module XmlParser (538)
[2019.11.17-00.31.28:030][214]LogModuleManager: Shutting down and abandoning module Blutility (536)
[2019.11.17-00.31.28:030][214]LogModuleManager: Shutting down and abandoning module ProjectSettingsViewer (534)
[2019.11.17-00.31.28:030][214]LogModuleManager: Shutting down and abandoning module ProjectTargetPlatformEditor (533)
[2019.11.17-00.31.28:030][214]LogModuleManager: Shutting down and abandoning module EditorSettingsViewer (530)
[2019.11.17-00.31.28:030][214]LogModuleManager: Shutting down and abandoning module SettingsEditor (528)
[2019.11.17-00.31.28:030][214]LogModuleManager: Shutting down and abandoning module ProjectLauncher (526)
[2019.11.17-00.31.28:030][214]LogModuleManager: Shutting down and abandoning module SessionFrontend (524)
[2019.11.17-00.31.28:030][214]LogModuleManager: Shutting down and abandoning module ProfilerClient (522)
[2019.11.17-00.31.28:030][214]LogModuleManager: Shutting down and abandoning module DeviceManager (520)
[2019.11.17-00.31.28:030][214]LogModuleManager: Shutting down and abandoning module TargetDeviceServices (519)
[2019.11.17-00.31.28:073][214]LogModuleManager: Shutting down and abandoning module AutomationController (516)
[2019.11.17-00.31.28:073][214]LogModuleManager: Shutting down and abandoning module AutomationWindow (514)
[2019.11.17-00.31.28:073][214]LogModuleManager: Shutting down and abandoning module Layers (512)
[2019.11.17-00.31.28:073][214]LogModuleManager: Shutting down and abandoning module ComponentVisualizers (510)
[2019.11.17-00.31.28:073][214]LogModuleManager: Shutting down and abandoning module DetailCustomizations (508)
[2019.11.17-00.31.28:073][214]LogModuleManager: Shutting down and abandoning module PackagesDialog (506)
[2019.11.17-00.31.28:073][214]LogModuleManager: Shutting down and abandoning module AnimationBlueprintEditor (504)
[2019.11.17-00.31.28:073][214]LogModuleManager: Shutting down and abandoning module Persona (502)
[2019.11.17-00.31.28:073][214]LogModuleManager: Shutting down and abandoning module AdvancedPreviewScene (501)
[2019.11.17-00.31.28:073][214]LogModuleManager: Shutting down and abandoning module AnimGraph (499)
[2019.11.17-00.31.28:073][214]LogModuleManager: Shutting down and abandoning module Kismet (496)
[2019.11.17-00.31.28:073][214]LogModuleManager: Shutting down and abandoning module KismetWidgets (495)
[2019.11.17-00.31.28:074][214]LogModuleManager: Shutting down and abandoning module GraphEditor (492)
[2019.11.17-00.31.28:074][214]LogModuleManager: Shutting down and abandoning module StructViewer (490)
[2019.11.17-00.31.28:074][214]LogModuleManager: Shutting down and abandoning module ClassViewer (488)
[2019.11.17-00.31.28:074][214]LogModuleManager: Shutting down and abandoning module Toolbox (486)
[2019.11.17-00.31.28:074][214]LogModuleManager: Shutting down and abandoning module ModuleUI (484)
[2019.11.17-00.31.28:074][214]LogModuleManager: Shutting down and abandoning module MovieSceneTools (482)
[2019.11.17-00.31.28:074][214]LogModuleManager: Shutting down and abandoning module OutputLog (480)
[2019.11.17-00.31.28:074][214]LogModuleManager: Shutting down and abandoning module GammaUI (478)
[2019.11.17-00.31.28:074][214]LogModuleManager: Shutting down and abandoning module Documentation (476)
[2019.11.17-00.31.28:074][214]LogModuleManager: Shutting down and abandoning module LiveCoding (474)
[2019.11.17-00.31.28:074][214]LogModuleManager: Shutting down and abandoning module LevelSequence (472)
[2019.11.17-00.31.28:074][214]LogModuleManager: Shutting down and abandoning module MovieSceneTracks (470)
[2019.11.17-00.31.28:074][214]LogModuleManager: Shutting down and abandoning module MovieScene (468)
[2019.11.17-00.31.28:074][214]LogModuleManager: Shutting down and abandoning module StreamingPauseRendering (466)
[2019.11.17-00.31.28:074][214]LogModuleManager: Shutting down and abandoning module LauncherPlatform (464)
[2019.11.17-00.31.28:074][214]LogModuleManager: Shutting down and abandoning module AnalyticsET (462)
[2019.11.17-00.31.28:074][214]LogModuleManager: Shutting down and abandoning module PortalServices (460)
[2019.11.17-00.31.28:074][214]LogModuleManager: Shutting down and abandoning module PortalRpc (458)
[2019.11.17-00.31.28:074][214]LogModuleManager: Shutting down and abandoning module MessagingRpc (456)
[2019.11.17-00.31.28:075][214]LogModuleManager: Shutting down and abandoning module AIModule (454)
[2019.11.17-00.31.28:075][214]LogModuleManager: Shutting down and abandoning module GameplayDebugger (453)
[2019.11.17-00.31.28:075][214]LogModuleManager: Shutting down and abandoning module AITestSuite (451)
[2019.11.17-00.31.28:075][214]LogModuleManager: Shutting down and abandoning module NavigationSystem (449)
[2019.11.17-00.31.28:075][214]LogModuleManager: Shutting down and abandoning module DesktopPlatform (446)
[2019.11.17-00.31.28:075][214]LogModuleManager: Shutting down and abandoning module ImageWriteQueue (444)
[2019.11.17-00.31.28:078][214]LogModuleManager: Shutting down and abandoning module ProfilerService (442)
[2019.11.17-00.31.28:103][214]LogModuleManager: Shutting down and abandoning module TaskGraph (440)
[2019.11.17-00.31.28:104][214]LogModuleManager: Shutting down and abandoning module ScreenshotTools (438)
[2019.11.17-00.31.28:104][214]LogModuleManager: Shutting down and abandoning module SteamVRController (436)
[2019.11.17-00.31.28:104][214]LogModuleManager: Shutting down and abandoning module ProceduralMeshComponentEditor (434)
[2019.11.17-00.31.28:104][214]LogModuleManager: Shutting down and abandoning module ProceduralMeshComponent (432)
[2019.11.17-00.31.28:104][214]LogModuleManager: Shutting down and abandoning module OculusEditor (430)
[2019.11.17-00.31.28:104][214]LogModuleManager: Shutting down and abandoning module OculusInput (428)
[2019.11.17-00.31.28:104][214]LogModuleManager: Shutting down and abandoning module MobilePatchingUtils (426)
[2019.11.17-00.31.28:104][214]LogModuleManager: Shutting down and abandoning module EditableMesh (424)
[2019.11.17-00.31.28:104][214]LogModuleManager: Shutting down and abandoning module CustomMeshComponent (422)
[2019.11.17-00.31.28:104][214]LogModuleManager: Shutting down and abandoning module CableComponent (420)
[2019.11.17-00.31.28:104][214]LogModuleManager: Shutting down and abandoning module AudioCapture (418)
[2019.11.17-00.31.28:104][214]LogModuleManager: Shutting down and abandoning module ArchVisCharacter (416)
[2019.11.17-00.31.28:104][214]LogModuleManager: Shutting down and abandoning module AppleImageUtilsBlueprintSupport (414)
[2019.11.17-00.31.28:104][214]LogModuleManager: Shutting down and abandoning module AppleImageUtils (412)
[2019.11.17-00.31.28:104][214]LogModuleManager: Shutting down and abandoning module AndroidPermission (410)
[2019.11.17-00.31.28:104][214]LogModuleManager: Shutting down and abandoning module NUTUnrealEngine4 (408)
[2019.11.17-00.31.28:104][214]LogModuleManager: Shutting down and abandoning module NetcodeUnitTest (406)
[2019.11.17-00.31.28:104][214]LogModuleManager: Shutting down and abandoning module MediaCompositing (404)
[2019.11.17-00.31.28:104][214]LogModuleManager: Shutting down and abandoning module ImgMedia (402)
[2019.11.17-00.31.28:104][214]LogModuleManager: Shutting down and abandoning module MagicLeapHelperVulkan (400)
[2019.11.17-00.31.28:104][214]LogModuleManager: Shutting down and abandoning module MagicLeapHelperOpenGL (398)
[2019.11.17-00.31.28:104][214]LogModuleManager: Shutting down and abandoning module MagicLeapAudio (396)
[2019.11.17-00.31.28:104][214]LogModuleManager: Shutting down and abandoning module HTML5Networking (394)
[2019.11.17-00.31.28:104][214]LogModuleManager: Shutting down and abandoning module GeometryCacheTracks (392)
[2019.11.17-00.31.28:104][214]LogModuleManager: Shutting down and abandoning module GeometryCacheSequencer (390)
[2019.11.17-00.31.28:104][214]LogModuleManager: Shutting down and abandoning module BackChannel (388)
[2019.11.17-00.31.28:104][214]LogModuleManager: Shutting down and abandoning module AutomationUtilsEditor (386)
[2019.11.17-00.31.28:104][214]LogModuleManager: Shutting down and abandoning module AutomationUtils (384)
[2019.11.17-00.31.28:104][214]LogModuleManager: Shutting down and abandoning module AlembicImporter (382)
[2019.11.17-00.31.28:104][214]LogModuleManager: Shutting down and abandoning module AlembicLibrary (381)
[2019.11.17-00.31.28:104][214]LogModuleManager: Shutting down and abandoning module GeometryCache (380)
[2019.11.17-00.31.28:104][214]LogModuleManager: Shutting down and abandoning module GeometryCacheEd (379)
[2019.11.17-00.31.28:104][214]LogModuleManager: Shutting down and abandoning module VariantManagerContent (374)
[2019.11.17-00.31.28:104][214]LogModuleManager: Shutting down and abandoning module DatasmithContentEditor (372)
[2019.11.17-00.31.28:104][214]LogModuleManager: Shutting down and abandoning module SpeedTreeImporter (370)
[2019.11.17-00.31.28:104][214]LogModuleManager: Shutting down and abandoning module PluginBrowser (368)
[2019.11.17-00.31.28:104][214]LogModuleManager: Shutting down and abandoning module MobileLauncherProfileWizard (366)
[2019.11.17-00.31.28:104][214]LogModuleManager: Shutting down and abandoning module MaterialAnalyzer (364)
[2019.11.17-00.31.28:104][214]LogModuleManager: Shutting down and abandoning module CurveEditorTools (362)
[2019.11.17-00.31.28:104][214]LogModuleManager: Shutting down and abandoning module CurveEditor (361)
[2019.11.17-00.31.28:104][214]LogModuleManager: Shutting down and abandoning module CryptoKeysOpenSSL (358)
[2019.11.17-00.31.28:104][214]LogModuleManager: Shutting down and abandoning module CryptoKeys (356)
[2019.11.17-00.31.28:104][214]LogModuleManager: Shutting down and abandoning module VisualStudioSourceCodeAccess (354)
[2019.11.17-00.31.28:104][214]LogModuleManager: Shutting down and abandoning module VisualStudioCodeSourceCodeAccess (352)
[2019.11.17-00.31.28:104][214]LogModuleManager: Shutting down and abandoning module UObjectPlugin (350)
[2019.11.17-00.31.28:104][214]LogModuleManager: Shutting down and abandoning module SubversionSourceControl (348)
[2019.11.17-00.31.28:105][214]LogModuleManager: Shutting down and abandoning module PerforceSourceControl (346)
[2019.11.17-00.31.28:105][214]LogModuleManager: Shutting down and abandoning module GitSourceControl (344)
[2019.11.17-00.31.28:105][214]LogModuleManager: Shutting down and abandoning module SourceControl (343)
[2019.11.17-00.31.28:105][214]LogModuleManager: Shutting down and abandoning module MultiUserClientLibrary (340)
[2019.11.17-00.31.28:105][214]LogModuleManager: Shutting down and abandoning module MultiUserClient (338)
[2019.11.17-00.31.28:114][214]LogModuleManager: Shutting down and abandoning module ConcertSyncUI (336)
[2019.11.17-00.31.28:123][214]LogModuleManager: Shutting down and abandoning module ConcertSyncClient (334)
[2019.11.17-00.31.28:123][214]LogModuleManager: Shutting down and abandoning module CLionSourceCodeAccess (332)
[2019.11.17-00.31.28:123][214]LogModuleManager: Shutting down and abandoning module AnimationSharingEd (330)
[2019.11.17-00.31.28:123][214]LogModuleManager: Shutting down and abandoning module ActorLayerUtilitiesEditor (328)
[2019.11.17-00.31.28:123][214]LogModuleManager: Shutting down and abandoning module ActorLayerUtilities (326)
[2019.11.17-00.31.28:123][214]LogModuleManager: Shutting down and abandoning module LightPropagationVolumeEditor (324)
[2019.11.17-00.31.28:123][214]LogModuleManager: Shutting down and abandoning module PaperTiledImporter (322)
[2019.11.17-00.31.28:123][214]LogModuleManager: Shutting down and abandoning module PaperSpriteSheetImporter (320)
[2019.11.17-00.31.28:123][214]LogModuleManager: Shutting down and abandoning module Paper2DEditor (318)
[2019.11.17-00.31.28:123][214]LogModuleManager: Shutting down and abandoning module SignificanceManager (316)
[2019.11.17-00.31.28:123][214]LogModuleManager: Shutting down and abandoning module RuntimePhysXCooking (314)
[2019.11.17-00.31.28:123][214]LogModuleManager: Shutting down and abandoning module PhysXVehiclesEditor (312)
[2019.11.17-00.31.28:123][214]LogModuleManager: Shutting down and abandoning module LocationServicesBPLibrary (308)
[2019.11.17-00.31.28:123][214]LogModuleManager: Shutting down and abandoning module SQLiteCore (306)
[2019.11.17-00.31.28:134][214]LogModuleManager: Shutting down and abandoning module ActorSequence (304)
[2019.11.17-00.31.28:134][214]LogModuleManager: Shutting down and abandoning module UdpMessaging (302)
[2019.11.17-00.31.28:235][214]LogModuleManager: Shutting down and abandoning module TcpMessaging (300)
[2019.11.17-00.31.28:625][214]LogModuleManager: Shutting down and abandoning module MagicLeapIdentity (298)
[2019.11.17-00.31.28:626][214]LogModuleManager: Shutting down and abandoning module MagicLeapSecureStorage (296)
[2019.11.17-00.31.28:626][214]LogModuleManager: Shutting down and abandoning module MagicLeapHandTracking (294)
[2019.11.17-00.31.28:626][214]LogModuleManager: Shutting down and abandoning module MagicLeapEyeTracker (292)
[2019.11.17-00.31.28:626][214]LogModuleManager: Shutting down and abandoning module MagicLeapController (290)
[2019.11.17-00.31.28:626][214]LogSlate: Slate User Destroyed.  User Index 0, Is Virtual User: 0
[2019.11.17-00.31.28:626][214]LogModuleManager: Shutting down and abandoning module MagicLeapAR (288)
[2019.11.17-00.31.28:626][214]LogModuleManager: Shutting down and abandoning module AugmentedReality (287)
[2019.11.17-00.31.28:626][214]LogModuleManager: Shutting down and abandoning module GameplayTagsEditor (284)
[2019.11.17-00.31.28:626][214]LogModuleManager: Shutting down and abandoning module FacialAnimationEditor (282)
[2019.11.17-00.31.28:626][214]LogModuleManager: Shutting down and abandoning module FacialAnimation (280)
[2019.11.17-00.31.28:626][214]LogModuleManager: Shutting down and abandoning module DataValidation (278)
[2019.11.17-00.31.28:626][214]LogModuleManager: Shutting down and abandoning module AssetManagerEditor (276)
[2019.11.17-00.31.28:626][214]LogModuleManager: Shutting down and abandoning module LevelEditor (275)
[2019.11.17-00.31.28:627][214]LogModuleManager: Shutting down and abandoning module PixelInspectorModule (274)
[2019.11.17-00.31.28:627][214]LogModuleManager: Shutting down and abandoning module CommonMenuExtensions (272)
[2019.11.17-00.31.28:627][214]LogModuleManager: Shutting down and abandoning module MainFrame (270)
[2019.11.17-00.31.28:627][214]LogModuleManager: Shutting down and abandoning module HotReload (269)
[2019.11.17-00.31.28:627][214]LogModuleManager: Shutting down and abandoning module ContentBrowser (265)
[2019.11.17-00.31.28:628][214]LogModuleManager: Shutting down and abandoning module TreeMap (263)
[2019.11.17-00.31.28:628][214]LogModuleManager: Shutting down and abandoning module ConcertSyncCore (260)
[2019.11.17-00.31.28:683][214]LogModuleManager: Shutting down and abandoning module Concert (258)
[2019.11.17-00.31.28:683][214]LogModuleManager: Shutting down and abandoning module ConcertTransport (257)
[2019.11.17-00.31.28:683][214]LogModuleManager: Shutting down and abandoning module AnimationSharing (254)
[2019.11.17-00.31.28:683][214]LogModuleManager: Shutting down and abandoning module LightPropagationVolumeRuntime (252)
[2019.11.17-00.31.28:683][214]LogModuleManager: Shutting down and abandoning module Paper2D (250)
[2019.11.17-00.31.28:683][214]LogModuleManager: Shutting down and abandoning module WindowsMoviePlayer (248)
[2019.11.17-00.31.28:685][214]LogModuleManager: Shutting down and abandoning module WebMMoviePlayer (246)
[2019.11.17-00.31.28:685][214]LogModuleManager: Shutting down and abandoning module NetworkReplayStreaming (244)
[2019.11.17-00.31.28:685][214]LogModuleManager: Shutting down and abandoning module PacketHandler (242)
[2019.11.17-00.31.28:685][214]LogModuleManager: Shutting down and abandoning module ClothingSystemEditor (240)
[2019.11.17-00.31.28:685][214]LogModuleManager: Shutting down and abandoning module ClothingSystemRuntime (238)
[2019.11.17-00.31.28:685][214]LogModuleManager: Shutting down and abandoning module MediaAssets (236)
[2019.11.17-00.31.28:685][214]LogModuleManager: Shutting down and abandoning module Overlay (234)
[2019.11.17-00.31.28:685][214]LogModuleManager: Shutting down and abandoning module OverlayEditor (233)
[2019.11.17-00.31.28:685][214]LogModuleManager: Shutting down and abandoning module VREditor (230)
[2019.11.17-00.31.28:685][214]LogModuleManager: Shutting down and abandoning module StringTableEditor (228)
[2019.11.17-00.31.28:685][214]LogModuleManager: Shutting down and abandoning module GameplayTasksEditor (226)
[2019.11.17-00.31.28:685][214]LogModuleManager: Shutting down and abandoning module BehaviorTreeEditor (224)
[2019.11.17-00.31.28:685][214]LogModuleManager: Shutting down and abandoning module FunctionalTesting (222)
[2019.11.17-00.31.28:685][214]LogModuleManager: Shutting down and abandoning module CollisionAnalyzer (220)
[2019.11.17-00.31.28:685][214]LogModuleManager: Shutting down and abandoning module WorkspaceMenuStructure (219)
[2019.11.17-00.31.28:685][214]LogModuleManager: Shutting down and abandoning module UMG (216)
[2019.11.17-00.31.28:685][214]LogModuleManager: Shutting down and abandoning module UMGEditor (215)
[2019.11.17-00.31.28:685][214]LogModuleManager: Shutting down and abandoning module Sequencer (214)
[2019.11.17-00.31.28:685][214]LogModuleManager: Shutting down and abandoning module MessageLog (211)
[2019.11.17-00.31.28:685][214]LogModuleManager: Shutting down and abandoning module SlateReflector (206)
[2019.11.17-00.31.28:685][214]LogModuleManager: Shutting down and abandoning module Slate (204)
[2019.11.17-00.31.28:685][214]LogModuleManager: Shutting down and abandoning module LandscapeEditorUtilities (202)
[2019.11.17-00.31.28:685][214]LogModuleManager: Shutting down and abandoning module EditorStyle (200)
[2019.11.17-00.31.28:687][214]LogModuleManager: Shutting down and abandoning module UnrealEd (198)
[2019.11.17-00.31.28:687][214]LogModuleManager: Shutting down and abandoning module MRMesh (196)
[2019.11.17-00.31.28:687][214]LogModuleManager: Shutting down and abandoning module SourceCodeAccess (194)
[2019.11.17-00.31.28:687][214]LogModuleManager: Shutting down and abandoning module HeadMountedDisplay (192)
[2019.11.17-00.31.28:687][214]LogModuleManager: Shutting down and abandoning module XAudio2 (190)
[2019.11.17-00.31.28:687][214]LogModuleManager: Shutting down and abandoning module Networking (188)
[2019.11.17-00.31.28:687][214]LogModuleManager: Shutting down and abandoning module Core (186)
[2019.11.17-00.31.28:687][214]LogModuleManager: Shutting down and abandoning module KismetCompiler (184)
[2019.11.17-00.31.28:687][214]LogModuleManager: Shutting down and abandoning module MeshUtilities (182)
[2019.11.17-00.31.28:687][214]LogModuleManager: Shutting down and abandoning module MeshMergeUtilities (181)
[2019.11.17-00.31.28:687][214]LogModuleManager: Shutting down and abandoning module MeshReductionInterface (180)
[2019.11.17-00.31.28:687][214]LogModuleManager: Shutting down and abandoning module SkeletalMeshReduction (179)
[2019.11.17-00.31.28:687][214]LogModuleManager: Shutting down and abandoning module ProxyLODMeshReduction (177)
[2019.11.17-00.31.28:687][214]LogModuleManager: Shutting down and abandoning module QuadricMeshReduction (175)
[2019.11.17-00.31.28:687][214]LogModuleManager: Shutting down and abandoning module MaterialBaking (171)
[2019.11.17-00.31.28:687][214]LogModuleManager: Shutting down and abandoning module NullInstallBundleManager (166)
[2019.11.17-00.31.28:687][214]LogModuleManager: Shutting down and abandoning module DerivedDataCache (164)
[2019.11.17-00.31.28:732][214]LogDerivedDataCache: Shutdown
[2019.11.17-00.31.28:733][214]LogModuleManager: Shutting down and abandoning module XGEController (162)
[2019.11.17-00.31.28:733][214]LogModuleManager: Shutting down and abandoning module TargetPlatform (160)
[2019.11.17-00.31.28:733][214]LogModuleManager: Shutting down and abandoning module VulkanShaderFormat (159)
[2019.11.17-00.31.28:733][214]LogModuleManager: Shutting down and abandoning module ShaderFormatVectorVM (157)
[2019.11.17-00.31.28:733][214]LogModuleManager: Shutting down and abandoning module ShaderFormatOpenGL (155)
[2019.11.17-00.31.28:733][214]LogModuleManager: Shutting down and abandoning module ShaderFormatD3D (153)
[2019.11.17-00.31.28:733][214]LogModuleManager: Shutting down and abandoning module MetalShaderFormat (151)
[2019.11.17-00.31.28:733][214]LogModuleManager: Shutting down and abandoning module TextureFormatUncompressed (149)
[2019.11.17-00.31.28:733][214]LogModuleManager: Shutting down and abandoning module TextureFormatPVR (147)
[2019.11.17-00.31.28:733][214]LogModuleManager: Shutting down and abandoning module TextureFormatDXT (145)
[2019.11.17-00.31.28:733][214]LogModuleManager: Shutting down and abandoning module TextureFormatIntelISPCTexComp (143)
[2019.11.17-00.31.28:733][214]LogModuleManager: Shutting down and abandoning module TextureFormatASTC (141)
[2019.11.17-00.31.28:733][214]LogModuleManager: Shutting down and abandoning module ImageWrapper (140)
[2019.11.17-00.31.28:733][214]LogModuleManager: Shutting down and abandoning module TextureFormatAndroid (137)
[2019.11.17-00.31.28:733][214]LogModuleManager: Shutting down and abandoning module AudioFormatOpus (135)
[2019.11.17-00.31.28:733][214]LogModuleManager: Shutting down and abandoning module AudioFormatOgg (133)
[2019.11.17-00.31.28:733][214]LogModuleManager: Shutting down and abandoning module AudioFormatADPCM (131)
[2019.11.17-00.31.28:733][214]LogModuleManager: Shutting down and abandoning module LuminTargetPlatform (129)
[2019.11.17-00.31.28:734][214]LogModuleManager: Shutting down and abandoning module LinuxTargetPlatform (127)
[2019.11.17-00.31.28:734][214]LogModuleManager: Shutting down and abandoning module LinuxServerTargetPlatform (125)
[2019.11.17-00.31.28:734][214]LogModuleManager: Shutting down and abandoning module LinuxNoEditorTargetPlatform (123)
[2019.11.17-00.31.28:734][214]LogModuleManager: Shutting down and abandoning module LinuxClientTargetPlatform (121)
[2019.11.17-00.31.28:734][214]LogModuleManager: Shutting down and abandoning module TVOSTargetPlatform (119)
[2019.11.17-00.31.28:734][214]LogModuleManager: Shutting down and abandoning module Messaging (117)
[2019.11.17-00.31.28:734][214]LogModuleManager: Shutting down and abandoning module IOSTargetPlatform (115)
[2019.11.17-00.31.28:735][214]LogModuleManager: Shutting down and abandoning module HTML5TargetPlatform (113)
[2019.11.17-00.31.28:735][214]LogModuleManager: Shutting down and abandoning module AndroidTargetPlatform (111)
[2019.11.17-00.31.28:740][214]LogModuleManager: Shutting down and abandoning module WindowsTargetPlatform (109)
[2019.11.17-00.31.28:741][214]LogModuleManager: Shutting down and abandoning module WindowsServerTargetPlatform (107)
[2019.11.17-00.31.28:741][214]LogModuleManager: Shutting down and abandoning module WindowsNoEditorTargetPlatform (105)
[2019.11.17-00.31.28:741][214]LogModuleManager: Shutting down and abandoning module WindowsClientTargetPlatform (103)
[2019.11.17-00.31.28:741][214]LogModuleManager: Shutting down and abandoning module MacTargetPlatform (101)
[2019.11.17-00.31.28:741][214]LogModuleManager: Shutting down and abandoning module MacServerTargetPlatform (99)
[2019.11.17-00.31.28:741][214]LogModuleManager: Shutting down and abandoning module MacNoEditorTargetPlatform (97)
[2019.11.17-00.31.28:741][214]LogModuleManager: Shutting down and abandoning module MacClientTargetPlatform (95)
[2019.11.17-00.31.28:741][214]LogModuleManager: Shutting down and abandoning module AllDesktopTargetPlatform (93)
[2019.11.17-00.31.28:741][214]LogModuleManager: Shutting down and abandoning module InputCore (90)
[2019.11.17-00.31.28:741][214]LogModuleManager: Shutting down and abandoning module Settings (88)
[2019.11.17-00.31.28:741][214]LogModuleManager: Shutting down and abandoning module DirectoryWatcher (86)
[2019.11.17-00.31.28:741][214]LogModuleManager: Shutting down and abandoning module PhysXCooking (84)
[2019.11.17-00.31.28:741][214]LogModuleManager: Shutting down and abandoning module WindowsPlatformFeatures (82)
[2019.11.17-00.31.28:741][214]LogModuleManager: Shutting down and abandoning module GameplayMediaEncoder (81)
[2019.11.17-00.31.28:741][214]LogModuleManager: Shutting down and abandoning module SteamVR (78)
[2019.11.17-00.31.28:741][214]LogHMD: Freeing OpenVRDLLHandle.
[2019.11.17-00.31.28:741][214]LogModuleManager: Shutting down and abandoning module OculusHMD (76)
[2019.11.17-00.31.28:741][214]LogModuleManager: Shutting down and abandoning module ExampleDeviceProfileSelector (74)
[2019.11.17-00.31.28:741][214]LogModuleManager: Shutting down and abandoning module LauncherChunkInstaller (72)
[2019.11.17-00.31.28:741][214]LogModuleManager: Shutting down and abandoning module OnlineBlueprintSupport (70)
[2019.11.17-00.31.28:741][214]LogModuleManager: Shutting down and abandoning module OnlineSubsystem (66)
[2019.11.17-00.31.28:742][214]LogModuleManager: Shutting down and abandoning module XMPP (61)
[2019.11.17-00.31.28:742][214]LogModuleManager: Shutting down and abandoning module WebSockets (60)
[2019.11.17-00.31.28:773][214]LogModuleManager: Shutting down and abandoning module HTTP (57)
[2019.11.17-00.31.28:773][214]LogHttp: Display: Http module shutting down, but needs to wait on 1 outstanding Http requests:
[2019.11.17-00.31.28:773][214]LogHttp: Display: 	verb=[POST] url=[https://datarouter.ol.epicgames.com/datarouter/api/v1/public/data?SessionID=%7B1F548AFD-405E-6831-2268-28AE48B5BF22%7D&AppID=UEEditor.Rocket.Release&AppVersion=4.23.1-9631420%2B%2B%2BUE4%2BRelease-4.23&UserID=e8230293440d69efa3e6b3a0d4830ca3%7C4e7f72e21f6842c0ac1adae9047d2042%7C0e9219db-fd43-47d3-8026-17adeeaab572&AppEnvironment=datacollector-binary&UploadType=eteventstream] status=Processing
[2019.11.17-00.31.28:779][214]LogModuleManager: Shutting down and abandoning module SSL (56)
[2019.11.17-00.31.28:781][214]LogModuleManager: Shutting down and abandoning module WmfMedia (52)
[2019.11.17-00.31.28:783][214]LogModuleManager: Shutting down and abandoning module Media (51)
[2019.11.17-00.31.28:784][214]LogModuleManager: Shutting down and abandoning module MagicLeap (48)
[2019.11.17-00.31.28:784][214]LogModuleManager: Shutting down and abandoning module DatasmithContent (46)
[2019.11.17-00.31.28:785][214]LogModuleManager: Shutting down and abandoning module AISupportModule (44)
[2019.11.17-00.31.28:785][214]LogModuleManager: Shutting down and abandoning module PlatformCryptoOpenSSL (42)
[2019.11.17-00.31.28:785][214]LogModuleManager: Shutting down and abandoning module PlatformCrypto (40)
[2019.11.17-00.31.28:785][214]LogModuleManager: Shutting down and abandoning module AnimationModifiers (38)
[2019.11.17-00.31.28:785][214]LogModuleManager: Shutting down and abandoning module PropertyEditor (37)
[2019.11.17-00.31.28:785][214]LogModuleManager: Shutting down and abandoning module AudioEditor (34)
[2019.11.17-00.31.28:785][214]LogModuleManager: Shutting down and abandoning module TextureCompressor (32)
[2019.11.17-00.31.28:785][214]LogModuleManager: Shutting down and abandoning module RenderCore (30)
[2019.11.17-00.31.28:785][214]LogModuleManager: Shutting down and abandoning module Landscape (28)
[2019.11.17-00.31.28:785][214]LogModuleManager: Shutting down and abandoning module SlateRHIRenderer (26)
[2019.11.17-00.31.28:786][214]LogModuleManager: Shutting down and abandoning module OpenGLDrv (24)
[2019.11.17-00.31.28:786][214]LogModuleManager: Shutting down and abandoning module D3D11RHI (22)
[2019.11.17-00.31.28:786][214]LogModuleManager: Shutting down and abandoning module AnimGraphRuntime (20)
[2019.11.17-00.31.28:786][214]LogModuleManager: Shutting down and abandoning module Renderer (18)
[2019.11.17-00.31.28:786][214]LogModuleManager: Shutting down and abandoning module Engine (16)
[2019.11.17-00.31.28:786][214]LogModuleManager: Shutting down and abandoning module CoreUObject (14)
[2019.11.17-00.31.28:786][214]LogModuleManager: Shutting down and abandoning module NetworkFile (12)
[2019.11.17-00.31.28:786][214]LogModuleManager: Shutting down and abandoning module CookedIterativeFile (10)
[2019.11.17-00.31.28:786][214]LogModuleManager: Shutting down and abandoning module StreamingFile (8)
[2019.11.17-00.31.28:786][214]LogModuleManager: Shutting down and abandoning module SandboxFile (6)
[2019.11.17-00.31.28:786][214]LogModuleManager: Shutting down and abandoning module PakFile (4)
[2019.11.17-00.31.28:786][214]LogModuleManager: Shutting down and abandoning module RSA (3)
[2019.11.17-00.31.28:787][214]LogD3D11RHI: Shutdown
[2019.11.17-00.31.28:787][214]LogD3D11RHI: CleanupD3DDevice
[2019.11.17-00.31.28:787][214]LogRendererCore: FGlobalDynamicReadBuffer::Cleanup()
[2019.11.17-00.31.28:787][214]LogRendererCore: FGlobalDynamicReadBuffer::Cleanup()
[2019.11.17-00.31.28:787][214]LogRendererCore: FGlobalDynamicReadBuffer::Cleanup()
[2019.11.17-00.31.28:947][214]LogD3D11RHI: ~FD3D11DynamicRHI
[2019.11.17-00.31.28:966][214]LogExit: Exiting.
[2019.11.17-00.31.28:983][214]Log file closed, 11/16/19 18:31:28
