Log file open, 12/02/19 22:05:13
LogWindows: Failed to load 'aqProf.dll' (GetLastError=126)
LogWindows: File 'aqProf.dll' does not exist
LogWindows: Failed to load 'VtuneApi.dll' (GetLastError=126)
LogWindows: File 'VtuneApi.dll' does not exist
LogWindows: Failed to load 'VtuneApi32e.dll' (GetLastError=126)
LogWindows: File 'VtuneApi32e.dll' does not exist
LogConsoleResponse: Display: Failed to find resolution value strings in scalability ini. Falling back to default.
LogInit: Display: Running engine for game: Project_Plague_UE4
LogPlatformFile: Not using cached read wrapper
LogTaskGraph: Started task graph with 5 named threads and 47 total threads with 3 sets of task threads.
LogStats: Stats thread started at 3.575036
LogD3D11RHI: Loaded GFSDK_Aftermath_Lib.x64.dll
LogICUInternationalization: ICU TimeZone Detection - Raw Offset: -6:00, Platform Override: ''
LogPluginManager: Mounting plugin Paper2D
LogPluginManager: Mounting plugin AISupport
LogPluginManager: Mounting plugin LightPropagationVolume
LogPluginManager: Mounting plugin ActorLayerUtilities
LogPluginManager: Mounting plugin AnimationSharing
LogPluginManager: Mounting plugin CLionSourceCodeAccess
LogPluginManager: Mounting plugin CodeLiteSourceCodeAccess
LogPluginManager: Mounting plugin ConcertMain
LogPluginManager: Mounting plugin ConcertSyncClient
LogPluginManager: Mounting plugin ConcertSyncCore
LogPluginManager: Found config from plugin[ConcertSyncCore] D:/GoogleDrive_Sync/TheosProductions/Project_Plague_UE4/Saved/Config/Windows/Engine.ini
LogPluginManager: Mounting plugin MultiUserClient
LogPluginManager: Mounting plugin GitSourceControl
LogPluginManager: Mounting plugin KDevelopSourceCodeAccess
LogPluginManager: Mounting plugin NullSourceCodeAccess
LogPluginManager: Mounting plugin PerforceSourceControl
LogPluginManager: Mounting plugin SubversionSourceControl
LogPluginManager: Mounting plugin UObjectPlugin
LogPluginManager: Mounting plugin VisualStudioCodeSourceCodeAccess
LogPluginManager: Mounting plugin VisualStudioSourceCodeAccess
LogPluginManager: Mounting plugin XCodeSourceCodeAccess
LogPluginManager: Mounting plugin AssetManagerEditor
LogPluginManager: Mounting plugin CryptoKeys
LogPluginManager: Mounting plugin CurveEditorTools
LogPluginManager: Mounting plugin DataValidation
LogPluginManager: Mounting plugin FacialAnimation
LogPluginManager: Mounting plugin GameplayTagsEditor
LogPluginManager: Mounting plugin MacGraphicsSwitching
LogPluginManager: Mounting plugin MaterialAnalyzer
LogPluginManager: Mounting plugin MobileLauncherProfileWizard
LogPluginManager: Mounting plugin PluginBrowser
LogPluginManager: Mounting plugin SpeedTreeImporter
LogPluginManager: Mounting plugin DatasmithContent
LogPluginManager: Mounting plugin VariantManagerContent
LogPluginManager: Mounting plugin AlembicImporter
LogPluginManager: Mounting plugin AutomationUtils
LogPluginManager: Mounting plugin BackChannel
LogPluginManager: Mounting plugin CharacterAI
LogPluginManager: Mounting plugin GeometryCache
LogPluginManager: Mounting plugin HTML5Networking
LogPluginManager: Mounting plugin PlatformCrypto
LogPluginManager: Mounting plugin ProxyLODPlugin
LogPluginManager: Mounting plugin SkeletalReduction
LogPluginManager: Mounting plugin MagicLeap
LogPluginManager: Mounting plugin MagicLeapMedia
LogPluginManager: Mounting plugin AndroidMedia
LogPluginManager: Mounting plugin AvfMedia
LogPluginManager: Mounting plugin ImgMedia
LogPluginManager: Mounting plugin MediaCompositing
LogPluginManager: Mounting plugin MediaPlayerEditor
LogPluginManager: Mounting plugin WebMMedia
LogPluginManager: Mounting plugin WmfMedia
LogPluginManager: Mounting plugin TcpMessaging
LogPluginManager: Mounting plugin UdpMessaging
LogPluginManager: Mounting plugin ActorSequence
LogPluginManager: Mounting plugin LevelSequenceEditor
LogPluginManager: Mounting plugin MatineeToLevelSequence
LogPluginManager: Mounting plugin NetcodeUnitTest
LogPluginManager: Mounting plugin NUTUnrealEngine4
LogPluginManager: Mounting plugin OnlineSubsystemGooglePlay
LogPluginManager: Mounting plugin OnlineSubsystemIOS
LogPluginManager: Mounting plugin OnlineSubsystem
LogPluginManager: Mounting plugin OnlineSubsystemNull
LogPluginManager: Mounting plugin OnlineSubsystemUtils
LogPluginManager: Mounting plugin LauncherChunkInstaller
LogPluginManager: Mounting plugin AndroidDeviceProfileSelector
LogPluginManager: Mounting plugin AndroidMoviePlayer
LogPluginManager: Mounting plugin AndroidPermission
LogPluginManager: Mounting plugin AppleImageUtils
LogPluginManager: Mounting plugin AppleMoviePlayer
LogPluginManager: Mounting plugin ArchVisCharacter
LogPluginManager: Mounting plugin AudioCapture
LogPluginManager: Mounting plugin CableComponent
LogPluginManager: Mounting plugin CustomMeshComponent
LogPluginManager: Mounting plugin SQLiteCore
LogPluginManager: Mounting plugin EditableMesh
LogPluginManager: Mounting plugin ExampleDeviceProfileSelector
LogPluginManager: Mounting plugin GoogleCloudMessaging
LogPluginManager: Mounting plugin IOSDeviceProfileSelector
LogPluginManager: Mounting plugin LinuxDeviceProfileSelector
LogPluginManager: Mounting plugin LocationServicesBPLibrary
LogPluginManager: Mounting plugin MobilePatchingUtils
LogPluginManager: Mounting plugin OculusVR
LogPluginManager: Mounting plugin PhysXVehicles
LogPluginManager: Mounting plugin ProceduralMeshComponent
LogPluginManager: Mounting plugin RuntimePhysXCooking
LogPluginManager: Mounting plugin SignificanceManager
LogPluginManager: Mounting plugin SteamVR
LogPluginManager: Mounting plugin WebMMoviePlayer
LogPluginManager: Mounting plugin WindowsMoviePlayer
LogPluginManager: Mounting plugin ScreenshotTools
LogPluginManager: Mounting plugin UnrealEnginePython
LogInit: Using libcurl 7.55.1-DEV
LogInit:  - built for x86_64-pc-win32
LogInit:  - supports SSL with OpenSSL/1.1.1
LogInit:  - supports HTTP deflate (compression) using libz 1.2.8
LogInit:  - other features:
LogInit:      CURL_VERSION_SSL
LogInit:      CURL_VERSION_LIBZ
LogInit:      CURL_VERSION_IPV6
LogInit:      CURL_VERSION_ASYNCHDNS
LogInit:      CURL_VERSION_LARGEFILE
LogInit:      CURL_VERSION_IDN
LogInit:  CurlRequestOptions (configurable via config and command line):
LogInit:  - bVerifyPeer = true  - Libcurl will verify peer certificate
LogInit:  - bUseHttpProxy = false  - Libcurl will NOT use HTTP proxy
LogInit:  - bDontReuseConnections = false  - Libcurl will reuse connections
LogInit:  - MaxHostConnections = 16  - Libcurl will limit the number of connections to a host
LogInit:  - LocalHostAddr = Default
LogInit:  - BufferSize = 65536
LogOnline: OSS: Creating online subsystem instance for: NULL
LogInit: WinSock: version 1.1 (2.2), MaxSocks=32767, MaxUdp=65467
LogInit: Build: ++UE4+Release-4.23-CL-9631420
LogInit: Engine Version: 4.23.1-9631420+++UE4+Release-4.23
LogInit: Compatible Engine Version: 4.23.0-8386587+++UE4+Release-4.23
LogInit: Net CL: 8386587
LogInit: OS: Windows 10 (Release 1903) (), CPU: AMD Ryzen 7 1700X Eight-Core Processor         , GPU: NVIDIA GeForce RTX 2080
LogInit: Compiled (64-bit): Oct 18 2019 02:07:44
LogInit: Compiled with Visual C++: 19.16.27030.01
LogInit: Build Configuration: Development
LogInit: Branch Name: ++UE4+Release-4.23
LogInit: Command Line: 
LogInit: Base Directory: D:/EpicGames/UE_4.23/Engine/Binaries/Win64/
LogInit: Installed Engine Build: 1
LogDevObjectVersion: Number of dev versions registered: 23
LogDevObjectVersion:   Dev-Blueprints (B0D832E4-1F89-4F0D-ACCF-7EB736FD4AA2): 10
LogDevObjectVersion:   Dev-Build (E1C64328-A22C-4D53-A36C-8E866417BD8C): 0
LogDevObjectVersion:   Dev-Core (375EC13C-06E4-48FB-B500-84F0262A717E): 3
LogDevObjectVersion:   Dev-Editor (E4B068ED-F494-42E9-A231-DA0B2E46BB41): 34
LogDevObjectVersion:   Dev-Framework (CFFC743F-43B0-4480-9391-14DF171D2073): 35
LogDevObjectVersion:   Dev-Mobile (B02B49B5-BB20-44E9-A304-32B752E40360): 2
LogDevObjectVersion:   Dev-Networking (A4E4105C-59A1-49B5-A7C5-40C4547EDFEE): 0
LogDevObjectVersion:   Dev-Online (39C831C9-5AE6-47DC-9A44-9C173E1C8E7C): 0
LogDevObjectVersion:   Dev-Physics (78F01B33-EBEA-4F98-B9B4-84EACCB95AA2): 0
LogDevObjectVersion:   Dev-Platform (6631380F-2D4D-43E0-8009-CF276956A95A): 0
LogDevObjectVersion:   Dev-Rendering (12F88B9F-8875-4AFC-A67C-D90C383ABD29): 31
LogDevObjectVersion:   Dev-Sequencer (7B5AE74C-D270-4C10-A958-57980B212A5A): 11
LogDevObjectVersion:   Dev-VR (D7296918-1DD6-4BDD-9DE2-64A83CC13884): 2
LogDevObjectVersion:   Dev-LoadTimes (C2A15278-BFE7-4AFE-6C17-90FF531DF755): 1
LogDevObjectVersion:   Private-Geometry (6EACA3D4-40EC-4CC1-B786-8BED09428FC5): 3
LogDevObjectVersion:   Dev-AnimPhys (29E575DD-E0A3-4627-9D10-D276232CDCEA): 17
LogDevObjectVersion:   Dev-Anim (AF43A65D-7FD3-4947-9873-3E8ED9C1BB05): 2
LogDevObjectVersion:   Dev-ReflectionCapture (6B266CEC-1EC7-4B8F-A30B-E4D90942FC07): 1
LogDevObjectVersion:   Dev-Automation (0DF73D61-A23F-47EA-B727-89E90C41499A): 1
LogDevObjectVersion:   FortniteMain (601D1886-AC64-4F84-AA16-D3DE0DEAC7D6): 27
LogDevObjectVersion:   Dev-Enterprise (9DFFBCD6-494F-0158-E221-12823C92A888): 6
LogDevObjectVersion:   Dev-Niagara (F2AED0AC-9AFE-416F-8664-AA7FFA26D6FC): 1
LogDevObjectVersion:   Dev-Destruction (174F1F0B-B4C6-45A5-B13F-2EE8D0FB917D): 9
LogInit: Presizing for max 16777216 objects, including 0 objects not considered by GC, pre-allocating 0 bytes for permanent pool.
LogInit: Object subsystem initialized
LogConfig: Setting CVar [[con.DebugEarlyDefault:1]]
LogConfig: Setting CVar [[r.setres:1280x720]]
[2019.12.03-04.05.18:958][  0]LogConfig: Setting CVar [[r.VSync:0]]
[2019.12.03-04.05.18:958][  0]LogConfig: Setting CVar [[r.RHICmdBypass:0]]
[2019.12.03-04.05.18:959][  0]LogConfig: Applying CVar settings from Section [/Script/Engine.RendererSettings] File [D:/GoogleDrive_Sync/TheosProductions/Project_Plague_UE4/Saved/Config/Windows/Engine.ini]
[2019.12.03-04.05.18:959][  0]LogConfig: Setting CVar [[r.GPUCrashDebugging:0]]
[2019.12.03-04.05.18:959][  0]LogConfig: Applying CVar settings from Section [/Script/Engine.RendererOverrideSettings] File [D:/GoogleDrive_Sync/TheosProductions/Project_Plague_UE4/Saved/Config/Windows/Engine.ini]
[2019.12.03-04.05.18:959][  0]LogConfig: Applying CVar settings from Section [/Script/Engine.StreamingSettings] File [D:/GoogleDrive_Sync/TheosProductions/Project_Plague_UE4/Saved/Config/Windows/Engine.ini]
[2019.12.03-04.05.18:959][  0]LogConfig: Setting CVar [[s.MinBulkDataSizeForAsyncLoading:131072]]
[2019.12.03-04.05.18:959][  0]LogConfig: Setting CVar [[s.AsyncLoadingThreadEnabled:0]]
[2019.12.03-04.05.18:959][  0]LogConfig: Setting CVar [[s.EventDrivenLoaderEnabled:1]]
[2019.12.03-04.05.18:959][  0]LogConfig: Setting CVar [[s.WarnIfTimeLimitExceeded:0]]
[2019.12.03-04.05.18:959][  0]LogConfig: Setting CVar [[s.TimeLimitExceededMultiplier:1.5]]
[2019.12.03-04.05.18:959][  0]LogConfig: Setting CVar [[s.TimeLimitExceededMinTime:0.005]]
[2019.12.03-04.05.18:959][  0]LogConfig: Setting CVar [[s.UseBackgroundLevelStreaming:1]]
[2019.12.03-04.05.18:959][  0]LogConfig: Setting CVar [[s.PriorityAsyncLoadingExtraTime:15.0]]
[2019.12.03-04.05.18:959][  0]LogConfig: Setting CVar [[s.LevelStreamingActorsUpdateTimeLimit:5.0]]
[2019.12.03-04.05.18:960][  0]LogConfig: Setting CVar [[s.PriorityLevelStreamingActorsUpdateExtraTime:5.0]]
[2019.12.03-04.05.18:960][  0]LogConfig: Setting CVar [[s.LevelStreamingComponentsRegistrationGranularity:10]]
[2019.12.03-04.05.18:960][  0]LogConfig: Setting CVar [[s.UnregisterComponentsTimeLimit:1.0]]
[2019.12.03-04.05.18:960][  0]LogConfig: Setting CVar [[s.LevelStreamingComponentsUnregistrationGranularity:5]]
[2019.12.03-04.05.18:960][  0]LogConfig: Applying CVar settings from Section [/Script/Engine.GarbageCollectionSettings] File [D:/GoogleDrive_Sync/TheosProductions/Project_Plague_UE4/Saved/Config/Windows/Engine.ini]
[2019.12.03-04.05.18:960][  0]LogConfig: Setting CVar [[gc.MaxObjectsNotConsideredByGC:1]]
[2019.12.03-04.05.18:960][  0]LogConfig: Setting CVar [[gc.SizeOfPermanentObjectPool:0]]
[2019.12.03-04.05.18:960][  0]LogConfig: Setting CVar [[gc.FlushStreamingOnGC:0]]
[2019.12.03-04.05.18:960][  0]LogConfig: Setting CVar [[gc.NumRetriesBeforeForcingGC:10]]
[2019.12.03-04.05.18:960][  0]LogConfig: Setting CVar [[gc.AllowParallelGC:1]]
[2019.12.03-04.05.18:960][  0]LogConfig: Setting CVar [[gc.TimeBetweenPurgingPendingKillObjects:61.1]]
[2019.12.03-04.05.18:960][  0]LogConfig: Setting CVar [[gc.MaxObjectsInEditor:16777216]]
[2019.12.03-04.05.18:960][  0]LogConfig: Setting CVar [[gc.IncrementalBeginDestroyEnabled:1]]
[2019.12.03-04.05.18:960][  0]LogConfig: Setting CVar [[gc.CreateGCClusters:1]]
[2019.12.03-04.05.18:960][  0]LogConfig: Setting CVar [[gc.MinGCClusterSize:5]]
[2019.12.03-04.05.18:960][  0]LogConfig: Setting CVar [[gc.ActorClusteringEnabled:0]]
[2019.12.03-04.05.18:960][  0]LogConfig: Setting CVar [[gc.BlueprintClusteringEnabled:0]]
[2019.12.03-04.05.18:960][  0]LogConfig: Setting CVar [[gc.UseDisregardForGCOnDedicatedServers:0]]
[2019.12.03-04.05.18:960][  0]LogConfig: Applying CVar settings from Section [/Script/Engine.NetworkSettings] File [D:/GoogleDrive_Sync/TheosProductions/Project_Plague_UE4/Saved/Config/Windows/Engine.ini]
[2019.12.03-04.05.18:960][  0]LogConfig: Applying CVar settings from Section [/Script/UnrealEd.CookerSettings] File [D:/GoogleDrive_Sync/TheosProductions/Project_Plague_UE4/Saved/Config/Windows/Engine.ini]
[2019.12.03-04.05.19:044][  0]LogConfig: Applying CVar settings from Section [ViewDistanceQuality@3] File [D:/GoogleDrive_Sync/TheosProductions/Project_Plague_UE4/Saved/Config/Windows/Scalability.ini]
[2019.12.03-04.05.19:044][  0]LogConfig: Setting CVar [[r.SkeletalMeshLODBias:0]]
[2019.12.03-04.05.19:044][  0]LogConfig: Setting CVar [[r.ViewDistanceScale:1.0]]
[2019.12.03-04.05.19:044][  0]LogConfig: Applying CVar settings from Section [AntiAliasingQuality@3] File [D:/GoogleDrive_Sync/TheosProductions/Project_Plague_UE4/Saved/Config/Windows/Scalability.ini]
[2019.12.03-04.05.19:044][  0]LogConfig: Setting CVar [[r.PostProcessAAQuality:4]]
[2019.12.03-04.05.19:044][  0]LogConfig: Applying CVar settings from Section [ShadowQuality@3] File [D:/GoogleDrive_Sync/TheosProductions/Project_Plague_UE4/Saved/Config/Windows/Scalability.ini]
[2019.12.03-04.05.19:044][  0]LogConfig: Setting CVar [[r.LightFunctionQuality:1]]
[2019.12.03-04.05.19:044][  0]LogConfig: Setting CVar [[r.ShadowQuality:5]]
[2019.12.03-04.05.19:044][  0]LogConfig: Setting CVar [[r.Shadow.CSM.MaxCascades:10]]
[2019.12.03-04.05.19:044][  0]LogConfig: Setting CVar [[r.Shadow.MaxResolution:2048]]
[2019.12.03-04.05.19:044][  0]LogConfig: Setting CVar [[r.Shadow.MaxCSMResolution:2048]]
[2019.12.03-04.05.19:044][  0]LogConfig: Setting CVar [[r.Shadow.RadiusThreshold:0.01]]
[2019.12.03-04.05.19:044][  0]LogConfig: Setting CVar [[r.Shadow.DistanceScale:1.0]]
[2019.12.03-04.05.19:044][  0]LogConfig: Setting CVar [[r.Shadow.CSM.TransitionScale:1.0]]
[2019.12.03-04.05.19:044][  0]LogConfig: Setting CVar [[r.Shadow.PreShadowResolutionFactor:1.0]]
[2019.12.03-04.05.19:044][  0]LogConfig: Setting CVar [[r.DistanceFieldShadowing:1]]
[2019.12.03-04.05.19:044][  0]LogConfig: Setting CVar [[r.DistanceFieldAO:1]]
[2019.12.03-04.05.19:044][  0]LogConfig: Setting CVar [[r.AOQuality:2]]
[2019.12.03-04.05.19:044][  0]LogConfig: Setting CVar [[r.VolumetricFog:1]]
[2019.12.03-04.05.19:044][  0]LogConfig: Setting CVar [[r.VolumetricFog.GridPixelSize:8]]
[2019.12.03-04.05.19:044][  0]LogConfig: Setting CVar [[r.VolumetricFog.GridSizeZ:128]]
[2019.12.03-04.05.19:044][  0]LogConfig: Setting CVar [[r.VolumetricFog.HistoryMissSupersampleCount:4]]
[2019.12.03-04.05.19:044][  0]LogConfig: Setting CVar [[r.LightMaxDrawDistanceScale:1]]
[2019.12.03-04.05.19:044][  0]LogConfig: Setting CVar [[r.CapsuleShadows:1]]
[2019.12.03-04.05.19:044][  0]LogConfig: Applying CVar settings from Section [PostProcessQuality@3] File [D:/GoogleDrive_Sync/TheosProductions/Project_Plague_UE4/Saved/Config/Windows/Scalability.ini]
[2019.12.03-04.05.19:045][  0]LogConfig: Setting CVar [[r.MotionBlurQuality:4]]
[2019.12.03-04.05.19:045][  0]LogConfig: Setting CVar [[r.AmbientOcclusionMipLevelFactor:0.4]]
[2019.12.03-04.05.19:045][  0]LogConfig: Setting CVar [[r.AmbientOcclusionMaxQuality:100]]
[2019.12.03-04.05.19:045][  0]LogConfig: Setting CVar [[r.AmbientOcclusionLevels:-1]]
[2019.12.03-04.05.19:045][  0]LogConfig: Setting CVar [[r.AmbientOcclusionRadiusScale:1.0]]
[2019.12.03-04.05.19:045][  0]LogConfig: Setting CVar [[r.DepthOfFieldQuality:2]]
[2019.12.03-04.05.19:045][  0]LogConfig: Setting CVar [[r.RenderTargetPoolMin:400]]
[2019.12.03-04.05.19:045][  0]LogConfig: Setting CVar [[r.LensFlareQuality:2]]
[2019.12.03-04.05.19:045][  0]LogConfig: Setting CVar [[r.SceneColorFringeQuality:1]]
[2019.12.03-04.05.19:045][  0]LogConfig: Setting CVar [[r.EyeAdaptationQuality:2]]
[2019.12.03-04.05.19:045][  0]LogConfig: Setting CVar [[r.BloomQuality:5]]
[2019.12.03-04.05.19:045][  0]LogConfig: Setting CVar [[r.FastBlurThreshold:100]]
[2019.12.03-04.05.19:045][  0]LogConfig: Setting CVar [[r.Upscale.Quality:3]]
[2019.12.03-04.05.19:045][  0]LogConfig: Setting CVar [[r.Tonemapper.GrainQuantization:1]]
[2019.12.03-04.05.19:045][  0]LogConfig: Setting CVar [[r.LightShaftQuality:1]]
[2019.12.03-04.05.19:045][  0]LogConfig: Setting CVar [[r.Filter.SizeScale:1]]
[2019.12.03-04.05.19:045][  0]LogConfig: Setting CVar [[r.Tonemapper.Quality:5]]
[2019.12.03-04.05.19:045][  0]LogConfig: Setting CVar [[r.DOF.Gather.AccumulatorQuality:1        ; higher gathering accumulator quality]]
[2019.12.03-04.05.19:045][  0]LogConfig: Setting CVar [[r.DOF.Gather.PostfilterMethod:1          ; Median3x3 postfilering method]]
[2019.12.03-04.05.19:045][  0]LogConfig: Setting CVar [[r.DOF.Gather.EnableBokehSettings:0       ; no bokeh simulation when gathering]]
[2019.12.03-04.05.19:045][  0]LogConfig: Setting CVar [[r.DOF.Gather.RingCount:4                 ; medium number of samples when gathering]]
[2019.12.03-04.05.19:045][  0]LogConfig: Setting CVar [[r.DOF.Scatter.ForegroundCompositing:1    ; additive foreground scattering]]
[2019.12.03-04.05.19:045][  0]LogConfig: Setting CVar [[r.DOF.Scatter.BackgroundCompositing:2    ; additive background scattering]]
[2019.12.03-04.05.19:045][  0]LogConfig: Setting CVar [[r.DOF.Scatter.EnableBokehSettings:1      ; bokeh simulation when scattering]]
[2019.12.03-04.05.19:045][  0]LogConfig: Setting CVar [[r.DOF.Scatter.MaxSpriteRatio:0.1         ; only a maximum of 10% of scattered bokeh]]
[2019.12.03-04.05.19:045][  0]LogConfig: Setting CVar [[r.DOF.Recombine.Quality:1                ; cheap slight out of focus]]
[2019.12.03-04.05.19:045][  0]LogConfig: Setting CVar [[r.DOF.Recombine.EnableBokehSettings:0    ; no bokeh simulation on slight out of focus]]
[2019.12.03-04.05.19:045][  0]LogConfig: Setting CVar [[r.DOF.TemporalAAQuality:1                ; more stable temporal accumulation]]
[2019.12.03-04.05.19:045][  0]LogConfig: Setting CVar [[r.DOF.Kernel.MaxForegroundRadius:0.025]]
[2019.12.03-04.05.19:045][  0]LogConfig: Setting CVar [[r.DOF.Kernel.MaxBackgroundRadius:0.025]]
[2019.12.03-04.05.19:045][  0]LogConfig: Applying CVar settings from Section [TextureQuality@3] File [D:/GoogleDrive_Sync/TheosProductions/Project_Plague_UE4/Saved/Config/Windows/Scalability.ini]
[2019.12.03-04.05.19:045][  0]LogConfig: Setting CVar [[r.Streaming.MipBias:0]]
[2019.12.03-04.05.19:045][  0]LogConfig: Setting CVar [[r.Streaming.AmortizeCPUToGPUCopy:0]]
[2019.12.03-04.05.19:045][  0]LogConfig: Setting CVar [[r.Streaming.MaxNumTexturesToStreamPerFrame:0]]
[2019.12.03-04.05.19:045][  0]LogConfig: Setting CVar [[r.Streaming.Boost:1]]
[2019.12.03-04.05.19:045][  0]LogConfig: Setting CVar [[r.MaxAnisotropy:8]]
[2019.12.03-04.05.19:045][  0]LogConfig: Setting CVar [[r.Streaming.LimitPoolSizeToVRAM:0]]
[2019.12.03-04.05.19:045][  0]LogConfig: Setting CVar [[r.Streaming.PoolSize:1000]]
[2019.12.03-04.05.19:045][  0]LogConfig: Setting CVar [[r.Streaming.MaxEffectiveScreenSize:0]]
[2019.12.03-04.05.19:045][  0]LogConfig: Applying CVar settings from Section [EffectsQuality@3] File [D:/GoogleDrive_Sync/TheosProductions/Project_Plague_UE4/Saved/Config/Windows/Scalability.ini]
[2019.12.03-04.05.19:045][  0]LogConfig: Setting CVar [[r.TranslucencyLightingVolumeDim:64]]
[2019.12.03-04.05.19:045][  0]LogConfig: Setting CVar [[r.RefractionQuality:2]]
[2019.12.03-04.05.19:045][  0]LogConfig: Setting CVar [[r.SSR.Quality:3]]
[2019.12.03-04.05.19:045][  0]LogConfig: Setting CVar [[r.SceneColorFormat:4]]
[2019.12.03-04.05.19:045][  0]LogConfig: Setting CVar [[r.DetailMode:2]]
[2019.12.03-04.05.19:045][  0]LogConfig: Setting CVar [[r.TranslucencyVolumeBlur:1]]
[2019.12.03-04.05.19:045][  0]LogConfig: Setting CVar [[r.MaterialQualityLevel:1 ; High quality]]
[2019.12.03-04.05.19:045][  0]LogConfig: Setting CVar [[r.SSS.Scale:1]]
[2019.12.03-04.05.19:045][  0]LogConfig: Setting CVar [[r.SSS.SampleSet:2]]
[2019.12.03-04.05.19:045][  0]LogConfig: Setting CVar [[r.SSS.Quality:1]]
[2019.12.03-04.05.19:045][  0]LogConfig: Setting CVar [[r.SSS.HalfRes:1]]
[2019.12.03-04.05.19:045][  0]LogConfig: Setting CVar [[r.EmitterSpawnRateScale:1.0]]
[2019.12.03-04.05.19:045][  0]LogConfig: Setting CVar [[r.ParticleLightQuality:2]]
[2019.12.03-04.05.19:045][  0]LogConfig: Applying CVar settings from Section [FoliageQuality@3] File [D:/GoogleDrive_Sync/TheosProductions/Project_Plague_UE4/Saved/Config/Windows/Scalability.ini]
[2019.12.03-04.05.19:045][  0]LogConfig: Setting CVar [[foliage.DensityScale:1.0]]
[2019.12.03-04.05.19:045][  0]LogConfig: Setting CVar [[grass.DensityScale:1.0]]
[2019.12.03-04.05.19:051][  0]LogInit: Selected Device Profile: [Windows]
[2019.12.03-04.05.19:061][  0]LogInit: Applying CVar settings loaded from the selected device profile: [Windows]
[2019.12.03-04.05.19:144][  0]LogHAL: Display: Platform has ~ 32 GB [34305662976 / 34359738368 / 32], which maps to Largest [LargestMinGB=32, LargerMinGB=12, DefaultMinGB=8, SmallerMinGB=6, SmallestMinGB=0)
[2019.12.03-04.05.19:145][  0]LogInit: Going up to parent DeviceProfile []
[2019.12.03-04.05.19:154][  0]LogConfig: Applying CVar settings from Section [ViewDistanceQuality@3] File [D:/GoogleDrive_Sync/TheosProductions/Project_Plague_UE4/Saved/Config/Windows/Scalability.ini]
[2019.12.03-04.05.19:154][  0]LogConfig: Setting CVar [[r.SkeletalMeshLODBias:0]]
[2019.12.03-04.05.19:155][  0]LogConfig: Setting CVar [[r.ViewDistanceScale:1.0]]
[2019.12.03-04.05.19:155][  0]LogConfig: Applying CVar settings from Section [AntiAliasingQuality@3] File [D:/GoogleDrive_Sync/TheosProductions/Project_Plague_UE4/Saved/Config/Windows/Scalability.ini]
[2019.12.03-04.05.19:155][  0]LogConfig: Setting CVar [[r.PostProcessAAQuality:4]]
[2019.12.03-04.05.19:155][  0]LogConfig: Applying CVar settings from Section [ShadowQuality@3] File [D:/GoogleDrive_Sync/TheosProductions/Project_Plague_UE4/Saved/Config/Windows/Scalability.ini]
[2019.12.03-04.05.19:155][  0]LogConfig: Setting CVar [[r.LightFunctionQuality:1]]
[2019.12.03-04.05.19:155][  0]LogConfig: Setting CVar [[r.ShadowQuality:5]]
[2019.12.03-04.05.19:155][  0]LogConfig: Setting CVar [[r.Shadow.CSM.MaxCascades:10]]
[2019.12.03-04.05.19:155][  0]LogConfig: Setting CVar [[r.Shadow.MaxResolution:2048]]
[2019.12.03-04.05.19:155][  0]LogConfig: Setting CVar [[r.Shadow.MaxCSMResolution:2048]]
[2019.12.03-04.05.19:155][  0]LogConfig: Setting CVar [[r.Shadow.RadiusThreshold:0.01]]
[2019.12.03-04.05.19:155][  0]LogConfig: Setting CVar [[r.Shadow.DistanceScale:1.0]]
[2019.12.03-04.05.19:155][  0]LogConfig: Setting CVar [[r.Shadow.CSM.TransitionScale:1.0]]
[2019.12.03-04.05.19:155][  0]LogConfig: Setting CVar [[r.Shadow.PreShadowResolutionFactor:1.0]]
[2019.12.03-04.05.19:155][  0]LogConfig: Setting CVar [[r.DistanceFieldShadowing:1]]
[2019.12.03-04.05.19:155][  0]LogConfig: Setting CVar [[r.DistanceFieldAO:1]]
[2019.12.03-04.05.19:155][  0]LogConfig: Setting CVar [[r.AOQuality:2]]
[2019.12.03-04.05.19:155][  0]LogConfig: Setting CVar [[r.VolumetricFog:1]]
[2019.12.03-04.05.19:155][  0]LogConfig: Setting CVar [[r.VolumetricFog.GridPixelSize:8]]
[2019.12.03-04.05.19:155][  0]LogConfig: Setting CVar [[r.VolumetricFog.GridSizeZ:128]]
[2019.12.03-04.05.19:155][  0]LogConfig: Setting CVar [[r.VolumetricFog.HistoryMissSupersampleCount:4]]
[2019.12.03-04.05.19:155][  0]LogConfig: Setting CVar [[r.LightMaxDrawDistanceScale:1]]
[2019.12.03-04.05.19:155][  0]LogConfig: Setting CVar [[r.CapsuleShadows:1]]
[2019.12.03-04.05.19:155][  0]LogConfig: Applying CVar settings from Section [PostProcessQuality@3] File [D:/GoogleDrive_Sync/TheosProductions/Project_Plague_UE4/Saved/Config/Windows/Scalability.ini]
[2019.12.03-04.05.19:155][  0]LogConfig: Setting CVar [[r.MotionBlurQuality:4]]
[2019.12.03-04.05.19:155][  0]LogConfig: Setting CVar [[r.AmbientOcclusionMipLevelFactor:0.4]]
[2019.12.03-04.05.19:155][  0]LogConfig: Setting CVar [[r.AmbientOcclusionMaxQuality:100]]
[2019.12.03-04.05.19:155][  0]LogConfig: Setting CVar [[r.AmbientOcclusionLevels:-1]]
[2019.12.03-04.05.19:155][  0]LogConfig: Setting CVar [[r.AmbientOcclusionRadiusScale:1.0]]
[2019.12.03-04.05.19:155][  0]LogConfig: Setting CVar [[r.DepthOfFieldQuality:2]]
[2019.12.03-04.05.19:155][  0]LogConfig: Setting CVar [[r.RenderTargetPoolMin:400]]
[2019.12.03-04.05.19:155][  0]LogConfig: Setting CVar [[r.LensFlareQuality:2]]
[2019.12.03-04.05.19:155][  0]LogConfig: Setting CVar [[r.SceneColorFringeQuality:1]]
[2019.12.03-04.05.19:155][  0]LogConfig: Setting CVar [[r.EyeAdaptationQuality:2]]
[2019.12.03-04.05.19:155][  0]LogConfig: Setting CVar [[r.BloomQuality:5]]
[2019.12.03-04.05.19:155][  0]LogConfig: Setting CVar [[r.FastBlurThreshold:100]]
[2019.12.03-04.05.19:155][  0]LogConfig: Setting CVar [[r.Upscale.Quality:3]]
[2019.12.03-04.05.19:155][  0]LogConfig: Setting CVar [[r.Tonemapper.GrainQuantization:1]]
[2019.12.03-04.05.19:155][  0]LogConfig: Setting CVar [[r.LightShaftQuality:1]]
[2019.12.03-04.05.19:155][  0]LogConfig: Setting CVar [[r.Filter.SizeScale:1]]
[2019.12.03-04.05.19:155][  0]LogConfig: Setting CVar [[r.Tonemapper.Quality:5]]
[2019.12.03-04.05.19:155][  0]LogConfig: Setting CVar [[r.DOF.Gather.AccumulatorQuality:1        ; higher gathering accumulator quality]]
[2019.12.03-04.05.19:155][  0]LogConfig: Setting CVar [[r.DOF.Gather.PostfilterMethod:1          ; Median3x3 postfilering method]]
[2019.12.03-04.05.19:155][  0]LogConfig: Setting CVar [[r.DOF.Gather.EnableBokehSettings:0       ; no bokeh simulation when gathering]]
[2019.12.03-04.05.19:155][  0]LogConfig: Setting CVar [[r.DOF.Gather.RingCount:4                 ; medium number of samples when gathering]]
[2019.12.03-04.05.19:155][  0]LogConfig: Setting CVar [[r.DOF.Scatter.ForegroundCompositing:1    ; additive foreground scattering]]
[2019.12.03-04.05.19:155][  0]LogConfig: Setting CVar [[r.DOF.Scatter.BackgroundCompositing:2    ; additive background scattering]]
[2019.12.03-04.05.19:155][  0]LogConfig: Setting CVar [[r.DOF.Scatter.EnableBokehSettings:1      ; bokeh simulation when scattering]]
[2019.12.03-04.05.19:155][  0]LogConfig: Setting CVar [[r.DOF.Scatter.MaxSpriteRatio:0.1         ; only a maximum of 10% of scattered bokeh]]
[2019.12.03-04.05.19:155][  0]LogConfig: Setting CVar [[r.DOF.Recombine.Quality:1                ; cheap slight out of focus]]
[2019.12.03-04.05.19:155][  0]LogConfig: Setting CVar [[r.DOF.Recombine.EnableBokehSettings:0    ; no bokeh simulation on slight out of focus]]
[2019.12.03-04.05.19:155][  0]LogConfig: Setting CVar [[r.DOF.TemporalAAQuality:1                ; more stable temporal accumulation]]
[2019.12.03-04.05.19:155][  0]LogConfig: Setting CVar [[r.DOF.Kernel.MaxForegroundRadius:0.025]]
[2019.12.03-04.05.19:155][  0]LogConfig: Setting CVar [[r.DOF.Kernel.MaxBackgroundRadius:0.025]]
[2019.12.03-04.05.19:155][  0]LogConfig: Applying CVar settings from Section [TextureQuality@3] File [D:/GoogleDrive_Sync/TheosProductions/Project_Plague_UE4/Saved/Config/Windows/Scalability.ini]
[2019.12.03-04.05.19:155][  0]LogConfig: Setting CVar [[r.Streaming.MipBias:0]]
[2019.12.03-04.05.19:155][  0]LogConfig: Setting CVar [[r.Streaming.AmortizeCPUToGPUCopy:0]]
[2019.12.03-04.05.19:155][  0]LogConfig: Setting CVar [[r.Streaming.MaxNumTexturesToStreamPerFrame:0]]
[2019.12.03-04.05.19:155][  0]LogConfig: Setting CVar [[r.Streaming.Boost:1]]
[2019.12.03-04.05.19:155][  0]LogConfig: Setting CVar [[r.MaxAnisotropy:8]]
[2019.12.03-04.05.19:155][  0]LogConfig: Setting CVar [[r.Streaming.LimitPoolSizeToVRAM:0]]
[2019.12.03-04.05.19:155][  0]LogConfig: Setting CVar [[r.Streaming.PoolSize:1000]]
[2019.12.03-04.05.19:155][  0]LogConfig: Setting CVar [[r.Streaming.MaxEffectiveScreenSize:0]]
[2019.12.03-04.05.19:155][  0]LogConfig: Applying CVar settings from Section [EffectsQuality@3] File [D:/GoogleDrive_Sync/TheosProductions/Project_Plague_UE4/Saved/Config/Windows/Scalability.ini]
[2019.12.03-04.05.19:155][  0]LogConfig: Setting CVar [[r.TranslucencyLightingVolumeDim:64]]
[2019.12.03-04.05.19:155][  0]LogConfig: Setting CVar [[r.RefractionQuality:2]]
[2019.12.03-04.05.19:155][  0]LogConfig: Setting CVar [[r.SSR.Quality:3]]
[2019.12.03-04.05.19:156][  0]LogConfig: Setting CVar [[r.SceneColorFormat:4]]
[2019.12.03-04.05.19:156][  0]LogConfig: Setting CVar [[r.DetailMode:2]]
[2019.12.03-04.05.19:156][  0]LogConfig: Setting CVar [[r.TranslucencyVolumeBlur:1]]
[2019.12.03-04.05.19:156][  0]LogConfig: Setting CVar [[r.MaterialQualityLevel:1 ; High quality]]
[2019.12.03-04.05.19:156][  0]LogConfig: Setting CVar [[r.SSS.Scale:1]]
[2019.12.03-04.05.19:156][  0]LogConfig: Setting CVar [[r.SSS.SampleSet:2]]
[2019.12.03-04.05.19:156][  0]LogConfig: Setting CVar [[r.SSS.Quality:1]]
[2019.12.03-04.05.19:156][  0]LogConfig: Setting CVar [[r.SSS.HalfRes:1]]
[2019.12.03-04.05.19:156][  0]LogConfig: Setting CVar [[r.EmitterSpawnRateScale:1.0]]
[2019.12.03-04.05.19:156][  0]LogConfig: Setting CVar [[r.ParticleLightQuality:2]]
[2019.12.03-04.05.19:156][  0]LogConfig: Applying CVar settings from Section [FoliageQuality@3] File [D:/GoogleDrive_Sync/TheosProductions/Project_Plague_UE4/Saved/Config/Windows/Scalability.ini]
[2019.12.03-04.05.19:156][  0]LogConfig: Setting CVar [[foliage.DensityScale:1.0]]
[2019.12.03-04.05.19:156][  0]LogConfig: Setting CVar [[grass.DensityScale:1.0]]
[2019.12.03-04.05.19:156][  0]LogConfig: Applying CVar settings from Section [Startup] File [../../../Engine/Config/ConsoleVariables.ini]
[2019.12.03-04.05.19:184][  0]LogConfig: Setting CVar [[net.UseAdaptiveNetUpdateFrequency:0]]
[2019.12.03-04.05.19:184][  0]LogConfig: Setting CVar [[p.chaos.AllowCreatePhysxBodies:1]]
[2019.12.03-04.05.19:184][  0]LogConfig: Applying CVar settings from Section [ConsoleVariables] File [D:/GoogleDrive_Sync/TheosProductions/Project_Plague_UE4/Saved/Config/Windows/Engine.ini]
[2019.12.03-04.05.19:202][  0]LogInit: Computer: JOHNSPC
[2019.12.03-04.05.19:202][  0]LogInit: User: John
[2019.12.03-04.05.19:202][  0]LogInit: CPU Page size=4096, Cores=8
[2019.12.03-04.05.19:202][  0]LogInit: High frequency timer resolution =10.000000 MHz
[2019.12.03-04.05.19:214][  0]LogMemory: Memory total: Physical=31.9GB (32GB approx)
[2019.12.03-04.05.19:214][  0]LogMemory: Platform Memory Stats for Windows
[2019.12.03-04.05.19:214][  0]LogMemory: Process Physical Memory: 102.64 MB used, 102.64 MB peak
[2019.12.03-04.05.19:214][  0]LogMemory: Process Virtual Memory: 91.93 MB used, 91.93 MB peak
[2019.12.03-04.05.19:214][  0]LogMemory: Physical Memory: 6860.40 MB used,  25856.03 MB free, 32716.43 MB total
[2019.12.03-04.05.19:214][  0]LogMemory: Virtual Memory: 4692.68 MB used,  134213032.00 MB free, 134217728.00 MB total
[2019.12.03-04.05.19:233][  0]LogWindows: WindowsPlatformFeatures enabled
[2019.12.03-04.05.20:147][  0]LogInit: Using OS detected language (en-US).
[2019.12.03-04.05.20:147][  0]LogInit: Using OS detected locale (en-US).
[2019.12.03-04.05.20:338][  0]LogTextLocalizationManager: No specific localization for 'en-US' exists, so the 'en' localization will be used.
[2019.12.03-04.05.21:065][  0]LogInit: Setting process to per monitor DPI aware
[2019.12.03-04.05.22:047][  0]LogSlate: New Slate User Created.  User Index 0, Is Virtual User: 0
[2019.12.03-04.05.22:047][  0]LogSlate: Slate User Registered.  User Index 0, Is Virtual User: 0
[2019.12.03-04.05.33:096][  0]LogHMD: Failed to initialize OpenVR with code 108
[2019.12.03-04.05.33:097][  0]LogD3D11RHI: D3D11 adapters:
[2019.12.03-04.05.33:259][  0]LogD3D11RHI:    0. 'NVIDIA GeForce RTX 2080' (Feature Level 11_0)
[2019.12.03-04.05.33:259][  0]LogD3D11RHI:       8010/0/16358 MB DedicatedVideo/DedicatedSystem/SharedSystem, Outputs:1, VendorId:0x10de
[2019.12.03-04.05.33:264][  0]LogD3D11RHI:    1. 'Microsoft Basic Render Driver' (Feature Level 11_0)
[2019.12.03-04.05.33:265][  0]LogD3D11RHI:       0/0/16358 MB DedicatedVideo/DedicatedSystem/SharedSystem, Outputs:0, VendorId:0x1414
[2019.12.03-04.05.33:265][  0]LogD3D11RHI: Chosen D3D11 Adapter: 0
[2019.12.03-04.05.33:368][  0]LogD3D11RHI: Creating new Direct3DDevice
[2019.12.03-04.05.33:368][  0]LogD3D11RHI:     GPU DeviceId: 0x1e87 (for the marketing name, search the web for "GPU Device Id")
[2019.12.03-04.05.33:368][  0]LogWindows: EnumDisplayDevices:
[2019.12.03-04.05.33:368][  0]LogWindows:    0. 'NVIDIA GeForce RTX 2080' (P:1 D:1)
[2019.12.03-04.05.33:369][  0]LogWindows:    1. 'NVIDIA GeForce RTX 2080' (P:0 D:0)
[2019.12.03-04.05.33:369][  0]LogWindows:    2. 'NVIDIA GeForce RTX 2080' (P:0 D:0)
[2019.12.03-04.05.33:370][  0]LogWindows:    3. 'NVIDIA GeForce RTX 2080' (P:0 D:0)
[2019.12.03-04.05.33:370][  0]LogWindows: DebugString: FoundDriverCount:4 
[2019.12.03-04.05.33:370][  0]LogD3D11RHI:     Adapter Name: NVIDIA GeForce RTX 2080
[2019.12.03-04.05.33:371][  0]LogD3D11RHI:   Driver Version: 432.00 (internal:26.21.14.3200, unified:432.00)
[2019.12.03-04.05.33:371][  0]LogD3D11RHI:      Driver Date: 7-24-2019
[2019.12.03-04.05.33:371][  0]LogRHI: Texture pool is 5607 MB (70% of 8010 MB)
[2019.12.03-04.05.33:486][  0]LogD3D11RHI: Async texture creation enabled
[2019.12.03-04.05.34:826][  0]LogD3D11RHI: GPU Timing Frequency: 1000.000000 (Debug: 2 1)
[2019.12.03-04.05.36:538][  0]LogTemp: Display: Module 'AllDesktopTargetPlatform' loaded TargetPlatform 'AllDesktop'
[2019.12.03-04.05.36:600][  0]LogTemp: Display: Module 'MacClientTargetPlatform' loaded TargetPlatform 'MacClient'
[2019.12.03-04.05.36:638][  0]LogTemp: Display: Module 'MacNoEditorTargetPlatform' loaded TargetPlatform 'MacNoEditor'
[2019.12.03-04.05.36:675][  0]LogTemp: Display: Module 'MacServerTargetPlatform' loaded TargetPlatform 'MacServer'
[2019.12.03-04.05.36:813][  0]LogTemp: Display: Module 'MacTargetPlatform' loaded TargetPlatform 'Mac'
[2019.12.03-04.05.36:896][  0]LogTemp: Display: Module 'WindowsClientTargetPlatform' loaded TargetPlatform 'WindowsClient'
[2019.12.03-04.05.36:943][  0]LogTemp: Display: Module 'WindowsNoEditorTargetPlatform' loaded TargetPlatform 'WindowsNoEditor'
[2019.12.03-04.05.36:981][  0]LogTemp: Display: Module 'WindowsServerTargetPlatform' loaded TargetPlatform 'WindowsServer'
[2019.12.03-04.05.37:135][  0]LogTemp: Display: Module 'WindowsTargetPlatform' loaded TargetPlatform 'Windows'
[2019.12.03-04.05.37:253][  0]LogTemp: Display: Module 'AndroidTargetPlatform' loaded TargetPlatform 'Android'
[2019.12.03-04.05.37:253][  0]LogTemp: Display: Module 'AndroidTargetPlatform' loaded TargetPlatform 'Android_ASTC'
[2019.12.03-04.05.37:253][  0]LogTemp: Display: Module 'AndroidTargetPlatform' loaded TargetPlatform 'Android_ATC'
[2019.12.03-04.05.37:253][  0]LogTemp: Display: Module 'AndroidTargetPlatform' loaded TargetPlatform 'Android_DXT'
[2019.12.03-04.05.37:253][  0]LogTemp: Display: Module 'AndroidTargetPlatform' loaded TargetPlatform 'Android_ETC1'
[2019.12.03-04.05.37:253][  0]LogTemp: Display: Module 'AndroidTargetPlatform' loaded TargetPlatform 'Android_ETC1a'
[2019.12.03-04.05.37:253][  0]LogTemp: Display: Module 'AndroidTargetPlatform' loaded TargetPlatform 'Android_ETC2'
[2019.12.03-04.05.37:253][  0]LogTemp: Display: Module 'AndroidTargetPlatform' loaded TargetPlatform 'Android_PVRTC'
[2019.12.03-04.05.37:253][  0]LogTemp: Display: Module 'AndroidTargetPlatform' loaded TargetPlatform 'AndroidClient'
[2019.12.03-04.05.37:253][  0]LogTemp: Display: Module 'AndroidTargetPlatform' loaded TargetPlatform 'Android_ASTCClient'
[2019.12.03-04.05.37:253][  0]LogTemp: Display: Module 'AndroidTargetPlatform' loaded TargetPlatform 'Android_ATCClient'
[2019.12.03-04.05.37:253][  0]LogTemp: Display: Module 'AndroidTargetPlatform' loaded TargetPlatform 'Android_DXTClient'
[2019.12.03-04.05.37:253][  0]LogTemp: Display: Module 'AndroidTargetPlatform' loaded TargetPlatform 'Android_ETC1Client'
[2019.12.03-04.05.37:253][  0]LogTemp: Display: Module 'AndroidTargetPlatform' loaded TargetPlatform 'Android_ETC1aClient'
[2019.12.03-04.05.37:253][  0]LogTemp: Display: Module 'AndroidTargetPlatform' loaded TargetPlatform 'Android_ETC2Client'
[2019.12.03-04.05.37:253][  0]LogTemp: Display: Module 'AndroidTargetPlatform' loaded TargetPlatform 'Android_PVRTCClient'
[2019.12.03-04.05.37:253][  0]LogTemp: Display: Module 'AndroidTargetPlatform' loaded TargetPlatform 'Android_Multi'
[2019.12.03-04.05.37:253][  0]LogTemp: Display: Module 'AndroidTargetPlatform' loaded TargetPlatform 'Android_MultiClient'
[2019.12.03-04.05.37:304][  0]LogTemp: Display: Module 'HTML5TargetPlatform' loaded TargetPlatform 'HTML5'
[2019.12.03-04.05.37:805][  0]LogTemp: Display: Module 'IOSTargetPlatform' loaded TargetPlatform 'IOSClient'
[2019.12.03-04.05.37:806][  0]LogTemp: Display: Module 'IOSTargetPlatform' loaded TargetPlatform 'IOS'
[2019.12.03-04.05.37:920][  0]LogTemp: Display: Module 'TVOSTargetPlatform' loaded TargetPlatform 'TVOSClient'
[2019.12.03-04.05.37:920][  0]LogTemp: Display: Module 'TVOSTargetPlatform' loaded TargetPlatform 'TVOS'
[2019.12.03-04.05.38:034][  0]LogTemp: Display: Module 'LinuxClientTargetPlatform' loaded TargetPlatform 'LinuxClient'
[2019.12.03-04.05.38:095][  0]LogTemp: Display: Module 'LinuxNoEditorTargetPlatform' loaded TargetPlatform 'LinuxNoEditor'
[2019.12.03-04.05.38:160][  0]LogTemp: Display: Module 'LinuxServerTargetPlatform' loaded TargetPlatform 'LinuxServer'
[2019.12.03-04.05.38:260][  0]LogTemp: Display: Module 'LinuxTargetPlatform' loaded TargetPlatform 'Linux'
[2019.12.03-04.05.38:382][  0]LogTemp: Display: Module 'LuminTargetPlatform' loaded TargetPlatform 'Lumin'
[2019.12.03-04.05.38:382][  0]LogTemp: Display: Module 'LuminTargetPlatform' loaded TargetPlatform 'LuminClient'
[2019.12.03-04.05.38:382][  0]LogTargetPlatformManager: Display: Building Assets For Windows
[2019.12.03-04.05.38:977][  0]LogAudioDebug: Display: Lib vorbis DLL was dynamically loaded.
[2019.12.03-04.05.41:026][  0]LogShaderCompilers: Guid format shader working directory is -23 characters bigger than the processId version (../../../../../GoogleDrive_Sync/TheosProductions/Project_Plague_UE4/Intermediate/Shaders/WorkingDirectory/18304/).
[2019.12.03-04.05.41:026][  0]LogShaderCompilers: Cleaned the shader compiler working directory 'C:/Users/John/AppData/Local/Temp/UnrealShaderWorkingDir/3E69DDA541BE4D4A84FB8F8B1A7A4528/'.
[2019.12.03-04.05.41:039][  0]LogXGEController: Cleaning working directory: C:/Users/John/AppData/Local/Temp/UnrealXGEWorkingDir/
[2019.12.03-04.05.41:040][  0]LogXGEController: Cannot use XGE Controller as Incredibuild is not installed on this machine.
[2019.12.03-04.05.41:041][  0]LogShaderCompilers: Cannot use XGE Shader Compiler as Incredibuild is not installed on this machine.
[2019.12.03-04.05.41:041][  0]LogShaderCompilers: Display: Using Local Shader Compiler.
[2019.12.03-04.05.50:626][  0]LogDerivedDataCache: Display: Max Cache Size: 512 MB
[2019.12.03-04.05.51:132][  0]LogDerivedDataCache: Loaded boot cache 0.50s 76MB C:/Users/John/AppData/Local/UnrealEngine/4.23/DerivedDataCache/Boot.ddc.
[2019.12.03-04.05.51:133][  0]LogDerivedDataCache: Display: Loaded Boot cache: C:/Users/John/AppData/Local/UnrealEngine/4.23/DerivedDataCache/Boot.ddc
[2019.12.03-04.05.51:133][  0]LogDerivedDataCache: FDerivedDataBackendGraph:  Pak pak cache file ../../../../../GoogleDrive_Sync/TheosProductions/Project_Plague_UE4/DerivedDataCache/DDC.ddp not found, will not use a pak cache.
[2019.12.03-04.05.51:133][  0]LogDerivedDataCache: Unable to find inner node Pak for hierarchical cache Hierarchy.
[2019.12.03-04.05.51:133][  0]LogDerivedDataCache: FDerivedDataBackendGraph:  CompressedPak pak cache file ../../../../../GoogleDrive_Sync/TheosProductions/Project_Plague_UE4/DerivedDataCache/Compressed.ddp not found, will not use a pak cache.
[2019.12.03-04.05.51:133][  0]LogDerivedDataCache: Unable to find inner node CompressedPak for hierarchical cache Hierarchy.
[2019.12.03-04.05.51:239][  0]LogDerivedDataCache: Display: Pak cache opened for reading ../../../Engine/DerivedDataCache/Compressed.ddp.
[2019.12.03-04.05.51:240][  0]LogDerivedDataCache: FDerivedDataBackendGraph:  EnterprisePak pak cache file ../../../Enterprise/DerivedDataCache/Compressed.ddp not found, will not use a pak cache.
[2019.12.03-04.05.51:240][  0]LogDerivedDataCache: Unable to find inner node EnterprisePak for hierarchical cache Hierarchy.
[2019.12.03-04.05.51:243][  0]LogDerivedDataCache: Using Local data cache path C:/Users/John/AppData/Local/UnrealEngine/Common/DerivedDataCache: Writable
[2019.12.03-04.05.51:243][  0]LogDerivedDataCache: Shared data cache path not found in *engine.ini, will not use an Shared cache.
[2019.12.03-04.05.51:243][  0]LogDerivedDataCache: Unable to find inner node Shared for hierarchical cache Hierarchy.
[2019.12.03-04.05.51:361][  0]LogMaterial: Verifying Global Shaders for PCD3D_SM5
[2019.12.03-04.05.51:448][  0]LogSlate: Using FreeType 2.6.0
[2019.12.03-04.05.51:643][  0]LogSlate: SlateFontServices - WITH_FREETYPE: 1, WITH_HARFBUZZ: 1
[2019.12.03-04.05.52:770][  0]LogAssetRegistry: FAssetRegistry took 0.0074 seconds to start up
[2019.12.03-04.06.01:050][  0]LogInit: Selected Device Profile: [Windows]
[2019.12.03-04.06.05:802][  0]LogMeshReduction: Using QuadricMeshReduction for automatic static mesh reduction
[2019.12.03-04.06.05:802][  0]LogMeshReduction: Using SimplygonMeshReduction for automatic skeletal mesh reduction
[2019.12.03-04.06.05:802][  0]LogMeshReduction: Using ProxyLODMeshReduction for automatic mesh merging
[2019.12.03-04.06.05:802][  0]LogMeshReduction: No distributed automatic mesh merging module available
[2019.12.03-04.06.05:825][  0]LogMeshMerging: No distributed automatic mesh merging module available
[2019.12.03-04.06.06:689][  0]LogNetVersion: Project_Plague_UE4 1.0.0, NetCL: 8386587, EngineNetVer: 11, GameNetVer: 0 (Checksum: 1726986232)
[2019.12.03-04.06.14:746][  0]LogPackageLocalizationCache: Processed 14 localized package path(s) for 1 prioritized culture(s) in 0.312904 seconds
[2019.12.03-04.06.14:756][  0]LogUObjectArray: 43444 objects as part of root set at end of initial load.
[2019.12.03-04.06.14:756][  0]LogUObjectAllocator: 7548648 out of 0 bytes used by permanent object pool.
[2019.12.03-04.06.14:756][  0]LogUObjectArray: CloseDisregardForGC: 0/0 objects in disregard for GC pool
[2019.12.03-04.06.51:408][  0]LogTcpMessaging: Initializing TcpMessaging bridge
[2019.12.03-04.06.51:462][  0]LogUdpMessaging: Initializing bridge on interface 0.0.0.0:0 to multicast group 230.0.0.1:6666.
[2019.12.03-04.06.55:068][  0]SourceControl: Source control is disabled
[2019.12.03-04.06.55:089][  0]SourceControl: Source control is disabled
[2019.12.03-04.06.55:524][  0]SourceControl: Source control is disabled
[2019.12.03-04.06.55:604][  0]SourceControl: Source control is disabled
[2019.12.03-04.06.58:707][  0]LogAndroidPermission: UAndroidPermissionCallbackProxy::GetInstance
[2019.12.03-04.06.59:865][  0]LogOcInput: OculusInput pre-init called
[2019.12.03-04.06.59:938][  0]LogWindows: Failed to load 'OVRPlugin.dll' (GetLastError=126)
[2019.12.03-04.06.59:939][  0]LogWindows: File 'OVRPlugin.dll' does not exist
[2019.12.03-04.07.00:529][  0]LogPython: Python Scripts search path: ../../../../../GoogleDrive_Sync/TheosProductions/Project_Plague_UE4/Content/Scripts
[2019.12.03-04.07.00:529][  0]LogPython: Python Scripts search path: ../../../Engine/Plugins/UnrealEnginePython
[2019.12.03-04.07.00:529][  0]LogPython: Python VM initialized: 3.6.2 (v3.6.2:5fd33b5, Jul  8 2017, 04:57:36) [MSC v.1900 64 bit (AMD64)]
[2019.12.03-04.07.03:766][  0]LogPython: ####################----------Python Integration for Megascans Initialized----------####################
[2019.12.03-04.07.03:766][  0]LogPython: 

[2019.12.03-04.07.03:766][  0]LogPython: D:\EpicGames\UE_4.23\Engine\Plugins\UnrealEnginePython\
[2019.12.03-04.07.03:766][  0]LogPython: 

[2019.12.03-04.07.05:209][  0]LogPython: Megascans Integration - LiveLink Initialized...
[2019.12.03-04.07.05:209][  0]LogPython: 

[2019.12.03-04.07.05:250][  0]LogPython: ue_site Python module successfully imported
[2019.12.03-04.07.06:455][  0]LogEngine: Initializing Engine...
[2019.12.03-04.07.06:566][  0]LogHMD: Failed to initialize OpenVR with code 108
[2019.12.03-04.07.06:720][  0]LogStats: UGameplayTagsManager::InitializeManager -  0.113 s
[2019.12.03-04.07.06:989][  0]LogInit: Initializing FReadOnlyCVARCache
[2019.12.03-04.07.07:310][  0]LogAIModule: Creating AISystem for world Untitled
[2019.12.03-04.07.07:744][  0]LogInit: XAudio2 using 'Speakers (DFX Audio Enhancer)' : 2 channels at 48 kHz using 24 bits per sample (channel mask 0x3)
[2019.12.03-04.07.07:797][  0]LogInit: FAudioDevice initialized.
[2019.12.03-04.07.07:797][  0]LogNetVersion: Set ProjectVersion to 1.0.0.0. Version Checksum will be recalculated on next use.
[2019.12.03-04.07.07:971][  0]LogDerivedDataCache: Saved boot cache 0.17s 76MB C:/Users/John/AppData/Local/UnrealEngine/4.23/DerivedDataCache/Boot.ddc.
[2019.12.03-04.07.07:981][  0]LogInit: Texture streaming: Enabled
[2019.12.03-04.07.08:176][  0]LogEngineSessionManager: EngineSessionManager initialized
[2019.12.03-04.07.08:176][  0]LogEditorSessionSummary: Verbose: Initializing EditorSessionSummaryWriter for editor session tracking
[2019.12.03-04.07.08:180][  0]LogEditorSessionSummary: EditorSessionSummaryWriter initialized
[2019.12.03-04.07.08:881][  0]LogInit: Transaction tracking system initialized
[2019.12.03-04.07.09:468][  0]BlueprintLog: New page: Editor Load
[2019.12.03-04.07.10:693][  0]LocalizationService: Localization service is disabled
[2019.12.03-04.07.13:479][  0]LogFileCache: Scanning file cache for directory 'D:/GoogleDrive_Sync/TheosProductions/Project_Plague_UE4/Content/' took 0.02s
[2019.12.03-04.07.13:479][  0]LogCook: Display: Max memory allowance for cook 16384mb min free memory 0mb
[2019.12.03-04.07.13:479][  0]LogCook: Display: Mobile HDR setting 1
[2019.12.03-04.07.17:968][  0]SourceControl: Source control is disabled
[2019.12.03-04.07.18:021][  0]Cmd: MAP LOAD FILE="../../../../../GoogleDrive_Sync/TheosProductions/Project_Plague_UE4/Content/FirstPersonBP/Maps/FirstPersonExampleMap.umap" TEMPLATE=0 SHOWPROGRESS=1 FEATURELEVEL=3
[2019.12.03-04.07.18:025][  0]LightingResults: New page: Lighting Build
[2019.12.03-04.07.18:215][  0]LogWorld: UWorld::CleanupWorld for Untitled, bSessionEnded=true, bCleanupResources=true
[2019.12.03-04.07.18:289][  0]MapCheck: New page: Map Check
[2019.12.03-04.07.18:289][  0]LightingResults: New page: Lighting Build
[2019.12.03-04.07.18:566][  0]LogUObjectHash: Compacting FUObjectHashTables data took   1.80ms
[2019.12.03-04.07.30:109][  0]LogTexture: Display: Building textures: InventoryButton (BGRA8, 64X64)
[2019.12.03-04.07.30:109][  0]LogTexture: Display: Building textures: bark_3_b (AutoDXT, 1024X2048)
[2019.12.03-04.07.31:610][  0]LogAIModule: Creating AISystem for world FirstPersonExampleMap
[2019.12.03-04.07.32:771][  0]LogEditorServer: Finished looking for orphan Actors (0.000 secs)
[2019.12.03-04.07.32:891][  0]LogUObjectHash: Compacting FUObjectHashTables data took   2.66ms
[2019.12.03-04.07.32:892][  0]Cmd: MAP CHECKDEP NOCLEARLOG
[2019.12.03-04.07.32:892][  0]MapCheck: Map check complete: 0 Error(s), 0 Warning(s), took 0.682ms to complete.
[2019.12.03-04.07.32:892][  0]LogFileHelpers: Loading map 'FirstPersonExampleMap' took 14.899
[2019.12.03-04.07.34:554][  0]LogSlate: Updating window title bar state: overlay mode, drag disabled, window buttons hidden, title bar hidden
[2019.12.03-04.07.34:563][  0]LogSlate: Updating window title bar state: overlay mode, drag disabled, window buttons hidden, title bar hidden
[2019.12.03-04.07.34:570][  0]LogSlate: Updating window title bar state: overlay mode, drag disabled, window buttons hidden, title bar hidden
[2019.12.03-04.07.34:577][  0]LogSlate: Updating window title bar state: overlay mode, drag disabled, window buttons hidden, title bar hidden
[2019.12.03-04.07.34:636][  0]LogCollectionManager: Loaded 0 collections in 0.001025 seconds
[2019.12.03-04.07.34:744][  0]LogFileCache: Scanning file cache for directory 'D:/GoogleDrive_Sync/TheosProductions/Project_Plague_UE4/Saved/Collections/' took 0.00s
[2019.12.03-04.07.34:744][  0]LogFileCache: Scanning file cache for directory 'D:/GoogleDrive_Sync/TheosProductions/Project_Plague_UE4/Content/Developers/John/Collections/' took 0.00s
[2019.12.03-04.07.34:744][  0]LogFileCache: Scanning file cache for directory 'D:/GoogleDrive_Sync/TheosProductions/Project_Plague_UE4/Content/Collections/' took 0.00s
[2019.12.03-04.07.34:744][  0]LogCollectionManager: Rebuilt the GUID cache for 0 collections in 0.000002 seconds
[2019.12.03-04.07.34:755][  0]LogContentBrowser: Native class hierarchy populated in 0.0095 seconds. Added 2892 classes and 704 folders.
[2019.12.03-04.07.34:818][  0]LogContentBrowser: Native class hierarchy updated for 'WidgetCarousel' in 0.0008 seconds. Added 0 classes and 0 folders.
[2019.12.03-04.07.36:369][  0]LogContentBrowser: Native class hierarchy updated for 'AddContentDialog' in 0.0008 seconds. Added 0 classes and 0 folders.
[2019.12.03-04.07.36:414][  0]LogContentBrowser: Native class hierarchy updated for 'SceneOutliner' in 0.0009 seconds. Added 1 classes and 2 folders.
[2019.12.03-04.07.36:942][  0]LogSlate: Took 0.041130 seconds to synchronously load lazily loaded font '../../../Engine/Content/Slate/Fonts/Roboto-Regular.ttf' (155K)
[2019.12.03-04.07.37:018][  0]LogSlate: Took 0.072911 seconds to synchronously load lazily loaded font '../../../Engine/Content/Slate/Fonts/Roboto-Bold.ttf' (160K)
[2019.12.03-04.07.37:084][  0]LogSlate: Took 0.022140 seconds to synchronously load lazily loaded font '../../../Engine/Content/Editor/Slate/Fonts/FontAwesome.ttf' (139K)
[2019.12.03-04.07.37:668][  0]LogRenderer: Reallocating scene render targets to support 1616x636 Format 10 NumSamples 1 (Frame:1).
[2019.12.03-04.07.38:080][  0]LogContentBrowser: Native class hierarchy updated for 'HierarchicalLODOutliner' in 0.0009 seconds. Added 0 classes and 0 folders.
[2019.12.03-04.07.38:080][  0]LogLoad: (Engine Initialization) Total time: 160.77 seconds
[2019.12.03-04.07.38:080][  0]LogLoad: (Engine Initialization) Total Blueprint compile time: 0.00 seconds
[2019.12.03-04.07.38:315][  0]LogContentStreaming: Texture pool size now 1000 MB
[2019.12.03-04.07.38:449][  0]LogSlate: Took 0.026094 seconds to synchronously load lazily loaded font '../../../Engine/Content/Slate/Fonts/Roboto-Light.ttf' (167K)
[2019.12.03-04.07.38:861][  4]LogPython: tcp server spawned on 127.0.0.1:13428
[2019.12.03-04.07.39:312][  8]LogSlate: Took 0.000334 seconds to synchronously load lazily loaded font '../../../Engine/Content/Slate/Fonts/Roboto-Light.ttf' (167K)
[2019.12.03-04.07.39:631][ 13]LogAssetRegistry: Asset discovery search completed in 106.8612 seconds
[2019.12.03-04.07.39:634][ 13]LogCollectionManager: Rebuilt the object cache for 0 collections in 0.000011 seconds (found 0 objects)
[2019.12.03-04.07.39:634][ 13]LogCollectionManager: Fixed up redirectors for 0 collections in 0.000078 seconds (updated 0 objects)
[2019.12.03-04.08.38:137][188]LogEditorSessionSummary: EditorSessionSummary sent report. Type=Shutdown, SessionId={1F884B39-43C9-61A2-9D3D-F6927EF632D2}
[2019.12.03-04.09.33:895][356]LogEditorViewport: Clicking on Actor (context menu): BP_Sky_Sphere_C (SkySphereBlueprint)
[2019.12.03-04.09.34:374][356]LogSlate: FSceneViewport::OnFocusLost() reason 5
[2019.12.03-04.09.46:417][435]LogSlate: FSceneViewport::OnFocusLost() reason 0
[2019.12.03-04.09.46:517][447]LogTemp: Repeating last play command: Selected Viewport
[2019.12.03-04.09.46:570][447]LogBlueprintUserMessages: Early PlayInEditor Detection: Level '/Game/FirstPersonBP/Maps/FirstPersonExampleMap.FirstPersonExampleMap:PersistentLevel' has LevelScriptBlueprint '/Game/FirstPersonBP/Maps/FirstPersonExampleMap.FirstPersonExampleMap:PersistentLevel.FirstPersonExampleMap' with GeneratedClass '/Game/FirstPersonBP/Maps/FirstPersonExampleMap.FirstPersonExampleMap_C' with ClassGeneratedBy '/Game/FirstPersonBP/Maps/FirstPersonExampleMap.FirstPersonExampleMap:PersistentLevel.FirstPersonExampleMap'
[2019.12.03-04.09.46:575][447]LogPlayLevel: PlayLevel: No blueprints needed recompiling
[2019.12.03-04.09.46:600][447]PIE: New page: PIE session: FirstPersonExampleMap (Dec 2, 2019, 4:09:46 PM)
[2019.12.03-04.09.46:624][447]LogOnline: OSS: Creating online subsystem instance for: NULL
[2019.12.03-04.09.46:645][447]LogPlayLevel: Creating play world package: /Game/FirstPersonBP/Maps/UEDPIE_0_FirstPersonExampleMap
[2019.12.03-04.09.46:764][447]LogPlayLevel: PIE: StaticDuplicateObject took: (0.119316s)
[2019.12.03-04.09.46:768][447]LogAIModule: Creating AISystem for world FirstPersonExampleMap
[2019.12.03-04.09.46:770][447]LogPlayLevel: PIE: World Init took: (0.005326s)
[2019.12.03-04.09.46:770][447]LogPlayLevel: PIE: Created PIE world by copying editor world from /Game/FirstPersonBP/Maps/FirstPersonExampleMap.FirstPersonExampleMap to /Game/FirstPersonBP/Maps/UEDPIE_0_FirstPersonExampleMap.FirstPersonExampleMap (0.125088s)
[2019.12.03-04.09.46:823][447]LogUObjectHash: Compacting FUObjectHashTables data took   1.56ms
[2019.12.03-04.09.46:969][447]LogInit: XAudio2 using 'Speakers (DFX Audio Enhancer)' : 2 channels at 48 kHz using 24 bits per sample (channel mask 0x3)
[2019.12.03-04.09.46:998][447]LogInit: FAudioDevice initialized.
[2019.12.03-04.09.47:011][447]LogLoad: Game class is 'FirstPersonGameMode_C'
[2019.12.03-04.09.47:056][447]LogWorld: Bringing World /Game/FirstPersonBP/Maps/UEDPIE_0_FirstPersonExampleMap.FirstPersonExampleMap up for play (max tick rate 0) at 2019.12.02-22.09.47
[2019.12.03-04.09.47:099][447]LogWorld: Bringing up level for play took: 0.046063
[2019.12.03-04.09.47:099][447]LogOnline: OSS: Creating online subsystem instance for: :Context_1
[2019.12.03-04.09.47:165][447]LogContentBrowser: Native class hierarchy updated for 'MovieSceneCapture' in 0.0009 seconds. Added 20 classes and 0 folders.
[2019.12.03-04.09.47:182][447]LogSlate: Updating window title bar state: overlay mode, drag disabled, window buttons hidden, title bar hidden
[2019.12.03-04.09.47:238][447]PIE: Play in editor start time for /Game/FirstPersonBP/Maps/UEDPIE_0_FirstPersonExampleMap 0.401
[2019.12.03-04.09.47:238][447]LogBlueprintUserMessages: Late PlayInEditor Detection: Level '/Game/FirstPersonBP/Maps/FirstPersonExampleMap.FirstPersonExampleMap:PersistentLevel' has LevelScriptBlueprint '/Game/FirstPersonBP/Maps/FirstPersonExampleMap.FirstPersonExampleMap:PersistentLevel.FirstPersonExampleMap' with GeneratedClass '/Game/FirstPersonBP/Maps/FirstPersonExampleMap.FirstPersonExampleMap_C' with ClassGeneratedBy '/Game/FirstPersonBP/Maps/FirstPersonExampleMap.FirstPersonExampleMap:PersistentLevel.FirstPersonExampleMap'
[2019.12.03-04.10.29:731][780]LogBlueprintUserMessages: Early EndPlayMap Detection: Level '/Game/FirstPersonBP/Maps/FirstPersonExampleMap.FirstPersonExampleMap:PersistentLevel' has LevelScriptBlueprint '/Game/FirstPersonBP/Maps/FirstPersonExampleMap.FirstPersonExampleMap:PersistentLevel.FirstPersonExampleMap' with GeneratedClass '/Game/FirstPersonBP/Maps/FirstPersonExampleMap.FirstPersonExampleMap_C' with ClassGeneratedBy '/Game/FirstPersonBP/Maps/FirstPersonExampleMap.FirstPersonExampleMap:PersistentLevel.FirstPersonExampleMap'
[2019.12.03-04.10.29:792][780]LogSlate: Updating window title bar state: overlay mode, drag disabled, window buttons hidden, title bar hidden
[2019.12.03-04.10.29:793][780]LogWorld: BeginTearingDown for /Game/FirstPersonBP/Maps/UEDPIE_0_FirstPersonExampleMap
[2019.12.03-04.10.29:810][780]LogWorld: UWorld::CleanupWorld for FirstPersonExampleMap, bSessionEnded=true, bCleanupResources=true
[2019.12.03-04.10.29:834][780]LogPlayLevel: Display: Shutting down PIE online subsystems
[2019.12.03-04.10.29:835][780]LogBlueprintUserMessages: Late EndPlayMap Detection: Level '/Game/FirstPersonBP/Maps/FirstPersonExampleMap.FirstPersonExampleMap:PersistentLevel' has LevelScriptBlueprint '/Game/FirstPersonBP/Maps/FirstPersonExampleMap.FirstPersonExampleMap:PersistentLevel.FirstPersonExampleMap' with GeneratedClass '/Game/FirstPersonBP/Maps/FirstPersonExampleMap.FirstPersonExampleMap_C' with ClassGeneratedBy '/Game/FirstPersonBP/Maps/FirstPersonExampleMap.FirstPersonExampleMap:PersistentLevel.FirstPersonExampleMap'
[2019.12.03-04.10.29:941][780]LogSlate: Updating window title bar state: overlay mode, drag disabled, window buttons hidden, title bar hidden
[2019.12.03-04.10.29:971][780]LogUObjectHash: Compacting FUObjectHashTables data took   1.62ms
[2019.12.03-04.10.29:993][781]LogPlayLevel: Display: Destroying online subsystem :Context_1
[2019.12.03-04.10.33:457][171]LogSlate: FSceneViewport::OnFocusLost() reason 5
[2019.12.03-04.10.34:852][331]Cmd: CLOSE_SLATE_MAINFRAME
[2019.12.03-04.10.34:889][331]LogUObjectHash: Compacting FUObjectHashTables data took   0.82ms
[2019.12.03-04.10.35:043][331]LogSlate: Window 'Project_Plague_UE4 - Unreal Editor' being destroyed
[2019.12.03-04.10.35:047][331]LogWindowsTextInputMethodSystem: Display: IME system now deactivated.
[2019.12.03-04.10.35:119][331]LogDirectoryWatcher: A directory notification for '../../../Engine/Plugins/' was aborted.
[2019.12.03-04.10.35:313][332]Cmd: QUIT_EDITOR
[2019.12.03-04.10.35:706][332]LogExit: Preparing to exit.
[2019.12.03-04.10.36:731][332]LogDemo: Cleaned up 0 splitscreen connections with owner deletion
[2019.12.03-04.10.36:759][332]LogWorld: UWorld::CleanupWorld for None, bSessionEnded=true, bCleanupResources=true
[2019.12.03-04.10.36:759][332]LogExit: Editor shut down
[2019.12.03-04.10.36:760][332]LogExit: Transaction tracking system shut down
[2019.12.03-04.10.37:588][332]LogExit: Object subsystem successfully closed.
[2019.12.03-04.10.37:651][332]LogShaderCompilers: Display: Shaders left to compile 0
[2019.12.03-04.10.38:071][332]LogModuleManager: Shutting down and abandoning module MovieSceneCapture (694)
[2019.12.03-04.10.38:071][332]LogModuleManager: Shutting down and abandoning module Voice (692)
[2019.12.03-04.10.38:071][332]LogModuleManager: Shutting down and abandoning module HierarchicalLODOutliner (690)
[2019.12.03-04.10.38:071][332]LogModuleManager: Shutting down and abandoning module SceneOutliner (688)
[2019.12.03-04.10.38:071][332]LogModuleManager: Shutting down and abandoning module AddContentDialog (686)
[2019.12.03-04.10.38:072][332]LogModuleManager: Shutting down and abandoning module WidgetCarousel (685)
[2019.12.03-04.10.38:072][332]LogModuleManager: Shutting down and abandoning module EditorWidgets (682)
[2019.12.03-04.10.38:072][332]LogModuleManager: Shutting down and abandoning module CollectionManager (680)
[2019.12.03-04.10.38:072][332]LogModuleManager: Shutting down and abandoning module StatsViewer (678)
[2019.12.03-04.10.38:072][332]LogModuleManager: Shutting down and abandoning module VirtualTexturingEditor (676)
[2019.12.03-04.10.38:072][332]LogModuleManager: Shutting down and abandoning module FoliageEdit (674)
[2019.12.03-04.10.38:072][332]LogModuleManager: Shutting down and abandoning module LandscapeEditor (672)
[2019.12.03-04.10.38:084][332]LogModuleManager: Shutting down and abandoning module MeshPaintMode (670)
[2019.12.03-04.10.38:084][332]LogModuleManager: Shutting down and abandoning module SceneDepthPickerMode (668)
[2019.12.03-04.10.38:084][332]LogModuleManager: Shutting down and abandoning module ActorPickerMode (666)
[2019.12.03-04.10.38:084][332]LogModuleManager: Shutting down and abandoning module GeometryMode (664)
[2019.12.03-04.10.38:084][332]LogModuleManager: Shutting down and abandoning module TextureAlignMode (662)
[2019.12.03-04.10.38:084][332]LogModuleManager: Shutting down and abandoning module BspMode (660)
[2019.12.03-04.10.38:084][332]LogModuleManager: Shutting down and abandoning module PIEPreviewDeviceProfileSelector (658)
[2019.12.03-04.10.38:096][332]LogModuleManager: Shutting down and abandoning module SequenceRecorderSections (656)
[2019.12.03-04.10.38:097][332]LogModuleManager: Shutting down and abandoning module AutomationWorker (654)
[2019.12.03-04.10.38:097][332]LogModuleManager: Shutting down and abandoning module OculusMR (652)
[2019.12.03-04.10.38:097][332]LogModuleManager: Shutting down and abandoning module AudioCaptureEditor (650)
[2019.12.03-04.10.38:097][332]LogModuleManager: Shutting down and abandoning module MatineeToLevelSequence (648)
[2019.12.03-04.10.38:097][332]LogModuleManager: Shutting down and abandoning module LevelSequenceEditor (646)
[2019.12.03-04.10.38:121][332]LogModuleManager: Shutting down and abandoning module PlacementMode (645)
[2019.12.03-04.10.38:121][332]LogModuleManager: Shutting down and abandoning module MaterialEditor (644)
[2019.12.03-04.10.38:123][332]LogModuleManager: Shutting down and abandoning module ActorSequenceEditor (640)
[2019.12.03-04.10.38:145][332]LogModuleManager: Shutting down and abandoning module WmfMediaFactory (638)
[2019.12.03-04.10.38:145][332]LogModuleManager: Shutting down and abandoning module WmfMediaEditor (636)
[2019.12.03-04.10.38:145][332]LogModuleManager: Shutting down and abandoning module WebMMediaFactory (634)
[2019.12.03-04.10.38:145][332]LogModuleManager: Shutting down and abandoning module WebMMediaEditor (632)
[2019.12.03-04.10.38:145][332]LogModuleManager: Shutting down and abandoning module WebMMedia (630)
[2019.12.03-04.10.38:145][332]LogModuleManager: Shutting down and abandoning module MediaPlayerEditor (628)
[2019.12.03-04.10.38:158][332]LogModuleManager: Shutting down and abandoning module MediaCompositingEditor (626)
[2019.12.03-04.10.38:205][332]LogModuleManager: Shutting down and abandoning module SequenceRecorder (625)
[2019.12.03-04.10.38:205][332]LogModuleManager: Shutting down and abandoning module OpenExrWrapper (622)
[2019.12.03-04.10.38:205][332]LogModuleManager: Shutting down and abandoning module ImgMediaFactory (620)
[2019.12.03-04.10.38:205][332]LogModuleManager: Shutting down and abandoning module ImgMediaEditor (618)
[2019.12.03-04.10.38:205][332]LogModuleManager: Shutting down and abandoning module AvfMediaFactory (616)
[2019.12.03-04.10.38:205][332]LogModuleManager: Shutting down and abandoning module AvfMediaEditor (614)
[2019.12.03-04.10.38:205][332]LogModuleManager: Shutting down and abandoning module AndroidMediaFactory (612)
[2019.12.03-04.10.38:205][332]LogModuleManager: Shutting down and abandoning module AndroidMediaEditor (610)
[2019.12.03-04.10.38:205][332]LogModuleManager: Shutting down and abandoning module MagicLeapCameraPreviewFactory (608)
[2019.12.03-04.10.38:205][332]LogModuleManager: Shutting down and abandoning module MagicLeapMediaCodecFactory (606)
[2019.12.03-04.10.38:205][332]LogModuleManager: Shutting down and abandoning module MagicLeapMediaFactory (604)
[2019.12.03-04.10.38:205][332]LogModuleManager: Shutting down and abandoning module MagicLeapMediaEditor (602)
[2019.12.03-04.10.38:205][332]LogModuleManager: Shutting down and abandoning module CharacterAI (600)
[2019.12.03-04.10.38:205][332]LogModuleManager: Shutting down and abandoning module SmartSnapping (598)
[2019.12.03-04.10.38:205][332]LogModuleManager: Shutting down and abandoning module SessionServices (596)
[2019.12.03-04.10.38:205][332]LogModuleManager: Shutting down and abandoning module MeshPaint (594)
[2019.12.03-04.10.38:205][332]LogModuleManager: Shutting down and abandoning module ViewportSnapping (592)
[2019.12.03-04.10.38:205][332]LogModuleManager: Shutting down and abandoning module ViewportInteraction (590)
[2019.12.03-04.10.38:205][332]LogModuleManager: Shutting down and abandoning module ClothPainter (588)
[2019.12.03-04.10.38:205][332]LogModuleManager: Shutting down and abandoning module SkeletalMeshEditor (587)
[2019.12.03-04.10.38:221][332]LogModuleManager: Shutting down and abandoning module LogVisualizer (584)
[2019.12.03-04.10.38:235][332]LogModuleManager: Shutting down and abandoning module IntroTutorials (582)
[2019.12.03-04.10.38:235][332]LogModuleManager: Shutting down and abandoning module GameProjectGeneration (581)
[2019.12.03-04.10.38:236][332]LogModuleManager: Shutting down and abandoning module LuminPlatformEditor (578)
[2019.12.03-04.10.38:236][332]LogModuleManager: Shutting down and abandoning module IOSPlatformEditor (576)
[2019.12.03-04.10.38:236][332]LogModuleManager: Shutting down and abandoning module HTML5PlatformEditor (574)
[2019.12.03-04.10.38:236][332]LogModuleManager: Shutting down and abandoning module AndroidPlatformEditor (572)
[2019.12.03-04.10.38:236][332]LogModuleManager: Shutting down and abandoning module AndroidDeviceDetection (571)
[2019.12.03-04.10.39:309][332]LogModuleManager: Shutting down and abandoning module WindowsPlatformEditor (568)
[2019.12.03-04.10.39:309][332]LogModuleManager: Shutting down and abandoning module LuminRuntimeSettings (566)
[2019.12.03-04.10.39:310][332]LogModuleManager: Shutting down and abandoning module IOSRuntimeSettings (564)
[2019.12.03-04.10.39:310][332]LogModuleManager: Shutting down and abandoning module AndroidRuntimeSettings (562)
[2019.12.03-04.10.39:310][332]LogModuleManager: Shutting down and abandoning module TimeManagementEditor (560)
[2019.12.03-04.10.39:310][332]LogModuleManager: Shutting down and abandoning module InputBindingEditor (558)
[2019.12.03-04.10.39:310][332]LogModuleManager: Shutting down and abandoning module MergeActors (556)
[2019.12.03-04.10.39:328][332]LogModuleManager: Shutting down and abandoning module LocalizationDashboard (554)
[2019.12.03-04.10.39:328][332]LogModuleManager: Shutting down and abandoning module LocalizationService (553)
[2019.12.03-04.10.39:333][332]LogModuleManager: Shutting down and abandoning module HardwareTargeting (550)
[2019.12.03-04.10.39:333][332]LogModuleManager: Shutting down and abandoning module DeviceProfileEditor (548)
[2019.12.03-04.10.39:333][332]LogModuleManager: Shutting down and abandoning module UndoHistory (546)
[2019.12.03-04.10.39:333][332]LogModuleManager: Shutting down and abandoning module XmlParser (544)
[2019.12.03-04.10.39:333][332]LogModuleManager: Shutting down and abandoning module Blutility (542)
[2019.12.03-04.10.39:333][332]LogModuleManager: Shutting down and abandoning module ProjectSettingsViewer (540)
[2019.12.03-04.10.39:333][332]LogModuleManager: Shutting down and abandoning module ProjectTargetPlatformEditor (539)
[2019.12.03-04.10.39:333][332]LogModuleManager: Shutting down and abandoning module EditorSettingsViewer (536)
[2019.12.03-04.10.39:333][332]LogModuleManager: Shutting down and abandoning module SettingsEditor (534)
[2019.12.03-04.10.39:333][332]LogModuleManager: Shutting down and abandoning module ProjectLauncher (532)
[2019.12.03-04.10.39:341][332]LogModuleManager: Shutting down and abandoning module SessionFrontend (530)
[2019.12.03-04.10.39:341][332]LogModuleManager: Shutting down and abandoning module ProfilerClient (528)
[2019.12.03-04.10.39:351][332]LogModuleManager: Shutting down and abandoning module DeviceManager (526)
[2019.12.03-04.10.39:351][332]LogModuleManager: Shutting down and abandoning module TargetDeviceServices (525)
[2019.12.03-04.10.39:404][332]LogModuleManager: Shutting down and abandoning module AutomationController (522)
[2019.12.03-04.10.39:404][332]LogModuleManager: Shutting down and abandoning module AutomationWindow (520)
[2019.12.03-04.10.39:425][332]LogModuleManager: Shutting down and abandoning module Layers (518)
[2019.12.03-04.10.39:440][332]LogModuleManager: Shutting down and abandoning module ComponentVisualizers (516)
[2019.12.03-04.10.39:440][332]LogModuleManager: Shutting down and abandoning module DetailCustomizations (514)
[2019.12.03-04.10.39:440][332]LogModuleManager: Shutting down and abandoning module PackagesDialog (512)
[2019.12.03-04.10.39:453][332]LogModuleManager: Shutting down and abandoning module AnimationBlueprintEditor (510)
[2019.12.03-04.10.39:479][332]LogModuleManager: Shutting down and abandoning module Persona (508)
[2019.12.03-04.10.39:500][332]LogModuleManager: Shutting down and abandoning module AdvancedPreviewScene (507)
[2019.12.03-04.10.39:500][332]LogModuleManager: Shutting down and abandoning module AnimGraph (505)
[2019.12.03-04.10.39:501][332]LogModuleManager: Shutting down and abandoning module Kismet (502)
[2019.12.03-04.10.39:604][332]LogModuleManager: Shutting down and abandoning module KismetWidgets (501)
[2019.12.03-04.10.39:623][332]LogModuleManager: Shutting down and abandoning module GraphEditor (498)
[2019.12.03-04.10.39:652][332]LogModuleManager: Shutting down and abandoning module StructViewer (496)
[2019.12.03-04.10.39:652][332]LogModuleManager: Shutting down and abandoning module ClassViewer (494)
[2019.12.03-04.10.39:652][332]LogModuleManager: Shutting down and abandoning module Toolbox (492)
[2019.12.03-04.10.39:652][332]LogModuleManager: Shutting down and abandoning module ModuleUI (490)
[2019.12.03-04.10.39:661][332]LogModuleManager: Shutting down and abandoning module MovieSceneTools (488)
[2019.12.03-04.10.39:661][332]LogModuleManager: Shutting down and abandoning module OutputLog (486)
[2019.12.03-04.10.39:676][332]LogModuleManager: Shutting down and abandoning module GammaUI (484)
[2019.12.03-04.10.39:694][332]LogModuleManager: Shutting down and abandoning module Documentation (482)
[2019.12.03-04.10.39:694][332]LogModuleManager: Shutting down and abandoning module LiveCoding (480)
[2019.12.03-04.10.39:694][332]LogModuleManager: Shutting down and abandoning module LevelSequence (478)
[2019.12.03-04.10.39:694][332]LogModuleManager: Shutting down and abandoning module MovieSceneTracks (476)
[2019.12.03-04.10.39:694][332]LogModuleManager: Shutting down and abandoning module MovieScene (474)
[2019.12.03-04.10.39:695][332]LogModuleManager: Shutting down and abandoning module StreamingPauseRendering (472)
[2019.12.03-04.10.39:695][332]LogModuleManager: Shutting down and abandoning module LauncherPlatform (470)
[2019.12.03-04.10.39:695][332]LogModuleManager: Shutting down and abandoning module AnalyticsET (468)
[2019.12.03-04.10.39:695][332]LogModuleManager: Shutting down and abandoning module PortalServices (466)
[2019.12.03-04.10.39:695][332]LogModuleManager: Shutting down and abandoning module PortalRpc (464)
[2019.12.03-04.10.39:695][332]LogModuleManager: Shutting down and abandoning module MessagingRpc (462)
[2019.12.03-04.10.39:695][332]LogModuleManager: Shutting down and abandoning module AIModule (460)
[2019.12.03-04.10.39:695][332]LogModuleManager: Shutting down and abandoning module GameplayDebugger (459)
[2019.12.03-04.10.39:695][332]LogModuleManager: Shutting down and abandoning module AITestSuite (457)
[2019.12.03-04.10.39:695][332]LogModuleManager: Shutting down and abandoning module NavigationSystem (455)
[2019.12.03-04.10.39:695][332]LogModuleManager: Shutting down and abandoning module DesktopPlatform (452)
[2019.12.03-04.10.39:695][332]LogModuleManager: Shutting down and abandoning module ImageWriteQueue (450)
[2019.12.03-04.10.39:698][332]LogModuleManager: Shutting down and abandoning module ProfilerService (448)
[2019.12.03-04.10.39:874][332]LogModuleManager: Shutting down and abandoning module TaskGraph (446)
[2019.12.03-04.10.39:874][332]LogModuleManager: Shutting down and abandoning module PythonEditor (444)
[2019.12.03-04.10.39:874][332]LogModuleManager: Shutting down and abandoning module UnrealEnginePython (442)
[2019.12.03-04.10.39:874][332]LogPython: Goodbye Python
[2019.12.03-04.10.39:938][332]LogModuleManager: Shutting down and abandoning module ScreenshotTools (440)
[2019.12.03-04.10.39:938][332]LogModuleManager: Shutting down and abandoning module SteamVRController (438)
[2019.12.03-04.10.39:938][332]LogModuleManager: Shutting down and abandoning module ProceduralMeshComponentEditor (436)
[2019.12.03-04.10.39:938][332]LogModuleManager: Shutting down and abandoning module ProceduralMeshComponent (434)
[2019.12.03-04.10.39:938][332]LogModuleManager: Shutting down and abandoning module OculusEditor (432)
[2019.12.03-04.10.39:938][332]LogModuleManager: Shutting down and abandoning module OculusInput (430)
[2019.12.03-04.10.39:938][332]LogModuleManager: Shutting down and abandoning module MobilePatchingUtils (428)
[2019.12.03-04.10.39:938][332]LogModuleManager: Shutting down and abandoning module EditableMesh (426)
[2019.12.03-04.10.39:953][332]LogModuleManager: Shutting down and abandoning module CustomMeshComponent (424)
[2019.12.03-04.10.39:953][332]LogModuleManager: Shutting down and abandoning module CableComponent (422)
[2019.12.03-04.10.39:953][332]LogModuleManager: Shutting down and abandoning module AudioCapture (420)
[2019.12.03-04.10.39:953][332]LogModuleManager: Shutting down and abandoning module ArchVisCharacter (418)
[2019.12.03-04.10.39:953][332]LogModuleManager: Shutting down and abandoning module AppleImageUtilsBlueprintSupport (416)
[2019.12.03-04.10.39:953][332]LogModuleManager: Shutting down and abandoning module AppleImageUtils (414)
[2019.12.03-04.10.39:953][332]LogModuleManager: Shutting down and abandoning module AndroidPermission (412)
[2019.12.03-04.10.39:953][332]LogModuleManager: Shutting down and abandoning module NUTUnrealEngine4 (410)
[2019.12.03-04.10.39:953][332]LogModuleManager: Shutting down and abandoning module NetcodeUnitTest (408)
[2019.12.03-04.10.39:953][332]LogModuleManager: Shutting down and abandoning module MediaCompositing (406)
[2019.12.03-04.10.39:953][332]LogModuleManager: Shutting down and abandoning module ImgMedia (404)
[2019.12.03-04.10.39:953][332]LogModuleManager: Shutting down and abandoning module MagicLeapHelperVulkan (402)
[2019.12.03-04.10.39:953][332]LogModuleManager: Shutting down and abandoning module MagicLeapHelperOpenGL (400)
[2019.12.03-04.10.39:953][332]LogModuleManager: Shutting down and abandoning module MagicLeapAudio (398)
[2019.12.03-04.10.39:953][332]LogModuleManager: Shutting down and abandoning module HTML5Networking (396)
[2019.12.03-04.10.39:953][332]LogModuleManager: Shutting down and abandoning module GeometryCacheTracks (394)
[2019.12.03-04.10.39:953][332]LogModuleManager: Shutting down and abandoning module GeometryCacheSequencer (392)
[2019.12.03-04.10.39:953][332]LogModuleManager: Shutting down and abandoning module BackChannel (390)
[2019.12.03-04.10.39:953][332]LogModuleManager: Shutting down and abandoning module AutomationUtilsEditor (388)
[2019.12.03-04.10.39:953][332]LogModuleManager: Shutting down and abandoning module AutomationUtils (386)
[2019.12.03-04.10.39:953][332]LogModuleManager: Shutting down and abandoning module AlembicImporter (384)
[2019.12.03-04.10.39:970][332]LogModuleManager: Shutting down and abandoning module AlembicLibrary (383)
[2019.12.03-04.10.39:970][332]LogModuleManager: Shutting down and abandoning module GeometryCache (382)
[2019.12.03-04.10.39:970][332]LogModuleManager: Shutting down and abandoning module GeometryCacheEd (381)
[2019.12.03-04.10.39:970][332]LogModuleManager: Shutting down and abandoning module VariantManagerContent (376)
[2019.12.03-04.10.39:970][332]LogModuleManager: Shutting down and abandoning module DatasmithContentEditor (374)
[2019.12.03-04.10.39:970][332]LogModuleManager: Shutting down and abandoning module SpeedTreeImporter (372)
[2019.12.03-04.10.39:970][332]LogModuleManager: Shutting down and abandoning module PluginBrowser (370)
[2019.12.03-04.10.39:970][332]LogModuleManager: Shutting down and abandoning module MobileLauncherProfileWizard (368)
[2019.12.03-04.10.39:991][332]LogModuleManager: Shutting down and abandoning module MaterialAnalyzer (366)
[2019.12.03-04.10.39:991][332]LogModuleManager: Shutting down and abandoning module CurveEditorTools (364)
[2019.12.03-04.10.39:991][332]LogModuleManager: Shutting down and abandoning module CurveEditor (363)
[2019.12.03-04.10.40:015][332]LogModuleManager: Shutting down and abandoning module CryptoKeysOpenSSL (360)
[2019.12.03-04.10.40:015][332]LogModuleManager: Shutting down and abandoning module CryptoKeys (358)
[2019.12.03-04.10.40:015][332]LogModuleManager: Shutting down and abandoning module VisualStudioSourceCodeAccess (356)
[2019.12.03-04.10.40:015][332]LogModuleManager: Shutting down and abandoning module VisualStudioCodeSourceCodeAccess (354)
[2019.12.03-04.10.40:015][332]LogModuleManager: Shutting down and abandoning module UObjectPlugin (352)
[2019.12.03-04.10.40:015][332]LogModuleManager: Shutting down and abandoning module SubversionSourceControl (350)
[2019.12.03-04.10.40:015][332]LogModuleManager: Shutting down and abandoning module PerforceSourceControl (348)
[2019.12.03-04.10.40:040][332]LogModuleManager: Shutting down and abandoning module GitSourceControl (346)
[2019.12.03-04.10.40:073][332]LogModuleManager: Shutting down and abandoning module SourceControl (345)
[2019.12.03-04.10.40:155][332]LogModuleManager: Shutting down and abandoning module MultiUserClientLibrary (342)
[2019.12.03-04.10.40:155][332]LogModuleManager: Shutting down and abandoning module MultiUserClient (340)
[2019.12.03-04.10.40:155][332]LogModuleManager: Shutting down and abandoning module ConcertSyncUI (338)
[2019.12.03-04.10.40:155][332]LogModuleManager: Shutting down and abandoning module ConcertSyncClient (336)
[2019.12.03-04.10.40:155][332]LogModuleManager: Shutting down and abandoning module CLionSourceCodeAccess (334)
[2019.12.03-04.10.40:155][332]LogModuleManager: Shutting down and abandoning module AnimationSharingEd (332)
[2019.12.03-04.10.40:155][332]LogModuleManager: Shutting down and abandoning module ActorLayerUtilitiesEditor (330)
[2019.12.03-04.10.40:155][332]LogModuleManager: Shutting down and abandoning module ActorLayerUtilities (328)
[2019.12.03-04.10.40:155][332]LogModuleManager: Shutting down and abandoning module LightPropagationVolumeEditor (326)
[2019.12.03-04.10.40:155][332]LogModuleManager: Shutting down and abandoning module PaperTiledImporter (324)
[2019.12.03-04.10.40:155][332]LogModuleManager: Shutting down and abandoning module PaperSpriteSheetImporter (322)
[2019.12.03-04.10.40:155][332]LogModuleManager: Shutting down and abandoning module Paper2DEditor (320)
[2019.12.03-04.10.40:168][332]LogModuleManager: Shutting down and abandoning module PythonConsole (318)
[2019.12.03-04.10.40:168][332]LogModuleManager: Shutting down and abandoning module SignificanceManager (316)
[2019.12.03-04.10.40:168][332]LogModuleManager: Shutting down and abandoning module RuntimePhysXCooking (314)
[2019.12.03-04.10.40:168][332]LogModuleManager: Shutting down and abandoning module PhysXVehiclesEditor (312)
[2019.12.03-04.10.40:168][332]LogModuleManager: Shutting down and abandoning module LocationServicesBPLibrary (308)
[2019.12.03-04.10.40:168][332]LogModuleManager: Shutting down and abandoning module SQLiteCore (306)
[2019.12.03-04.10.40:168][332]LogModuleManager: Shutting down and abandoning module ActorSequence (304)
[2019.12.03-04.10.40:168][332]LogModuleManager: Shutting down and abandoning module UdpMessaging (302)
[2019.12.03-04.10.40:269][332]LogModuleManager: Shutting down and abandoning module TcpMessaging (300)
[2019.12.03-04.10.40:370][332]LogModuleManager: Shutting down and abandoning module MagicLeapIdentity (298)
[2019.12.03-04.10.40:370][332]LogModuleManager: Shutting down and abandoning module MagicLeapSecureStorage (296)
[2019.12.03-04.10.40:370][332]LogModuleManager: Shutting down and abandoning module MagicLeapHandTracking (294)
[2019.12.03-04.10.40:370][332]LogModuleManager: Shutting down and abandoning module MagicLeapEyeTracker (292)
[2019.12.03-04.10.40:370][332]LogModuleManager: Shutting down and abandoning module MagicLeapController (290)
[2019.12.03-04.10.40:370][332]LogSlate: Slate User Destroyed.  User Index 0, Is Virtual User: 0
[2019.12.03-04.10.40:370][332]LogModuleManager: Shutting down and abandoning module MagicLeapAR (288)
[2019.12.03-04.10.40:370][332]LogModuleManager: Shutting down and abandoning module AugmentedReality (287)
[2019.12.03-04.10.40:370][332]LogModuleManager: Shutting down and abandoning module GameplayTagsEditor (284)
[2019.12.03-04.10.40:391][332]LogModuleManager: Shutting down and abandoning module FacialAnimationEditor (282)
[2019.12.03-04.10.40:391][332]LogModuleManager: Shutting down and abandoning module FacialAnimation (280)
[2019.12.03-04.10.40:391][332]LogModuleManager: Shutting down and abandoning module DataValidation (278)
[2019.12.03-04.10.40:391][332]LogModuleManager: Shutting down and abandoning module AssetManagerEditor (276)
[2019.12.03-04.10.40:399][332]LogModuleManager: Shutting down and abandoning module LevelEditor (275)
[2019.12.03-04.10.40:400][332]LogModuleManager: Shutting down and abandoning module PixelInspectorModule (274)
[2019.12.03-04.10.40:400][332]LogModuleManager: Shutting down and abandoning module CommonMenuExtensions (272)
[2019.12.03-04.10.40:400][332]LogModuleManager: Shutting down and abandoning module MainFrame (270)
[2019.12.03-04.10.40:400][332]LogModuleManager: Shutting down and abandoning module HotReload (269)
[2019.12.03-04.10.40:401][332]LogModuleManager: Shutting down and abandoning module ContentBrowser (265)
[2019.12.03-04.10.40:401][332]LogModuleManager: Shutting down and abandoning module TreeMap (263)
[2019.12.03-04.10.40:402][332]LogModuleManager: Shutting down and abandoning module ConcertSyncCore (260)
[2019.12.03-04.10.40:402][332]LogModuleManager: Shutting down and abandoning module Concert (258)
[2019.12.03-04.10.40:402][332]LogModuleManager: Shutting down and abandoning module ConcertTransport (257)
[2019.12.03-04.10.40:402][332]LogModuleManager: Shutting down and abandoning module AnimationSharing (254)
[2019.12.03-04.10.40:402][332]LogModuleManager: Shutting down and abandoning module LightPropagationVolumeRuntime (252)
[2019.12.03-04.10.40:402][332]LogModuleManager: Shutting down and abandoning module Paper2D (250)
[2019.12.03-04.10.40:402][332]LogModuleManager: Shutting down and abandoning module WindowsMoviePlayer (248)
[2019.12.03-04.10.40:404][332]LogModuleManager: Shutting down and abandoning module WebMMoviePlayer (246)
[2019.12.03-04.10.40:404][332]LogModuleManager: Shutting down and abandoning module NetworkReplayStreaming (244)
[2019.12.03-04.10.40:404][332]LogModuleManager: Shutting down and abandoning module PacketHandler (242)
[2019.12.03-04.10.40:404][332]LogModuleManager: Shutting down and abandoning module ClothingSystemEditor (240)
[2019.12.03-04.10.40:404][332]LogModuleManager: Shutting down and abandoning module ClothingSystemRuntime (238)
[2019.12.03-04.10.40:428][332]LogModuleManager: Shutting down and abandoning module MediaAssets (236)
[2019.12.03-04.10.40:428][332]LogModuleManager: Shutting down and abandoning module Overlay (234)
[2019.12.03-04.10.40:428][332]LogModuleManager: Shutting down and abandoning module OverlayEditor (233)
[2019.12.03-04.10.40:428][332]LogModuleManager: Shutting down and abandoning module VREditor (230)
[2019.12.03-04.10.40:441][332]LogModuleManager: Shutting down and abandoning module StringTableEditor (228)
[2019.12.03-04.10.40:497][332]LogModuleManager: Shutting down and abandoning module GameplayTasksEditor (226)
[2019.12.03-04.10.40:497][332]LogModuleManager: Shutting down and abandoning module BehaviorTreeEditor (224)
[2019.12.03-04.10.40:524][332]LogModuleManager: Shutting down and abandoning module FunctionalTesting (222)
[2019.12.03-04.10.40:524][332]LogModuleManager: Shutting down and abandoning module CollisionAnalyzer (220)
[2019.12.03-04.10.40:524][332]LogModuleManager: Shutting down and abandoning module WorkspaceMenuStructure (219)
[2019.12.03-04.10.40:524][332]LogModuleManager: Shutting down and abandoning module UMG (216)
[2019.12.03-04.10.40:524][332]LogModuleManager: Shutting down and abandoning module UMGEditor (215)
[2019.12.03-04.10.40:524][332]LogModuleManager: Shutting down and abandoning module Sequencer (214)
[2019.12.03-04.10.40:579][332]LogModuleManager: Shutting down and abandoning module MessageLog (211)
[2019.12.03-04.10.40:579][332]LogModuleManager: Shutting down and abandoning module SlateReflector (206)
[2019.12.03-04.10.40:679][332]LogModuleManager: Shutting down and abandoning module Slate (204)
[2019.12.03-04.10.40:679][332]LogModuleManager: Shutting down and abandoning module LandscapeEditorUtilities (202)
[2019.12.03-04.10.40:679][332]LogModuleManager: Shutting down and abandoning module EditorStyle (200)
[2019.12.03-04.10.40:680][332]LogModuleManager: Shutting down and abandoning module UnrealEd (198)
[2019.12.03-04.10.40:680][332]LogModuleManager: Shutting down and abandoning module MRMesh (196)
[2019.12.03-04.10.40:680][332]LogModuleManager: Shutting down and abandoning module SourceCodeAccess (194)
[2019.12.03-04.10.40:680][332]LogModuleManager: Shutting down and abandoning module HeadMountedDisplay (192)
[2019.12.03-04.10.40:680][332]LogModuleManager: Shutting down and abandoning module XAudio2 (190)
[2019.12.03-04.10.40:680][332]LogModuleManager: Shutting down and abandoning module Networking (188)
[2019.12.03-04.10.40:680][332]LogModuleManager: Shutting down and abandoning module Core (186)
[2019.12.03-04.10.40:680][332]LogModuleManager: Shutting down and abandoning module KismetCompiler (184)
[2019.12.03-04.10.40:680][332]LogModuleManager: Shutting down and abandoning module MeshUtilities (182)
[2019.12.03-04.10.40:680][332]LogModuleManager: Shutting down and abandoning module MeshMergeUtilities (181)
[2019.12.03-04.10.40:680][332]LogModuleManager: Shutting down and abandoning module MeshReductionInterface (180)
[2019.12.03-04.10.40:680][332]LogModuleManager: Shutting down and abandoning module SkeletalMeshReduction (179)
[2019.12.03-04.10.40:695][332]LogModuleManager: Shutting down and abandoning module ProxyLODMeshReduction (177)
[2019.12.03-04.10.40:718][332]LogModuleManager: Shutting down and abandoning module QuadricMeshReduction (175)
[2019.12.03-04.10.40:718][332]LogModuleManager: Shutting down and abandoning module MaterialBaking (171)
[2019.12.03-04.10.40:742][332]LogModuleManager: Shutting down and abandoning module NullInstallBundleManager (166)
[2019.12.03-04.10.40:742][332]LogModuleManager: Shutting down and abandoning module DerivedDataCache (164)
[2019.12.03-04.10.40:775][332]LogDerivedDataCache: Shutdown
[2019.12.03-04.10.40:775][332]LogModuleManager: Shutting down and abandoning module XGEController (162)
[2019.12.03-04.10.40:775][332]LogXGEController: Cleaning working directory: C:/Users/John/AppData/Local/Temp/UnrealXGEWorkingDir/
[2019.12.03-04.10.40:776][332]LogModuleManager: Shutting down and abandoning module TargetPlatform (160)
[2019.12.03-04.10.40:776][332]LogModuleManager: Shutting down and abandoning module VulkanShaderFormat (159)
[2019.12.03-04.10.40:776][332]LogModuleManager: Shutting down and abandoning module ShaderFormatVectorVM (157)
[2019.12.03-04.10.40:776][332]LogModuleManager: Shutting down and abandoning module ShaderFormatOpenGL (155)
[2019.12.03-04.10.40:791][332]LogModuleManager: Shutting down and abandoning module ShaderFormatD3D (153)
[2019.12.03-04.10.40:791][332]LogModuleManager: Shutting down and abandoning module MetalShaderFormat (151)
[2019.12.03-04.10.40:805][332]LogModuleManager: Shutting down and abandoning module TextureFormatUncompressed (149)
[2019.12.03-04.10.40:805][332]LogModuleManager: Shutting down and abandoning module TextureFormatPVR (147)
[2019.12.03-04.10.40:805][332]LogModuleManager: Shutting down and abandoning module TextureFormatDXT (145)
[2019.12.03-04.10.40:805][332]LogModuleManager: Shutting down and abandoning module TextureFormatIntelISPCTexComp (143)
[2019.12.03-04.10.40:805][332]LogModuleManager: Shutting down and abandoning module TextureFormatASTC (141)
[2019.12.03-04.10.40:805][332]LogModuleManager: Shutting down and abandoning module ImageWrapper (140)
[2019.12.03-04.10.40:805][332]LogModuleManager: Shutting down and abandoning module TextureFormatAndroid (137)
[2019.12.03-04.10.40:805][332]LogModuleManager: Shutting down and abandoning module AudioFormatOpus (135)
[2019.12.03-04.10.40:805][332]LogModuleManager: Shutting down and abandoning module AudioFormatOgg (133)
[2019.12.03-04.10.40:805][332]LogModuleManager: Shutting down and abandoning module AudioFormatADPCM (131)
[2019.12.03-04.10.40:805][332]LogModuleManager: Shutting down and abandoning module LuminTargetPlatform (129)
[2019.12.03-04.10.40:806][332]LogModuleManager: Shutting down and abandoning module LinuxTargetPlatform (127)
[2019.12.03-04.10.40:806][332]LogModuleManager: Shutting down and abandoning module LinuxServerTargetPlatform (125)
[2019.12.03-04.10.40:806][332]LogModuleManager: Shutting down and abandoning module LinuxNoEditorTargetPlatform (123)
[2019.12.03-04.10.40:806][332]LogModuleManager: Shutting down and abandoning module LinuxClientTargetPlatform (121)
[2019.12.03-04.10.40:806][332]LogModuleManager: Shutting down and abandoning module TVOSTargetPlatform (119)
[2019.12.03-04.10.40:806][332]LogModuleManager: Shutting down and abandoning module Messaging (117)
[2019.12.03-04.10.40:806][332]LogModuleManager: Shutting down and abandoning module IOSTargetPlatform (115)
[2019.12.03-04.10.40:807][332]LogModuleManager: Shutting down and abandoning module HTML5TargetPlatform (113)
[2019.12.03-04.10.40:807][332]LogModuleManager: Shutting down and abandoning module AndroidTargetPlatform (111)
[2019.12.03-04.10.40:812][332]LogModuleManager: Shutting down and abandoning module WindowsTargetPlatform (109)
[2019.12.03-04.10.40:812][332]LogModuleManager: Shutting down and abandoning module WindowsServerTargetPlatform (107)
[2019.12.03-04.10.40:812][332]LogModuleManager: Shutting down and abandoning module WindowsNoEditorTargetPlatform (105)
[2019.12.03-04.10.40:812][332]LogModuleManager: Shutting down and abandoning module WindowsClientTargetPlatform (103)
[2019.12.03-04.10.40:813][332]LogModuleManager: Shutting down and abandoning module MacTargetPlatform (101)
[2019.12.03-04.10.40:813][332]LogModuleManager: Shutting down and abandoning module MacServerTargetPlatform (99)
[2019.12.03-04.10.40:813][332]LogModuleManager: Shutting down and abandoning module MacNoEditorTargetPlatform (97)
[2019.12.03-04.10.40:813][332]LogModuleManager: Shutting down and abandoning module MacClientTargetPlatform (95)
[2019.12.03-04.10.40:813][332]LogModuleManager: Shutting down and abandoning module AllDesktopTargetPlatform (93)
[2019.12.03-04.10.40:813][332]LogModuleManager: Shutting down and abandoning module InputCore (90)
[2019.12.03-04.10.40:813][332]LogModuleManager: Shutting down and abandoning module Settings (88)
[2019.12.03-04.10.40:813][332]LogModuleManager: Shutting down and abandoning module DirectoryWatcher (86)
[2019.12.03-04.10.40:813][332]LogModuleManager: Shutting down and abandoning module PhysXCooking (84)
[2019.12.03-04.10.40:813][332]LogModuleManager: Shutting down and abandoning module WindowsPlatformFeatures (82)
[2019.12.03-04.10.40:813][332]LogModuleManager: Shutting down and abandoning module GameplayMediaEncoder (81)
[2019.12.03-04.10.40:813][332]LogModuleManager: Shutting down and abandoning module SteamVR (78)
[2019.12.03-04.10.40:813][332]LogHMD: Freeing OpenVRDLLHandle.
[2019.12.03-04.10.40:813][332]LogModuleManager: Shutting down and abandoning module OculusHMD (76)
[2019.12.03-04.10.40:813][332]LogModuleManager: Shutting down and abandoning module ExampleDeviceProfileSelector (74)
[2019.12.03-04.10.40:813][332]LogModuleManager: Shutting down and abandoning module LauncherChunkInstaller (72)
[2019.12.03-04.10.40:813][332]LogModuleManager: Shutting down and abandoning module OnlineBlueprintSupport (70)
[2019.12.03-04.10.40:813][332]LogModuleManager: Shutting down and abandoning module OnlineSubsystem (66)
[2019.12.03-04.10.40:814][332]LogModuleManager: Shutting down and abandoning module XMPP (61)
[2019.12.03-04.10.40:835][332]LogModuleManager: Shutting down and abandoning module WebSockets (60)
[2019.12.03-04.10.40:901][332]LogModuleManager: Shutting down and abandoning module HTTP (57)
[2019.12.03-04.10.40:901][332]LogHttp: Display: Http module shutting down, but needs to wait on 1 outstanding Http requests:
[2019.12.03-04.10.40:901][332]LogHttp: Display: 	verb=[POST] url=[https://datarouter.ol.epicgames.com/datarouter/api/v1/public/data?SessionID=%7B08A52E88-44C4-12FD-96F6-F392FC3CA597%7D&AppID=UEEditor.Rocket.Release&AppVersion=4.23.1-9631420%2B%2B%2BUE4%2BRelease-4.23&UserID=e8230293440d69efa3e6b3a0d4830ca3%7C4e7f72e21f6842c0ac1adae9047d2042%7C0e9219db-fd43-47d3-8026-17adeeaab572&AppEnvironment=datacollector-binary&UploadType=eteventstream] status=Processing
[2019.12.03-04.10.40:904][332]LogModuleManager: Shutting down and abandoning module SSL (56)
[2019.12.03-04.10.40:905][332]LogModuleManager: Shutting down and abandoning module WmfMedia (52)
[2019.12.03-04.10.40:924][332]LogModuleManager: Shutting down and abandoning module Media (51)
[2019.12.03-04.10.40:925][332]LogModuleManager: Shutting down and abandoning module MagicLeap (48)
[2019.12.03-04.10.40:925][332]LogModuleManager: Shutting down and abandoning module DatasmithContent (46)
[2019.12.03-04.10.40:925][332]LogModuleManager: Shutting down and abandoning module AISupportModule (44)
[2019.12.03-04.10.40:925][332]LogModuleManager: Shutting down and abandoning module PlatformCryptoOpenSSL (42)
[2019.12.03-04.10.40:925][332]LogModuleManager: Shutting down and abandoning module PlatformCrypto (40)
[2019.12.03-04.10.40:925][332]LogModuleManager: Shutting down and abandoning module AnimationModifiers (38)
[2019.12.03-04.10.40:947][332]LogModuleManager: Shutting down and abandoning module PropertyEditor (37)
[2019.12.03-04.10.40:960][332]LogModuleManager: Shutting down and abandoning module AudioEditor (34)
[2019.12.03-04.10.40:967][332]LogModuleManager: Shutting down and abandoning module TextureCompressor (32)
[2019.12.03-04.10.40:967][332]LogModuleManager: Shutting down and abandoning module RenderCore (30)
[2019.12.03-04.10.40:967][332]LogModuleManager: Shutting down and abandoning module Landscape (28)
[2019.12.03-04.10.40:967][332]LogModuleManager: Shutting down and abandoning module SlateRHIRenderer (26)
[2019.12.03-04.10.40:969][332]LogModuleManager: Shutting down and abandoning module OpenGLDrv (24)
[2019.12.03-04.10.40:974][332]LogModuleManager: Shutting down and abandoning module D3D11RHI (22)
[2019.12.03-04.10.40:974][332]LogModuleManager: Shutting down and abandoning module AnimGraphRuntime (20)
[2019.12.03-04.10.40:974][332]LogModuleManager: Shutting down and abandoning module Renderer (18)
[2019.12.03-04.10.40:974][332]LogModuleManager: Shutting down and abandoning module Engine (16)
[2019.12.03-04.10.40:974][332]LogModuleManager: Shutting down and abandoning module CoreUObject (14)
[2019.12.03-04.10.40:974][332]LogModuleManager: Shutting down and abandoning module NetworkFile (12)
[2019.12.03-04.10.40:974][332]LogModuleManager: Shutting down and abandoning module CookedIterativeFile (10)
[2019.12.03-04.10.40:974][332]LogModuleManager: Shutting down and abandoning module StreamingFile (8)
[2019.12.03-04.10.40:974][332]LogModuleManager: Shutting down and abandoning module SandboxFile (6)
[2019.12.03-04.10.40:974][332]LogModuleManager: Shutting down and abandoning module PakFile (4)
[2019.12.03-04.10.40:974][332]LogModuleManager: Shutting down and abandoning module RSA (3)
[2019.12.03-04.10.40:974][332]LogD3D11RHI: Shutdown
[2019.12.03-04.10.40:974][332]LogD3D11RHI: CleanupD3DDevice
[2019.12.03-04.10.40:988][332]LogRendererCore: FGlobalDynamicReadBuffer::Cleanup()
[2019.12.03-04.10.40:988][332]LogRendererCore: FGlobalDynamicReadBuffer::Cleanup()
[2019.12.03-04.10.40:988][332]LogRendererCore: FGlobalDynamicReadBuffer::Cleanup()
[2019.12.03-04.10.41:571][332]LogD3D11RHI: ~FD3D11DynamicRHI
[2019.12.03-04.10.41:594][332]LogExit: Exiting.
[2019.12.03-04.10.41:643][332]Log file closed, 12/02/19 22:10:41
