Log file open, 12/06/19 20:12:54
LogWindows: Failed to load 'aqProf.dll' (GetLastError=126)
LogWindows: File 'aqProf.dll' does not exist
LogWindows: Failed to load 'VtuneApi.dll' (GetLastError=126)
LogWindows: File 'VtuneApi.dll' does not exist
LogWindows: Failed to load 'VtuneApi32e.dll' (GetLastError=126)
LogWindows: File 'VtuneApi32e.dll' does not exist
LogConsoleResponse: Display: Failed to find resolution value strings in scalability ini. Falling back to default.
LogInit: Display: Running engine for game: Project_Plague_UE4
LogPlatformFile: Not using cached read wrapper
LogTaskGraph: Started task graph with 5 named threads and 23 total threads with 3 sets of task threads.
LogStats: Stats thread started at 0.067376
LogD3D11RHI: Loaded GFSDK_Aftermath_Lib.x64.dll
LogICUInternationalization: ICU TimeZone Detection - Raw Offset: -5:00, Platform Override: ''
LogPluginManager: Mounting plugin Paper2D
LogPluginManager: Mounting plugin AISupport
LogPluginManager: Mounting plugin LightPropagationVolume
LogPluginManager: Mounting plugin ActorLayerUtilities
LogPluginManager: Mounting plugin AnimationSharing
LogPluginManager: Mounting plugin CLionSourceCodeAccess
LogPluginManager: Mounting plugin CodeLiteSourceCodeAccess
LogPluginManager: Mounting plugin ConcertMain
LogPluginManager: Mounting plugin ConcertSyncClient
LogPluginManager: Mounting plugin ConcertSyncCore
LogPluginManager: Found config from plugin[ConcertSyncCore] C:/Users/jason/Documents/GitHub/Project_Plague_GIT/Project_Plague_UE4/Saved/Config/Windows/Engine.ini
LogPluginManager: Mounting plugin MultiUserClient
LogPluginManager: Mounting plugin GitSourceControl
LogPluginManager: Mounting plugin KDevelopSourceCodeAccess
LogPluginManager: Mounting plugin NullSourceCodeAccess
LogPluginManager: Mounting plugin PerforceSourceControl
LogPluginManager: Mounting plugin SubversionSourceControl
LogPluginManager: Mounting plugin UObjectPlugin
LogPluginManager: Mounting plugin VisualStudioCodeSourceCodeAccess
LogPluginManager: Mounting plugin VisualStudioSourceCodeAccess
LogPluginManager: Mounting plugin XCodeSourceCodeAccess
LogPluginManager: Mounting plugin AssetManagerEditor
LogPluginManager: Mounting plugin CryptoKeys
LogPluginManager: Mounting plugin CurveEditorTools
LogPluginManager: Mounting plugin DataValidation
LogPluginManager: Mounting plugin FacialAnimation
LogPluginManager: Mounting plugin GameplayTagsEditor
LogPluginManager: Mounting plugin MacGraphicsSwitching
LogPluginManager: Mounting plugin MaterialAnalyzer
LogPluginManager: Mounting plugin MobileLauncherProfileWizard
LogPluginManager: Mounting plugin PluginBrowser
LogPluginManager: Mounting plugin SpeedTreeImporter
LogPluginManager: Mounting plugin DatasmithContent
LogPluginManager: Mounting plugin VariantManagerContent
LogPluginManager: Mounting plugin AlembicImporter
LogPluginManager: Mounting plugin AutomationUtils
LogPluginManager: Mounting plugin BackChannel
LogPluginManager: Mounting plugin CharacterAI
LogPluginManager: Mounting plugin GeometryCache
LogPluginManager: Mounting plugin HTML5Networking
LogPluginManager: Mounting plugin PlatformCrypto
LogPluginManager: Mounting plugin ProxyLODPlugin
LogPluginManager: Mounting plugin SkeletalReduction
LogPluginManager: Mounting plugin MagicLeap
LogPluginManager: Mounting plugin MagicLeapMedia
LogPluginManager: Mounting plugin AndroidMedia
LogPluginManager: Mounting plugin AvfMedia
LogPluginManager: Mounting plugin ImgMedia
LogPluginManager: Mounting plugin MediaCompositing
LogPluginManager: Mounting plugin MediaPlayerEditor
LogPluginManager: Mounting plugin WebMMedia
LogPluginManager: Mounting plugin WmfMedia
LogPluginManager: Mounting plugin TcpMessaging
LogPluginManager: Mounting plugin UdpMessaging
LogPluginManager: Mounting plugin ActorSequence
LogPluginManager: Mounting plugin LevelSequenceEditor
LogPluginManager: Mounting plugin MatineeToLevelSequence
LogPluginManager: Mounting plugin NetcodeUnitTest
LogPluginManager: Mounting plugin NUTUnrealEngine4
LogPluginManager: Mounting plugin OnlineSubsystemGooglePlay
LogPluginManager: Mounting plugin OnlineSubsystemIOS
LogPluginManager: Mounting plugin OnlineSubsystem
LogPluginManager: Mounting plugin OnlineSubsystemNull
LogPluginManager: Mounting plugin OnlineSubsystemUtils
LogPluginManager: Mounting plugin LauncherChunkInstaller
LogPluginManager: Mounting plugin AndroidDeviceProfileSelector
LogPluginManager: Mounting plugin AndroidMoviePlayer
LogPluginManager: Mounting plugin AndroidPermission
LogPluginManager: Mounting plugin AppleImageUtils
LogPluginManager: Mounting plugin AppleMoviePlayer
LogPluginManager: Mounting plugin ArchVisCharacter
LogPluginManager: Mounting plugin AudioCapture
LogPluginManager: Mounting plugin CableComponent
LogPluginManager: Mounting plugin CustomMeshComponent
LogPluginManager: Mounting plugin SQLiteCore
LogPluginManager: Mounting plugin EditableMesh
LogPluginManager: Mounting plugin ExampleDeviceProfileSelector
LogPluginManager: Mounting plugin GoogleCloudMessaging
LogPluginManager: Mounting plugin IOSDeviceProfileSelector
LogPluginManager: Mounting plugin LinuxDeviceProfileSelector
LogPluginManager: Mounting plugin LocationServicesBPLibrary
LogPluginManager: Mounting plugin MobilePatchingUtils
LogPluginManager: Mounting plugin OculusVR
LogPluginManager: Mounting plugin PhysXVehicles
LogPluginManager: Mounting plugin ProceduralMeshComponent
LogPluginManager: Mounting plugin RuntimePhysXCooking
LogPluginManager: Mounting plugin SignificanceManager
LogPluginManager: Mounting plugin SteamVR
LogPluginManager: Mounting plugin WebMMoviePlayer
LogPluginManager: Mounting plugin WindowsMoviePlayer
LogPluginManager: Mounting plugin ScreenshotTools
LogInit: Using libcurl 7.55.1-DEV
LogInit:  - built for x86_64-pc-win32
LogInit:  - supports SSL with OpenSSL/1.1.1
LogInit:  - supports HTTP deflate (compression) using libz 1.2.8
LogInit:  - other features:
LogInit:      CURL_VERSION_SSL
LogInit:      CURL_VERSION_LIBZ
LogInit:      CURL_VERSION_IPV6
LogInit:      CURL_VERSION_ASYNCHDNS
LogInit:      CURL_VERSION_LARGEFILE
LogInit:      CURL_VERSION_IDN
LogInit:  CurlRequestOptions (configurable via config and command line):
LogInit:  - bVerifyPeer = true  - Libcurl will verify peer certificate
LogInit:  - bUseHttpProxy = false  - Libcurl will NOT use HTTP proxy
LogInit:  - bDontReuseConnections = false  - Libcurl will reuse connections
LogInit:  - MaxHostConnections = 16  - Libcurl will limit the number of connections to a host
LogInit:  - LocalHostAddr = Default
LogInit:  - BufferSize = 65536
LogOnline: OSS: Creating online subsystem instance for: NULL
LogInit: WinSock: version 1.1 (2.2), MaxSocks=32767, MaxUdp=65467
LogInit: Build: ++UE4+Release-4.23-CL-9631420
LogInit: Engine Version: 4.23.1-9631420+++UE4+Release-4.23
LogInit: Compatible Engine Version: 4.23.0-8386587+++UE4+Release-4.23
LogInit: Net CL: 8386587
LogInit: OS: Windows 10 (Release 1903) (), CPU: Intel(R) Core(TM) i5-8300H CPU @ 2.30GHz, GPU: Intel(R) UHD Graphics 630
LogInit: Compiled (64-bit): Oct 18 2019 02:07:44
LogInit: Compiled with Visual C++: 19.16.27030.01
LogInit: Build Configuration: Development
LogInit: Branch Name: ++UE4+Release-4.23
LogInit: Command Line: 
LogInit: Base Directory: C:/Program Files/Epic Games/UE_4.23/Engine/Binaries/Win64/
LogInit: Installed Engine Build: 1
LogDevObjectVersion: Number of dev versions registered: 23
LogDevObjectVersion:   Dev-Blueprints (B0D832E4-1F89-4F0D-ACCF-7EB736FD4AA2): 10
LogDevObjectVersion:   Dev-Build (E1C64328-A22C-4D53-A36C-8E866417BD8C): 0
LogDevObjectVersion:   Dev-Core (375EC13C-06E4-48FB-B500-84F0262A717E): 3
LogDevObjectVersion:   Dev-Editor (E4B068ED-F494-42E9-A231-DA0B2E46BB41): 34
LogDevObjectVersion:   Dev-Framework (CFFC743F-43B0-4480-9391-14DF171D2073): 35
LogDevObjectVersion:   Dev-Mobile (B02B49B5-BB20-44E9-A304-32B752E40360): 2
LogDevObjectVersion:   Dev-Networking (A4E4105C-59A1-49B5-A7C5-40C4547EDFEE): 0
LogDevObjectVersion:   Dev-Online (39C831C9-5AE6-47DC-9A44-9C173E1C8E7C): 0
LogDevObjectVersion:   Dev-Physics (78F01B33-EBEA-4F98-B9B4-84EACCB95AA2): 0
LogDevObjectVersion:   Dev-Platform (6631380F-2D4D-43E0-8009-CF276956A95A): 0
LogDevObjectVersion:   Dev-Rendering (12F88B9F-8875-4AFC-A67C-D90C383ABD29): 31
LogDevObjectVersion:   Dev-Sequencer (7B5AE74C-D270-4C10-A958-57980B212A5A): 11
LogDevObjectVersion:   Dev-VR (D7296918-1DD6-4BDD-9DE2-64A83CC13884): 2
LogDevObjectVersion:   Dev-LoadTimes (C2A15278-BFE7-4AFE-6C17-90FF531DF755): 1
LogDevObjectVersion:   Private-Geometry (6EACA3D4-40EC-4CC1-B786-8BED09428FC5): 3
LogDevObjectVersion:   Dev-AnimPhys (29E575DD-E0A3-4627-9D10-D276232CDCEA): 17
LogDevObjectVersion:   Dev-Anim (AF43A65D-7FD3-4947-9873-3E8ED9C1BB05): 2
LogDevObjectVersion:   Dev-ReflectionCapture (6B266CEC-1EC7-4B8F-A30B-E4D90942FC07): 1
LogDevObjectVersion:   Dev-Automation (0DF73D61-A23F-47EA-B727-89E90C41499A): 1
LogDevObjectVersion:   FortniteMain (601D1886-AC64-4F84-AA16-D3DE0DEAC7D6): 27
LogDevObjectVersion:   Dev-Enterprise (9DFFBCD6-494F-0158-E221-12823C92A888): 6
LogDevObjectVersion:   Dev-Niagara (F2AED0AC-9AFE-416F-8664-AA7FFA26D6FC): 1
LogDevObjectVersion:   Dev-Destruction (174F1F0B-B4C6-45A5-B13F-2EE8D0FB917D): 9
LogInit: Presizing for max 16777216 objects, including 0 objects not considered by GC, pre-allocating 0 bytes for permanent pool.
LogInit: Object subsystem initialized
LogConfig: Setting CVar [[con.DebugEarlyDefault:1]]
LogConfig: Setting CVar [[r.setres:1280x720]]
[2019.12.07-01.12.54:956][  0]LogConfig: Setting CVar [[r.VSync:0]]
[2019.12.07-01.12.54:956][  0]LogConfig: Setting CVar [[r.RHICmdBypass:0]]
[2019.12.07-01.12.54:956][  0]LogConfig: Applying CVar settings from Section [/Script/Engine.RendererSettings] File [C:/Users/jason/Documents/GitHub/Project_Plague_GIT/Project_Plague_UE4/Saved/Config/Windows/Engine.ini]
[2019.12.07-01.12.54:956][  0]LogConfig: Setting CVar [[r.GPUCrashDebugging:0]]
[2019.12.07-01.12.54:956][  0]LogConfig: Applying CVar settings from Section [/Script/Engine.RendererOverrideSettings] File [C:/Users/jason/Documents/GitHub/Project_Plague_GIT/Project_Plague_UE4/Saved/Config/Windows/Engine.ini]
[2019.12.07-01.12.54:956][  0]LogConfig: Applying CVar settings from Section [/Script/Engine.StreamingSettings] File [C:/Users/jason/Documents/GitHub/Project_Plague_GIT/Project_Plague_UE4/Saved/Config/Windows/Engine.ini]
[2019.12.07-01.12.54:956][  0]LogConfig: Setting CVar [[s.MinBulkDataSizeForAsyncLoading:131072]]
[2019.12.07-01.12.54:956][  0]LogConfig: Setting CVar [[s.AsyncLoadingThreadEnabled:0]]
[2019.12.07-01.12.54:956][  0]LogConfig: Setting CVar [[s.EventDrivenLoaderEnabled:1]]
[2019.12.07-01.12.54:956][  0]LogConfig: Setting CVar [[s.WarnIfTimeLimitExceeded:0]]
[2019.12.07-01.12.54:956][  0]LogConfig: Setting CVar [[s.TimeLimitExceededMultiplier:1.5]]
[2019.12.07-01.12.54:956][  0]LogConfig: Setting CVar [[s.TimeLimitExceededMinTime:0.005]]
[2019.12.07-01.12.54:956][  0]LogConfig: Setting CVar [[s.UseBackgroundLevelStreaming:1]]
[2019.12.07-01.12.54:956][  0]LogConfig: Setting CVar [[s.PriorityAsyncLoadingExtraTime:15.0]]
[2019.12.07-01.12.54:956][  0]LogConfig: Setting CVar [[s.LevelStreamingActorsUpdateTimeLimit:5.0]]
[2019.12.07-01.12.54:956][  0]LogConfig: Setting CVar [[s.PriorityLevelStreamingActorsUpdateExtraTime:5.0]]
[2019.12.07-01.12.54:956][  0]LogConfig: Setting CVar [[s.LevelStreamingComponentsRegistrationGranularity:10]]
[2019.12.07-01.12.54:956][  0]LogConfig: Setting CVar [[s.UnregisterComponentsTimeLimit:1.0]]
[2019.12.07-01.12.54:956][  0]LogConfig: Setting CVar [[s.LevelStreamingComponentsUnregistrationGranularity:5]]
[2019.12.07-01.12.54:956][  0]LogConfig: Applying CVar settings from Section [/Script/Engine.GarbageCollectionSettings] File [C:/Users/jason/Documents/GitHub/Project_Plague_GIT/Project_Plague_UE4/Saved/Config/Windows/Engine.ini]
[2019.12.07-01.12.54:956][  0]LogConfig: Setting CVar [[gc.MaxObjectsNotConsideredByGC:1]]
[2019.12.07-01.12.54:956][  0]LogConfig: Setting CVar [[gc.SizeOfPermanentObjectPool:0]]
[2019.12.07-01.12.54:956][  0]LogConfig: Setting CVar [[gc.FlushStreamingOnGC:0]]
[2019.12.07-01.12.54:956][  0]LogConfig: Setting CVar [[gc.NumRetriesBeforeForcingGC:10]]
[2019.12.07-01.12.54:956][  0]LogConfig: Setting CVar [[gc.AllowParallelGC:1]]
[2019.12.07-01.12.54:956][  0]LogConfig: Setting CVar [[gc.TimeBetweenPurgingPendingKillObjects:61.1]]
[2019.12.07-01.12.54:956][  0]LogConfig: Setting CVar [[gc.MaxObjectsInEditor:16777216]]
[2019.12.07-01.12.54:956][  0]LogConfig: Setting CVar [[gc.IncrementalBeginDestroyEnabled:1]]
[2019.12.07-01.12.54:956][  0]LogConfig: Setting CVar [[gc.CreateGCClusters:1]]
[2019.12.07-01.12.54:956][  0]LogConfig: Setting CVar [[gc.MinGCClusterSize:5]]
[2019.12.07-01.12.54:956][  0]LogConfig: Setting CVar [[gc.ActorClusteringEnabled:0]]
[2019.12.07-01.12.54:956][  0]LogConfig: Setting CVar [[gc.BlueprintClusteringEnabled:0]]
[2019.12.07-01.12.54:956][  0]LogConfig: Setting CVar [[gc.UseDisregardForGCOnDedicatedServers:0]]
[2019.12.07-01.12.54:956][  0]LogConfig: Applying CVar settings from Section [/Script/Engine.NetworkSettings] File [C:/Users/jason/Documents/GitHub/Project_Plague_GIT/Project_Plague_UE4/Saved/Config/Windows/Engine.ini]
[2019.12.07-01.12.54:956][  0]LogConfig: Applying CVar settings from Section [/Script/UnrealEd.CookerSettings] File [C:/Users/jason/Documents/GitHub/Project_Plague_GIT/Project_Plague_UE4/Saved/Config/Windows/Engine.ini]
[2019.12.07-01.12.54:958][  0]LogConfig: Applying CVar settings from Section [ViewDistanceQuality@3] File [C:/Users/jason/Documents/GitHub/Project_Plague_GIT/Project_Plague_UE4/Saved/Config/Windows/Scalability.ini]
[2019.12.07-01.12.54:958][  0]LogConfig: Setting CVar [[r.SkeletalMeshLODBias:0]]
[2019.12.07-01.12.54:958][  0]LogConfig: Setting CVar [[r.ViewDistanceScale:1.0]]
[2019.12.07-01.12.54:958][  0]LogConfig: Applying CVar settings from Section [AntiAliasingQuality@3] File [C:/Users/jason/Documents/GitHub/Project_Plague_GIT/Project_Plague_UE4/Saved/Config/Windows/Scalability.ini]
[2019.12.07-01.12.54:958][  0]LogConfig: Setting CVar [[r.PostProcessAAQuality:4]]
[2019.12.07-01.12.54:958][  0]LogConfig: Applying CVar settings from Section [ShadowQuality@3] File [C:/Users/jason/Documents/GitHub/Project_Plague_GIT/Project_Plague_UE4/Saved/Config/Windows/Scalability.ini]
[2019.12.07-01.12.54:958][  0]LogConfig: Setting CVar [[r.LightFunctionQuality:1]]
[2019.12.07-01.12.54:958][  0]LogConfig: Setting CVar [[r.ShadowQuality:5]]
[2019.12.07-01.12.54:958][  0]LogConfig: Setting CVar [[r.Shadow.CSM.MaxCascades:10]]
[2019.12.07-01.12.54:958][  0]LogConfig: Setting CVar [[r.Shadow.MaxResolution:2048]]
[2019.12.07-01.12.54:958][  0]LogConfig: Setting CVar [[r.Shadow.MaxCSMResolution:2048]]
[2019.12.07-01.12.54:958][  0]LogConfig: Setting CVar [[r.Shadow.RadiusThreshold:0.01]]
[2019.12.07-01.12.54:958][  0]LogConfig: Setting CVar [[r.Shadow.DistanceScale:1.0]]
[2019.12.07-01.12.54:958][  0]LogConfig: Setting CVar [[r.Shadow.CSM.TransitionScale:1.0]]
[2019.12.07-01.12.54:958][  0]LogConfig: Setting CVar [[r.Shadow.PreShadowResolutionFactor:1.0]]
[2019.12.07-01.12.54:958][  0]LogConfig: Setting CVar [[r.DistanceFieldShadowing:1]]
[2019.12.07-01.12.54:958][  0]LogConfig: Setting CVar [[r.DistanceFieldAO:1]]
[2019.12.07-01.12.54:958][  0]LogConfig: Setting CVar [[r.AOQuality:2]]
[2019.12.07-01.12.54:959][  0]LogConfig: Setting CVar [[r.VolumetricFog:1]]
[2019.12.07-01.12.54:959][  0]LogConfig: Setting CVar [[r.VolumetricFog.GridPixelSize:8]]
[2019.12.07-01.12.54:959][  0]LogConfig: Setting CVar [[r.VolumetricFog.GridSizeZ:128]]
[2019.12.07-01.12.54:959][  0]LogConfig: Setting CVar [[r.VolumetricFog.HistoryMissSupersampleCount:4]]
[2019.12.07-01.12.54:959][  0]LogConfig: Setting CVar [[r.LightMaxDrawDistanceScale:1]]
[2019.12.07-01.12.54:959][  0]LogConfig: Setting CVar [[r.CapsuleShadows:1]]
[2019.12.07-01.12.54:959][  0]LogConfig: Applying CVar settings from Section [PostProcessQuality@3] File [C:/Users/jason/Documents/GitHub/Project_Plague_GIT/Project_Plague_UE4/Saved/Config/Windows/Scalability.ini]
[2019.12.07-01.12.54:959][  0]LogConfig: Setting CVar [[r.MotionBlurQuality:4]]
[2019.12.07-01.12.54:959][  0]LogConfig: Setting CVar [[r.AmbientOcclusionMipLevelFactor:0.4]]
[2019.12.07-01.12.54:959][  0]LogConfig: Setting CVar [[r.AmbientOcclusionMaxQuality:100]]
[2019.12.07-01.12.54:959][  0]LogConfig: Setting CVar [[r.AmbientOcclusionLevels:-1]]
[2019.12.07-01.12.54:959][  0]LogConfig: Setting CVar [[r.AmbientOcclusionRadiusScale:1.0]]
[2019.12.07-01.12.54:959][  0]LogConfig: Setting CVar [[r.DepthOfFieldQuality:2]]
[2019.12.07-01.12.54:959][  0]LogConfig: Setting CVar [[r.RenderTargetPoolMin:400]]
[2019.12.07-01.12.54:959][  0]LogConfig: Setting CVar [[r.LensFlareQuality:2]]
[2019.12.07-01.12.54:959][  0]LogConfig: Setting CVar [[r.SceneColorFringeQuality:1]]
[2019.12.07-01.12.54:959][  0]LogConfig: Setting CVar [[r.EyeAdaptationQuality:2]]
[2019.12.07-01.12.54:959][  0]LogConfig: Setting CVar [[r.BloomQuality:5]]
[2019.12.07-01.12.54:959][  0]LogConfig: Setting CVar [[r.FastBlurThreshold:100]]
[2019.12.07-01.12.54:959][  0]LogConfig: Setting CVar [[r.Upscale.Quality:3]]
[2019.12.07-01.12.54:959][  0]LogConfig: Setting CVar [[r.Tonemapper.GrainQuantization:1]]
[2019.12.07-01.12.54:959][  0]LogConfig: Setting CVar [[r.LightShaftQuality:1]]
[2019.12.07-01.12.54:959][  0]LogConfig: Setting CVar [[r.Filter.SizeScale:1]]
[2019.12.07-01.12.54:959][  0]LogConfig: Setting CVar [[r.Tonemapper.Quality:5]]
[2019.12.07-01.12.54:959][  0]LogConfig: Setting CVar [[r.DOF.Gather.AccumulatorQuality:1        ; higher gathering accumulator quality]]
[2019.12.07-01.12.54:959][  0]LogConfig: Setting CVar [[r.DOF.Gather.PostfilterMethod:1          ; Median3x3 postfilering method]]
[2019.12.07-01.12.54:959][  0]LogConfig: Setting CVar [[r.DOF.Gather.EnableBokehSettings:0       ; no bokeh simulation when gathering]]
[2019.12.07-01.12.54:959][  0]LogConfig: Setting CVar [[r.DOF.Gather.RingCount:4                 ; medium number of samples when gathering]]
[2019.12.07-01.12.54:959][  0]LogConfig: Setting CVar [[r.DOF.Scatter.ForegroundCompositing:1    ; additive foreground scattering]]
[2019.12.07-01.12.54:959][  0]LogConfig: Setting CVar [[r.DOF.Scatter.BackgroundCompositing:2    ; additive background scattering]]
[2019.12.07-01.12.54:959][  0]LogConfig: Setting CVar [[r.DOF.Scatter.EnableBokehSettings:1      ; bokeh simulation when scattering]]
[2019.12.07-01.12.54:959][  0]LogConfig: Setting CVar [[r.DOF.Scatter.MaxSpriteRatio:0.1         ; only a maximum of 10% of scattered bokeh]]
[2019.12.07-01.12.54:959][  0]LogConfig: Setting CVar [[r.DOF.Recombine.Quality:1                ; cheap slight out of focus]]
[2019.12.07-01.12.54:959][  0]LogConfig: Setting CVar [[r.DOF.Recombine.EnableBokehSettings:0    ; no bokeh simulation on slight out of focus]]
[2019.12.07-01.12.54:959][  0]LogConfig: Setting CVar [[r.DOF.TemporalAAQuality:1                ; more stable temporal accumulation]]
[2019.12.07-01.12.54:959][  0]LogConfig: Setting CVar [[r.DOF.Kernel.MaxForegroundRadius:0.025]]
[2019.12.07-01.12.54:959][  0]LogConfig: Setting CVar [[r.DOF.Kernel.MaxBackgroundRadius:0.025]]
[2019.12.07-01.12.54:959][  0]LogConfig: Applying CVar settings from Section [TextureQuality@3] File [C:/Users/jason/Documents/GitHub/Project_Plague_GIT/Project_Plague_UE4/Saved/Config/Windows/Scalability.ini]
[2019.12.07-01.12.54:959][  0]LogConfig: Setting CVar [[r.Streaming.MipBias:0]]
[2019.12.07-01.12.54:959][  0]LogConfig: Setting CVar [[r.Streaming.AmortizeCPUToGPUCopy:0]]
[2019.12.07-01.12.54:959][  0]LogConfig: Setting CVar [[r.Streaming.MaxNumTexturesToStreamPerFrame:0]]
[2019.12.07-01.12.54:959][  0]LogConfig: Setting CVar [[r.Streaming.Boost:1]]
[2019.12.07-01.12.54:959][  0]LogConfig: Setting CVar [[r.MaxAnisotropy:8]]
[2019.12.07-01.12.54:959][  0]LogConfig: Setting CVar [[r.Streaming.LimitPoolSizeToVRAM:0]]
[2019.12.07-01.12.54:959][  0]LogConfig: Setting CVar [[r.Streaming.PoolSize:1000]]
[2019.12.07-01.12.54:959][  0]LogConfig: Setting CVar [[r.Streaming.MaxEffectiveScreenSize:0]]
[2019.12.07-01.12.54:959][  0]LogConfig: Applying CVar settings from Section [EffectsQuality@3] File [C:/Users/jason/Documents/GitHub/Project_Plague_GIT/Project_Plague_UE4/Saved/Config/Windows/Scalability.ini]
[2019.12.07-01.12.54:959][  0]LogConfig: Setting CVar [[r.TranslucencyLightingVolumeDim:64]]
[2019.12.07-01.12.54:959][  0]LogConfig: Setting CVar [[r.RefractionQuality:2]]
[2019.12.07-01.12.54:959][  0]LogConfig: Setting CVar [[r.SSR.Quality:3]]
[2019.12.07-01.12.54:959][  0]LogConfig: Setting CVar [[r.SceneColorFormat:4]]
[2019.12.07-01.12.54:959][  0]LogConfig: Setting CVar [[r.DetailMode:2]]
[2019.12.07-01.12.54:959][  0]LogConfig: Setting CVar [[r.TranslucencyVolumeBlur:1]]
[2019.12.07-01.12.54:959][  0]LogConfig: Setting CVar [[r.MaterialQualityLevel:1 ; High quality]]
[2019.12.07-01.12.54:959][  0]LogConfig: Setting CVar [[r.SSS.Scale:1]]
[2019.12.07-01.12.54:959][  0]LogConfig: Setting CVar [[r.SSS.SampleSet:2]]
[2019.12.07-01.12.54:959][  0]LogConfig: Setting CVar [[r.SSS.Quality:1]]
[2019.12.07-01.12.54:959][  0]LogConfig: Setting CVar [[r.SSS.HalfRes:1]]
[2019.12.07-01.12.54:959][  0]LogConfig: Setting CVar [[r.EmitterSpawnRateScale:1.0]]
[2019.12.07-01.12.54:959][  0]LogConfig: Setting CVar [[r.ParticleLightQuality:2]]
[2019.12.07-01.12.54:959][  0]LogConfig: Applying CVar settings from Section [FoliageQuality@3] File [C:/Users/jason/Documents/GitHub/Project_Plague_GIT/Project_Plague_UE4/Saved/Config/Windows/Scalability.ini]
[2019.12.07-01.12.54:959][  0]LogConfig: Setting CVar [[foliage.DensityScale:1.0]]
[2019.12.07-01.12.54:959][  0]LogConfig: Setting CVar [[grass.DensityScale:1.0]]
[2019.12.07-01.12.54:959][  0]LogInit: Selected Device Profile: [Windows]
[2019.12.07-01.12.54:959][  0]LogInit: Applying CVar settings loaded from the selected device profile: [Windows]
[2019.12.07-01.12.54:962][  0]LogHAL: Display: Platform has ~ 16 GB [17014509568 / 17179869184 / 16], which maps to Larger [LargestMinGB=32, LargerMinGB=12, DefaultMinGB=8, SmallerMinGB=6, SmallestMinGB=0)
[2019.12.07-01.12.54:962][  0]LogInit: Going up to parent DeviceProfile []
[2019.12.07-01.12.54:962][  0]LogConfig: Applying CVar settings from Section [ViewDistanceQuality@3] File [C:/Users/jason/Documents/GitHub/Project_Plague_GIT/Project_Plague_UE4/Saved/Config/Windows/Scalability.ini]
[2019.12.07-01.12.54:962][  0]LogConfig: Setting CVar [[r.SkeletalMeshLODBias:0]]
[2019.12.07-01.12.54:962][  0]LogConfig: Setting CVar [[r.ViewDistanceScale:1.0]]
[2019.12.07-01.12.54:962][  0]LogConfig: Applying CVar settings from Section [AntiAliasingQuality@3] File [C:/Users/jason/Documents/GitHub/Project_Plague_GIT/Project_Plague_UE4/Saved/Config/Windows/Scalability.ini]
[2019.12.07-01.12.54:962][  0]LogConfig: Setting CVar [[r.PostProcessAAQuality:4]]
[2019.12.07-01.12.54:962][  0]LogConfig: Applying CVar settings from Section [ShadowQuality@3] File [C:/Users/jason/Documents/GitHub/Project_Plague_GIT/Project_Plague_UE4/Saved/Config/Windows/Scalability.ini]
[2019.12.07-01.12.54:962][  0]LogConfig: Setting CVar [[r.LightFunctionQuality:1]]
[2019.12.07-01.12.54:962][  0]LogConfig: Setting CVar [[r.ShadowQuality:5]]
[2019.12.07-01.12.54:962][  0]LogConfig: Setting CVar [[r.Shadow.CSM.MaxCascades:10]]
[2019.12.07-01.12.54:962][  0]LogConfig: Setting CVar [[r.Shadow.MaxResolution:2048]]
[2019.12.07-01.12.54:962][  0]LogConfig: Setting CVar [[r.Shadow.MaxCSMResolution:2048]]
[2019.12.07-01.12.54:962][  0]LogConfig: Setting CVar [[r.Shadow.RadiusThreshold:0.01]]
[2019.12.07-01.12.54:962][  0]LogConfig: Setting CVar [[r.Shadow.DistanceScale:1.0]]
[2019.12.07-01.12.54:962][  0]LogConfig: Setting CVar [[r.Shadow.CSM.TransitionScale:1.0]]
[2019.12.07-01.12.54:962][  0]LogConfig: Setting CVar [[r.Shadow.PreShadowResolutionFactor:1.0]]
[2019.12.07-01.12.54:962][  0]LogConfig: Setting CVar [[r.DistanceFieldShadowing:1]]
[2019.12.07-01.12.54:962][  0]LogConfig: Setting CVar [[r.DistanceFieldAO:1]]
[2019.12.07-01.12.54:962][  0]LogConfig: Setting CVar [[r.AOQuality:2]]
[2019.12.07-01.12.54:962][  0]LogConfig: Setting CVar [[r.VolumetricFog:1]]
[2019.12.07-01.12.54:962][  0]LogConfig: Setting CVar [[r.VolumetricFog.GridPixelSize:8]]
[2019.12.07-01.12.54:962][  0]LogConfig: Setting CVar [[r.VolumetricFog.GridSizeZ:128]]
[2019.12.07-01.12.54:962][  0]LogConfig: Setting CVar [[r.VolumetricFog.HistoryMissSupersampleCount:4]]
[2019.12.07-01.12.54:962][  0]LogConfig: Setting CVar [[r.LightMaxDrawDistanceScale:1]]
[2019.12.07-01.12.54:962][  0]LogConfig: Setting CVar [[r.CapsuleShadows:1]]
[2019.12.07-01.12.54:962][  0]LogConfig: Applying CVar settings from Section [PostProcessQuality@3] File [C:/Users/jason/Documents/GitHub/Project_Plague_GIT/Project_Plague_UE4/Saved/Config/Windows/Scalability.ini]
[2019.12.07-01.12.54:962][  0]LogConfig: Setting CVar [[r.MotionBlurQuality:4]]
[2019.12.07-01.12.54:962][  0]LogConfig: Setting CVar [[r.AmbientOcclusionMipLevelFactor:0.4]]
[2019.12.07-01.12.54:962][  0]LogConfig: Setting CVar [[r.AmbientOcclusionMaxQuality:100]]
[2019.12.07-01.12.54:962][  0]LogConfig: Setting CVar [[r.AmbientOcclusionLevels:-1]]
[2019.12.07-01.12.54:962][  0]LogConfig: Setting CVar [[r.AmbientOcclusionRadiusScale:1.0]]
[2019.12.07-01.12.54:962][  0]LogConfig: Setting CVar [[r.DepthOfFieldQuality:2]]
[2019.12.07-01.12.54:962][  0]LogConfig: Setting CVar [[r.RenderTargetPoolMin:400]]
[2019.12.07-01.12.54:962][  0]LogConfig: Setting CVar [[r.LensFlareQuality:2]]
[2019.12.07-01.12.54:962][  0]LogConfig: Setting CVar [[r.SceneColorFringeQuality:1]]
[2019.12.07-01.12.54:962][  0]LogConfig: Setting CVar [[r.EyeAdaptationQuality:2]]
[2019.12.07-01.12.54:962][  0]LogConfig: Setting CVar [[r.BloomQuality:5]]
[2019.12.07-01.12.54:962][  0]LogConfig: Setting CVar [[r.FastBlurThreshold:100]]
[2019.12.07-01.12.54:962][  0]LogConfig: Setting CVar [[r.Upscale.Quality:3]]
[2019.12.07-01.12.54:962][  0]LogConfig: Setting CVar [[r.Tonemapper.GrainQuantization:1]]
[2019.12.07-01.12.54:962][  0]LogConfig: Setting CVar [[r.LightShaftQuality:1]]
[2019.12.07-01.12.54:962][  0]LogConfig: Setting CVar [[r.Filter.SizeScale:1]]
[2019.12.07-01.12.54:962][  0]LogConfig: Setting CVar [[r.Tonemapper.Quality:5]]
[2019.12.07-01.12.54:962][  0]LogConfig: Setting CVar [[r.DOF.Gather.AccumulatorQuality:1        ; higher gathering accumulator quality]]
[2019.12.07-01.12.54:962][  0]LogConfig: Setting CVar [[r.DOF.Gather.PostfilterMethod:1          ; Median3x3 postfilering method]]
[2019.12.07-01.12.54:962][  0]LogConfig: Setting CVar [[r.DOF.Gather.EnableBokehSettings:0       ; no bokeh simulation when gathering]]
[2019.12.07-01.12.54:962][  0]LogConfig: Setting CVar [[r.DOF.Gather.RingCount:4                 ; medium number of samples when gathering]]
[2019.12.07-01.12.54:962][  0]LogConfig: Setting CVar [[r.DOF.Scatter.ForegroundCompositing:1    ; additive foreground scattering]]
[2019.12.07-01.12.54:962][  0]LogConfig: Setting CVar [[r.DOF.Scatter.BackgroundCompositing:2    ; additive background scattering]]
[2019.12.07-01.12.54:963][  0]LogConfig: Setting CVar [[r.DOF.Scatter.EnableBokehSettings:1      ; bokeh simulation when scattering]]
[2019.12.07-01.12.54:963][  0]LogConfig: Setting CVar [[r.DOF.Scatter.MaxSpriteRatio:0.1         ; only a maximum of 10% of scattered bokeh]]
[2019.12.07-01.12.54:963][  0]LogConfig: Setting CVar [[r.DOF.Recombine.Quality:1                ; cheap slight out of focus]]
[2019.12.07-01.12.54:963][  0]LogConfig: Setting CVar [[r.DOF.Recombine.EnableBokehSettings:0    ; no bokeh simulation on slight out of focus]]
[2019.12.07-01.12.54:963][  0]LogConfig: Setting CVar [[r.DOF.TemporalAAQuality:1                ; more stable temporal accumulation]]
[2019.12.07-01.12.54:963][  0]LogConfig: Setting CVar [[r.DOF.Kernel.MaxForegroundRadius:0.025]]
[2019.12.07-01.12.54:963][  0]LogConfig: Setting CVar [[r.DOF.Kernel.MaxBackgroundRadius:0.025]]
[2019.12.07-01.12.54:963][  0]LogConfig: Applying CVar settings from Section [TextureQuality@3] File [C:/Users/jason/Documents/GitHub/Project_Plague_GIT/Project_Plague_UE4/Saved/Config/Windows/Scalability.ini]
[2019.12.07-01.12.54:963][  0]LogConfig: Setting CVar [[r.Streaming.MipBias:0]]
[2019.12.07-01.12.54:963][  0]LogConfig: Setting CVar [[r.Streaming.AmortizeCPUToGPUCopy:0]]
[2019.12.07-01.12.54:963][  0]LogConfig: Setting CVar [[r.Streaming.MaxNumTexturesToStreamPerFrame:0]]
[2019.12.07-01.12.54:963][  0]LogConfig: Setting CVar [[r.Streaming.Boost:1]]
[2019.12.07-01.12.54:963][  0]LogConfig: Setting CVar [[r.MaxAnisotropy:8]]
[2019.12.07-01.12.54:963][  0]LogConfig: Setting CVar [[r.Streaming.LimitPoolSizeToVRAM:0]]
[2019.12.07-01.12.54:963][  0]LogConfig: Setting CVar [[r.Streaming.PoolSize:1000]]
[2019.12.07-01.12.54:963][  0]LogConfig: Setting CVar [[r.Streaming.MaxEffectiveScreenSize:0]]
[2019.12.07-01.12.54:963][  0]LogConfig: Applying CVar settings from Section [EffectsQuality@3] File [C:/Users/jason/Documents/GitHub/Project_Plague_GIT/Project_Plague_UE4/Saved/Config/Windows/Scalability.ini]
[2019.12.07-01.12.54:963][  0]LogConfig: Setting CVar [[r.TranslucencyLightingVolumeDim:64]]
[2019.12.07-01.12.54:963][  0]LogConfig: Setting CVar [[r.RefractionQuality:2]]
[2019.12.07-01.12.54:963][  0]LogConfig: Setting CVar [[r.SSR.Quality:3]]
[2019.12.07-01.12.54:963][  0]LogConfig: Setting CVar [[r.SceneColorFormat:4]]
[2019.12.07-01.12.54:963][  0]LogConfig: Setting CVar [[r.DetailMode:2]]
[2019.12.07-01.12.54:963][  0]LogConfig: Setting CVar [[r.TranslucencyVolumeBlur:1]]
[2019.12.07-01.12.54:963][  0]LogConfig: Setting CVar [[r.MaterialQualityLevel:1 ; High quality]]
[2019.12.07-01.12.54:963][  0]LogConfig: Setting CVar [[r.SSS.Scale:1]]
[2019.12.07-01.12.54:963][  0]LogConfig: Setting CVar [[r.SSS.SampleSet:2]]
[2019.12.07-01.12.54:963][  0]LogConfig: Setting CVar [[r.SSS.Quality:1]]
[2019.12.07-01.12.54:963][  0]LogConfig: Setting CVar [[r.SSS.HalfRes:1]]
[2019.12.07-01.12.54:963][  0]LogConfig: Setting CVar [[r.EmitterSpawnRateScale:1.0]]
[2019.12.07-01.12.54:963][  0]LogConfig: Setting CVar [[r.ParticleLightQuality:2]]
[2019.12.07-01.12.54:963][  0]LogConfig: Applying CVar settings from Section [FoliageQuality@3] File [C:/Users/jason/Documents/GitHub/Project_Plague_GIT/Project_Plague_UE4/Saved/Config/Windows/Scalability.ini]
[2019.12.07-01.12.54:963][  0]LogConfig: Setting CVar [[foliage.DensityScale:1.0]]
[2019.12.07-01.12.54:963][  0]LogConfig: Setting CVar [[grass.DensityScale:1.0]]
[2019.12.07-01.12.54:963][  0]LogConfig: Applying CVar settings from Section [Startup] File [../../../Engine/Config/ConsoleVariables.ini]
[2019.12.07-01.12.54:963][  0]LogConfig: Setting CVar [[net.UseAdaptiveNetUpdateFrequency:0]]
[2019.12.07-01.12.54:963][  0]LogConfig: Setting CVar [[p.chaos.AllowCreatePhysxBodies:1]]
[2019.12.07-01.12.54:963][  0]LogConfig: Applying CVar settings from Section [ConsoleVariables] File [C:/Users/jason/Documents/GitHub/Project_Plague_GIT/Project_Plague_UE4/Saved/Config/Windows/Engine.ini]
[2019.12.07-01.12.54:963][  0]LogInit: Computer: DESKTOP-CDQJGLH
[2019.12.07-01.12.54:963][  0]LogInit: User: jason
[2019.12.07-01.12.54:963][  0]LogInit: CPU Page size=4096, Cores=4
[2019.12.07-01.12.54:963][  0]LogInit: High frequency timer resolution =10.000000 MHz
[2019.12.07-01.12.54:963][  0]LogMemory: Memory total: Physical=15.8GB (16GB approx)
[2019.12.07-01.12.54:963][  0]LogMemory: Platform Memory Stats for Windows
[2019.12.07-01.12.54:963][  0]LogMemory: Process Physical Memory: 100.51 MB used, 100.52 MB peak
[2019.12.07-01.12.54:963][  0]LogMemory: Process Virtual Memory: 88.57 MB used, 88.57 MB peak
[2019.12.07-01.12.54:963][  0]LogMemory: Physical Memory: 5284.06 MB used,  10942.24 MB free, 16226.30 MB total
[2019.12.07-01.12.54:963][  0]LogMemory: Virtual Memory: 4656.43 MB used,  134213072.00 MB free, 134217728.00 MB total
[2019.12.07-01.12.54:965][  0]LogWindows: WindowsPlatformFeatures enabled
[2019.12.07-01.12.54:987][  0]LogInit: Using OS detected language (en-US).
[2019.12.07-01.12.54:987][  0]LogInit: Using OS detected locale (en-US).
[2019.12.07-01.12.54:988][  0]LogTextLocalizationManager: No specific localization for 'en-US' exists, so the 'en' localization will be used.
[2019.12.07-01.12.55:128][  0]LogInit: Setting process to per monitor DPI aware
[2019.12.07-01.12.55:149][  0]LogSlate: New Slate User Created.  User Index 0, Is Virtual User: 0
[2019.12.07-01.12.55:149][  0]LogSlate: Slate User Registered.  User Index 0, Is Virtual User: 0
[2019.12.07-01.12.55:304][  0]LogHMD: Failed to initialize OpenVR with code 110
[2019.12.07-01.12.55:304][  0]LogD3D11RHI: D3D11 adapters:
[2019.12.07-01.12.55:370][  0]LogD3D11RHI:    0. 'NVIDIA GeForce GTX 1050' (Feature Level 11_0)
[2019.12.07-01.12.55:370][  0]LogD3D11RHI:       4019/0/8113 MB DedicatedVideo/DedicatedSystem/SharedSystem, Outputs:1, VendorId:0x10de
[2019.12.07-01.12.55:383][  0]LogD3D11RHI:    1. 'Intel(R) UHD Graphics 630' (Feature Level 11_0)
[2019.12.07-01.12.55:383][  0]LogD3D11RHI:       128/0/8113 MB DedicatedVideo/DedicatedSystem/SharedSystem, Outputs:0, VendorId:0x8086
[2019.12.07-01.12.55:385][  0]LogD3D11RHI:    2. 'Microsoft Basic Render Driver' (Feature Level 11_0)
[2019.12.07-01.12.55:385][  0]LogD3D11RHI:       0/0/8113 MB DedicatedVideo/DedicatedSystem/SharedSystem, Outputs:0, VendorId:0x1414
[2019.12.07-01.12.55:385][  0]LogD3D11RHI: Chosen D3D11 Adapter: 0
[2019.12.07-01.12.55:415][  0]LogD3D11RHI: Creating new Direct3DDevice
[2019.12.07-01.12.55:415][  0]LogD3D11RHI:     GPU DeviceId: 0x1c8d (for the marketing name, search the web for "GPU Device Id")
[2019.12.07-01.12.55:415][  0]LogWindows: EnumDisplayDevices:
[2019.12.07-01.12.55:416][  0]LogWindows:    0. 'Intel(R) UHD Graphics 630' (P:1 D:1)
[2019.12.07-01.12.55:416][  0]LogWindows:    1. 'Intel(R) UHD Graphics 630' (P:0 D:0)
[2019.12.07-01.12.55:416][  0]LogWindows:    2. 'Intel(R) UHD Graphics 630' (P:0 D:0)
[2019.12.07-01.12.55:416][  0]LogWindows:    3. 'NVIDIA GeForce GTX 1050' (P:0 D:0)
[2019.12.07-01.12.55:416][  0]LogWindows: DebugString: PrimaryIsNotTheChoosenAdapter PrimaryIsNotTheChoosenAdapter PrimaryIsNotTheChoosenAdapter 
[2019.12.07-01.12.55:416][  0]LogD3D11RHI:     Adapter Name: NVIDIA GeForce GTX 1050
[2019.12.07-01.12.55:416][  0]LogD3D11RHI:   Driver Version: 441.41 (internal:26.21.14.4141, unified:441.41)
[2019.12.07-01.12.55:416][  0]LogD3D11RHI:      Driver Date: 11-20-2019
[2019.12.07-01.12.55:416][  0]LogRHI: Texture pool is 2813 MB (70% of 4019 MB)
[2019.12.07-01.12.55:454][  0]LogD3D11RHI: Async texture creation enabled
[2019.12.07-01.12.55:473][  0]LogD3D11RHI: GPU Timing Frequency: 1000.000000 (Debug: 2 1)
[2019.12.07-01.12.55:787][  0]LogTemp: Display: Module 'AllDesktopTargetPlatform' loaded TargetPlatform 'AllDesktop'
[2019.12.07-01.12.55:819][  0]LogTemp: Display: Module 'MacClientTargetPlatform' loaded TargetPlatform 'MacClient'
[2019.12.07-01.12.55:842][  0]LogTemp: Display: Module 'MacNoEditorTargetPlatform' loaded TargetPlatform 'MacNoEditor'
[2019.12.07-01.12.55:856][  0]LogTemp: Display: Module 'MacServerTargetPlatform' loaded TargetPlatform 'MacServer'
[2019.12.07-01.12.55:868][  0]LogTemp: Display: Module 'MacTargetPlatform' loaded TargetPlatform 'Mac'
[2019.12.07-01.12.55:878][  0]LogTemp: Display: Module 'WindowsClientTargetPlatform' loaded TargetPlatform 'WindowsClient'
[2019.12.07-01.12.55:888][  0]LogTemp: Display: Module 'WindowsNoEditorTargetPlatform' loaded TargetPlatform 'WindowsNoEditor'
[2019.12.07-01.12.55:896][  0]LogTemp: Display: Module 'WindowsServerTargetPlatform' loaded TargetPlatform 'WindowsServer'
[2019.12.07-01.12.55:900][  0]LogTemp: Display: Module 'WindowsTargetPlatform' loaded TargetPlatform 'Windows'
[2019.12.07-01.12.55:935][  0]LogTemp: Display: Module 'AndroidTargetPlatform' loaded TargetPlatform 'Android'
[2019.12.07-01.12.55:935][  0]LogTemp: Display: Module 'AndroidTargetPlatform' loaded TargetPlatform 'Android_ASTC'
[2019.12.07-01.12.55:935][  0]LogTemp: Display: Module 'AndroidTargetPlatform' loaded TargetPlatform 'Android_ATC'
[2019.12.07-01.12.55:935][  0]LogTemp: Display: Module 'AndroidTargetPlatform' loaded TargetPlatform 'Android_DXT'
[2019.12.07-01.12.55:935][  0]LogTemp: Display: Module 'AndroidTargetPlatform' loaded TargetPlatform 'Android_ETC1'
[2019.12.07-01.12.55:935][  0]LogTemp: Display: Module 'AndroidTargetPlatform' loaded TargetPlatform 'Android_ETC1a'
[2019.12.07-01.12.55:935][  0]LogTemp: Display: Module 'AndroidTargetPlatform' loaded TargetPlatform 'Android_ETC2'
[2019.12.07-01.12.55:935][  0]LogTemp: Display: Module 'AndroidTargetPlatform' loaded TargetPlatform 'Android_PVRTC'
[2019.12.07-01.12.55:935][  0]LogTemp: Display: Module 'AndroidTargetPlatform' loaded TargetPlatform 'AndroidClient'
[2019.12.07-01.12.55:935][  0]LogTemp: Display: Module 'AndroidTargetPlatform' loaded TargetPlatform 'Android_ASTCClient'
[2019.12.07-01.12.55:935][  0]LogTemp: Display: Module 'AndroidTargetPlatform' loaded TargetPlatform 'Android_ATCClient'
[2019.12.07-01.12.55:935][  0]LogTemp: Display: Module 'AndroidTargetPlatform' loaded TargetPlatform 'Android_DXTClient'
[2019.12.07-01.12.55:935][  0]LogTemp: Display: Module 'AndroidTargetPlatform' loaded TargetPlatform 'Android_ETC1Client'
[2019.12.07-01.12.55:935][  0]LogTemp: Display: Module 'AndroidTargetPlatform' loaded TargetPlatform 'Android_ETC1aClient'
[2019.12.07-01.12.55:935][  0]LogTemp: Display: Module 'AndroidTargetPlatform' loaded TargetPlatform 'Android_ETC2Client'
[2019.12.07-01.12.55:935][  0]LogTemp: Display: Module 'AndroidTargetPlatform' loaded TargetPlatform 'Android_PVRTCClient'
[2019.12.07-01.12.55:935][  0]LogTemp: Display: Module 'AndroidTargetPlatform' loaded TargetPlatform 'Android_Multi'
[2019.12.07-01.12.55:935][  0]LogTemp: Display: Module 'AndroidTargetPlatform' loaded TargetPlatform 'Android_MultiClient'
[2019.12.07-01.12.55:937][  0]LogTemp: Display: Module 'HTML5TargetPlatform' loaded TargetPlatform 'HTML5'
[2019.12.07-01.12.55:953][  0]LogTemp: Display: Module 'IOSTargetPlatform' loaded TargetPlatform 'IOSClient'
[2019.12.07-01.12.55:953][  0]LogTemp: Display: Module 'IOSTargetPlatform' loaded TargetPlatform 'IOS'
[2019.12.07-01.12.55:966][  0]LogTemp: Display: Module 'TVOSTargetPlatform' loaded TargetPlatform 'TVOSClient'
[2019.12.07-01.12.55:966][  0]LogTemp: Display: Module 'TVOSTargetPlatform' loaded TargetPlatform 'TVOS'
[2019.12.07-01.12.55:972][  0]LogTemp: Display: Module 'LinuxClientTargetPlatform' loaded TargetPlatform 'LinuxClient'
[2019.12.07-01.12.55:979][  0]LogTemp: Display: Module 'LinuxNoEditorTargetPlatform' loaded TargetPlatform 'LinuxNoEditor'
[2019.12.07-01.12.55:986][  0]LogTemp: Display: Module 'LinuxServerTargetPlatform' loaded TargetPlatform 'LinuxServer'
[2019.12.07-01.12.55:993][  0]LogTemp: Display: Module 'LinuxTargetPlatform' loaded TargetPlatform 'Linux'
[2019.12.07-01.12.56:014][  0]LogTemp: Display: Module 'LuminTargetPlatform' loaded TargetPlatform 'Lumin'
[2019.12.07-01.12.56:014][  0]LogTemp: Display: Module 'LuminTargetPlatform' loaded TargetPlatform 'LuminClient'
[2019.12.07-01.12.56:014][  0]LogTargetPlatformManager: Display: Building Assets For Windows
[2019.12.07-01.12.56:022][  0]LogAudioDebug: Display: Lib vorbis DLL was dynamically loaded.
[2019.12.07-01.12.56:071][  0]LogShaderCompilers: Guid format shader working directory is -38 characters bigger than the processId version (../../../../../../Users/jason/Documents/GitHub/Project_Plague_GIT/Project_Plague_UE4/Intermediate/Shaders/WorkingDirectory/9728/).
[2019.12.07-01.12.56:071][  0]LogShaderCompilers: Cleaned the shader compiler working directory 'C:/Users/jason/AppData/Local/Temp/UnrealShaderWorkingDir/62F9F0C946676384AB72BA8ADB846B8E/'.
[2019.12.07-01.12.56:073][  0]LogXGEController: Cannot use XGE Controller as Incredibuild is not installed on this machine.
[2019.12.07-01.12.56:073][  0]LogShaderCompilers: Cannot use XGE Shader Compiler as Incredibuild is not installed on this machine.
[2019.12.07-01.12.56:073][  0]LogShaderCompilers: Display: Using Local Shader Compiler.
[2019.12.07-01.12.56:597][  0]LogDerivedDataCache: Display: Max Cache Size: 512 MB
[2019.12.07-01.12.56:641][  0]LogDerivedDataCache: Loaded boot cache 0.04s 73MB C:/Users/jason/AppData/Local/UnrealEngine/4.23/DerivedDataCache/Boot.ddc.
[2019.12.07-01.12.56:641][  0]LogDerivedDataCache: Display: Loaded Boot cache: C:/Users/jason/AppData/Local/UnrealEngine/4.23/DerivedDataCache/Boot.ddc
[2019.12.07-01.12.56:641][  0]LogDerivedDataCache: FDerivedDataBackendGraph:  Pak pak cache file ../../../../../../Users/jason/Documents/GitHub/Project_Plague_GIT/Project_Plague_UE4/DerivedDataCache/DDC.ddp not found, will not use a pak cache.
[2019.12.07-01.12.56:641][  0]LogDerivedDataCache: Unable to find inner node Pak for hierarchical cache Hierarchy.
[2019.12.07-01.12.56:641][  0]LogDerivedDataCache: FDerivedDataBackendGraph:  CompressedPak pak cache file ../../../../../../Users/jason/Documents/GitHub/Project_Plague_GIT/Project_Plague_UE4/DerivedDataCache/Compressed.ddp not found, will not use a pak cache.
[2019.12.07-01.12.56:641][  0]LogDerivedDataCache: Unable to find inner node CompressedPak for hierarchical cache Hierarchy.
[2019.12.07-01.12.56:652][  0]LogDerivedDataCache: Display: Pak cache opened for reading ../../../Engine/DerivedDataCache/Compressed.ddp.
[2019.12.07-01.12.56:652][  0]LogDerivedDataCache: FDerivedDataBackendGraph:  EnterprisePak pak cache file ../../../Enterprise/DerivedDataCache/Compressed.ddp not found, will not use a pak cache.
[2019.12.07-01.12.56:652][  0]LogDerivedDataCache: Unable to find inner node EnterprisePak for hierarchical cache Hierarchy.
[2019.12.07-01.12.56:653][  0]LogDerivedDataCache: Using Local data cache path C:/Users/jason/AppData/Local/UnrealEngine/Common/DerivedDataCache: Writable
[2019.12.07-01.12.56:653][  0]LogDerivedDataCache: Shared data cache path not found in *engine.ini, will not use an Shared cache.
[2019.12.07-01.12.56:653][  0]LogDerivedDataCache: Unable to find inner node Shared for hierarchical cache Hierarchy.
[2019.12.07-01.12.56:673][  0]LogMaterial: Verifying Global Shaders for PCD3D_SM5
[2019.12.07-01.12.56:674][  0]LogSlate: Using FreeType 2.6.0
[2019.12.07-01.12.56:675][  0]LogSlate: SlateFontServices - WITH_FREETYPE: 1, WITH_HARFBUZZ: 1
[2019.12.07-01.12.56:724][  0]LogAssetRegistry: FAssetRegistry took 0.0021 seconds to start up
[2019.12.07-01.12.56:941][  0]LogInit: Selected Device Profile: [Windows]
[2019.12.07-01.12.57:066][  0]LogMeshReduction: Using QuadricMeshReduction for automatic static mesh reduction
[2019.12.07-01.12.57:066][  0]LogMeshReduction: Using SimplygonMeshReduction for automatic skeletal mesh reduction
[2019.12.07-01.12.57:066][  0]LogMeshReduction: Using ProxyLODMeshReduction for automatic mesh merging
[2019.12.07-01.12.57:066][  0]LogMeshReduction: No distributed automatic mesh merging module available
[2019.12.07-01.12.57:066][  0]LogMeshMerging: No distributed automatic mesh merging module available
[2019.12.07-01.12.57:075][  0]LogNetVersion: Project_Plague_UE4 1.0.0, NetCL: 8386587, EngineNetVer: 11, GameNetVer: 0 (Checksum: 1726986232)
[2019.12.07-01.12.57:417][  0]LogPackageLocalizationCache: Processed 13 localized package path(s) for 1 prioritized culture(s) in 0.042434 seconds
[2019.12.07-01.12.57:423][  0]LogUObjectArray: 43444 objects as part of root set at end of initial load.
[2019.12.07-01.12.57:423][  0]LogUObjectAllocator: 7548648 out of 0 bytes used by permanent object pool.
[2019.12.07-01.12.57:423][  0]LogUObjectArray: CloseDisregardForGC: 0/0 objects in disregard for GC pool
[2019.12.07-01.12.58:156][  0]LogTcpMessaging: Initializing TcpMessaging bridge
[2019.12.07-01.12.58:158][  0]LogUdpMessaging: Initializing bridge on interface 0.0.0.0:0 to multicast group 230.0.0.1:6666.
[2019.12.07-01.12.58:222][  0]SourceControl: Source control is disabled
[2019.12.07-01.12.58:222][  0]LogWindows: Warning: CreateProc failed: The system cannot find the file specified. (0x00000002)
[2019.12.07-01.12.58:222][  0]LogWindows: Warning: URL: D:/GIT/Git/bin/git.exe version
[2019.12.07-01.12.58:223][  0]LogWindows: Warning: CreateProc failed: The system cannot find the file specified. (0x00000002)
[2019.12.07-01.12.58:223][  0]LogWindows: Warning: URL: D:/GIT/Git/bin/git.exe version
[2019.12.07-01.12.58:224][  0]LogWindows: Warning: CreateProc failed: The system cannot find the file specified. (0x00000002)
[2019.12.07-01.12.58:224][  0]LogWindows: Warning: URL: D:/GIT/Git/bin/git.exe version
[2019.12.07-01.12.58:301][  0]LogAndroidPermission: UAndroidPermissionCallbackProxy::GetInstance
[2019.12.07-01.12.58:380][  0]LogOcInput: OculusInput pre-init called
[2019.12.07-01.12.58:387][  0]LogWindows: Failed to load 'OVRPlugin.dll' (GetLastError=126)
[2019.12.07-01.12.58:387][  0]LogWindows: File 'OVRPlugin.dll' does not exist
[2019.12.07-01.12.58:447][  0]LogEngine: Initializing Engine...
[2019.12.07-01.12.58:447][  0]LogHMD: Failed to initialize OpenVR with code 110
[2019.12.07-01.12.58:448][  0]LogStats: UGameplayTagsManager::InitializeManager -  0.000 s
[2019.12.07-01.12.58:628][  0]LogInit: Initializing FReadOnlyCVARCache
[2019.12.07-01.12.58:642][  0]LogAIModule: Creating AISystem for world Untitled
[2019.12.07-01.12.58:657][  0]LogInit: XAudio2 using 'Speakers (Realtek High Definition Audio)' : 2 channels at 48 kHz using 32 bits per sample (channel mask 0x3)
[2019.12.07-01.12.58:697][  0]LogInit: FAudioDevice initialized.
[2019.12.07-01.12.58:698][  0]LogNetVersion: Set ProjectVersion to 1.0.0.0. Version Checksum will be recalculated on next use.
[2019.12.07-01.12.58:800][  0]LogDerivedDataCache: Saved boot cache 0.10s 73MB C:/Users/jason/AppData/Local/UnrealEngine/4.23/DerivedDataCache/Boot.ddc.
[2019.12.07-01.12.58:805][  0]LogInit: Texture streaming: Enabled
[2019.12.07-01.12.58:856][  0]LogEngineSessionManager: EngineSessionManager initialized
[2019.12.07-01.12.58:856][  0]LogEditorSessionSummary: Verbose: Initializing EditorSessionSummaryWriter for editor session tracking
[2019.12.07-01.12.58:861][  0]LogEditorSessionSummary: EditorSessionSummaryWriter initialized
[2019.12.07-01.12.58:924][  0]LogInit: Transaction tracking system initialized
[2019.12.07-01.12.58:957][  0]BlueprintLog: New page: Editor Load
[2019.12.07-01.12.59:031][  0]LocalizationService: Localization service is disabled
[2019.12.07-01.12.59:231][  0]LogFileCache: Scanning file cache for directory 'C:/Users/jason/Documents/GitHub/Project_Plague_GIT/Project_Plague_UE4/Content/' took 0.01s
[2019.12.07-01.12.59:231][  0]LogCook: Display: Max memory allowance for cook 16384mb min free memory 0mb
[2019.12.07-01.12.59:231][  0]LogCook: Display: Mobile HDR setting 1
[2019.12.07-01.12.59:387][  0]LogWindows: Warning: CreateProc failed: The system cannot find the file specified. (0x00000002)
[2019.12.07-01.12.59:387][  0]LogWindows: Warning: URL: D:/GIT/Git/bin/git.exe version
[2019.12.07-01.12.59:387][  0]Cmd: MAP LOAD FILE="../../../../../../Users/jason/Documents/GitHub/Project_Plague_GIT/Project_Plague_UE4/Content/FirstPersonBP/Maps/FirstPersonExampleMap.umap" TEMPLATE=0 SHOWPROGRESS=1 FEATURELEVEL=3
[2019.12.07-01.12.59:388][  0]LightingResults: New page: Lighting Build
[2019.12.07-01.12.59:390][  0]LogWorld: UWorld::CleanupWorld for Untitled, bSessionEnded=true, bCleanupResources=true
[2019.12.07-01.12.59:390][  0]MapCheck: New page: Map Check
[2019.12.07-01.12.59:390][  0]LightingResults: New page: Lighting Build
[2019.12.07-01.12.59:413][  0]LogUObjectHash: Compacting FUObjectHashTables data took   1.60ms
[2019.12.07-01.12.59:854][  0]LogAIModule: Creating AISystem for world FirstPersonExampleMap
[2019.12.07-01.12.59:881][  0]LogEditorServer: Finished looking for orphan Actors (0.000 secs)
[2019.12.07-01.12.59:906][  0]LogUObjectHash: Compacting FUObjectHashTables data took   1.98ms
[2019.12.07-01.12.59:906][  0]Cmd: MAP CHECKDEP NOCLEARLOG
[2019.12.07-01.12.59:906][  0]MapCheck: Map check complete: 0 Error(s), 0 Warning(s), took 0.161ms to complete.
[2019.12.07-01.12.59:906][  0]LogFileHelpers: Loading map 'FirstPersonExampleMap' took 0.519
[2019.12.07-01.13.00:000][  0]LogSlate: Updating window title bar state: overlay mode, drag disabled, window buttons hidden, title bar hidden
[2019.12.07-01.13.00:009][  0]LogSlate: Updating window title bar state: overlay mode, drag disabled, window buttons hidden, title bar hidden
[2019.12.07-01.13.00:018][  0]LogSlate: Updating window title bar state: overlay mode, drag disabled, window buttons hidden, title bar hidden
[2019.12.07-01.13.00:024][  0]LogSlate: Updating window title bar state: overlay mode, drag disabled, window buttons hidden, title bar hidden
[2019.12.07-01.13.00:030][  0]LogCollectionManager: Loaded 0 collections in 0.001708 seconds
[2019.12.07-01.13.00:034][  0]LogFileCache: Scanning file cache for directory 'C:/Users/jason/Documents/GitHub/Project_Plague_GIT/Project_Plague_UE4/Saved/Collections/' took 0.00s
[2019.12.07-01.13.00:035][  0]LogFileCache: Scanning file cache for directory 'C:/Users/jason/Documents/GitHub/Project_Plague_GIT/Project_Plague_UE4/Content/Developers/jason/Collections/' took 0.00s
[2019.12.07-01.13.00:035][  0]LogFileCache: Scanning file cache for directory 'C:/Users/jason/Documents/GitHub/Project_Plague_GIT/Project_Plague_UE4/Content/Collections/' took 0.00s
[2019.12.07-01.13.00:035][  0]LogCollectionManager: Rebuilt the GUID cache for 0 collections in 0.000001 seconds
[2019.12.07-01.13.00:042][  0]LogContentBrowser: Native class hierarchy populated in 0.0076 seconds. Added 2873 classes and 697 folders.
[2019.12.07-01.13.00:049][  0]LogContentBrowser: Native class hierarchy updated for 'WidgetCarousel' in 0.0012 seconds. Added 0 classes and 0 folders.
[2019.12.07-01.13.00:085][  0]LogContentBrowser: Native class hierarchy updated for 'AddContentDialog' in 0.0014 seconds. Added 0 classes and 0 folders.
[2019.12.07-01.13.00:091][  0]LogContentBrowser: Native class hierarchy updated for 'SceneOutliner' in 0.0016 seconds. Added 1 classes and 2 folders.
[2019.12.07-01.13.00:130][  0]LogSlate: Took 0.000134 seconds to synchronously load lazily loaded font '../../../Engine/Content/Slate/Fonts/Roboto-Regular.ttf' (155K)
[2019.12.07-01.13.00:132][  0]LogSlate: Took 0.000109 seconds to synchronously load lazily loaded font '../../../Engine/Content/Slate/Fonts/Roboto-Bold.ttf' (160K)
[2019.12.07-01.13.00:136][  0]LogSlate: Took 0.000150 seconds to synchronously load lazily loaded font '../../../Engine/Content/Editor/Slate/Fonts/FontAwesome.ttf' (139K)
[2019.12.07-01.13.00:190][  0]LogRenderer: Reallocating scene render targets to support 964x436 Format 10 NumSamples 1 (Frame:1).
[2019.12.07-01.13.00:310][  0]LogContentBrowser: Native class hierarchy updated for 'HierarchicalLODOutliner' in 0.0013 seconds. Added 0 classes and 0 folders.
[2019.12.07-01.13.00:310][  0]LogLoad: (Engine Initialization) Total time: 6.39 seconds
[2019.12.07-01.13.00:310][  0]LogLoad: (Engine Initialization) Total Blueprint compile time: 0.00 seconds
[2019.12.07-01.13.00:370][  0]LogAssetRegistry: Asset discovery search completed in 3.6461 seconds
[2019.12.07-01.13.00:373][  0]LogCollectionManager: Rebuilt the object cache for 0 collections in 0.000004 seconds (found 0 objects)
[2019.12.07-01.13.00:373][  0]LogCollectionManager: Fixed up redirectors for 0 collections in 0.000043 seconds (updated 0 objects)
[2019.12.07-01.13.00:401][  0]LogContentStreaming: Texture pool size now 1000 MB
[2019.12.07-01.13.00:431][  0]LogSlate: Took 0.000097 seconds to synchronously load lazily loaded font '../../../Engine/Content/Slate/Fonts/Roboto-Light.ttf' (167K)
[2019.12.07-01.13.01:395][ 53]LogSlate: Took 0.000154 seconds to synchronously load lazily loaded font '../../../Engine/Content/Slate/Fonts/Roboto-Light.ttf' (167K)
[2019.12.07-01.13.01:508][ 59]LogSlate: FSceneViewport::OnFocusLost() reason 2
[2019.12.07-01.13.02:372][111]LogSlate: FSceneViewport::OnFocusLost() reason 5
[2019.12.07-01.16.43:230][246]LogEditorSessionSummary: EditorSessionSummary sent report. Type=Shutdown, SessionId={8A0F65B6-4D6B-1DE8-E93E-CA87BD67F0BE}
[2019.12.07-01.16.43:961][287]LogUObjectHash: Compacting FUObjectHashTables data took   1.29ms
[2019.12.07-01.16.44:047][287]LogSlate: Window 'Source Control Login' being destroyed
[2019.12.07-01.16.44:050][287]LogSlate: Window 'Project_Plague_UE4 - Unreal Editor' being destroyed
[2019.12.07-01.16.44:051][287]LogWindowsTextInputMethodSystem: Display: IME system now deactivated.
[2019.12.07-01.16.44:147][288]Cmd: QUIT_EDITOR
[2019.12.07-01.16.44:171][288]LogExit: Preparing to exit.
[2019.12.07-01.16.45:349][288]LogDemo: Cleaned up 0 splitscreen connections with owner deletion
[2019.12.07-01.16.45:367][288]LogWorld: UWorld::CleanupWorld for None, bSessionEnded=true, bCleanupResources=true
[2019.12.07-01.16.45:367][288]LogExit: Editor shut down
[2019.12.07-01.16.45:368][288]LogExit: Transaction tracking system shut down
[2019.12.07-01.16.45:522][288]LogExit: Object subsystem successfully closed.
[2019.12.07-01.16.45:539][288]LogShaderCompilers: Display: Shaders left to compile 0
[2019.12.07-01.16.45:567][288]LogModuleManager: Shutting down and abandoning module HierarchicalLODOutliner (684)
[2019.12.07-01.16.45:567][288]LogModuleManager: Shutting down and abandoning module SceneOutliner (682)
[2019.12.07-01.16.45:567][288]LogModuleManager: Shutting down and abandoning module AddContentDialog (680)
[2019.12.07-01.16.45:567][288]LogModuleManager: Shutting down and abandoning module WidgetCarousel (679)
[2019.12.07-01.16.45:567][288]LogModuleManager: Shutting down and abandoning module EditorWidgets (676)
[2019.12.07-01.16.45:567][288]LogModuleManager: Shutting down and abandoning module CollectionManager (674)
[2019.12.07-01.16.45:567][288]LogModuleManager: Shutting down and abandoning module StatsViewer (672)
[2019.12.07-01.16.45:567][288]LogModuleManager: Shutting down and abandoning module VirtualTexturingEditor (670)
[2019.12.07-01.16.45:567][288]LogModuleManager: Shutting down and abandoning module FoliageEdit (668)
[2019.12.07-01.16.45:567][288]LogModuleManager: Shutting down and abandoning module LandscapeEditor (666)
[2019.12.07-01.16.45:567][288]LogModuleManager: Shutting down and abandoning module MeshPaintMode (664)
[2019.12.07-01.16.45:567][288]LogModuleManager: Shutting down and abandoning module SceneDepthPickerMode (662)
[2019.12.07-01.16.45:567][288]LogModuleManager: Shutting down and abandoning module ActorPickerMode (660)
[2019.12.07-01.16.45:567][288]LogModuleManager: Shutting down and abandoning module GeometryMode (658)
[2019.12.07-01.16.45:567][288]LogModuleManager: Shutting down and abandoning module TextureAlignMode (656)
[2019.12.07-01.16.45:567][288]LogModuleManager: Shutting down and abandoning module BspMode (654)
[2019.12.07-01.16.45:567][288]LogModuleManager: Shutting down and abandoning module PIEPreviewDeviceProfileSelector (652)
[2019.12.07-01.16.45:567][288]LogModuleManager: Shutting down and abandoning module SequenceRecorderSections (650)
[2019.12.07-01.16.45:567][288]LogModuleManager: Shutting down and abandoning module AutomationWorker (648)
[2019.12.07-01.16.45:567][288]LogModuleManager: Shutting down and abandoning module OculusMR (646)
[2019.12.07-01.16.45:567][288]LogModuleManager: Shutting down and abandoning module AudioCaptureEditor (644)
[2019.12.07-01.16.45:567][288]LogModuleManager: Shutting down and abandoning module MatineeToLevelSequence (642)
[2019.12.07-01.16.45:567][288]LogModuleManager: Shutting down and abandoning module LevelSequenceEditor (640)
[2019.12.07-01.16.45:568][288]LogModuleManager: Shutting down and abandoning module PlacementMode (639)
[2019.12.07-01.16.45:568][288]LogModuleManager: Shutting down and abandoning module MaterialEditor (638)
[2019.12.07-01.16.45:568][288]LogModuleManager: Shutting down and abandoning module ActorSequenceEditor (634)
[2019.12.07-01.16.45:568][288]LogModuleManager: Shutting down and abandoning module WmfMediaFactory (632)
[2019.12.07-01.16.45:568][288]LogModuleManager: Shutting down and abandoning module WmfMediaEditor (630)
[2019.12.07-01.16.45:568][288]LogModuleManager: Shutting down and abandoning module WebMMediaFactory (628)
[2019.12.07-01.16.45:568][288]LogModuleManager: Shutting down and abandoning module WebMMediaEditor (626)
[2019.12.07-01.16.45:568][288]LogModuleManager: Shutting down and abandoning module WebMMedia (624)
[2019.12.07-01.16.45:568][288]LogModuleManager: Shutting down and abandoning module MediaPlayerEditor (622)
[2019.12.07-01.16.45:568][288]LogModuleManager: Shutting down and abandoning module MediaCompositingEditor (620)
[2019.12.07-01.16.45:568][288]LogModuleManager: Shutting down and abandoning module SequenceRecorder (619)
[2019.12.07-01.16.45:568][288]LogModuleManager: Shutting down and abandoning module OpenExrWrapper (616)
[2019.12.07-01.16.45:568][288]LogModuleManager: Shutting down and abandoning module ImgMediaFactory (614)
[2019.12.07-01.16.45:568][288]LogModuleManager: Shutting down and abandoning module ImgMediaEditor (612)
[2019.12.07-01.16.45:568][288]LogModuleManager: Shutting down and abandoning module AvfMediaFactory (610)
[2019.12.07-01.16.45:568][288]LogModuleManager: Shutting down and abandoning module AvfMediaEditor (608)
[2019.12.07-01.16.45:568][288]LogModuleManager: Shutting down and abandoning module AndroidMediaFactory (606)
[2019.12.07-01.16.45:568][288]LogModuleManager: Shutting down and abandoning module AndroidMediaEditor (604)
[2019.12.07-01.16.45:568][288]LogModuleManager: Shutting down and abandoning module MagicLeapCameraPreviewFactory (602)
[2019.12.07-01.16.45:568][288]LogModuleManager: Shutting down and abandoning module MagicLeapMediaCodecFactory (600)
[2019.12.07-01.16.45:568][288]LogModuleManager: Shutting down and abandoning module MagicLeapMediaFactory (598)
[2019.12.07-01.16.45:568][288]LogModuleManager: Shutting down and abandoning module MagicLeapMediaEditor (596)
[2019.12.07-01.16.45:568][288]LogModuleManager: Shutting down and abandoning module CharacterAI (594)
[2019.12.07-01.16.45:568][288]LogModuleManager: Shutting down and abandoning module SmartSnapping (592)
[2019.12.07-01.16.45:568][288]LogModuleManager: Shutting down and abandoning module SessionServices (590)
[2019.12.07-01.16.45:568][288]LogModuleManager: Shutting down and abandoning module MeshPaint (588)
[2019.12.07-01.16.45:568][288]LogModuleManager: Shutting down and abandoning module ViewportSnapping (586)
[2019.12.07-01.16.45:568][288]LogModuleManager: Shutting down and abandoning module ViewportInteraction (584)
[2019.12.07-01.16.45:568][288]LogModuleManager: Shutting down and abandoning module ClothPainter (582)
[2019.12.07-01.16.45:568][288]LogModuleManager: Shutting down and abandoning module SkeletalMeshEditor (581)
[2019.12.07-01.16.45:568][288]LogModuleManager: Shutting down and abandoning module LogVisualizer (578)
[2019.12.07-01.16.45:568][288]LogModuleManager: Shutting down and abandoning module IntroTutorials (576)
[2019.12.07-01.16.45:568][288]LogModuleManager: Shutting down and abandoning module GameProjectGeneration (575)
[2019.12.07-01.16.45:568][288]LogModuleManager: Shutting down and abandoning module LuminPlatformEditor (572)
[2019.12.07-01.16.45:568][288]LogModuleManager: Shutting down and abandoning module IOSPlatformEditor (570)
[2019.12.07-01.16.45:568][288]LogModuleManager: Shutting down and abandoning module HTML5PlatformEditor (568)
[2019.12.07-01.16.45:568][288]LogModuleManager: Shutting down and abandoning module AndroidPlatformEditor (566)
[2019.12.07-01.16.45:568][288]LogModuleManager: Shutting down and abandoning module AndroidDeviceDetection (565)
[2019.12.07-01.16.46:187][288]LogModuleManager: Shutting down and abandoning module WindowsPlatformEditor (562)
[2019.12.07-01.16.46:187][288]LogModuleManager: Shutting down and abandoning module LuminRuntimeSettings (560)
[2019.12.07-01.16.46:187][288]LogModuleManager: Shutting down and abandoning module IOSRuntimeSettings (558)
[2019.12.07-01.16.46:187][288]LogModuleManager: Shutting down and abandoning module AndroidRuntimeSettings (556)
[2019.12.07-01.16.46:187][288]LogModuleManager: Shutting down and abandoning module TimeManagementEditor (554)
[2019.12.07-01.16.46:187][288]LogModuleManager: Shutting down and abandoning module InputBindingEditor (552)
[2019.12.07-01.16.46:187][288]LogModuleManager: Shutting down and abandoning module MergeActors (550)
[2019.12.07-01.16.46:187][288]LogModuleManager: Shutting down and abandoning module LocalizationDashboard (548)
[2019.12.07-01.16.46:188][288]LogModuleManager: Shutting down and abandoning module LocalizationService (547)
[2019.12.07-01.16.46:188][288]LogModuleManager: Shutting down and abandoning module HardwareTargeting (544)
[2019.12.07-01.16.46:188][288]LogModuleManager: Shutting down and abandoning module DeviceProfileEditor (542)
[2019.12.07-01.16.46:188][288]LogModuleManager: Shutting down and abandoning module UndoHistory (540)
[2019.12.07-01.16.46:188][288]LogModuleManager: Shutting down and abandoning module XmlParser (538)
[2019.12.07-01.16.46:188][288]LogModuleManager: Shutting down and abandoning module Blutility (536)
[2019.12.07-01.16.46:188][288]LogModuleManager: Shutting down and abandoning module ProjectSettingsViewer (534)
[2019.12.07-01.16.46:188][288]LogModuleManager: Shutting down and abandoning module ProjectTargetPlatformEditor (533)
[2019.12.07-01.16.46:188][288]LogModuleManager: Shutting down and abandoning module EditorSettingsViewer (530)
[2019.12.07-01.16.46:188][288]LogModuleManager: Shutting down and abandoning module SettingsEditor (528)
[2019.12.07-01.16.46:188][288]LogModuleManager: Shutting down and abandoning module ProjectLauncher (526)
[2019.12.07-01.16.46:188][288]LogModuleManager: Shutting down and abandoning module SessionFrontend (524)
[2019.12.07-01.16.46:188][288]LogModuleManager: Shutting down and abandoning module ProfilerClient (522)
[2019.12.07-01.16.46:188][288]LogModuleManager: Shutting down and abandoning module DeviceManager (520)
[2019.12.07-01.16.46:189][288]LogModuleManager: Shutting down and abandoning module TargetDeviceServices (519)
[2019.12.07-01.16.46:232][288]LogModuleManager: Shutting down and abandoning module AutomationController (516)
[2019.12.07-01.16.46:232][288]LogModuleManager: Shutting down and abandoning module AutomationWindow (514)
[2019.12.07-01.16.46:232][288]LogModuleManager: Shutting down and abandoning module Layers (512)
[2019.12.07-01.16.46:232][288]LogModuleManager: Shutting down and abandoning module ComponentVisualizers (510)
[2019.12.07-01.16.46:232][288]LogModuleManager: Shutting down and abandoning module DetailCustomizations (508)
[2019.12.07-01.16.46:232][288]LogModuleManager: Shutting down and abandoning module PackagesDialog (506)
[2019.12.07-01.16.46:232][288]LogModuleManager: Shutting down and abandoning module AnimationBlueprintEditor (504)
[2019.12.07-01.16.46:233][288]LogModuleManager: Shutting down and abandoning module Persona (502)
[2019.12.07-01.16.46:233][288]LogModuleManager: Shutting down and abandoning module AdvancedPreviewScene (501)
[2019.12.07-01.16.46:233][288]LogModuleManager: Shutting down and abandoning module AnimGraph (499)
[2019.12.07-01.16.46:233][288]LogModuleManager: Shutting down and abandoning module Kismet (496)
[2019.12.07-01.16.46:234][288]LogModuleManager: Shutting down and abandoning module KismetWidgets (495)
[2019.12.07-01.16.46:235][288]LogModuleManager: Shutting down and abandoning module GraphEditor (492)
[2019.12.07-01.16.46:235][288]LogModuleManager: Shutting down and abandoning module StructViewer (490)
[2019.12.07-01.16.46:235][288]LogModuleManager: Shutting down and abandoning module ClassViewer (488)
[2019.12.07-01.16.46:235][288]LogModuleManager: Shutting down and abandoning module Toolbox (486)
[2019.12.07-01.16.46:235][288]LogModuleManager: Shutting down and abandoning module ModuleUI (484)
[2019.12.07-01.16.46:235][288]LogModuleManager: Shutting down and abandoning module MovieSceneTools (482)
[2019.12.07-01.16.46:235][288]LogModuleManager: Shutting down and abandoning module OutputLog (480)
[2019.12.07-01.16.46:236][288]LogModuleManager: Shutting down and abandoning module GammaUI (478)
[2019.12.07-01.16.46:236][288]LogModuleManager: Shutting down and abandoning module Documentation (476)
[2019.12.07-01.16.46:236][288]LogModuleManager: Shutting down and abandoning module LiveCoding (474)
[2019.12.07-01.16.46:236][288]LogModuleManager: Shutting down and abandoning module LevelSequence (472)
[2019.12.07-01.16.46:236][288]LogModuleManager: Shutting down and abandoning module MovieSceneTracks (470)
[2019.12.07-01.16.46:236][288]LogModuleManager: Shutting down and abandoning module MovieScene (468)
[2019.12.07-01.16.46:236][288]LogModuleManager: Shutting down and abandoning module StreamingPauseRendering (466)
[2019.12.07-01.16.46:236][288]LogModuleManager: Shutting down and abandoning module LauncherPlatform (464)
[2019.12.07-01.16.46:236][288]LogModuleManager: Shutting down and abandoning module AnalyticsET (462)
[2019.12.07-01.16.46:236][288]LogModuleManager: Shutting down and abandoning module PortalServices (460)
[2019.12.07-01.16.46:236][288]LogModuleManager: Shutting down and abandoning module PortalRpc (458)
[2019.12.07-01.16.46:237][288]LogModuleManager: Shutting down and abandoning module MessagingRpc (456)
[2019.12.07-01.16.46:237][288]LogModuleManager: Shutting down and abandoning module AIModule (454)
[2019.12.07-01.16.46:237][288]LogModuleManager: Shutting down and abandoning module GameplayDebugger (453)
[2019.12.07-01.16.46:237][288]LogModuleManager: Shutting down and abandoning module AITestSuite (451)
[2019.12.07-01.16.46:237][288]LogModuleManager: Shutting down and abandoning module NavigationSystem (449)
[2019.12.07-01.16.46:237][288]LogModuleManager: Shutting down and abandoning module DesktopPlatform (446)
[2019.12.07-01.16.46:237][288]LogModuleManager: Shutting down and abandoning module ImageWriteQueue (444)
[2019.12.07-01.16.46:248][288]LogModuleManager: Shutting down and abandoning module ProfilerService (442)
[2019.12.07-01.16.46:342][288]LogModuleManager: Shutting down and abandoning module TaskGraph (440)
[2019.12.07-01.16.46:342][288]LogModuleManager: Shutting down and abandoning module ScreenshotTools (438)
[2019.12.07-01.16.46:342][288]LogModuleManager: Shutting down and abandoning module SteamVRController (436)
[2019.12.07-01.16.46:342][288]LogModuleManager: Shutting down and abandoning module ProceduralMeshComponentEditor (434)
[2019.12.07-01.16.46:342][288]LogModuleManager: Shutting down and abandoning module ProceduralMeshComponent (432)
[2019.12.07-01.16.46:342][288]LogModuleManager: Shutting down and abandoning module OculusEditor (430)
[2019.12.07-01.16.46:342][288]LogModuleManager: Shutting down and abandoning module OculusInput (428)
[2019.12.07-01.16.46:342][288]LogModuleManager: Shutting down and abandoning module MobilePatchingUtils (426)
[2019.12.07-01.16.46:342][288]LogModuleManager: Shutting down and abandoning module EditableMesh (424)
[2019.12.07-01.16.46:342][288]LogModuleManager: Shutting down and abandoning module CustomMeshComponent (422)
[2019.12.07-01.16.46:342][288]LogModuleManager: Shutting down and abandoning module CableComponent (420)
[2019.12.07-01.16.46:342][288]LogModuleManager: Shutting down and abandoning module AudioCapture (418)
[2019.12.07-01.16.46:343][288]LogModuleManager: Shutting down and abandoning module ArchVisCharacter (416)
[2019.12.07-01.16.46:343][288]LogModuleManager: Shutting down and abandoning module AppleImageUtilsBlueprintSupport (414)
[2019.12.07-01.16.46:343][288]LogModuleManager: Shutting down and abandoning module AppleImageUtils (412)
[2019.12.07-01.16.46:343][288]LogModuleManager: Shutting down and abandoning module AndroidPermission (410)
[2019.12.07-01.16.46:343][288]LogModuleManager: Shutting down and abandoning module NUTUnrealEngine4 (408)
[2019.12.07-01.16.46:343][288]LogModuleManager: Shutting down and abandoning module NetcodeUnitTest (406)
[2019.12.07-01.16.46:343][288]LogModuleManager: Shutting down and abandoning module MediaCompositing (404)
[2019.12.07-01.16.46:343][288]LogModuleManager: Shutting down and abandoning module ImgMedia (402)
[2019.12.07-01.16.46:343][288]LogModuleManager: Shutting down and abandoning module MagicLeapHelperVulkan (400)
[2019.12.07-01.16.46:343][288]LogModuleManager: Shutting down and abandoning module MagicLeapHelperOpenGL (398)
[2019.12.07-01.16.46:343][288]LogModuleManager: Shutting down and abandoning module MagicLeapAudio (396)
[2019.12.07-01.16.46:343][288]LogModuleManager: Shutting down and abandoning module HTML5Networking (394)
[2019.12.07-01.16.46:343][288]LogModuleManager: Shutting down and abandoning module GeometryCacheTracks (392)
[2019.12.07-01.16.46:343][288]LogModuleManager: Shutting down and abandoning module GeometryCacheSequencer (390)
[2019.12.07-01.16.46:343][288]LogModuleManager: Shutting down and abandoning module BackChannel (388)
[2019.12.07-01.16.46:343][288]LogModuleManager: Shutting down and abandoning module AutomationUtilsEditor (386)
[2019.12.07-01.16.46:343][288]LogModuleManager: Shutting down and abandoning module AutomationUtils (384)
[2019.12.07-01.16.46:343][288]LogModuleManager: Shutting down and abandoning module AlembicImporter (382)
[2019.12.07-01.16.46:344][288]LogModuleManager: Shutting down and abandoning module AlembicLibrary (381)
[2019.12.07-01.16.46:344][288]LogModuleManager: Shutting down and abandoning module GeometryCache (380)
[2019.12.07-01.16.46:344][288]LogModuleManager: Shutting down and abandoning module GeometryCacheEd (379)
[2019.12.07-01.16.46:344][288]LogModuleManager: Shutting down and abandoning module VariantManagerContent (374)
[2019.12.07-01.16.46:344][288]LogModuleManager: Shutting down and abandoning module DatasmithContentEditor (372)
[2019.12.07-01.16.46:344][288]LogModuleManager: Shutting down and abandoning module SpeedTreeImporter (370)
[2019.12.07-01.16.46:344][288]LogModuleManager: Shutting down and abandoning module PluginBrowser (368)
[2019.12.07-01.16.46:344][288]LogModuleManager: Shutting down and abandoning module MobileLauncherProfileWizard (366)
[2019.12.07-01.16.46:344][288]LogModuleManager: Shutting down and abandoning module MaterialAnalyzer (364)
[2019.12.07-01.16.46:344][288]LogModuleManager: Shutting down and abandoning module CurveEditorTools (362)
[2019.12.07-01.16.46:344][288]LogModuleManager: Shutting down and abandoning module CurveEditor (361)
[2019.12.07-01.16.46:345][288]LogModuleManager: Shutting down and abandoning module CryptoKeysOpenSSL (358)
[2019.12.07-01.16.46:345][288]LogModuleManager: Shutting down and abandoning module CryptoKeys (356)
[2019.12.07-01.16.46:345][288]LogModuleManager: Shutting down and abandoning module VisualStudioSourceCodeAccess (354)
[2019.12.07-01.16.46:345][288]LogModuleManager: Shutting down and abandoning module VisualStudioCodeSourceCodeAccess (352)
[2019.12.07-01.16.46:345][288]LogModuleManager: Shutting down and abandoning module UObjectPlugin (350)
[2019.12.07-01.16.46:345][288]LogModuleManager: Shutting down and abandoning module SubversionSourceControl (348)
[2019.12.07-01.16.46:345][288]LogModuleManager: Shutting down and abandoning module PerforceSourceControl (346)
[2019.12.07-01.16.46:345][288]LogModuleManager: Shutting down and abandoning module GitSourceControl (344)
[2019.12.07-01.16.46:345][288]LogModuleManager: Shutting down and abandoning module SourceControl (343)
[2019.12.07-01.16.46:345][288]LogModuleManager: Shutting down and abandoning module MultiUserClientLibrary (340)
[2019.12.07-01.16.46:345][288]LogModuleManager: Shutting down and abandoning module MultiUserClient (338)
[2019.12.07-01.16.46:346][288]LogModuleManager: Shutting down and abandoning module ConcertSyncUI (336)
[2019.12.07-01.16.46:346][288]LogModuleManager: Shutting down and abandoning module ConcertSyncClient (334)
[2019.12.07-01.16.46:346][288]LogModuleManager: Shutting down and abandoning module CLionSourceCodeAccess (332)
[2019.12.07-01.16.46:346][288]LogModuleManager: Shutting down and abandoning module AnimationSharingEd (330)
[2019.12.07-01.16.46:346][288]LogModuleManager: Shutting down and abandoning module ActorLayerUtilitiesEditor (328)
[2019.12.07-01.16.46:346][288]LogModuleManager: Shutting down and abandoning module ActorLayerUtilities (326)
[2019.12.07-01.16.46:346][288]LogModuleManager: Shutting down and abandoning module LightPropagationVolumeEditor (324)
[2019.12.07-01.16.46:346][288]LogModuleManager: Shutting down and abandoning module PaperTiledImporter (322)
[2019.12.07-01.16.46:346][288]LogModuleManager: Shutting down and abandoning module PaperSpriteSheetImporter (320)
[2019.12.07-01.16.46:346][288]LogModuleManager: Shutting down and abandoning module Paper2DEditor (318)
[2019.12.07-01.16.46:346][288]LogModuleManager: Shutting down and abandoning module SignificanceManager (316)
[2019.12.07-01.16.46:346][288]LogModuleManager: Shutting down and abandoning module RuntimePhysXCooking (314)
[2019.12.07-01.16.46:346][288]LogModuleManager: Shutting down and abandoning module PhysXVehiclesEditor (312)
[2019.12.07-01.16.46:346][288]LogModuleManager: Shutting down and abandoning module LocationServicesBPLibrary (308)
[2019.12.07-01.16.46:346][288]LogModuleManager: Shutting down and abandoning module SQLiteCore (306)
[2019.12.07-01.16.46:347][288]LogModuleManager: Shutting down and abandoning module ActorSequence (304)
[2019.12.07-01.16.46:347][288]LogModuleManager: Shutting down and abandoning module UdpMessaging (302)
[2019.12.07-01.16.46:448][288]LogModuleManager: Shutting down and abandoning module TcpMessaging (300)
[2019.12.07-01.16.46:548][288]LogModuleManager: Shutting down and abandoning module MagicLeapIdentity (298)
[2019.12.07-01.16.46:548][288]LogModuleManager: Shutting down and abandoning module MagicLeapSecureStorage (296)
[2019.12.07-01.16.46:548][288]LogModuleManager: Shutting down and abandoning module MagicLeapHandTracking (294)
[2019.12.07-01.16.46:548][288]LogModuleManager: Shutting down and abandoning module MagicLeapEyeTracker (292)
[2019.12.07-01.16.46:548][288]LogModuleManager: Shutting down and abandoning module MagicLeapController (290)
[2019.12.07-01.16.46:548][288]LogSlate: Slate User Destroyed.  User Index 0, Is Virtual User: 0
[2019.12.07-01.16.46:548][288]LogModuleManager: Shutting down and abandoning module MagicLeapAR (288)
[2019.12.07-01.16.46:548][288]LogModuleManager: Shutting down and abandoning module AugmentedReality (287)
[2019.12.07-01.16.46:549][288]LogModuleManager: Shutting down and abandoning module GameplayTagsEditor (284)
[2019.12.07-01.16.46:549][288]LogModuleManager: Shutting down and abandoning module FacialAnimationEditor (282)
[2019.12.07-01.16.46:549][288]LogModuleManager: Shutting down and abandoning module FacialAnimation (280)
[2019.12.07-01.16.46:549][288]LogModuleManager: Shutting down and abandoning module DataValidation (278)
[2019.12.07-01.16.46:549][288]LogModuleManager: Shutting down and abandoning module AssetManagerEditor (276)
[2019.12.07-01.16.46:549][288]LogModuleManager: Shutting down and abandoning module LevelEditor (275)
[2019.12.07-01.16.46:551][288]LogModuleManager: Shutting down and abandoning module PixelInspectorModule (274)
[2019.12.07-01.16.46:551][288]LogModuleManager: Shutting down and abandoning module CommonMenuExtensions (272)
[2019.12.07-01.16.46:551][288]LogModuleManager: Shutting down and abandoning module MainFrame (270)
[2019.12.07-01.16.46:551][288]LogModuleManager: Shutting down and abandoning module HotReload (269)
[2019.12.07-01.16.46:553][288]LogModuleManager: Shutting down and abandoning module ContentBrowser (265)
[2019.12.07-01.16.46:555][288]LogModuleManager: Shutting down and abandoning module TreeMap (263)
[2019.12.07-01.16.46:555][288]LogModuleManager: Shutting down and abandoning module ConcertSyncCore (260)
[2019.12.07-01.16.46:555][288]LogModuleManager: Shutting down and abandoning module Concert (258)
[2019.12.07-01.16.46:555][288]LogModuleManager: Shutting down and abandoning module ConcertTransport (257)
[2019.12.07-01.16.46:555][288]LogModuleManager: Shutting down and abandoning module AnimationSharing (254)
[2019.12.07-01.16.46:555][288]LogModuleManager: Shutting down and abandoning module LightPropagationVolumeRuntime (252)
[2019.12.07-01.16.46:555][288]LogModuleManager: Shutting down and abandoning module Paper2D (250)
[2019.12.07-01.16.46:555][288]LogModuleManager: Shutting down and abandoning module WindowsMoviePlayer (248)
[2019.12.07-01.16.46:561][288]LogModuleManager: Shutting down and abandoning module WebMMoviePlayer (246)
[2019.12.07-01.16.46:561][288]LogModuleManager: Shutting down and abandoning module NetworkReplayStreaming (244)
[2019.12.07-01.16.46:561][288]LogModuleManager: Shutting down and abandoning module PacketHandler (242)
[2019.12.07-01.16.46:561][288]LogModuleManager: Shutting down and abandoning module ClothingSystemEditor (240)
[2019.12.07-01.16.46:562][288]LogModuleManager: Shutting down and abandoning module ClothingSystemRuntime (238)
[2019.12.07-01.16.46:562][288]LogModuleManager: Shutting down and abandoning module MediaAssets (236)
[2019.12.07-01.16.46:562][288]LogModuleManager: Shutting down and abandoning module Overlay (234)
[2019.12.07-01.16.46:562][288]LogModuleManager: Shutting down and abandoning module OverlayEditor (233)
[2019.12.07-01.16.46:562][288]LogModuleManager: Shutting down and abandoning module VREditor (230)
[2019.12.07-01.16.46:562][288]LogModuleManager: Shutting down and abandoning module StringTableEditor (228)
[2019.12.07-01.16.46:562][288]LogModuleManager: Shutting down and abandoning module GameplayTasksEditor (226)
[2019.12.07-01.16.46:562][288]LogModuleManager: Shutting down and abandoning module BehaviorTreeEditor (224)
[2019.12.07-01.16.46:562][288]LogModuleManager: Shutting down and abandoning module FunctionalTesting (222)
[2019.12.07-01.16.46:562][288]LogModuleManager: Shutting down and abandoning module CollisionAnalyzer (220)
[2019.12.07-01.16.46:562][288]LogModuleManager: Shutting down and abandoning module WorkspaceMenuStructure (219)
[2019.12.07-01.16.46:562][288]LogModuleManager: Shutting down and abandoning module UMG (216)
[2019.12.07-01.16.46:562][288]LogModuleManager: Shutting down and abandoning module UMGEditor (215)
[2019.12.07-01.16.46:563][288]LogModuleManager: Shutting down and abandoning module Sequencer (214)
[2019.12.07-01.16.46:563][288]LogModuleManager: Shutting down and abandoning module MessageLog (211)
[2019.12.07-01.16.46:563][288]LogModuleManager: Shutting down and abandoning module SlateReflector (206)
[2019.12.07-01.16.46:563][288]LogModuleManager: Shutting down and abandoning module Slate (204)
[2019.12.07-01.16.46:563][288]LogModuleManager: Shutting down and abandoning module LandscapeEditorUtilities (202)
[2019.12.07-01.16.46:563][288]LogModuleManager: Shutting down and abandoning module EditorStyle (200)
[2019.12.07-01.16.46:573][288]LogModuleManager: Shutting down and abandoning module UnrealEd (198)
[2019.12.07-01.16.46:573][288]LogModuleManager: Shutting down and abandoning module MRMesh (196)
[2019.12.07-01.16.46:573][288]LogModuleManager: Shutting down and abandoning module SourceCodeAccess (194)
[2019.12.07-01.16.46:573][288]LogModuleManager: Shutting down and abandoning module HeadMountedDisplay (192)
[2019.12.07-01.16.46:573][288]LogModuleManager: Shutting down and abandoning module XAudio2 (190)
[2019.12.07-01.16.46:573][288]LogModuleManager: Shutting down and abandoning module Networking (188)
[2019.12.07-01.16.46:573][288]LogModuleManager: Shutting down and abandoning module Core (186)
[2019.12.07-01.16.46:573][288]LogModuleManager: Shutting down and abandoning module KismetCompiler (184)
[2019.12.07-01.16.46:574][288]LogModuleManager: Shutting down and abandoning module MeshUtilities (182)
[2019.12.07-01.16.46:574][288]LogModuleManager: Shutting down and abandoning module MeshMergeUtilities (181)
[2019.12.07-01.16.46:574][288]LogModuleManager: Shutting down and abandoning module MeshReductionInterface (180)
[2019.12.07-01.16.46:574][288]LogModuleManager: Shutting down and abandoning module SkeletalMeshReduction (179)
[2019.12.07-01.16.46:574][288]LogModuleManager: Shutting down and abandoning module ProxyLODMeshReduction (177)
[2019.12.07-01.16.46:574][288]LogModuleManager: Shutting down and abandoning module QuadricMeshReduction (175)
[2019.12.07-01.16.46:574][288]LogModuleManager: Shutting down and abandoning module MaterialBaking (171)
[2019.12.07-01.16.46:574][288]LogModuleManager: Shutting down and abandoning module NullInstallBundleManager (166)
[2019.12.07-01.16.46:574][288]LogModuleManager: Shutting down and abandoning module DerivedDataCache (164)
[2019.12.07-01.16.46:581][288]LogDerivedDataCache: Shutdown
[2019.12.07-01.16.46:581][288]LogModuleManager: Shutting down and abandoning module XGEController (162)
[2019.12.07-01.16.46:581][288]LogModuleManager: Shutting down and abandoning module TargetPlatform (160)
[2019.12.07-01.16.46:581][288]LogModuleManager: Shutting down and abandoning module VulkanShaderFormat (159)
[2019.12.07-01.16.46:581][288]LogModuleManager: Shutting down and abandoning module ShaderFormatVectorVM (157)
[2019.12.07-01.16.46:581][288]LogModuleManager: Shutting down and abandoning module ShaderFormatOpenGL (155)
[2019.12.07-01.16.46:581][288]LogModuleManager: Shutting down and abandoning module ShaderFormatD3D (153)
[2019.12.07-01.16.46:581][288]LogModuleManager: Shutting down and abandoning module MetalShaderFormat (151)
[2019.12.07-01.16.46:581][288]LogModuleManager: Shutting down and abandoning module TextureFormatUncompressed (149)
[2019.12.07-01.16.46:581][288]LogModuleManager: Shutting down and abandoning module TextureFormatPVR (147)
[2019.12.07-01.16.46:581][288]LogModuleManager: Shutting down and abandoning module TextureFormatDXT (145)
[2019.12.07-01.16.46:582][288]LogModuleManager: Shutting down and abandoning module TextureFormatIntelISPCTexComp (143)
[2019.12.07-01.16.46:582][288]LogModuleManager: Shutting down and abandoning module TextureFormatASTC (141)
[2019.12.07-01.16.46:582][288]LogModuleManager: Shutting down and abandoning module ImageWrapper (140)
[2019.12.07-01.16.46:582][288]LogModuleManager: Shutting down and abandoning module TextureFormatAndroid (137)
[2019.12.07-01.16.46:582][288]LogModuleManager: Shutting down and abandoning module AudioFormatOpus (135)
[2019.12.07-01.16.46:582][288]LogModuleManager: Shutting down and abandoning module AudioFormatOgg (133)
[2019.12.07-01.16.46:582][288]LogModuleManager: Shutting down and abandoning module AudioFormatADPCM (131)
[2019.12.07-01.16.46:582][288]LogModuleManager: Shutting down and abandoning module LuminTargetPlatform (129)
[2019.12.07-01.16.46:584][288]LogModuleManager: Shutting down and abandoning module LinuxTargetPlatform (127)
[2019.12.07-01.16.46:584][288]LogModuleManager: Shutting down and abandoning module LinuxServerTargetPlatform (125)
[2019.12.07-01.16.46:584][288]LogModuleManager: Shutting down and abandoning module LinuxNoEditorTargetPlatform (123)
[2019.12.07-01.16.46:584][288]LogModuleManager: Shutting down and abandoning module LinuxClientTargetPlatform (121)
[2019.12.07-01.16.46:584][288]LogModuleManager: Shutting down and abandoning module TVOSTargetPlatform (119)
[2019.12.07-01.16.46:586][288]LogModuleManager: Shutting down and abandoning module Messaging (117)
[2019.12.07-01.16.46:586][288]LogModuleManager: Shutting down and abandoning module IOSTargetPlatform (115)
[2019.12.07-01.16.46:588][288]LogModuleManager: Shutting down and abandoning module HTML5TargetPlatform (113)
[2019.12.07-01.16.46:588][288]LogModuleManager: Shutting down and abandoning module AndroidTargetPlatform (111)
[2019.12.07-01.16.46:602][288]LogModuleManager: Shutting down and abandoning module WindowsTargetPlatform (109)
[2019.12.07-01.16.46:602][288]LogModuleManager: Shutting down and abandoning module WindowsServerTargetPlatform (107)
[2019.12.07-01.16.46:602][288]LogModuleManager: Shutting down and abandoning module WindowsNoEditorTargetPlatform (105)
[2019.12.07-01.16.46:603][288]LogModuleManager: Shutting down and abandoning module WindowsClientTargetPlatform (103)
[2019.12.07-01.16.46:603][288]LogModuleManager: Shutting down and abandoning module MacTargetPlatform (101)
[2019.12.07-01.16.46:603][288]LogModuleManager: Shutting down and abandoning module MacServerTargetPlatform (99)
[2019.12.07-01.16.46:603][288]LogModuleManager: Shutting down and abandoning module MacNoEditorTargetPlatform (97)
[2019.12.07-01.16.46:603][288]LogModuleManager: Shutting down and abandoning module MacClientTargetPlatform (95)
[2019.12.07-01.16.46:603][288]LogModuleManager: Shutting down and abandoning module AllDesktopTargetPlatform (93)
[2019.12.07-01.16.46:603][288]LogModuleManager: Shutting down and abandoning module InputCore (90)
[2019.12.07-01.16.46:603][288]LogModuleManager: Shutting down and abandoning module Settings (88)
[2019.12.07-01.16.46:603][288]LogModuleManager: Shutting down and abandoning module DirectoryWatcher (86)
[2019.12.07-01.16.46:604][288]LogModuleManager: Shutting down and abandoning module PhysXCooking (84)
[2019.12.07-01.16.46:604][288]LogModuleManager: Shutting down and abandoning module WindowsPlatformFeatures (82)
[2019.12.07-01.16.46:604][288]LogModuleManager: Shutting down and abandoning module GameplayMediaEncoder (81)
[2019.12.07-01.16.46:604][288]LogModuleManager: Shutting down and abandoning module SteamVR (78)
[2019.12.07-01.16.46:604][288]LogHMD: Freeing OpenVRDLLHandle.
[2019.12.07-01.16.46:604][288]LogModuleManager: Shutting down and abandoning module OculusHMD (76)
[2019.12.07-01.16.46:604][288]LogModuleManager: Shutting down and abandoning module ExampleDeviceProfileSelector (74)
[2019.12.07-01.16.46:604][288]LogModuleManager: Shutting down and abandoning module LauncherChunkInstaller (72)
[2019.12.07-01.16.46:604][288]LogModuleManager: Shutting down and abandoning module OnlineBlueprintSupport (70)
[2019.12.07-01.16.46:604][288]LogModuleManager: Shutting down and abandoning module OnlineSubsystem (66)
[2019.12.07-01.16.46:606][288]LogModuleManager: Shutting down and abandoning module XMPP (61)
[2019.12.07-01.16.46:607][288]LogModuleManager: Shutting down and abandoning module WebSockets (60)
[2019.12.07-01.16.46:616][288]LogModuleManager: Shutting down and abandoning module HTTP (57)
[2019.12.07-01.16.46:616][288]LogHttp: Display: Http module shutting down, but needs to wait on 1 outstanding Http requests:
[2019.12.07-01.16.46:616][288]LogHttp: Display: 	verb=[POST] url=[https://datarouter.ol.epicgames.com/datarouter/api/v1/public/data?SessionID=%7BEBB8DBCF-4D8B-C799-00C9-6EB351A13233%7D&AppID=UEEditor.Rocket.Release&AppVersion=4.23.1-9631420%2B%2B%2BUE4%2BRelease-4.23&UserID=9d0a07214d45ff36ee3d8b90a8c43b23%7Caf74c4a7cf504132bb03660c940b4589%7Ce9c97159-1b7a-4ef9-985d-fecf0a580b15&AppEnvironment=datacollector-binary&UploadType=eteventstream] status=Processing
[2019.12.07-01.16.46:629][288]LogModuleManager: Shutting down and abandoning module SSL (56)
[2019.12.07-01.16.46:632][288]LogModuleManager: Shutting down and abandoning module WmfMedia (52)
[2019.12.07-01.16.46:649][288]LogModuleManager: Shutting down and abandoning module Media (51)
[2019.12.07-01.16.46:651][288]LogModuleManager: Shutting down and abandoning module MagicLeap (48)
[2019.12.07-01.16.46:651][288]LogModuleManager: Shutting down and abandoning module DatasmithContent (46)
[2019.12.07-01.16.46:652][288]LogModuleManager: Shutting down and abandoning module AISupportModule (44)
[2019.12.07-01.16.46:652][288]LogModuleManager: Shutting down and abandoning module PlatformCryptoOpenSSL (42)
[2019.12.07-01.16.46:652][288]LogModuleManager: Shutting down and abandoning module PlatformCrypto (40)
[2019.12.07-01.16.46:652][288]LogModuleManager: Shutting down and abandoning module AnimationModifiers (38)
[2019.12.07-01.16.46:652][288]LogModuleManager: Shutting down and abandoning module PropertyEditor (37)
[2019.12.07-01.16.46:653][288]LogModuleManager: Shutting down and abandoning module AudioEditor (34)
[2019.12.07-01.16.46:653][288]LogModuleManager: Shutting down and abandoning module TextureCompressor (32)
[2019.12.07-01.16.46:653][288]LogModuleManager: Shutting down and abandoning module RenderCore (30)
[2019.12.07-01.16.46:653][288]LogModuleManager: Shutting down and abandoning module Landscape (28)
[2019.12.07-01.16.46:653][288]LogModuleManager: Shutting down and abandoning module SlateRHIRenderer (26)
[2019.12.07-01.16.46:655][288]LogModuleManager: Shutting down and abandoning module OpenGLDrv (24)
[2019.12.07-01.16.46:655][288]LogModuleManager: Shutting down and abandoning module D3D11RHI (22)
[2019.12.07-01.16.46:655][288]LogModuleManager: Shutting down and abandoning module AnimGraphRuntime (20)
[2019.12.07-01.16.46:655][288]LogModuleManager: Shutting down and abandoning module Renderer (18)
[2019.12.07-01.16.46:655][288]LogModuleManager: Shutting down and abandoning module Engine (16)
[2019.12.07-01.16.46:655][288]LogModuleManager: Shutting down and abandoning module CoreUObject (14)
[2019.12.07-01.16.46:655][288]LogModuleManager: Shutting down and abandoning module NetworkFile (12)
[2019.12.07-01.16.46:655][288]LogModuleManager: Shutting down and abandoning module CookedIterativeFile (10)
[2019.12.07-01.16.46:655][288]LogModuleManager: Shutting down and abandoning module StreamingFile (8)
[2019.12.07-01.16.46:655][288]LogModuleManager: Shutting down and abandoning module SandboxFile (6)
[2019.12.07-01.16.46:655][288]LogModuleManager: Shutting down and abandoning module PakFile (4)
[2019.12.07-01.16.46:656][288]LogModuleManager: Shutting down and abandoning module RSA (3)
[2019.12.07-01.16.46:656][288]LogD3D11RHI: Shutdown
[2019.12.07-01.16.46:656][288]LogD3D11RHI: CleanupD3DDevice
[2019.12.07-01.16.46:656][288]LogRendererCore: FGlobalDynamicReadBuffer::Cleanup()
[2019.12.07-01.16.46:656][288]LogRendererCore: FGlobalDynamicReadBuffer::Cleanup()
[2019.12.07-01.16.46:656][288]LogRendererCore: FGlobalDynamicReadBuffer::Cleanup()
[2019.12.07-01.16.46:731][288]LogD3D11RHI: ~FD3D11DynamicRHI
[2019.12.07-01.16.46:739][288]LogExit: Exiting.
[2019.12.07-01.16.46:752][288]Log file closed, 12/06/19 20:16:46
